0.00
7.89
18.34
7.47
8.04
17.19
19.12
6.50
16.43
6.87
2.32
6.40
17.76
13.17
12.22
6.93
7.98
7.79
1.05
6.02
2.38
21.24
16.64
14.24
20.31
21.02
16.71
4.96
17.22
7.81
6.21
7.87
17.05
0.64
5.60
17.65
6.17
18.06
6.44
4.17
15.97
16.85
5.46
8.38
21.19
17.65
2.32
1.05
8.58
4.23
20.86
0.71
11.77
7.29
2.21
2.03
23.44
19.23
21.38
2.42
6.42
4.11
4.75
14.83
7.09
14.66
6.91
7.43
13.10
3.91
11.16
17.21
15.66
14.78
9.74
9.09
1.98
19.51
8.56
10.53
4.06
7.12
10.24
6.69
7.31
16.81
13.91
11.92
17.73
17.28
5.64
9.43
5.95
2.27
17.86
7.06
7.89
0.00
18.27
5.77
13.46
19.22
19.53
10.10
18.63
9.20
9.94
10.36
19.74
13.88
13.07
12.52
5.82
9.94
8.84
9.22
10.05
25.76
16.69
15.43
24.59
25.78
16.68
6.29
17.20
11.47
10.10
5.65
17.35
8.35
8.75
17.66
9.84
22.91
9.76
6.28
20.00
17.19
8.85
10.57
22.34
21.63
10.04
8.90
0.97
6.95
21.70
8.59
13.16
9.61
9.13
9.58
25.77
19.57
22.60
10.19
9.51
6.60
6.07
16.34
10.41
19.04
10.54
10.75
12.84
7.30
13.55
17.18
16.12
15.78
11.38
1.44
9.50
19.90
10.51
9.95
6.06
10.53
11.83
12.40
10.02
16.98
17.84
13.56
18.09
21.34
9.48
10.70
9.44
9.58
17.56
10.22
18.34
18.27
0.00
18.55
19.39
7.69
9.78
12.60
7.53
12.03
19.00
13.11
7.67
9.59
9.82
19.26
18.19
11.31
18.30
13.16
17.98
15.43
1.85
10.36
14.43
15.88
2.46
15.69
1.86
11.37
13.08
18.33
2.80
18.02
12.93
1.82
12.51
13.93
12.13
16.07
11.38
2.87
13.36
25.44
4.71
12.75
18.96
18.58
17.82
14.76
3.83
18.41
8.82
11.26
18.14
18.79
10.09
9.46
5.01
18.78
11.97
16.27
15.85
11.71
21.59
12.17
22.08
21.69
5.58
14.89
9.29
2.17
3.26
10.31
9.52
18.02
18.73
10.30
25.42
9.43
19.73
21.70
9.00
19.30
20.52
2.01
10.85
8.39
9.21
12.66
19.84
10.20
20.19
19.17
2.13
21.89
7.47
5.77
18.55
0.00
15.20
20.38
16.94
10.86
19.63
10.37
9.75
11.23
20.88
11.36
10.60
14.12
0.71
11.20
8.42
10.40
9.43
23.02
17.19
12.46
21.82
23.05
17.51
8.90
17.91
11.75
10.91
0.56
18.22
7.88
9.33
18.41
8.81
22.85
10.06
8.48
17.59
18.03
9.74
12.60
22.08
18.78
9.68
8.42
5.81
8.25
21.54
7.93
14.86
10.28
9.54
9.48
24.20
17.09
22.34
9.71
9.19
8.79
8.63
12.89
13.16
19.54
13.04
13.56
13.57
8.32
14.73
17.99
16.81
12.82
12.66
5.85
9.44
17.20
12.73
9.14
4.14
13.24
13.02
13.91
13.16
17.58
18.42
14.97
15.58
18.53
11.95
12.41
12.08
9.71
18.48
12.98
8.04
13.46
19.39
15.20
0.00
15.02
23.21
7.65
14.46
8.53
6.27
6.95
15.56
17.83
16.95
1.14
15.61
8.80
7.28
7.37
6.77
22.39
17.61
18.91
21.81
22.01
17.29
7.68
17.85
8.72
7.16
15.51
17.19
7.69
8.37
18.13
10.17
14.73
8.71
7.55
17.80
17.02
7.65
10.14
21.49
19.86
6.47
7.37
14.16
7.97
21.34
7.83
10.88
9.38
5.84
6.34
24.35
23.23
21.60
6.53
9.80
7.15
7.82
19.75
5.31
11.34
5.58
5.15
14.87
7.73
10.16
17.71
16.19
19.46
10.14
14.74
6.33
23.69
10.14
14.96
11.88
5.28
10.58
1.41
5.12
17.48
11.20
11.15
21.90
19.42
4.61
9.74
4.95
6.11
18.36
5.78
17.19
19.22
7.69
20.38
15.02
0.00
15.74
10.71
0.90
10.74
16.94
10.83
0.57
13.80
13.59
15.31
20.27
9.81
16.78
11.38
16.12
15.71
6.80
14.61
15.16
15.79
6.21
14.43
6.40
9.50
11.01
20.34
5.27
16.73
11.87
6.26
12.32
8.00
10.99
14.83
12.07
5.25
11.90
23.36
8.03
14.06
16.95
17.06
19.13
13.76
8.05
17.11
6.14
10.41
16.09
16.81
12.68
15.53
8.07
16.77
11.60
14.83
14.68
15.85
18.53
5.95
19.09
18.50
8.20
13.79
6.10
6.19
5.63
14.84
8.00
19.52
16.77
16.29
23.31
12.57
19.97
18.62
7.54
15.44
17.44
6.23
5.02
5.70
15.00
13.78
17.00
8.63
17.38
17.08
6.63
18.96
19.12
19.53
9.78
16.94
23.21
15.74
0.00
15.81
15.19
15.49
20.22
16.45
15.84
6.01
6.96
22.70
16.49
15.28
19.25
16.45
18.98
12.73
10.33
5.03
11.40
13.39
11.36
18.68
11.07
14.60
16.28
16.72
11.92
18.88
15.49
11.31
13.51
18.57
14.77
18.68
9.50
11.86
16.19
27.22
10.63
9.28
20.06
19.45
19.02
17.14
10.27
19.12
15.26
14.40
19.84
20.05
10.13
0.41
10.82
19.82
13.80
18.96
18.69
5.18
24.84
17.54
25.05
25.07
11.03
17.13
15.01
11.41
11.28
4.50
14.46
19.08
20.02
0.57
27.33
10.03
19.24
24.93
14.14
22.61
24.22
10.84
16.42
14.72
1.46
9.45
22.98
15.25
23.37
20.56
11.67
25.01
6.50
10.10
12.60
10.86
7.65
10.71
15.81
0.00
9.97
1.44
6.63
0.71
11.28
10.43
9.57
7.15
10.99
1.78
6.20
1.08
5.84
17.71
10.82
11.69
16.79
17.58
10.74
4.66
11.27
1.74
0.51
10.99
10.91
6.08
1.55
11.66
3.41
12.85
1.22
4.70
12.22
10.71
1.33
13.37
15.29
14.32
6.65
6.49
10.36
3.39
14.98
6.49
5.41
1.80
5.67
6.42
18.35
15.82
15.47
6.51
2.53
4.70
4.81
12.75
9.53
9.06
9.87
9.67
7.68
3.24
4.66
11.22
9.62
12.20
3.49
10.87
6.36
16.31
13.40
7.45
9.45
9.62
3.95
7.11
8.80
10.86
7.98
5.47
14.47
13.93
7.67
3.44
8.11
6.73
11.90
9.82
16.43
18.63
7.53
19.63
14.46
0.90
15.19
9.97
0.00
10.03
16.18
10.10
1.39
13.07
12.83
14.71
19.53
9.12
16.01
10.67
15.33
15.14
6.52
13.87
14.55
15.20
6.02
13.80
6.24
8.69
10.27
19.60
5.14
15.95
11.12
6.16
11.49
7.69
10.21
14.18
11.31
5.09
11.17
22.75
8.01
13.35
16.18
16.29
18.55
13.06
8.02
16.33
5.61
9.66
15.35
16.06
12.44
15.00
8.07
16.00
10.79
14.18
14.05
15.10
17.99
5.41
18.53
17.97
7.69
13.07
5.40
6.06
5.28
14.12
7.33
18.95
16.01
15.74
22.71
11.88
19.21
18.08
6.86
14.83
16.93
6.00
4.36
5.10
14.41
13.06
16.42
8.02
16.81
16.34
6.59
18.41
6.87
9.20
12.03
10.37
8.53
10.74
15.49
1.44
10.03
0.00
7.39
1.96
11.29
10.07
9.22
8.00
10.44
0.95
6.79
1.24
6.68
18.39
10.22
11.49
17.42
18.33
10.12
4.14
10.67
2.54
1.78
10.44
10.39
6.56
1.45
11.08
3.67
13.73
1.54
4.36
12.79
10.19
1.49
13.53
15.10
14.86
7.43
7.07
9.36
3.06
14.70
7.01
4.99
1.11
6.31
7.13
18.49
15.47
15.30
7.33
2.54
4.46
4.31
12.65
9.80
9.86
10.19
9.96
6.82
3.13
4.68
10.61
9.09
11.96
2.91
9.86
7.06
15.99
13.53
6.59
9.35
9.91
3.42
7.98
8.95
10.30
8.65
5.17
14.11
14.49
7.97
2.60
8.35
7.41
11.25
10.06
2.32
9.94
19.00
9.75
6.27
16.94
20.22
6.63
16.18
7.39
0.00
6.31
17.51
14.41
13.47
5.18
10.27
8.18
1.38
6.30
1.32
20.98
17.28
15.38
20.17
20.67
17.29
5.89
17.81
7.85
6.22
10.17
17.50
1.96
6.24
18.21
6.95
16.98
6.89
5.19
15.98
17.30
5.91
8.29
21.50
17.73
0.30
1.33
10.66
5.28
21.26
1.84
11.90
7.89
1.33
0.37
23.62
20.34
21.66
0.59
7.19
4.96
5.78
15.94
6.31
13.71
6.07
6.58
13.96
4.87
11.09
17.77
16.17
15.94
10.09
11.19
0.47
20.63
8.49
11.99
6.19
6.30
10.57
4.90
6.70
17.38
13.19
12.02
18.87
17.32
4.95
9.82
5.34
0.64
18.46
6.38
6.40
10.36
13.11
11.23
6.95
10.83
16.45
0.71
10.10
1.96
6.31
0.00
11.40
11.09
10.24
6.48
11.40
2.25
6.02
1.20
5.59
17.96
11.33
12.32
17.09
17.81
11.21
4.63
11.75
2.11
0.34
11.39
11.33
5.95
2.03
12.12
3.93
12.70
1.89
4.65
12.56
11.14
1.58
13.04
15.71
14.68
6.35
6.30
10.66
3.51
15.43
6.36
5.62
2.49
5.35
6.12
18.75
16.46
15.88
6.22
3.17
4.59
4.80
13.35
9.04
8.88
9.39
9.17
8.27
3.33
4.82
11.68
10.08
12.84
3.89
11.19
6.06
16.95
13.07
8.16
9.58
9.12
4.35
6.45
8.32
11.34
7.89
5.71
15.12
14.28
7.20
3.78
7.65
6.40
12.37
9.35
17.76
19.74
7.67
20.88
15.56
0.57
15.84
11.28
1.39
11.29
17.51
11.40
0.00
14.10
13.93
15.86
20.76
10.36
17.35
11.95
16.68
15.74
6.90
14.88
15.21
15.83
6.31
14.99
6.45
10.05
11.57
20.84
5.33
17.29
12.43
6.28
12.84
8.09
11.54
15.39
12.25
5.34
12.46
23.93
7.77
14.20
17.52
17.63
19.63
14.32
7.82
17.68
6.67
10.95
16.66
17.38
12.47
15.62
7.80
17.34
12.13
15.40
15.24
16.12
19.09
6.30
19.65
19.06
8.55
14.35
6.66
6.25
5.83
15.10
8.54
20.02
17.33
16.39
23.88
12.97
20.52
19.18
8.07
16.00
18.00
6.32
5.46
6.24
15.15
13.94
17.56
9.17
17.94
17.65
6.64
19.52
13.17
13.88
9.59
11.36
17.83
13.80
6.01
10.43
13.07
10.07
14.41
11.09
14.10
0.00
0.96
17.20
10.99
10.07
13.36
10.95
13.22
13.86
9.00
1.81
12.50
14.21
9.84
12.89
9.89
9.52
10.86
11.20
10.51
12.96
9.84
10.32
7.79
16.66
9.27
12.83
8.65
10.36
10.58
21.21
12.02
9.53
14.27
13.56
13.49
11.30
11.57
13.21
11.23
9.01
14.00
14.22
13.22
6.12
12.26
14.05
8.15
13.12
12.87
3.26
19.01
14.55
19.18
19.26
7.51
11.28
10.88
10.15
9.28
2.08
9.78
13.63
14.18
6.41
21.32
4.64
13.32
19.10
9.62
17.09
18.46
9.51
13.30
10.80
4.59
9.43
17.16
10.43
17.54
14.71
10.66
19.14
12.22
13.07
9.82
10.60
16.95
13.59
6.96
9.57
12.83
9.22
13.47
10.24
13.93
0.96
0.00
16.30
10.26
9.27
12.41
10.07
12.29
14.15
9.06
2.51
12.80
14.44
9.84
11.98
9.95
8.73
10.00
10.46
10.50
12.01
8.93
10.40
6.87
16.39
8.40
11.90
8.75
10.34
9.68
20.26
12.39
9.79
13.33
12.61
12.72
10.37
11.94
12.26
10.68
8.17
13.05
13.27
13.78
7.06
12.63
13.11
7.24
12.18
11.95
3.83
18.07
14.12
18.24
18.32
7.20
10.35
10.30
10.18
9.19
2.91
9.10
12.88
13.23
7.36
20.37
3.98
12.43
18.16
8.98
16.19
17.53
9.55
12.87
10.27
5.54
9.65
16.22
9.72
16.60
13.77
10.72
18.20
6.93
12.52
19.26
14.12
1.14
15.31
22.70
7.15
14.71
8.00
5.18
6.48
15.86
17.20
16.30
0.00
14.55
8.39
6.18
6.80
5.75
22.27
17.46
18.29
21.64
21.90
17.19
6.87
17.75
8.34
6.64
14.44
17.15
6.59
7.70
18.06
9.46
15.20
8.14
6.66
17.54
16.97
7.00
9.32
21.49
19.58
5.39
6.27
13.24
7.12
21.32
6.73
10.86
8.85
4.74
5.24
24.30
22.74
21.62
5.47
9.14
6.26
6.98
19.10
4.66
11.76
4.87
4.58
14.56
6.87
10.14
17.63
16.08
18.85
9.89
13.82
5.23
23.17
9.34
14.31
10.75
4.64
10.36
0.30
4.58
17.37
11.51
11.12
21.37
19.14
3.74
9.48
4.14
4.99
18.28
5.10
7.98
5.82
18.19
0.71
15.61
20.27
16.49
10.99
19.53
10.44
10.27
11.40
20.76
10.99
10.26
14.55
0.00
11.23
8.92
10.55
9.90
22.95
16.87
12.11
21.73
23.00
17.20
9.13
17.60
11.82
11.07
0.25
17.94
8.37
9.46
18.09
8.89
22.93
10.14
8.75
17.50
17.76
9.89
13.19
21.78
18.67
10.20
8.94
5.74
8.47
21.22
8.44
14.79
10.30
10.01
9.99
23.93
16.64
22.04
10.22
9.24
9.08
8.87
12.57
13.64
19.62
13.55
14.03
13.28
8.55
14.71
17.68
16.54
12.45
12.62
5.73
9.95
16.75
13.32
8.78
4.80
13.72
12.96
14.35
13.58
17.28
18.46
14.90
15.14
18.43
12.40
12.38
12.53
10.24
18.15
13.47
7.79
9.94
11.31
11.20
8.80
9.81
15.28
1.78
9.12
0.95
8.18
2.25
10.36
10.07
9.27
8.39
11.23
0.00
7.65
1.92
7.46
18.07
9.49
11.49
17.11
18.02
9.33
4.90
9.89
2.31
2.18
11.25
9.55
7.45
2.32
10.28
4.18
13.08
2.02
5.19
12.51
9.36
2.34
14.32
14.33
14.62
8.23
7.93
10.06
3.98
13.95
7.89
4.05
1.28
7.11
7.94
17.88
15.24
14.53
8.12
3.03
5.27
5.10
12.70
10.39
9.18
10.82
10.52
6.22
4.06
3.77
9.82
8.30
11.94
1.99
10.54
7.87
15.80
14.31
6.66
10.29
10.50
2.52
8.39
9.47
9.52
7.92
4.22
13.93
14.26
8.58
1.74
8.96
8.21
10.46
10.68
1.05
8.84
18.30
8.42
7.28
16.78
19.25
6.20
16.01
6.79
1.38
6.02
17.35
13.36
12.41
6.18
8.92
7.65
0.00
5.82
1.37
20.74
16.60
14.37
19.86
20.48
16.66
5.24
17.16
7.46
5.86
8.83
16.93
0.58
5.53
17.58
6.09
17.29
6.26
4.48
15.57
16.73
5.32
8.62
20.97
17.29
1.34
0.28
9.52
4.44
20.68
0.56
11.55
7.21
1.52
1.11
23.14
19.36
21.15
1.39
6.36
4.35
5.09
14.96
6.93
13.95
6.74
7.23
13.17
4.03
10.82
17.14
15.57
14.93
9.59
10.04
1.07
19.64
8.81
10.87
5.05
6.94
10.07
5.93
7.17
16.74
13.29
11.67
17.87
16.90
5.44
9.32
5.80
1.52
17.82
6.95
6.02
9.22
13.16
10.40
7.37
11.38
16.45
1.08
10.67
1.24
6.30
1.20
11.95
10.95
10.07
6.80
10.55
1.92
5.82
0.00
5.67
18.76
11.36
12.29
17.83
18.64
11.23
3.60
11.79
2.79
1.00
10.53
11.45
5.66
1.35
12.18
3.87
13.78
1.80
3.70
13.24
11.25
0.74
12.55
16.06
15.32
6.36
6.10
9.51
2.52
15.72
6.11
5.77
2.13
5.20
6.05
19.29
16.45
16.25
6.27
2.96
3.70
3.77
13.37
8.73
9.91
9.10
8.89
8.03
2.46
5.29
11.72
10.18
12.79
3.87
10.03
5.98
16.95
12.56
7.63
8.89
8.83
4.39
6.77
7.95
11.41
8.84
5.96
15.08
14.93
6.88
3.53
7.29
6.30
12.37
9.00
2.38
10.05
17.98
9.43
6.77
16.12
18.98
5.84
15.33
6.68
1.32
5.59
16.68
13.22
12.29
5.75
9.90
7.46
1.37
5.67
0.00
19.72
16.30
14.14
18.89
19.43
16.36
5.89
16.85
6.89
5.47
9.83
16.56
1.79
5.44
17.25
5.80
16.14
5.96
5.20
14.68
16.36
5.21
9.55
20.39
16.42
1.13
1.49
10.69
4.87
20.16
1.77
11.20
7.03
1.80
1.32
22.37
19.10
20.55
0.86
6.15
5.02
5.79
14.70
7.41
12.93
7.25
7.67
13.05
4.40
10.30
16.83
15.21
14.71
9.31
11.21
1.34
19.39
9.74
11.02
6.26
7.42
9.76
5.49
7.63
16.40
12.36
11.26
17.64
16.02
5.88
9.16
6.31
1.86
17.54
7.51
21.24
25.76
15.43
23.02
22.39
15.71
12.73
17.71
15.14
18.39
20.98
17.96
15.74
13.86
14.15
22.27
22.95
18.07
20.74
18.76
19.72
0.00
15.60
12.67
1.39
0.88
16.29
22.10
16.06
16.08
17.96
23.12
16.00
20.72
18.25
16.12
16.24
12.43
17.20
21.93
5.81
15.93
18.65
29.26
12.88
4.41
20.77
20.91
25.70
20.33
13.48
20.83
17.71
17.47
21.06
21.02
8.40
12.85
12.78
20.44
16.77
21.98
22.17
12.28
26.15
14.20
26.26
26.26
16.79
20.05
16.46
16.28
15.55
12.79
17.37
26.01
21.03
12.86
29.45
17.15
23.20
26.17
17.04
22.20
25.80
15.65
14.23
16.94
12.95
4.58
24.41
18.39
24.92
21.52
16.85
26.45
16.64
16.69
1.85
17.19
17.61
6.80
10.33
10.82
6.52
10.22
17.28
11.33
6.90
9.00
9.06
17.46
16.87
9.49
16.60
11.36
16.30
15.60
0.00
10.00
14.59
15.97
1.03
13.88
0.90
9.66
11.30
17.00
1.76
16.32
11.18
1.34
10.93
13.20
10.40
14.27
11.08
1.70
11.58
23.63
5.96
12.69
17.26
16.88
16.29
12.99
5.22
16.73
7.02
9.49
16.38
17.07
11.16
10.06
6.24
17.08
10.31
14.46
14.05
11.43
19.74
10.99
20.23
19.84
3.89
13.13
7.54
1.17
1.53
10.04
7.68
16.52
17.00
10.88
23.61
8.16
18.16
19.86
7.17
17.51
18.67
0.62
9.57
6.60
9.53
12.54
18.00
8.35
18.35
17.43
1.74
20.04
14.24
15.43
10.36
12.46
18.91
14.61
5.03
11.69
13.87
11.49
15.38
12.32
14.88
1.81
2.51
18.29
12.11
11.49
14.37
12.29
14.14
12.67
10.00
0.00
11.29
13.05
10.90
14.38
10.88
10.67
12.10
12.33
11.50
14.01
11.18
11.27
8.92
16.84
10.55
14.26
7.83
11.36
11.91
22.41
12.17
8.34
15.20
14.56
15.07
12.70
11.81
14.21
12.57
10.41
15.08
15.21
12.49
5.24
12.38
14.96
9.42
14.53
14.35
1.55
20.30
15.13
20.44
20.56
9.00
12.64
12.08
11.16
10.35
0.59
11.19
15.20
15.18
5.35
22.55
6.43
14.40
20.38
11.00
18.17
19.82
10.49
13.99
12.08
3.79
8.30
18.45
11.91
18.85
15.73
11.67
20.44
20.31
24.59
14.43
21.82
21.81
15.16
11.40
16.79
14.55
17.42
20.17
17.09
15.21
12.50
12.80
21.64
21.73
17.11
19.86
17.83
18.89
1.39
14.59
11.29
0.00
1.99
15.31
21.12
15.09
15.17
17.07
21.90
15.09
19.81
17.26
15.18
15.19
12.48
16.23
20.95
4.68
15.02
17.70
28.44
12.16
3.09
19.96
20.04
24.51
19.34
12.69
19.93
16.85
16.46
20.22
20.20
7.93
11.53
12.09
19.64
15.73
21.02
21.18
10.90
25.39
13.86
25.50
25.52
15.68
19.07
15.63
15.32
14.58
11.40
16.42
24.81
20.21
11.54
28.62
15.88
22.15
25.42
16.09
21.57
25.02
14.67
13.76
16.08
11.59
3.30
23.63
17.44
24.13
20.71
15.90
25.68
21.02
25.78
15.88
23.05
22.01
15.79
13.39
17.58
15.20
18.33
20.67
17.81
15.83
14.21
14.44
21.90
23.00
18.02
20.48
18.64
19.43
0.88
15.97
13.05
1.99
0.00
16.62
21.99
16.42
15.97
17.82
23.16
16.32
20.49
18.16
16.49
16.17
12.08
17.12
21.80
5.95
16.24
18.54
28.96
13.38
4.72
20.46
20.65
25.75
20.23
13.99
20.58
17.73
17.43
20.79
20.73
9.11
13.51
13.29
20.13
16.73
21.84
22.06
12.67
25.85
13.94
25.94
25.96
17.04
19.93
16.42
16.63
15.84
13.20
17.38
26.08
20.74
13.53
29.16
17.38
23.08
25.87
17.06
21.84
25.53
16.00
14.06
16.96
13.54
4.81
24.14
18.39
24.65
21.23
17.23
26.15
16.71
16.68
2.46
17.51
17.29
6.21
11.36
10.74
6.02
10.12
17.29
11.21
6.31
9.84
9.84
17.19
17.20
9.33
16.66
11.23
16.36
16.29
1.03
10.90
15.31
16.62
0.00
13.71
0.64
9.64
11.21
17.32
1.05
16.39
11.17
1.01
11.16
13.07
10.42
14.14
11.78
1.00
11.52
23.47
6.35
13.47
17.28
16.93
16.30
12.94
5.64
16.81
6.53
9.47
16.35
17.07
11.83
11.08
6.61
17.12
10.45
14.32
13.90
12.36
19.44
10.72
19.96
19.52
3.98
13.09
7.21
0.51
1.29
10.97
7.46
16.54
17.01
11.91
23.43
8.62
18.34
19.56
6.94
17.26
18.32
0.69
9.30
6.17
10.54
13.31
17.74
8.06
18.08
17.41
1.20
19.75
4.96
6.29
15.69
8.90
7.68
14.43
18.68
4.66
13.80
4.14
5.89
4.63
14.99
12.89
11.98
6.87
9.13
4.90
5.24
3.60
5.89
22.10
13.88
14.38
21.12
21.99
13.71
0.00
14.30
6.35
4.47
9.03
14.07
4.97
3.87
14.71
6.18
17.22
4.95
0.79
16.49
13.88
3.49
9.79
19.09
18.46
6.06
5.44
6.79
1.91
18.64
5.41
8.42
5.05
4.61
5.55
22.56
18.69
19.31
6.15
5.49
0.95
0.31
15.41
6.63
13.27
7.00
6.87
10.20
2.27
8.44
14.21
12.83
14.85
6.72
7.36
5.45
19.14
9.74
8.97
7.01
6.76
7.27
6.81
5.84
13.99
12.24
8.83
17.24
18.09
4.97
5.98
5.20
5.57
14.76
6.75
17.22
17.20
1.86
17.91
17.85
6.40
11.07
11.27
6.24
10.67
17.81
11.75
6.45
9.89
9.95
17.75
17.60
9.89
17.16
11.79
16.85
16.06
0.90
10.88
15.09
16.42
0.64
14.30
0.00
10.13
11.74
17.72
1.15
16.89
11.70
0.50
11.59
13.17
10.93
14.72
11.69
1.18
12.06
24.05
5.80
13.31
17.79
17.44
16.81
13.49
5.06
17.31
7.12
10.00
16.88
17.59
11.34
10.78
6.06
17.62
10.92
14.90
14.48
12.31
20.04
11.00
20.56
20.12
4.46
13.64
7.73
0.35
1.71
10.92
8.03
17.04
17.52
11.61
24.01
8.94
18.81
20.16
7.50
17.81
18.93
0.54
9.61
6.74
10.32
13.16
18.33
8.65
18.67
17.93
0.93
20.36
7.81
11.47
11.37
11.75
8.72
9.50
14.60
1.74
8.69
2.54
7.85
2.11
10.05
9.52
8.73
8.34
11.82
2.31
7.46
2.79
6.89
16.08
9.66
10.67
15.17
15.97
9.64
6.35
10.13
0.00
2.10
11.86
9.74
7.34
2.81
10.50
3.34
11.49
1.77
6.39
10.61
9.55
2.94
15.01
13.77
12.76
7.83
7.73
11.64
4.97
13.51
7.72
4.83
2.10
7.06
7.69
16.65
14.60
13.93
7.64
2.63
6.42
6.50
11.73
11.15
7.86
11.48
11.27
6.88
4.81
3.72
10.10
8.45
11.17
3.02
12.12
7.64
15.11
15.06
7.11
10.67
11.23
3.28
8.31
10.43
9.68
6.71
4.64
13.31
12.36
9.30
3.49
9.75
8.05
10.83
11.46
6.21
10.10
13.08
10.91
7.16
11.01
16.28
0.51
10.27
1.78
6.22
0.34
11.57
10.86
10.00
6.64
11.07
2.18
5.86
1.00
5.47
17.96
11.30
12.10
17.07
17.82
11.21
4.47
11.74
2.10
0.00
11.06
11.36
5.77
1.70
12.12
3.65
12.93
1.61
4.48
12.52
11.16
1.28
12.97
15.73
14.62
6.25
6.14
10.40
3.26
15.44
6.18
5.74
2.28
5.25
6.02
18.75
16.28
15.91
6.12
2.87
4.44
4.63
13.13
9.08
9.13
9.42
9.22
8.18
3.07
4.97
11.68
10.09
12.62
3.91
10.93
5.96
16.77
13.00
7.90
9.31
9.16
4.37
6.60
8.37
11.33
8.12
5.82
14.93
14.22
7.22
3.79
7.67
6.31
12.37
9.38
7.87
5.65
18.33
0.56
15.51
20.34
16.72
10.99
19.60
10.44
10.17
11.39
20.84
11.20
10.46
14.44
0.25
11.25
8.83
10.53
9.83
23.12
17.00
12.33
21.90
23.16
17.32
9.03
17.72
11.86
11.06
0.00
18.05
8.27
9.46
18.21
8.95
23.00
10.17
8.65
17.66
17.87
9.88
12.97
21.93
18.84
10.10
8.84
5.60
8.41
21.37
8.35
14.83
10.33
9.91
9.89
24.11
16.87
22.19
10.13
9.28
8.98
8.77
12.79
13.47
19.67
13.37
13.86
13.38
8.50
14.75
17.80
16.65
12.67
12.65
5.60
9.84
16.98
13.09
8.93
4.63
13.55
13.00
14.24
13.42
17.40
18.51
14.95
15.37
18.61
12.24
12.40
12.37
10.12
18.27
13.29
17.05
17.35
2.80
18.22
17.19
5.27
11.92
10.91
5.14
10.39
17.50
11.33
5.33
10.51
10.50
17.15
17.94
9.55
16.93
11.45
16.56
16.00
1.76
11.50
15.09
16.32
1.05
14.07
1.15
9.74
11.36
18.05
0.00
16.70
11.47
1.10
11.51
12.26
10.67
14.50
11.68
0.20
11.77
23.77
5.90
13.41
17.49
17.21
17.01
13.29
5.30
17.11
6.46
9.77
16.56
17.29
11.51
11.65
6.14
17.32
10.80
14.65
14.27
12.91
19.58
10.05
20.12
19.65
4.70
13.43
7.05
0.92
1.47
11.58
7.62
17.28
17.23
12.47
23.72
9.40
18.87
19.70
7.08
17.23
18.46
1.15
8.68
6.06
11.16
13.24
17.89
8.25
18.24
17.62
1.52
19.92
0.64
8.35
18.02
7.88
7.69
16.73
18.88
6.08
15.95
6.56
1.96
5.95
17.29
12.96
12.01
6.59
8.37
7.45
0.58
5.66
1.79
20.72
16.32
14.01
19.81
20.49
16.39
4.97
16.89
7.34
5.77
8.27
16.70
0.00
5.27
17.32
5.80
17.45
6.04
4.20
15.47
16.50
5.11
8.77
20.77
17.18
1.92
0.73
9.01
4.10
20.46
0.47
11.41
6.95
1.86
1.67
22.98
18.99
20.96
1.96
6.07
4.12
4.80
14.61
7.17
14.08
7.01
7.49
12.84
3.72
10.73
16.88
15.32
14.56
9.39
9.52
1.62
19.27
8.95
10.41
4.61
7.20
9.88
6.35
7.35
16.47
13.36
11.53
17.50
16.80
5.65
9.12
6.00
2.03
17.55
7.18
5.60
8.75
12.93
9.33
8.37
11.87
15.49
1.55
11.12
1.45
6.24
2.03
12.43
9.84
8.93
7.70
9.46
2.32
5.53
1.35
5.44
18.25
11.18
11.18
17.26
18.16
11.17
3.87
11.70
2.81
1.70
9.46
11.47
5.27
0.00
12.12
2.68
14.24
1.13
3.81
12.63
11.28
0.76
12.78
15.90
14.63
6.26
5.81
8.98
2.25
15.53
5.71
6.34
1.70
5.26
5.98
18.90
15.51
16.10
6.14
1.80
3.93
3.95
12.21
9.43
10.52
9.72
9.63
7.74
2.14
5.83
11.67
10.12
11.68
4.19
9.48
5.91
15.96
12.82
6.61
8.12
9.53
4.66
7.62
8.77
11.30
9.41
6.44
14.09
14.25
7.56
4.02
7.96
6.31
12.33
9.65
17.65
17.66
1.82
18.41
18.13
6.26
11.31
11.66
6.16
11.08
18.21
12.12
6.28
10.32
10.40
18.06
18.09
10.28
17.58
12.18
17.25
16.12
1.34
11.27
15.18
16.49
1.01
14.71
0.50
10.50
12.12
18.21
1.10
17.32
12.12
0.00
12.03
13.12
11.34
15.13
11.88
1.21
12.47
24.45
5.51
13.49
18.19
17.86
17.27
13.91
4.78
17.73
7.39
10.42
17.28
17.99
11.21
11.01
5.78
18.02
11.36
15.31
14.89
12.68
20.39
11.05
20.92
20.47
4.93
14.06
8.00
0.51
2.05
11.30
8.39
17.50
17.93
11.85
24.41
9.44
19.29
20.51
7.86
18.13
19.28
0.93
9.70
7.00
10.61
13.35
18.69
9.02
19.04
18.34
0.75
20.71
6.17
9.84
12.51
8.81
10.17
12.32
13.51
3.41
11.49
3.67
6.95
3.93
12.84
7.79
6.87
9.46
8.89
4.18
6.09
3.87
5.80
16.24
10.93
8.92
15.19
16.17
11.16
6.18
11.59
3.34
3.65
8.95
11.51
5.80
2.68
12.03
0.00
14.05
2.30
5.93
10.58
11.31
3.32
14.25
15.16
12.42
6.85
6.34
9.98
4.30
14.83
6.12
7.58
2.99
6.40
6.75
17.41
13.58
15.35
6.64
1.19
6.09
6.17
9.81
11.48
10.81
11.65
11.72
7.75
4.07
6.78
11.64
10.07
9.47
5.38
10.41
6.71
13.95
14.36
5.62
8.18
11.56
5.65
9.34
11.03
11.13
9.72
7.42
12.13
12.06
9.62
5.67
10.04
7.23
12.34
11.66
18.06
22.91
13.93
22.85
14.73
8.00
18.57
12.85
7.69
13.73
16.98
12.70
8.09
16.66
16.39
15.20
22.93
13.08
17.29
13.78
16.14
12.43
13.20
16.84
12.48
12.08
13.07
17.22
13.17
11.49
12.93
23.00
12.26
17.45
14.24
13.12
14.05
0.00
13.25
17.31
10.77
12.19
14.15
24.26
12.39
12.47
16.93
17.51
23.07
16.19
12.91
17.68
11.28
13.40
16.67
17.03
13.46
18.50
12.28
16.68
13.85
17.18
17.43
17.53
19.61
4.15
19.95
19.53
13.97
15.96
10.03
13.11
12.11
17.19
12.14
23.55
17.03
19.03
24.32
16.66
21.53
19.63
11.86
15.30
18.97
12.81
5.38
10.72
18.00
12.13
18.20
12.89
18.67
17.32
13.73
20.06
6.44
9.76
12.13
10.06
8.71
10.99
14.77
1.22
10.21
1.54
6.89
1.89
11.54
9.27
8.40
8.14
10.14
2.02
6.26
1.80
5.96
17.20
10.40
10.55
16.23
17.12
10.42
4.95
10.93
1.77
1.61
10.17
10.67
6.04
1.13
11.34
2.30
13.25
0.00
4.93
11.60
10.47
1.57
13.78
14.91
13.63
6.87
6.54
9.94
3.37
14.58
6.45
5.75
1.18
6.01
6.67
17.82
14.79
15.11
6.72
1.32
5.01
5.05
11.61
10.30
9.61
10.60
10.48
7.14
3.24
5.04
10.90
9.31
11.06
3.58
10.43
6.61
15.26
13.83
6.37
9.02
10.39
3.98
8.07
9.62
10.50
8.46
5.72
13.40
13.26
8.42
3.68
8.85
7.04
11.59
10.55
4.17
6.28
16.07
8.48
7.55
14.83
18.68
4.70
14.18
4.36
5.19
4.65
15.39
12.83
11.90
6.66
8.75
5.19
4.48
3.70
5.20
21.93
14.27
14.26
20.95
21.80
14.14
0.79
14.72
6.39
4.48
8.65
14.50
4.20
3.81
15.13
5.93
17.31
4.93
0.00
16.34
14.31
3.46
9.38
19.39
18.28
5.35
4.68
6.83
1.66
18.96
4.63
8.89
5.19
3.94
4.83
22.67
18.71
19.60
5.44
5.38
0.42
0.60
15.24
6.44
13.42
6.73
6.72
10.59
1.90
8.78
14.64
13.23
14.75
7.09
7.41
4.74
19.13
9.37
9.07
6.35
6.56
7.64
6.57
5.82
14.39
12.43
9.25
17.24
17.91
4.75
6.43
5.00
4.87
15.21
6.54
15.97
20.00
11.38
17.59
17.80
12.07
9.50
12.22
11.31
12.79
15.98
12.56
12.25
8.65
8.75
17.54
17.50
12.51
15.57
13.24
14.68
5.81
11.08
7.83
4.68
5.95
11.78
16.49
11.69
10.61
12.52
17.66
11.68
15.47
12.63
11.88
10.58
10.77
11.60
16.34
0.00
11.56
13.09
24.16
10.47
2.27
15.78
15.77
19.93
14.72
10.75
15.64
12.57
11.81
15.90
15.96
8.79
9.61
10.51
15.47
11.08
16.43
16.55
7.87
21.06
10.78
21.20
21.20
11.43
14.47
11.35
11.91
10.86
8.11
11.90
20.24
15.96
9.81
24.32
11.45
17.85
21.10
11.60
17.47
20.63
11.20
10.32
11.82
9.11
1.89
19.25
12.90
19.74
16.47
12.59
21.33
16.85
17.19
2.87
18.03
17.02
5.25
11.86
10.71
5.09
10.19
17.30
11.14
5.34
10.36
10.34
16.97
17.76
9.36
16.73
11.25
16.36
15.93
1.70
11.36
15.02
16.24
1.00
13.88
1.18
9.55
11.16
17.87
0.20
16.50
11.28
1.21
11.31
12.19
10.47
14.31
11.56
0.00
11.58
23.58
6.00
13.31
17.29
17.01
16.85
13.10
5.40
16.91
6.30
9.57
16.37
17.09
11.54
11.59
6.23
17.12
10.59
14.46
14.08
12.78
19.41
9.94
19.94
19.47
4.53
13.23
6.87
0.98
1.28
11.45
7.43
17.12
17.03
12.41
23.54
9.23
18.67
19.52
6.89
17.05
18.29
1.10
8.56
5.89
11.08
13.13
17.72
8.07
18.07
17.43
1.63
19.74
5.46
8.85
13.36
9.74
7.65
11.90
16.19
1.33
11.17
1.49
5.91
1.58
12.46
10.58
9.68
7.00
9.89
2.34
5.32
0.74
5.21
18.65
11.58
11.91
17.70
18.54
11.52
3.49
12.06
2.94
1.28
9.88
11.77
5.11
0.76
12.47
3.32
14.15
1.57
3.46
13.09
11.58
0.00
12.34
16.29
15.12
5.95
5.60
9.14
2.07
15.93
5.56
6.32
2.13
4.86
5.65
19.35
16.21
16.48
5.85
2.50
3.51
3.61
12.94
8.79
10.37
9.10
8.97
8.19
1.94
5.81
12.01
10.46
12.42
4.30
9.67
5.58
16.68
12.37
7.32
8.25
8.88
4.80
6.93
8.10
11.67
9.30
6.47
14.81
14.74
6.91
4.02
7.33
5.94
12.66
9.03
8.38
10.57
25.44
12.60
10.14
23.36
27.22
13.37
22.75
13.53
8.29
13.04
23.93
21.21
20.26
9.32
13.19
14.32
8.62
12.55
9.55
29.26
23.63
22.41
28.44
28.96
23.47
9.79
24.05
15.01
12.97
12.97
23.77
8.77
12.78
24.45
14.25
24.26
13.78
9.38
24.16
23.58
12.34
0.00
28.60
25.91
8.50
8.45
11.54
10.76
28.23
8.64
17.74
14.37
8.34
8.25
31.46
27.31
28.80
8.83
14.17
9.17
9.63
23.04
5.40
20.70
4.78
5.65
19.96
10.71
17.50
23.96
22.54
22.93
16.23
11.94
8.24
27.61
0.43
17.91
8.90
5.34
16.78
9.16
6.56
23.72
20.18
18.15
25.79
25.51
6.46
15.54
6.12
7.75
24.52
4.89
21.19
22.34
4.71
22.08
21.49
8.03
10.63
15.29
8.01
15.10
21.50
15.71
7.77
12.02
12.39
21.49
21.78
14.33
20.97
16.06
20.39
12.88
5.96
12.17
12.16
13.38
6.35
19.09
5.80
13.77
15.73
21.93
5.90
20.77
15.90
5.51
15.16
12.39
14.91
19.39
10.47
6.00
16.29
28.60
0.00
11.46
21.43
21.24
21.97
17.98
0.97
21.13
11.63
14.28
20.80
21.35
6.24
10.32
0.31
21.20
14.80
19.53
19.26
13.16
24.51
12.10
24.97
24.58
9.60
18.01
11.60
5.97
6.63
12.09
12.53
22.21
21.30
11.06
28.62
13.10
22.99
24.61
11.98
21.54
23.52
5.79
11.21
11.02
10.57
11.44
22.75
13.39
23.15
21.76
6.03
24.86
17.65
21.63
12.75
18.78
19.86
14.06
9.28
14.32
13.35
14.86
17.73
14.68
14.20
9.53
9.79
19.58
18.67
14.62
17.29
15.32
16.42
4.41
12.69
8.34
3.09
4.72
13.47
18.46
13.31
12.76
14.62
18.84
13.41
17.18
14.63
13.49
12.42
12.47
13.63
18.28
2.27
13.31
15.12
25.91
11.46
0.00
17.52
17.47
21.53
16.65
11.78
17.31
14.76
13.86
17.73
17.72
8.53
9.44
11.47
17.20
13.01
18.38
18.51
8.00
23.04
12.89
23.15
23.20
13.25
16.39
13.59
13.56
12.67
8.51
14.05
21.81
17.72
9.48
26.09
12.96
19.27
23.08
13.76
19.49
22.67
12.86
12.51
14.02
9.19
0.45
21.24
15.05
21.73
18.25
14.19
23.30
2.32
10.04
18.96
9.68
6.47
16.95
20.06
6.65
16.18
7.43
0.30
6.35
17.52
14.27
13.33
5.39
10.20
8.23
1.34
6.36
1.13
20.77
17.26
15.20
19.96
20.46
17.28
6.06
17.79
7.83
6.25
10.10
17.49
1.92
6.26
18.19
6.85
16.93
6.87
5.35
15.78
17.29
5.95
8.50
21.43
17.52
0.00
1.28
10.75
5.36
21.19
1.76
11.96
7.89
1.53
0.56
23.48
20.18
21.59
0.33
7.13
5.13
5.94
15.75
6.61
13.70
6.36
6.88
13.95
4.94
11.12
17.76
16.15
15.77
10.12
11.28
0.65
20.46
8.71
11.93
6.16
6.59
10.59
5.11
7.00
17.36
13.17
12.06
18.72
17.11
5.24
9.88
5.63
0.92
18.46
6.67
1.05
8.90
18.58
8.42
7.37
17.06
19.45
6.49
16.29
7.07
1.33
6.30
17.63
13.56
12.61
6.27
8.94
7.93
0.28
6.10
1.49
20.91
16.88
14.56
20.04
20.65
16.93
5.44
17.44
7.73
6.14
8.84
17.21
0.73
5.81
17.86
6.34
17.51
6.54
4.68
15.77
17.01
5.60
8.45
21.24
17.47
1.28
0.00
9.59
4.68
20.95
0.51
11.83
7.49
1.66
1.10
23.38
19.57
21.42
1.37
6.63
4.54
5.28
15.12
6.90
14.19
6.69
7.22
13.44
4.29
11.10
17.42
15.84
15.12
9.87
10.11
1.08
19.84
8.64
11.10
4.96
6.92
10.35
6.00
7.21
17.01
13.54
11.95
18.08
17.08
5.47
9.60
5.82
1.46
18.10
6.91
8.58
0.97
17.82
5.81
14.16
19.13
19.02
10.36
18.55
9.36
10.66
10.66
19.63
13.49
12.72
13.24
5.74
10.06
9.52
9.51
10.69
25.70
16.29
15.07
24.51
25.75
16.30
6.79
16.81
11.64
10.40
5.60
17.01
9.01
8.98
17.27
9.98
23.07
9.94
6.83
19.93
16.85
9.14
11.54
21.97
21.53
10.75
9.59
0.00
7.35
21.31
9.27
13.13
9.70
9.83
10.30
25.46
19.05
22.24
10.88
9.63
7.18
6.59
16.00
11.27
19.22
11.43
11.61
12.47
7.72
13.59
16.79
15.79
15.39
11.37
0.58
10.22
19.39
11.48
9.54
6.69
11.40
11.79
13.13
10.81
16.60
17.97
13.52
17.59
21.25
10.29
10.71
10.26
10.34
17.14
11.10
4.23
6.95
14.76
8.25
7.97
13.76
17.14
3.39
13.06
3.06
5.28
3.51
14.32
11.30
10.37
7.12
8.47
3.98
4.44
2.52
4.87
20.33
12.99
12.70
19.34
20.23
12.94
1.91
13.49
4.97
3.26
8.41
13.29
4.10
2.25
13.91
4.30
16.19
3.37
1.66
14.72
13.10
2.07
10.76
17.98
16.65
5.36
4.68
7.35
0.00
17.56
4.57
7.93
3.72
4.12
4.94
21.08
17.17
18.19
5.36
3.73
1.85
1.89
13.69
7.79
12.38
8.05
8.04
9.34
0.51
7.68
13.44
11.97
13.20
5.93
7.90
4.85
17.59
10.78
7.73
6.56
7.89
6.45
7.02
7.18
13.12
11.34
8.19
15.71
16.28
5.98
5.44
6.31
5.15
14.04
7.93
20.86
21.70
3.83
21.54
21.34
8.05
10.27
14.98
8.02
14.70
21.26
15.43
7.82
11.57
11.94
21.32
21.22
13.95
20.68
15.72
20.16
13.48
5.22
11.81
12.69
13.99
5.64
18.64
5.06
13.51
15.44
21.37
5.30
20.46
15.53
4.78
14.83
12.91
14.58
18.96
10.75
5.40
15.93
28.23
0.97
11.78
21.19
20.95
21.31
17.56
0.00
20.83
11.26
13.89
20.52
21.09
6.92
9.95
1.27
20.97
14.45
19.12
18.81
12.87
24.19
12.33
24.66
24.27
8.94
17.61
11.34
5.25
6.05
11.71
12.14
21.54
21.04
10.72
28.23
12.49
22.55
24.29
11.59
21.37
23.18
5.09
11.35
10.68
10.16
11.76
22.43
12.96
22.82
21.50
5.25
24.53
0.71
8.59
18.41
7.93
7.83
17.11
19.12
6.49
16.33
7.01
1.84
6.36
17.68
13.21
12.26
6.73
8.44
7.89
0.56
6.11
1.77
20.83
16.73
14.21
19.93
20.58
16.81
5.41
17.31
7.72
6.18
8.35
17.11
0.47
5.71
17.73
6.12
17.68
6.45
4.63
15.64
16.91
5.56
8.64
21.13
17.31
1.76
0.51
9.27
4.57
20.83
0.00
11.84
7.38
2.05
1.60
23.24
19.24
21.31
1.81
6.45
4.54
5.23
14.77
7.26
14.36
7.05
7.59
13.26
4.19
11.14
17.30
15.73
14.77
9.83
9.77
1.58
19.50
8.84
10.76
4.53
7.28
10.31
6.47
7.53
16.88
13.68
11.96
17.74
16.93
5.81
9.57
6.15
1.96
17.97
7.25
11.77
13.16
8.82
14.86
10.88
6.14
15.26
5.41
5.61
4.99
11.90
5.62
6.67
11.23
10.68
10.86
14.79
4.05
11.55
5.77
11.20
17.71
7.02
12.57
16.85
17.73
6.53
8.42
7.12
4.83
5.74
14.83
6.46
11.41
6.34
7.39
7.58
11.28
5.75
8.89
12.57
6.30
6.32
17.74
11.63
14.76
11.96
11.83
13.13
7.93
11.26
11.84
0.00
4.92
10.84
11.69
16.07
15.13
11.80
11.84
6.54
8.93
8.67
13.94
13.25
7.43
13.81
13.28
5.03
8.05
1.69
6.94
5.58
12.93
2.28
13.55
11.63
15.82
17.69
8.30
14.30
13.36
2.00
10.95
12.11
6.83
5.97
0.78
14.08
14.42
11.62
2.57
11.96
11.93
7.53
13.61
7.29
9.61
11.26
10.28
9.38
10.41
14.40
1.80
9.66
1.11
7.89
2.49
10.95
9.01
8.17
8.85
10.30
1.28
7.21
2.13
7.03
17.47
9.49
10.41
16.46
17.43
9.47
5.05
10.00
2.10
2.28
10.33
9.77
6.95
1.70
10.42
2.99
13.40
1.18
5.19
11.81
9.57
2.13
14.37
14.28
13.86
7.89
7.49
9.70
3.72
13.89
7.38
4.92
0.00
6.92
7.64
17.52
14.39
14.48
7.76
1.81
5.33
5.18
11.58
10.80
9.68
11.16
10.97
6.11
3.74
4.49
9.97
8.42
10.88
2.66
10.16
7.57
14.90
14.39
5.74
9.58
10.90
3.08
8.82
10.00
9.60
8.41
4.95
13.03
13.50
8.95
2.72
9.34
7.98
10.63
11.05
2.21
9.13
18.14
9.54
5.84
16.09
19.84
5.67
15.35
6.31
1.33
5.35
16.66
14.00
13.05
4.74
10.01
7.11
1.52
5.20
1.80
21.06
16.38
15.08
20.22
20.79
16.35
4.61
16.88
7.06
5.25
9.91
16.56
1.86
5.26
17.28
6.40
16.67
6.01
3.94
15.90
16.37
4.86
8.34
20.80
17.73
1.53
1.66
9.83
4.12
20.52
2.05
10.84
6.92
0.00
1.04
23.23
19.93
20.97
1.67
6.43
3.68
4.52
15.77
5.76
13.20
5.67
6.03
13.00
3.74
10.15
16.83
15.25
15.64
9.05
10.38
0.96
20.27
8.47
11.24
6.20
5.78
9.56
4.50
5.89
16.47
12.57
11.02
18.46
17.33
4.15
8.70
4.57
1.11
17.50
5.87
2.03
9.58
18.79
9.48
6.34
16.81
20.05
6.42
16.06
7.13
0.37
6.12
17.38
14.22
13.27
5.24
9.99
7.94
1.11
6.05
1.32
21.02
17.07
15.21
20.20
20.73
17.07
5.55
17.59
7.69
6.02
9.89
17.29
1.67
5.98
17.99
6.75
17.03
6.67
4.83
15.96
17.09
5.65
8.25
21.35
17.72
0.56
1.10
10.30
4.94
21.09
1.60
11.69
7.64
1.04
0.00
23.54
20.16
21.52
0.80
6.96
4.61
5.43
15.81
6.23
13.71
6.02
6.51
13.71
4.54
10.92
17.55
15.96
15.78
9.86
10.84
0.10
20.46
8.43
11.72
5.96
6.23
10.35
4.96
6.57
17.16
13.14
11.83
18.69
17.32
4.81
9.57
5.20
0.55
18.24
6.29
23.44
25.77
10.09
24.20
24.35
12.68
10.13
18.35
12.44
18.49
23.62
18.75
12.47
13.22
13.78
24.30
23.93
17.88
23.14
19.29
22.37
8.40
11.16
12.49
7.93
9.11
11.83
22.56
11.34
16.65
18.75
24.11
11.51
22.98
18.90
11.21
17.41
13.46
17.82
22.67
8.79
11.54
19.35
31.46
6.24
8.53
23.48
23.38
25.46
21.08
6.92
23.24
16.07
17.52
23.23
23.54
0.00
9.97
6.09
23.20
17.47
22.80
22.69
12.79
27.75
14.58
28.08
27.85
14.02
20.99
15.51
11.59
11.73
12.35
16.44
25.70
23.52
10.34
31.55
16.02
25.16
27.83
15.95
24.30
27.00
11.16
14.11
15.34
10.68
8.72
25.93
17.44
26.39
24.02
11.82
28.08
19.23
19.57
9.46
17.09
23.23
15.53
0.41
15.82
15.00
15.47
20.34
16.46
15.62
6.12
7.06
22.74
16.64
15.24
19.36
16.45
19.10
12.85
10.06
5.24
11.53
13.51
11.08
18.69
10.78
14.60
16.28
16.87
11.65
18.99
15.51
11.01
13.58
18.50
14.79
18.71
9.61
11.59
16.21
27.31
10.32
9.44
20.18
19.57
19.05
17.17
9.95
19.24
15.13
14.39
19.93
20.16
9.97
0.00
10.52
19.94
13.83
18.99
18.70
5.48
24.88
17.46
25.10
25.11
10.85
17.17
14.90
11.13
11.04
4.71
14.38
19.11
20.13
0.85
27.41
10.01
19.39
24.97
14.04
22.65
24.23
10.56
16.33
14.58
1.54
9.61
23.01
15.16
23.41
20.67
11.36
25.05
21.38
22.60
5.01
22.34
21.60
8.07
10.82
15.47
8.07
15.30
21.66
15.88
7.80
12.26
12.63
21.62
22.04
14.53
21.15
16.25
20.55
12.78
6.24
12.38
12.09
13.29
6.61
19.31
6.06
13.93
15.91
22.19
6.14
20.96
16.10
5.78
15.35
12.28
15.11
19.60
10.51
6.23
16.48
28.80
0.31
11.47
21.59
21.42
22.24
18.19
1.27
21.31
11.80
14.48
20.97
21.52
6.09
10.52
0.00
21.36
15.01
19.74
19.48
13.35
24.68
12.10
25.14
24.75
9.86
18.21
11.76
6.23
6.88
12.30
12.73
22.49
21.48
11.25
28.81
13.37
23.22
24.78
12.18
21.67
23.69
6.06
11.25
11.19
10.79
11.46
22.92
13.59
23.33
21.93
6.29
25.03
2.42
10.19
18.78
9.71
6.53
16.77
19.82
6.51
16.00
7.33
0.59
6.22
17.34
14.05
13.11
5.47
10.22
8.12
1.39
6.27
0.86
20.44
17.08
14.96
19.64
20.13
17.12
6.15
17.62
7.64
6.12
10.13
17.32
1.96
6.14
18.02
6.64
16.68
6.72
5.44
15.47
17.12
5.85
8.83
21.20
17.20
0.33
1.37
10.88
5.36
20.97
1.81
11.84
7.76
1.67
0.80
23.20
19.94
21.36
0.00
6.95
5.24
6.04
15.50
6.88
13.48
6.65
7.14
13.81
4.92
10.96
17.60
15.98
15.54
9.99
11.41
0.87
20.22
9.04
11.79
6.27
6.87
10.46
5.20
7.25
17.18
12.96
11.92
18.48
16.79
5.49
9.79
5.89
1.23
18.30
6.96
6.42
9.51
11.97
9.19
9.80
11.60
13.80
2.53
10.79
2.54
7.19
3.17
12.13
8.15
7.24
9.14
9.24
3.03
6.36
2.96
6.15
16.77
10.31
9.42
15.73
16.73
10.45
5.49
10.92
2.63
2.87
9.28
10.80
6.07
1.80
11.36
1.19
13.85
1.32
5.38
11.08
10.59
2.50
14.17
14.80
13.01
7.13
6.63
9.63
3.73
14.45
6.45
6.54
1.81
6.43
6.96
17.47
13.83
15.01
6.95
0.00
5.55
5.54
10.44
11.10
10.40
11.34
11.31
6.99
3.60
5.87
10.94
9.37
9.94
4.30
10.07
6.90
14.27
14.24
5.41
8.55
11.19
4.61
9.05
10.51
10.48
9.23
6.44
12.41
12.65
9.22
4.51
9.63
7.38
11.63
11.30
4.11
6.60
16.27
8.79
7.15
14.83
18.96
4.70
14.18
4.46
4.96
4.59
15.40
13.12
12.18
6.26
9.08
5.27
4.35
3.70
5.02
21.98
14.46
14.53
21.02
21.84
14.32
0.95
14.90
6.42
4.44
8.98
14.65
4.12
3.93
15.31
6.09
17.18
5.01
0.42
16.43
14.46
3.51
9.17
19.53
18.38
5.13
4.54
7.18
1.85
19.12
4.54
8.93
5.33
3.68
4.61
22.80
18.99
19.74
5.24
5.55
0.00
0.86
15.50
6.08
13.29
6.38
6.35
10.82
2.02
8.79
14.82
13.39
15.02
7.19
7.76
4.51
19.42
9.16
9.41
6.51
6.20
7.74
6.16
5.46
14.56
12.34
9.30
17.53
18.01
4.36
6.52
4.63
4.62
15.39
6.20
4.75
6.07
15.85
8.63
7.82
14.68
18.69
4.81
14.05
4.31
5.78
4.80
15.24
12.87
11.95
6.98
8.87
5.10
5.09
3.77
5.79
22.17
14.05
14.35
21.18
22.06
13.90
0.31
14.48
6.50
4.63
8.77
14.27
4.80
3.95
14.89
6.17
17.43
5.05
0.60
16.55
14.08
3.61
9.63
19.26
18.51
5.94
5.28
6.59
1.89
18.81
5.23
8.67
5.18
4.52
5.43
22.69
18.70
19.48
6.04
5.54
0.86
0.00
15.37
6.62
13.49
6.96
6.88
10.35
2.24
8.68
14.40
13.02
14.82
6.94
7.16
5.33
19.15
9.59
8.97
6.71
6.75
7.48
6.90
5.89
14.16
12.47
9.07
17.24
18.14
4.98
6.21
5.20
5.45
14.94
6.73
14.83
16.34
11.71
12.89
19.75
15.85
5.18
12.75
15.10
12.65
15.94
13.35
16.12
3.26
3.83
19.10
12.57
12.70
14.96
13.37
14.70
12.28
11.43
1.55
10.90
12.67
12.36
15.41
12.31
11.73
13.13
12.79
12.91
14.61
12.21
12.68
9.81
17.53
11.61
15.24
7.87
12.78
12.94
23.04
13.16
8.00
15.75
15.12
16.00
13.69
12.87
14.77
13.94
11.58
15.77
15.81
12.79
5.48
13.35
15.50
10.44
15.50
15.37
0.00
21.15
16.06
21.24
21.41
10.53
13.58
13.35
12.60
11.79
1.58
12.51
16.12
15.78
5.35
23.20
7.78
14.86
21.22
12.34
18.97
20.75
11.92
15.00
13.43
4.24
8.01
19.32
13.23
19.72
16.34
13.11
21.27
7.09
10.41
21.59
13.16
5.31
18.53
24.84
9.53
17.99
9.80
6.31
9.04
19.09
19.01
18.07
4.66
13.64
10.39
6.93
8.73
7.41
26.15
19.74
20.30
25.39
25.85
19.44
6.63
20.04
11.15
9.08
13.47
19.58
7.17
9.43
20.39
11.48
19.61
10.30
6.44
21.06
19.41
8.79
5.40
24.51
23.04
6.61
6.90
11.27
7.79
24.19
7.26
13.25
10.80
5.76
6.23
27.75
24.88
24.68
6.88
11.10
6.08
6.62
21.15
0.00
15.91
0.81
0.41
16.36
7.74
13.01
19.91
18.48
20.83
12.11
11.81
6.20
25.30
5.28
15.48
9.62
0.17
12.65
4.62
1.45
19.72
15.43
13.69
23.43
22.63
1.88
11.39
1.48
5.73
20.47
0.52
14.66
19.04
12.17
19.54
11.34
5.95
17.54
9.06
5.41
9.86
13.71
8.88
6.30
14.55
14.12
11.76
19.62
9.18
13.95
9.91
12.93
14.20
10.99
15.13
13.86
13.94
10.72
13.27
11.00
7.86
9.13
19.67
10.05
14.08
10.52
11.05
10.81
4.15
9.61
13.42
10.78
9.94
10.37
20.70
12.10
12.89
13.70
14.19
19.22
12.38
12.33
14.36
7.43
9.68
13.20
13.71
14.58
17.46
12.10
13.48
10.40
13.29
13.49
16.06
15.91
0.00
16.32
15.85
10.89
12.20
6.15
10.89
9.63
15.54
8.30
19.71
13.69
18.05
20.73
13.59
18.14
15.95
8.08
11.87
15.15
10.62
1.56
6.96
16.69
12.50
14.46
8.94
14.90
13.97
11.56
16.37
6.91
10.54
22.08
13.04
5.58
19.09
25.05
9.87
18.53
10.19
6.07
9.39
19.65
19.18
18.24
4.87
13.55
10.82
6.74
9.10
7.25
26.26
20.23
20.44
25.50
25.94
19.96
7.00
20.56
11.48
9.42
13.37
20.12
7.01
9.72
20.92
11.65
19.95
10.60
6.73
21.20
19.94
9.10
4.78
24.97
23.15
6.36
6.69
11.43
8.05
24.66
7.05
13.81
11.16
5.67
6.02
28.08
25.10
25.14
6.65
11.34
6.38
6.96
21.24
0.81
16.32
0.00
1.05
16.83
7.97
13.51
20.44
18.99
20.97
12.59
11.96
5.99
25.50
4.70
15.75
9.36
0.69
13.13
4.79
2.24
20.23
15.87
14.23
23.64
22.73
2.24
11.91
1.91
5.50
21.02
0.62
7.43
10.75
21.69
13.56
5.15
18.50
25.07
9.67
17.97
9.96
6.58
9.17
19.06
19.26
18.32
4.58
14.03
10.52
7.23
8.89
7.67
26.26
19.84
20.56
25.52
25.96
19.52
6.87
20.12
11.27
9.22
13.86
19.65
7.49
9.63
20.47
11.72
19.53
10.48
6.72
21.20
19.47
8.97
5.65
24.58
23.20
6.88
7.22
11.61
8.04
24.27
7.59
13.28
10.97
6.03
6.51
27.85
25.11
24.75
7.14
11.31
6.35
6.88
21.41
0.41
15.85
1.05
0.00
16.50
7.99
13.05
19.99
18.57
21.08
12.21
12.14
6.48
25.53
5.52
15.73
10.02
0.41
12.74
4.57
1.42
19.81
15.40
13.73
23.66
22.78
2.10
11.49
1.74
6.02
20.55
0.84
13.10
12.84
5.58
13.57
14.87
8.20
11.03
7.68
7.69
6.82
13.96
8.27
8.55
7.51
7.20
14.56
13.28
6.22
13.17
8.03
13.05
16.79
3.89
9.00
15.68
17.04
3.98
10.20
4.46
6.88
8.18
13.38
4.70
12.84
7.74
4.93
7.75
13.97
7.14
10.59
11.43
4.53
8.19
19.96
9.60
13.25
13.95
13.44
12.47
9.34
8.94
13.26
5.03
6.11
13.00
13.71
14.02
10.85
9.86
13.81
6.99
10.82
10.35
10.53
16.36
10.89
16.83
16.50
0.00
9.53
5.68
4.48
3.40
9.20
4.75
12.73
13.64
11.58
19.93
4.95
14.44
16.49
4.38
14.58
15.33
4.17
9.34
4.81
9.83
13.03
14.61
5.25
14.94
14.05
5.00
16.62
3.91
7.30
14.89
8.32
7.73
13.79
17.13
3.24
13.07
3.13
4.87
3.33
14.35
11.28
10.35
6.87
8.55
4.06
4.03
2.46
4.40
20.05
13.13
12.64
19.07
19.93
13.09
2.27
13.64
4.81
3.07
8.50
13.43
3.72
2.14
14.06
4.07
15.96
3.24
1.90
14.47
13.23
1.94
10.71
18.01
16.39
4.94
4.29
7.72
0.51
17.61
4.19
8.05
3.74
3.74
4.54
20.99
17.17
18.21
4.92
3.60
2.02
2.24
13.58
7.74
12.20
7.97
7.99
9.53
0.00
7.69
13.59
12.10
13.15
6.03
8.27
4.45
17.58
10.75
7.87
6.48
7.83
6.55
6.75
7.20
13.26
11.19
8.27
15.71
16.02
5.90
5.60
6.27
4.78
14.21
7.88
11.16
13.55
9.29
14.73
10.16
6.10
15.01
4.66
5.40
4.68
11.09
4.82
6.66
10.88
10.30
10.14
14.71
3.77
10.82
5.29
10.30
16.46
7.54
12.08
15.63
16.42
7.21
8.44
7.73
3.72
4.97
14.75
7.05
10.73
5.83
8.00
6.78
10.03
5.04
8.78
11.35
6.87
5.81
17.50
11.60
13.59
11.12
11.10
13.59
7.68
11.34
11.14
1.69
4.49
10.15
10.92
15.51
14.90
11.76
10.96
5.87
8.79
8.68
13.35
13.01
6.15
13.51
13.05
5.68
7.69
0.00
7.60
6.07
12.48
2.27
14.04
10.87
15.56
17.48
8.40
13.95
13.11
2.02
10.22
12.00
7.36
4.70
1.29
13.84
13.22
11.32
2.94
11.72
11.19
8.28
13.39
17.21
17.18
2.17
17.99
17.71
6.19
11.41
11.22
6.06
10.61
17.77
11.68
6.25
10.15
10.18
17.63
17.68
9.82
17.14
11.72
16.83
16.28
1.17
11.16
15.32
16.63
0.51
14.21
0.35
10.10
11.68
17.80
0.92
16.88
11.67
0.51
11.64
13.11
10.90
14.64
11.91
0.98
12.01
23.96
5.97
13.56
17.76
17.42
16.79
13.44
5.25
17.30
6.94
9.97
16.83
17.55
11.59
11.13
6.23
17.60
10.94
14.82
14.40
12.60
19.91
10.89
20.44
19.99
4.48
13.59
7.60
0.00
1.68
11.21
7.93
17.03
17.49
11.96
23.92
9.07
18.84
20.03
7.41
17.69
18.79
0.74
9.50
6.58
10.65
13.41
18.21
8.53
18.55
17.89
0.81
20.23
15.66
16.12
3.26
16.81
16.19
5.63
11.28
9.62
5.28
9.09
16.17
10.08
5.83
9.28
9.19
16.08
16.54
8.30
15.57
10.18
15.21
15.55
1.53
10.35
14.58
15.84
1.29
12.83
1.71
8.45
10.09
16.65
1.47
15.32
10.12
2.05
10.07
12.11
9.31
13.23
10.86
1.28
10.46
22.54
6.63
12.67
16.15
15.84
15.79
11.97
6.05
15.73
5.58
8.42
15.25
15.96
11.73
11.04
6.88
15.98
9.37
13.39
13.02
11.79
18.48
9.63
18.99
18.57
3.40
12.10
6.07
1.68
0.00
10.48
6.41
16.07
15.90
11.84
22.51
8.02
17.45
18.60
5.88
16.14
17.41
1.29
8.18
5.13
10.38
12.47
16.76
7.11
17.11
16.31
2.46
18.81
14.78
15.78
10.31
12.82
19.46
14.84
4.50
12.20
14.12
11.96
15.94
12.84
15.10
2.08
2.91
18.85
12.45
11.94
14.93
12.79
14.71
12.79
10.04
0.59
11.40
13.20
10.97
14.85
10.92
11.17
12.62
12.67
11.58
14.56
11.68
11.30
9.47
17.19
11.06
14.75
8.11
11.45
12.42
22.93
12.09
8.51
15.77
15.12
15.39
13.20
11.71
14.77
12.93
10.88
15.64
15.78
12.35
4.71
12.30
15.54
9.94
15.02
14.82
1.58
20.83
15.54
20.97
21.08
9.20
13.15
12.48
11.21
10.48
0.00
11.59
15.51
15.75
4.80
23.06
6.72
14.87
20.91
11.39
18.73
20.33
10.55
14.39
12.43
3.26
8.50
18.98
12.31
19.37
16.29
11.69
20.96
9.74
11.38
9.52
12.66
10.14
8.00
14.46
3.49
7.33
2.91
10.09
3.89
8.54
9.78
9.10
9.89
12.62
1.99
9.59
3.87
9.31
17.37
7.68
11.19
16.42
17.38
7.46
6.72
8.03
3.02
3.91
12.65
7.62
9.39
4.19
8.39
5.38
12.14
3.58
7.09
11.90
7.43
4.30
16.23
12.53
14.05
10.12
9.87
11.37
5.93
12.14
9.83
2.28
2.66
9.05
9.86
16.44
14.38
12.73
9.99
4.30
7.19
6.94
12.51
12.11
8.30
12.59
12.21
4.75
6.03
2.27
7.93
6.41
11.59
0.00
11.81
9.79
15.01
16.20
6.61
12.13
12.22
0.56
9.93
11.10
7.66
6.87
2.36
13.18
13.70
10.35
1.04
10.73
10.14
8.57
12.43
9.09
1.44
18.02
5.85
14.74
19.52
19.08
10.87
18.95
9.86
11.19
11.19
20.02
13.63
12.88
13.82
5.73
10.54
10.04
10.03
11.21
26.01
16.52
15.20
24.81
26.08
16.54
7.36
17.04
12.12
10.93
5.60
17.28
9.52
9.48
17.50
10.41
23.55
10.43
7.41
20.24
17.12
9.67
11.94
22.21
21.81
11.28
10.11
0.58
7.90
21.54
9.77
13.55
10.16
10.38
10.84
25.70
19.11
22.49
11.41
10.07
7.76
7.16
16.12
11.81
19.71
11.96
12.14
12.73
8.27
14.04
17.03
16.07
15.51
11.81
0.00
10.75
19.44
11.88
9.73
7.02
11.94
12.22
13.70
11.36
16.84
18.45
13.94
17.66
21.54
10.85
11.16
10.82
10.87
17.37
11.63
1.98
9.50
18.73
9.44
6.33
16.77
20.02
6.36
16.01
7.06
0.47
6.06
17.33
14.18
13.23
5.23
9.95
7.87
1.07
5.98
1.34
21.03
17.00
15.18
20.21
20.74
17.01
5.45
17.52
7.64
5.96
9.84
17.23
1.62
5.91
17.93
6.71
17.03
6.61
4.74
15.96
17.03
5.58
8.24
21.30
17.72
0.65
1.08
10.22
4.85
21.04
1.58
11.63
7.57
0.96
0.10
23.52
20.13
21.48
0.87
6.90
4.51
5.33
15.78
6.20
13.69
5.99
6.48
13.64
4.45
10.87
17.49
15.90
15.75
9.79
10.75
0.00
20.43
8.42
11.65
5.93
6.20
10.28
4.96
6.52
17.10
13.12
11.77
18.65
17.32
4.75
9.50
5.15
0.56
18.17
6.26
19.51
19.90
10.30
17.20
23.69
16.29
0.57
16.31
15.74
15.99
20.63
16.95
16.39
6.41
7.36
23.17
16.75
15.80
19.64
16.95
19.39
12.86
10.88
5.35
11.54
13.53
11.91
19.14
11.61
15.11
16.77
16.98
12.47
19.27
15.96
11.85
13.95
19.03
15.26
19.13
9.81
12.41
16.68
27.61
11.06
9.48
20.46
19.84
19.39
17.59
10.72
19.50
15.82
14.90
20.27
20.46
10.34
0.85
11.25
20.22
14.27
19.42
19.15
5.35
25.30
18.05
25.50
25.53
11.58
17.58
15.56
11.96
11.84
4.80
15.01
19.44
20.43
0.00
27.72
10.48
19.56
25.39
14.68
23.08
24.69
11.39
16.95
15.28
1.92
9.67
23.44
15.78
23.83
20.97
12.20
25.46
8.56
10.51
25.42
12.73
10.14
23.31
27.33
13.40
22.71
13.53
8.49
13.07
23.88
21.32
20.37
9.34
13.32
14.31
8.81
12.56
9.74
29.45
23.61
22.55
28.62
29.16
23.43
9.74
24.01
15.06
13.00
13.09
23.72
8.95
12.82
24.41
14.36
24.32
13.83
9.37
24.32
23.54
12.37
0.43
28.62
26.09
8.71
8.64
11.48
10.78
28.23
8.84
17.69
14.39
8.47
8.43
31.55
27.41
28.81
9.04
14.24
9.16
9.59
23.20
5.28
20.73
4.70
5.52
19.93
10.75
17.48
23.92
22.51
23.06
16.20
11.88
8.42
27.72
0.00
17.95
9.09
5.23
16.76
9.20
6.40
23.69
20.19
18.11
25.89
25.70
6.41
15.49
6.04
7.93
24.47
4.76
10.53
9.95
9.43
9.14
14.96
12.57
10.03
7.45
11.88
6.59
11.99
8.16
12.97
4.64
3.98
14.31
8.78
6.66
10.87
7.63
11.02
17.15
8.16
6.43
15.88
17.38
8.62
8.97
8.94
7.11
7.90
8.93
9.40
10.41
6.61
9.44
5.62
16.66
6.37
9.07
11.45
9.23
7.32
17.91
13.10
12.96
11.93
11.10
9.54
7.73
12.49
10.76
8.30
5.74
11.24
11.72
16.02
10.01
13.37
11.79
5.41
9.41
8.97
7.78
15.48
13.59
15.75
15.73
4.95
7.87
8.40
9.07
8.02
6.72
6.61
9.73
11.65
10.48
17.95
0.00
10.79
15.59
6.59
14.23
14.76
8.62
12.16
8.15
8.58
12.74
13.69
6.90
14.01
12.12
9.56
15.60
4.06
6.06
19.73
4.14
11.88
19.97
19.24
9.45
19.21
9.35
6.19
9.58
20.52
13.32
12.43
10.75
4.80
10.29
5.05
8.89
6.26
23.20
18.16
14.40
22.15
23.08
18.34
7.01
18.81
10.67
9.31
4.63
18.87
4.61
8.12
19.29
8.18
21.53
9.02
6.35
17.85
18.67
8.25
8.90
22.99
19.27
6.16
4.96
6.69
6.56
22.55
4.53
14.30
9.58
6.20
5.96
25.16
19.39
23.22
6.27
8.55
6.51
6.71
14.86
9.62
18.14
9.36
10.02
14.44
6.48
13.95
18.84
17.45
14.87
12.13
7.02
5.93
19.56
9.09
10.79
0.00
9.66
12.59
10.52
9.91
18.44
17.23
14.47
17.85
18.95
8.55
11.78
8.68
6.08
19.42
9.40
7.12
10.53
21.70
13.24
5.28
18.62
24.93
9.62
18.08
9.91
6.30
9.12
19.18
19.10
18.16
4.64
13.72
10.50
6.94
8.83
7.42
26.17
19.86
20.38
25.42
25.87
19.56
6.76
20.16
11.23
9.16
13.55
19.70
7.20
9.53
20.51
11.56
19.63
10.39
6.56
21.10
19.52
8.88
5.34
24.61
23.08
6.59
6.92
11.40
7.89
24.29
7.28
13.36
10.90
5.78
6.23
27.83
24.97
24.78
6.87
11.19
6.20
6.75
21.22
0.17
15.95
0.69
0.41
16.49
7.83
13.11
20.03
18.60
20.91
12.22
11.94
6.20
25.39
5.23
15.59
9.66
0.00
12.76
4.59
1.60
19.84
15.49
13.80
23.52
22.66
1.97
11.51
1.59
5.73
20.60
0.53
10.24
11.83
9.00
13.02
10.58
7.54
14.14
3.95
6.86
3.42
10.57
4.35
8.07
9.62
8.98
10.36
12.96
2.52
10.07
4.39
9.76
17.04
7.17
11.00
16.09
17.06
6.94
7.27
7.50
3.28
4.37
13.00
7.08
9.88
4.66
7.86
5.65
11.86
3.98
7.64
11.60
6.89
4.80
16.78
11.98
13.76
10.59
10.35
11.79
6.45
11.59
10.31
2.00
3.08
9.56
10.35
15.95
14.04
12.18
10.46
4.61
7.74
7.48
12.34
12.65
8.08
13.13
12.74
4.38
6.55
2.02
7.41
5.88
11.39
0.56
12.22
10.28
14.68
16.76
6.59
12.59
12.76
0.00
10.40
11.63
7.14
6.61
1.95
12.87
13.42
10.90
1.50
11.27
10.64
8.06
12.97
6.69
12.40
19.30
13.91
1.41
15.44
22.61
7.11
14.83
7.98
4.90
6.45
16.00
17.09
16.19
0.30
14.35
8.39
5.93
6.77
5.49
22.20
17.51
18.17
21.57
21.84
17.26
6.81
17.81
8.31
6.60
14.24
17.23
6.35
7.62
18.13
9.34
15.30
8.07
6.57
17.47
17.05
6.93
9.16
21.54
19.49
5.11
6.00
13.13
7.02
21.37
6.47
10.95
8.82
4.50
4.96
24.30
22.65
21.67
5.20
9.05
6.16
6.90
18.97
4.62
11.87
4.79
4.57
14.58
6.75
10.22
17.69
16.14
18.73
9.93
13.70
4.96
23.08
9.20
14.23
10.52
4.59
10.40
0.00
4.61
17.43
11.62
11.21
21.29
19.05
3.67
9.53
4.07
4.71
18.35
5.04
7.31
10.02
20.52
13.16
5.12
17.44
24.22
8.80
16.93
8.95
6.70
8.32
18.00
18.46
17.53
4.58
13.58
9.47
7.17
7.95
7.63
25.80
18.67
19.82
25.02
25.53
18.32
5.84
18.93
10.43
8.37
13.42
18.46
7.35
8.77
19.28
11.03
18.97
9.62
5.82
20.63
18.29
8.10
6.56
23.52
22.67
7.00
7.21
10.81
7.18
23.18
7.53
12.11
10.00
5.89
6.57
27.00
24.23
23.69
7.25
10.51
5.46
5.89
20.75
1.45
15.15
2.24
1.42
15.33
7.20
12.00
18.79
17.41
20.33
11.10
11.36
6.52
24.69
6.40
14.76
9.91
1.60
11.63
4.61
0.00
18.64
14.60
12.61
22.80
22.26
1.76
10.33
1.41
6.14
19.33
1.81
16.81
16.98
2.01
17.58
17.48
6.23
10.84
10.86
6.00
10.30
17.38
11.34
6.32
9.51
9.55
17.37
17.28
9.52
16.74
11.41
16.40
15.65
0.62
10.49
14.67
16.00
0.69
13.99
0.54
9.68
11.33
17.40
1.15
16.47
11.30
0.93
11.13
12.81
10.50
14.39
11.20
1.10
11.67
23.72
5.79
12.86
17.36
17.01
16.60
13.12
5.09
16.88
6.83
9.60
16.47
17.16
11.16
10.56
6.06
17.18
10.48
14.56
14.16
11.92
19.72
10.62
20.23
19.81
4.17
13.26
7.36
0.74
1.29
10.55
7.66
16.84
17.10
11.39
23.69
8.62
18.44
19.84
7.14
17.43
18.64
0.00
9.22
6.41
10.06
12.70
18.00
8.33
18.35
17.52
1.46
20.04
13.91
17.84
10.85
18.42
11.20
5.02
16.42
7.98
4.36
8.65
13.19
7.89
5.46
13.30
12.87
11.51
18.46
7.92
13.29
8.84
12.36
14.23
9.57
13.99
13.76
14.06
9.30
12.24
9.61
6.71
8.12
18.51
8.68
13.36
9.41
9.70
9.72
5.38
8.46
12.43
10.32
8.56
9.30
20.18
11.21
12.51
13.17
13.54
17.97
11.34
11.35
13.68
5.97
8.41
12.57
13.14
14.11
16.33
11.25
12.96
9.23
12.34
12.47
15.00
15.43
1.56
15.87
15.40
9.34
11.19
4.70
9.50
8.18
14.39
6.87
18.45
13.12
16.95
20.19
12.16
17.23
15.49
6.61
11.62
14.60
9.22
0.00
5.46
15.52
12.13
13.89
7.56
14.34
13.42
10.19
15.88
11.92
13.56
8.39
14.97
11.15
5.70
14.72
5.47
5.10
5.17
12.02
5.71
6.24
10.80
10.27
11.12
14.90
4.22
11.67
5.96
11.26
16.94
6.60
12.08
16.08
16.96
6.17
8.83
6.74
4.64
5.82
14.95
6.06
11.53
6.44
7.00
7.42
10.72
5.72
9.25
11.82
5.89
6.47
18.15
11.02
14.02
12.06
11.95
13.52
8.19
10.68
11.96
0.78
4.95
11.02
11.83
15.34
14.58
11.19
11.92
6.44
9.30
9.07
13.43
13.69
6.96
14.23
13.73
4.81
8.27
1.29
6.58
5.13
12.43
2.36
13.94
11.77
15.28
18.11
8.15
14.47
13.80
1.95
11.21
12.61
6.41
5.46
0.00
13.56
13.68
12.03
2.93
12.40
12.09
7.21
14.06
17.73
18.09
9.21
15.58
21.90
15.00
1.46
14.47
14.41
14.11
18.87
15.12
15.15
4.59
5.54
21.37
15.14
13.93
17.87
15.08
17.64
12.95
9.53
3.79
11.59
13.54
10.54
17.24
10.32
13.31
14.93
15.37
11.16
17.50
14.09
10.61
12.13
18.00
13.40
17.24
9.11
11.08
14.81
25.79
10.57
9.19
18.72
18.08
17.59
15.71
10.16
17.74
14.08
13.03
18.46
18.69
10.68
1.54
10.79
18.48
12.41
17.53
17.24
4.24
23.43
16.69
23.64
23.66
9.83
15.71
13.84
10.65
10.38
3.26
13.18
17.66
18.65
1.92
25.89
8.58
17.85
23.52
12.87
21.29
22.80
10.06
15.52
13.56
0.00
9.30
21.57
13.93
21.96
19.19
10.96
23.59
17.28
21.34
12.66
18.53
19.42
13.78
9.45
13.93
13.06
14.49
17.32
14.28
13.94
9.43
9.65
19.14
18.43
14.26
16.90
14.93
16.02
4.58
12.54
8.30
3.30
4.81
13.31
18.09
13.16
12.36
14.22
18.61
13.24
16.80
14.25
13.35
12.06
12.13
13.26
17.91
1.89
13.13
14.74
25.51
11.44
0.45
17.11
17.08
21.25
16.28
11.76
16.93
14.42
13.50
17.33
17.32
8.72
9.61
11.46
16.79
12.65
18.01
18.14
8.01
22.63
12.50
22.73
22.78
13.03
16.02
13.22
13.41
12.47
8.50
13.70
21.54
17.32
9.67
25.70
12.74
18.95
22.66
13.42
19.05
22.26
12.70
12.13
13.68
9.30
0.00
20.82
14.70
21.32
17.84
14.05
22.88
5.64
9.48
19.84
11.95
4.61
17.00
22.98
7.67
16.42
7.97
4.95
7.20
17.56
17.16
16.22
3.74
12.40
8.58
5.44
6.88
5.88
24.41
18.00
18.45
23.63
24.14
17.74
4.97
18.33
9.30
7.22
12.24
17.89
5.65
7.56
18.69
9.62
18.20
8.42
4.75
19.25
17.72
6.91
6.46
22.75
21.24
5.24
5.47
10.29
5.98
22.43
5.81
11.62
8.95
4.15
4.81
25.93
23.01
22.92
5.49
9.22
4.36
4.98
19.32
1.88
14.46
2.24
2.10
14.61
5.90
11.32
18.21
16.76
18.98
10.35
10.85
4.75
23.44
6.41
13.69
8.55
1.97
10.90
3.67
1.76
18.00
13.89
12.03
21.57
20.82
0.00
9.68
0.51
4.38
18.79
2.15
9.43
10.70
10.20
12.41
9.74
8.63
15.25
3.44
8.02
2.60
9.82
3.78
9.17
10.43
9.72
9.48
12.38
1.74
9.32
3.53
9.16
18.39
8.35
11.91
17.44
18.39
8.06
5.98
8.65
3.49
3.79
12.40
8.25
9.12
4.02
9.02
5.67
12.89
3.68
6.43
12.90
8.07
4.02
15.54
13.39
15.05
9.88
9.60
10.71
5.44
12.96
9.57
2.57
2.72
8.70
9.57
17.44
15.16
13.59
9.79
4.51
6.52
6.21
13.23
11.39
8.94
11.91
11.49
5.25
5.60
2.94
8.53
7.11
12.31
1.04
11.16
9.50
15.78
15.49
6.90
11.78
11.51
1.50
9.53
10.33
8.33
7.56
2.93
13.93
14.70
9.68
0.00
10.02
9.81
9.12
11.71
5.95
9.44
20.19
12.08
4.95
17.38
23.37
8.11
16.81
8.35
5.34
7.65
17.94
17.54
16.60
4.14
12.53
8.96
5.80
7.29
6.31
24.92
18.35
18.85
24.13
24.65
18.08
5.20
18.67
9.75
7.67
12.37
18.24
6.00
7.96
19.04
10.04
18.67
8.85
5.00
19.74
18.07
7.33
6.12
23.15
21.73
5.63
5.82
10.26
6.31
22.82
6.15
11.96
9.34
4.57
5.20
26.39
23.41
23.33
5.89
9.63
4.63
5.20
19.72
1.48
14.90
1.91
1.74
14.94
6.27
11.72
18.55
17.11
19.37
10.73
10.82
5.15
23.83
6.04
14.01
8.68
1.59
11.27
4.07
1.41
18.35
14.34
12.40
21.96
21.32
0.51
10.02
0.00
4.75
19.12
1.72
2.27
9.58
19.17
9.71
6.11
17.08
20.56
6.73
16.34
7.41
0.64
6.40
17.65
14.71
13.77
4.99
10.24
8.21
1.52
6.30
1.86
21.52
17.43
15.73
20.71
21.23
17.41
5.57
17.93
8.05
6.31
10.12
17.62
2.03
6.31
18.34
7.23
17.32
7.04
4.87
16.47
17.43
5.94
7.75
21.76
18.25
0.92
1.46
10.34
5.15
21.50
1.96
11.93
7.98
1.11
0.55
24.02
20.67
21.93
1.23
7.38
4.62
5.45
16.34
5.73
13.97
5.50
6.02
14.05
4.78
11.19
17.89
16.31
16.29
10.14
10.87
0.56
20.97
7.93
12.12
6.08
5.73
10.64
4.71
6.14
17.52
13.42
12.09
19.19
17.84
4.38
9.81
4.75
0.00
18.57
5.78
17.86
17.56
2.13
18.48
18.36
6.63
11.67
11.90
6.59
11.25
18.46
12.37
6.64
10.66
10.72
18.28
18.15
10.46
17.82
12.37
17.54
16.85
1.74
11.67
15.90
17.23
1.20
14.76
0.93
10.83
12.37
18.27
1.52
17.55
12.33
0.75
12.34
13.73
11.59
15.21
12.59
1.63
12.66
24.52
6.03
14.19
18.46
18.10
17.14
14.04
5.25
17.97
7.53
10.63
17.50
18.24
11.82
11.36
6.29
18.30
11.63
15.39
14.94
13.11
20.47
11.56
21.02
20.55
5.00
14.21
8.28
0.81
2.46
11.69
8.57
17.37
18.17
12.20
24.47
9.56
19.42
20.60
8.06
18.35
19.33
1.46
10.19
7.21
10.96
14.05
18.79
9.12
19.12
18.57
0.00
20.79
7.06
10.22
21.89
12.98
5.78
18.96
25.01
9.82
18.41
10.06
6.38
9.35
19.52
19.14
18.20
5.10
13.47
10.68
6.95
9.00
7.51
26.45
20.04
20.44
25.68
26.15
19.75
6.75
20.36
11.46
9.38
13.29
19.92
7.18
9.65
20.71
11.66
20.06
10.55
6.54
21.33
19.74
9.03
4.89
24.86
23.30
6.67
6.91
11.10
7.93
24.53
7.25
13.61
11.05
5.87
6.29
28.08
25.05
25.03
6.96
11.30
6.20
6.73
21.27
0.52
16.37
0.62
0.84
16.62
7.88
13.39
20.23
18.81
20.96
12.43
11.63
6.26
25.46
4.76
15.60
9.40
0.53
12.97
5.04
1.81
20.04
15.88
14.06
23.59
22.88
2.15
11.71
1.72
5.78
20.79
0.00
