0.00
1.03
1.36
20.06
19.71
0.99
2.13
1.14
2.34
2.64
1.59
1.91
20.19
1.67
1.66
20.19
16.19
10.35
3.41
3.11
20.48
2.00
2.05
2.84
9.81
1.24
2.51
3.59
0.98
2.83
3.43
1.76
11.67
16.28
10.68
1.06
2.25
10.28
18.07
10.21
18.14
10.96
10.44
9.83
10.01
9.49
9.66
11.58
23.16
4.42
18.41
15.61
3.66
17.41
9.69
18.80
6.53
17.33
24.11
24.14
18.22
24.56
24.28
3.29
9.78
7.71
23.94
24.05
3.79
19.07
6.78
4.74
24.53
24.51
18.05
8.22
24.01
18.14
11.84
3.26
18.72
18.70
7.48
23.27
22.51
23.81
24.18
7.52
7.35
3.53
6.54
18.34
7.00
7.54
18.38
10.22
1.03
0.00
1.68
19.61
19.23
1.12
2.16
1.66
2.22
2.84
1.87
2.49
19.72
1.91
2.15
19.70
17.00
11.14
2.99
3.14
20.06
1.82
1.93
2.47
10.55
0.61
2.62
3.36
0.11
2.67
3.16
1.19
12.42
17.08
11.41
1.51
1.46
11.02
18.83
11.00
18.91
11.70
11.24
10.69
10.81
10.28
10.49
11.56
23.52
4.88
19.16
16.42
4.39
18.18
10.44
19.54
6.97
18.11
24.48
24.50
18.98
24.94
24.65
3.84
10.63
7.44
24.30
24.41
3.67
19.81
7.22
5.24
24.93
24.88
18.81
8.72
24.37
18.88
12.55
2.99
19.45
19.43
7.89
23.63
22.85
24.21
24.58
8.14
6.97
3.97
7.02
19.07
7.44
7.96
19.12
9.96
1.36
1.68
0.00
19.97
19.77
2.24
3.43
0.34
1.41
4.00
0.23
0.90
20.15
0.37
0.57
20.15
17.04
10.05
4.00
4.45
20.26
1.06
1.03
3.92
9.51
1.29
3.85
4.85
1.60
4.10
4.65
1.32
11.19
17.13
10.23
0.31
2.25
9.87
18.92
9.95
18.97
10.49
10.19
9.68
9.79
9.26
9.53
12.94
22.90
3.51
19.29
16.48
4.71
18.26
9.36
19.64
5.77
18.18
23.91
23.62
19.11
24.09
23.77
4.51
9.68
6.43
23.67
23.56
5.10
19.92
5.94
3.88
24.28
24.04
18.93
7.28
23.78
18.98
11.29
4.36
19.62
19.53
6.53
23.01
22.26
23.49
23.93
7.51
6.18
2.73
5.65
19.15
6.07
6.60
19.17
8.92
20.06
19.61
19.97
0.00
2.33
20.37
20.70
20.07
20.60
20.57
19.98
20.07
0.95
20.15
19.92
1.29
27.75
29.24
21.94
20.72
2.04
20.18
20.21
20.92
28.96
19.45
20.78
20.68
19.70
20.66
20.82
19.29
30.08
27.68
29.37
20.00
18.34
29.09
27.41
29.20
27.60
29.52
29.43
28.73
29.06
28.60
28.75
23.80
17.39
22.86
28.25
27.59
20.36
27.56
28.74
27.28
25.12
27.70
18.17
19.16
28.08
19.43
19.37
20.17
28.83
20.11
17.85
18.97
20.66
27.96
25.05
23.24
19.06
19.31
28.27
25.68
17.91
27.04
30.13
21.40
28.09
27.28
25.20
17.37
16.53
18.79
18.71
27.42
20.99
22.43
24.64
26.41
24.87
25.26
26.54
20.46
19.71
19.23
19.77
2.33
0.00
19.92
20.12
19.85
20.42
19.95
19.81
19.95
1.56
19.98
19.77
1.41
27.13
29.27
21.40
20.04
4.35
19.99
20.03
20.30
28.95
19.14
20.17
19.93
19.32
20.00
20.10
19.02
30.24
27.06
29.47
19.77
18.01
29.16
26.76
29.21
26.98
29.65
29.44
28.69
29.04
28.57
28.68
22.40
18.63
22.86
27.56
26.96
19.87
26.92
28.75
26.64
25.16
27.06
19.33
20.78
27.39
21.00
20.97
19.60
28.76
20.47
19.13
20.56
19.90
27.30
25.14
23.25
20.29
20.88
27.58
25.92
19.12
26.40
30.32
20.74
27.36
26.64
25.37
18.62
17.76
20.11
19.94
27.19
21.19
22.34
24.75
25.81
25.02
25.44
25.97
21.06
0.99
1.12
2.24
20.37
19.92
0.00
1.20
2.06
2.85
1.90
2.45
2.87
20.46
2.48
2.62
20.44
16.16
10.66
2.70
2.25
20.88
2.56
2.64
1.87
10.08
1.67
1.65
2.65
1.12
1.88
2.46
2.25
12.07
16.26
11.05
1.97
2.54
10.63
18.08
10.49
18.16
11.35
10.73
10.12
10.28
9.76
9.90
10.76
23.88
5.01
18.37
15.57
3.67
17.40
9.99
18.83
6.95
17.32
24.81
24.98
18.19
25.39
25.12
3.07
10.03
8.36
24.67
24.88
2.89
19.06
7.26
5.31
25.26
25.33
18.01
8.81
24.72
18.16
12.26
2.27
18.67
18.72
8.01
23.99
23.23
24.57
24.91
7.53
7.83
4.06
7.09
18.40
7.54
8.08
18.46
10.90
2.13
2.16
3.43
20.70
20.12
1.20
0.00
3.24
3.96
0.96
3.65
4.01
20.74
3.67
3.78
20.71
15.70
11.11
2.69
1.10
21.31
3.71
3.80
1.22
10.52
2.76
0.52
1.54
2.19
0.77
1.40
3.34
12.63
15.80
11.60
3.15
3.41
11.15
17.62
10.91
17.72
11.91
11.14
10.47
10.67
10.17
10.23
9.59
24.41
5.99
17.87
15.09
3.49
16.94
10.46
18.38
7.76
16.86
25.29
25.70
17.68
26.07
25.83
2.67
10.34
9.49
25.21
25.58
1.75
18.60
8.12
6.26
25.79
26.02
17.50
9.72
25.22
17.71
12.87
1.45
18.15
18.27
8.93
24.53
23.76
25.15
25.43
7.78
8.88
5.03
7.99
18.00
8.46
8.99
18.07
12.03
1.14
1.66
0.34
20.07
19.85
2.06
3.24
0.00
1.66
3.77
0.53
0.86
20.24
0.64
0.57
20.25
16.71
9.92
3.99
4.24
20.38
1.34
1.32
3.82
9.39
1.38
3.64
4.70
1.58
3.94
4.51
1.53
11.10
16.81
10.15
0.17
2.38
9.77
18.60
9.81
18.65
10.40
10.06
9.51
9.64
9.12
9.37
12.72
22.85
3.56
18.96
16.15
4.39
17.94
9.25
19.33
5.81
17.86
23.84
23.61
18.79
24.08
23.76
4.22
9.51
6.74
23.62
23.55
4.92
19.60
5.99
3.91
24.22
24.02
18.61
7.33
23.72
18.67
11.23
4.24
19.29
19.22
6.61
22.96
22.21
23.44
23.87
7.38
6.50
2.77
5.71
18.84
6.14
6.67
18.86
9.23
2.34
2.22
1.41
20.60
20.42
2.85
3.96
1.66
0.00
4.75
1.31
2.03
20.76
1.11
1.81
20.76
18.23
9.98
3.51
5.05
20.85
0.49
0.46
4.06
9.33
1.79
4.45
5.27
2.13
4.55
4.98
1.55
11.02
18.33
10.03
1.61
2.65
9.69
20.19
9.89
20.24
10.29
10.14
9.80
9.76
9.22
9.60
13.53
24.04
3.04
20.53
17.66
5.92
19.50
9.22
20.94
5.14
19.42
25.07
24.58
20.35
25.10
24.75
5.63
9.78
5.65
24.80
24.55
5.63
21.19
5.32
3.46
25.42
25.03
20.16
6.81
24.93
20.27
11.04
4.47
20.87
20.83
5.88
24.14
23.39
24.60
25.08
7.23
5.10
2.26
5.12
20.46
5.48
5.98
20.48
8.19
2.64
2.84
4.00
20.57
19.95
1.90
0.96
3.77
4.75
0.00
4.23
4.45
20.61
4.29
4.26
20.59
14.84
11.35
3.60
0.66
21.24
4.46
4.54
2.00
10.83
3.43
0.53
1.55
2.88
1.10
1.66
4.02
12.94
14.94
11.93
3.71
3.97
11.47
16.73
11.15
16.83
12.25
11.37
10.61
10.88
10.41
10.39
8.95
24.00
6.62
16.97
14.24
2.78
16.05
10.77
17.48
8.39
15.98
24.84
25.45
16.79
25.78
25.56
1.86
10.48
10.24
24.81
25.30
1.42
17.69
8.75
6.86
25.36
25.73
16.61
10.28
24.79
16.81
13.23
2.08
17.24
17.37
9.56
24.12
23.36
24.76
25.01
8.16
9.72
5.69
8.59
17.10
9.08
9.61
17.18
12.77
1.59
1.87
0.23
19.98
19.81
2.45
3.65
0.53
1.31
4.23
0.00
0.85
20.17
0.21
0.54
20.18
17.19
10.00
4.11
4.67
20.26
0.99
0.93
4.11
9.45
1.43
4.07
5.07
1.79
4.31
4.86
1.37
11.11
17.29
10.15
0.53
2.33
9.80
19.07
9.90
19.12
10.40
10.15
9.66
9.75
9.23
9.52
13.16
22.89
3.36
19.45
16.64
4.90
18.41
9.31
19.80
5.65
18.34
23.90
23.56
19.27
24.04
23.72
4.73
9.66
6.21
23.66
23.51
5.32
20.08
5.80
3.74
24.27
23.99
19.09
7.12
23.78
19.14
11.19
4.55
19.78
19.69
6.37
23.00
22.25
23.47
23.92
7.51
5.98
2.62
5.51
19.30
5.91
6.44
19.31
8.71
1.91
2.49
0.90
20.07
19.95
2.87
4.01
0.86
2.03
4.45
0.85
0.00
20.29
0.97
0.36
20.31
16.66
9.59
4.78
4.97
20.31
1.81
1.73
4.66
9.12
2.14
4.37
5.49
2.42
4.73
5.32
2.15
10.69
16.75
9.78
1.00
2.96
9.42
18.53
9.50
18.57
10.01
9.75
9.20
9.35
8.84
9.09
13.39
22.32
3.24
18.92
16.11
4.63
17.87
8.95
19.25
5.55
17.79
23.33
22.97
18.75
23.45
23.12
4.63
9.23
6.46
23.09
22.92
5.68
19.54
5.66
3.58
23.67
23.39
18.57
6.84
23.21
18.59
10.80
5.06
19.27
19.15
6.22
22.43
21.70
22.87
23.32
7.39
6.40
2.63
5.32
18.74
5.75
6.27
18.75
8.89
20.19
19.72
20.15
0.95
1.56
20.46
20.74
20.24
20.76
20.61
20.17
20.29
0.00
20.33
20.12
0.36
27.92
29.55
21.96
20.73
2.87
20.34
20.38
20.93
29.24
19.58
20.82
20.65
19.80
20.67
20.80
19.42
30.43
27.86
29.69
20.17
18.45
29.40
27.58
29.50
27.78
29.85
29.73
29.02
29.35
28.88
29.03
23.56
18.18
23.11
28.41
27.75
20.49
27.73
29.03
27.45
25.38
27.87
18.93
20.05
28.23
20.31
20.26
20.26
29.11
20.41
18.64
19.85
20.64
28.13
25.33
23.50
19.84
20.19
28.42
26.02
18.69
27.22
30.48
21.40
28.23
27.46
25.50
18.16
17.32
19.60
19.49
27.61
21.22
22.65
24.92
26.60
25.17
25.57
26.75
20.82
1.67
1.91
0.37
20.15
19.98
2.48
3.67
0.64
1.11
4.29
0.21
0.97
20.33
0.00
0.70
20.34
17.31
9.90
4.00
4.72
20.41
0.84
0.78
4.09
9.34
1.48
4.11
5.09
1.82
4.34
4.87
1.40
11.00
17.41
10.04
0.65
2.42
9.69
19.21
9.81
19.26
10.29
10.05
9.59
9.66
9.13
9.43
13.22
23.08
3.21
19.58
16.75
5.04
18.55
9.20
19.94
5.48
18.47
24.10
23.73
19.40
24.22
23.88
4.85
9.59
6.13
23.85
23.67
5.36
20.22
5.64
3.60
24.46
24.16
19.22
6.99
23.97
19.28
11.08
4.52
19.91
19.83
6.22
23.19
22.44
23.65
24.11
7.38
5.86
2.45
5.36
19.45
5.77
6.29
19.47
8.64
1.66
2.15
0.57
19.92
19.77
2.62
3.78
0.57
1.81
4.26
0.54
0.36
20.12
0.70
0.00
20.14
16.80
9.85
4.52
4.76
20.18
1.53
1.46
4.38
9.35
1.79
4.16
5.24
2.08
4.48
5.06
1.79
10.97
16.89
10.03
0.69
2.61
9.68
18.66
9.76
18.71
10.28
10.00
9.47
9.60
9.08
9.34
13.20
22.46
3.41
19.05
16.25
4.62
18.01
9.19
19.38
5.71
17.93
23.47
23.15
18.87
23.62
23.30
4.55
9.48
6.43
23.23
23.09
5.44
19.66
5.84
3.76
23.82
23.56
18.70
7.08
23.34
18.72
11.07
4.81
19.38
19.27
6.41
22.57
21.83
23.03
23.48
7.53
6.32
2.73
5.52
18.87
5.94
6.47
18.88
8.88
20.19
19.70
20.15
1.29
1.41
20.44
20.71
20.25
20.76
20.59
20.18
20.31
0.36
20.34
20.14
0.00
28.02
29.61
21.91
20.70
3.13
20.34
20.38
20.88
29.29
19.57
20.79
20.60
19.79
20.63
20.75
19.41
30.50
27.96
29.75
20.17
18.43
29.46
27.69
29.56
27.90
29.91
29.79
29.08
29.41
28.93
29.08
23.47
18.52
23.13
28.51
27.84
20.52
27.84
29.08
27.57
25.41
27.98
19.27
20.39
28.34
20.65
20.60
20.26
29.17
20.42
18.99
20.20
20.59
28.24
25.35
23.52
20.18
20.53
28.52
26.07
19.03
27.33
30.55
21.35
28.33
27.57
25.53
18.50
17.65
19.94
19.83
27.62
21.21
22.66
24.96
26.73
25.20
25.61
26.88
20.85
16.19
17.00
17.04
27.75
27.13
16.16
15.70
16.71
18.23
14.84
17.19
16.66
27.92
17.31
16.80
28.02
0.00
16.92
18.02
15.12
28.58
18.00
17.99
16.74
17.31
17.35
15.28
15.85
17.01
15.84
16.14
17.85
18.45
0.21
18.16
16.79
17.88
17.76
2.95
16.70
2.86
18.30
16.73
15.46
16.40
16.40
15.60
14.18
22.88
18.08
2.74
0.69
12.63
1.89
17.22
4.08
18.96
1.65
22.98
25.64
2.64
25.43
25.55
13.31
15.41
22.89
23.59
25.29
15.34
3.82
19.19
18.01
23.43
25.47
2.26
19.67
23.21
3.42
19.20
16.57
3.37
3.92
19.89
23.04
22.66
23.43
23.22
16.82
23.01
17.72
18.96
4.37
19.44
19.80
4.32
25.05
10.35
11.14
10.05
29.24
29.27
10.66
11.11
9.92
9.98
11.35
10.00
9.59
29.55
9.90
9.85
29.61
16.92
0.00
10.95
11.73
29.32
10.28
10.19
11.61
1.02
11.08
11.23
12.34
11.04
11.73
12.14
11.20
1.94
17.08
1.34
10.05
12.24
0.99
19.56
0.35
19.45
1.56
0.39
1.46
0.69
0.99
1.49
18.02
27.38
7.24
19.63
16.36
10.84
18.62
0.92
20.54
5.68
18.43
28.27
27.39
19.52
27.84
27.48
11.31
1.62
12.46
28.08
27.40
12.41
20.54
5.76
6.81
28.30
27.82
19.17
5.44
28.21
19.85
2.60
11.53
20.24
20.40
6.06
27.51
27.00
27.44
28.03
4.23
12.15
7.75
5.89
20.33
6.00
5.92
20.21
14.08
3.41
2.99
4.00
21.94
21.40
2.70
2.69
3.99
3.51
3.60
4.11
4.78
21.96
4.00
4.52
21.91
18.02
10.95
0.00
3.42
22.47
3.54
3.64
1.80
10.18
3.31
3.07
3.14
2.96
2.75
2.73
3.59
12.32
18.13
11.22
3.88
4.00
10.82
20.09
10.77
20.17
11.56
11.00
10.63
10.57
10.06
10.30
10.96
26.49
5.51
20.28
17.39
6.05
19.36
10.17
20.89
6.86
19.26
27.43
27.46
20.10
27.90
27.61
5.33
10.47
8.59
27.27
27.38
3.65
21.07
7.27
5.79
27.89
27.85
19.89
9.07
27.33
20.21
12.43
1.87
20.59
20.78
8.04
26.59
25.82
27.17
27.53
7.18
7.54
4.59
7.29
20.55
7.66
8.15
20.61
11.09
3.11
3.14
4.45
20.72
20.04
2.25
1.10
4.24
5.05
0.66
4.67
4.97
20.73
4.72
4.76
20.70
15.12
11.73
3.42
0.00
21.43
4.78
4.88
1.72
11.17
3.75
0.65
0.93
3.18
0.75
1.10
4.33
13.33
15.21
12.31
4.16
4.21
11.84
17.00
11.51
17.11
12.63
11.73
11.00
11.25
10.77
10.75
8.52
24.53
7.02
17.22
14.51
3.34
16.33
11.12
17.76
8.73
16.26
25.36
26.02
17.04
26.35
26.14
2.38
10.85
10.54
25.33
25.87
0.79
17.96
9.10
7.27
25.90
26.30
16.86
10.69
25.31
17.09
13.62
1.70
17.48
17.65
9.93
24.65
23.88
25.31
25.54
8.37
9.93
6.07
8.98
17.40
9.46
9.99
17.49
13.07
20.48
20.06
20.26
2.04
4.35
20.88
21.31
20.38
20.85
21.24
20.26
20.31
2.87
20.41
20.18
3.13
28.58
29.32
22.47
21.43
0.00
20.46
20.48
21.55
29.06
19.84
21.43
21.42
20.14
21.33
21.54
19.62
30.04
28.52
29.37
20.32
18.75
29.12
28.29
29.31
28.46
29.50
29.53
28.88
29.19
28.73
28.92
25.11
16.82
22.95
29.16
28.42
20.97
28.43
28.83
28.17
25.16
28.56
17.68
18.12
28.99
18.47
18.36
20.83
29.01
19.84
17.23
17.99
21.44
28.87
25.04
23.33
18.48
18.34
29.17
25.55
17.38
27.93
30.04
22.06
29.03
28.18
25.12
16.79
15.97
18.11
18.14
27.70
20.85
22.60
24.62
27.28
24.82
25.18
27.39
19.96
2.00
1.82
1.06
20.18
19.99
2.56
3.71
1.34
0.49
4.46
0.99
1.81
20.34
0.84
1.53
20.34
18.00
10.28
3.54
4.78
20.46
0.00
0.14
3.86
9.66
1.34
4.19
5.01
1.74
4.29
4.74
1.08
11.35
18.10
10.36
1.26
2.20
10.02
19.91
10.18
19.97
10.63
10.43
10.04
10.05
9.51
9.85
13.27
23.70
3.40
20.26
17.43
5.61
19.24
9.53
20.64
5.56
19.16
24.72
24.31
20.08
24.81
24.47
5.29
10.02
5.83
24.46
24.26
5.36
20.91
5.74
3.81
25.09
24.75
19.90
7.19
24.58
19.98
11.39
4.31
20.59
20.53
6.30
23.80
23.04
24.28
24.74
7.54
5.36
2.61
5.52
20.16
5.88
6.39
20.18
8.37
2.05
1.93
1.03
20.21
20.03
2.64
3.80
1.32
0.46
4.54
0.93
1.73
20.38
0.78
1.46
20.38
17.99
10.19
3.64
4.88
20.48
0.14
0.00
3.98
9.57
1.44
4.28
5.12
1.84
4.39
4.86
1.17
11.25
18.09
10.27
1.25
2.29
9.93
19.91
10.10
19.96
10.53
10.35
9.96
9.96
9.43
9.78
13.37
23.64
3.29
20.26
17.43
5.63
19.24
9.45
20.64
5.47
19.16
24.67
24.23
20.08
24.74
24.40
5.34
9.95
5.76
24.40
24.19
5.46
20.91
5.64
3.71
25.03
24.68
19.90
7.07
24.53
19.98
11.29
4.43
20.59
20.53
6.19
23.74
22.99
24.22
24.68
7.50
5.31
2.52
5.41
20.16
5.77
6.28
20.18
8.30
2.84
2.47
3.92
20.92
20.30
1.87
1.22
3.82
4.06
2.00
4.11
4.66
20.93
4.09
4.38
20.88
16.74
11.61
1.80
1.72
21.55
3.86
3.98
0.00
10.94
3.03
1.51
1.41
2.49
0.99
1.03
3.51
13.10
16.84
12.03
3.70
3.54
11.59
18.68
11.41
18.78
12.36
11.64
11.08
11.18
10.68
10.79
9.62
25.38
6.30
18.89
16.12
4.70
17.99
10.91
19.44
7.95
17.91
26.28
26.63
18.71
27.02
26.77
3.83
10.93
9.42
26.18
26.51
1.92
19.64
8.34
6.59
26.79
26.97
18.52
10.04
26.20
18.77
13.29
0.58
19.16
19.33
9.13
25.49
24.71
26.14
26.43
8.02
8.62
5.33
8.26
19.08
8.69
9.21
19.16
11.95
9.81
10.55
9.51
28.96
28.95
10.08
10.52
9.39
9.33
10.83
9.45
9.12
29.24
9.34
9.35
29.29
17.31
1.02
10.18
11.17
29.06
9.66
9.57
10.94
0.00
10.49
10.66
11.73
10.44
11.12
11.51
10.60
2.44
17.47
1.46
9.52
11.66
1.00
19.96
0.95
19.86
1.83
1.13
1.99
1.08
0.92
1.76
17.59
27.72
6.62
20.03
16.73
10.56
19.02
0.33
20.94
4.94
18.83
28.62
27.75
19.91
28.22
27.85
10.94
1.99
11.88
28.42
27.76
11.83
20.95
5.08
6.20
28.69
28.19
19.56
4.99
28.56
20.24
2.87
10.85
20.62
20.80
5.44
27.84
27.31
27.83
28.41
3.38
11.46
7.11
5.27
20.73
5.38
5.32
20.62
13.56
1.24
0.61
1.29
19.45
19.14
1.67
2.76
1.38
1.79
3.43
1.43
2.14
19.58
1.48
1.79
19.57
17.35
11.08
3.31
3.75
19.84
1.34
1.44
3.03
10.49
0.00
3.23
3.97
0.58
3.28
3.76
0.60
12.29
17.44
11.29
1.22
1.20
10.92
19.17
10.96
19.24
11.57
11.21
10.69
10.79
10.26
10.51
12.17
23.32
4.56
19.53
16.79
4.76
18.53
10.38
19.87
6.73
18.46
24.31
24.19
19.34
24.65
24.35
4.30
10.65
6.84
24.09
24.11
4.28
20.16
6.94
4.95
24.74
24.59
19.18
8.39
24.19
19.22
12.39
3.55
19.82
19.77
7.55
23.42
22.65
23.99
24.38
8.21
6.43
3.70
6.71
19.39
7.11
7.63
19.43
9.36
2.51
2.62
3.85
20.78
20.17
1.65
0.52
3.64
4.45
0.53
4.07
4.37
20.82
4.11
4.16
20.79
15.28
11.23
3.07
0.65
21.43
4.19
4.28
1.51
10.66
3.23
0.00
1.34
2.65
0.72
1.32
3.81
12.79
15.38
11.77
3.56
3.82
11.31
17.20
11.02
17.30
12.09
11.24
10.54
10.76
10.28
10.29
9.14
24.39
6.38
17.43
14.67
3.23
16.52
10.61
17.96
8.11
16.44
25.25
25.77
17.25
26.12
25.89
2.35
10.40
9.99
25.20
25.63
1.39
18.17
8.48
6.62
25.76
26.07
17.07
10.06
25.19
17.29
13.07
1.58
17.71
17.85
9.30
24.51
23.75
25.14
25.40
7.91
9.39
5.43
8.35
17.59
8.82
9.35
17.67
12.52
3.59
3.36
4.85
20.68
19.93
2.65
1.54
4.70
5.27
1.55
5.07
5.49
20.65
5.09
5.24
20.60
15.85
12.34
3.14
0.93
21.42
5.01
5.12
1.41
11.73
3.97
1.34
0.00
3.41
0.78
0.41
4.50
13.92
15.95
12.88
4.59
4.29
12.42
17.71
12.12
17.83
13.21
12.34
11.66
11.86
11.38
11.39
8.30
25.14
7.45
17.91
15.24
4.24
17.05
11.70
18.46
9.11
16.98
25.98
26.64
17.73
26.98
26.77
3.25
11.50
10.64
25.94
26.49
0.56
18.65
9.50
7.71
26.54
26.93
17.55
11.16
25.92
17.80
14.18
1.33
18.15
18.35
10.32
25.25
24.47
25.96
26.18
8.81
9.93
6.48
9.41
18.11
9.87
10.39
18.21
13.16
0.98
0.11
1.60
19.70
19.32
1.12
2.19
1.58
2.13
2.88
1.79
2.42
19.80
1.82
2.08
19.79
17.01
11.04
2.96
3.18
20.14
1.74
1.84
2.49
10.44
0.58
2.65
3.41
0.00
2.72
3.21
1.16
12.32
17.10
11.31
1.43
1.52
10.92
18.85
10.90
18.93
11.60
11.14
10.60
10.71
10.19
10.40
11.62
23.56
4.77
19.19
16.44
4.41
18.20
10.34
19.57
6.86
18.13
24.52
24.52
19.00
24.96
24.67
3.88
10.54
7.38
24.34
24.43
3.72
19.84
7.11
5.13
24.97
24.90
18.83
8.62
24.41
18.91
12.45
3.01
19.48
19.46
7.78
23.66
22.89
24.24
24.61
8.05
6.91
3.86
6.91
19.10
7.33
7.86
19.15
9.90
2.83
2.67
4.10
20.66
20.00
1.88
0.77
3.94
4.55
1.10
4.31
4.73
20.67
4.34
4.48
20.63
15.84
11.73
2.75
0.75
21.33
4.29
4.39
0.99
11.12
3.28
0.72
0.78
2.72
0.00
0.66
3.84
13.27
15.94
12.23
3.84
3.75
11.78
17.74
11.52
17.84
12.56
11.74
11.08
11.27
10.78
10.82
8.99
24.80
6.69
17.96
15.24
3.88
17.06
11.08
18.49
8.40
16.99
25.66
26.18
17.78
26.54
26.31
2.95
10.93
9.99
25.60
26.05
1.10
18.70
8.78
6.96
26.18
26.49
17.60
10.41
25.59
17.83
13.52
1.10
18.22
18.38
9.59
24.91
24.13
25.57
25.83
8.28
9.32
5.72
8.67
18.12
9.13
9.66
18.21
12.52
3.43
3.16
4.65
20.82
20.10
2.46
1.40
4.51
4.98
1.66
4.86
5.32
20.80
4.87
5.06
20.75
16.14
12.14
2.73
1.10
21.54
4.74
4.86
1.03
11.51
3.76
1.32
0.41
3.21
0.66
0.00
4.28
13.70
16.23
12.65
4.40
4.14
12.20
18.03
11.92
18.14
12.98
12.15
11.51
11.67
11.19
11.23
8.62
25.32
7.17
18.23
15.52
4.42
17.35
11.48
18.78
8.81
17.28
26.18
26.75
18.04
27.11
26.88
3.46
11.34
10.35
26.12
26.61
0.95
18.97
9.20
7.43
26.72
27.05
17.86
10.88
26.11
18.12
13.95
0.93
18.48
18.67
10.02
25.43
24.65
26.12
26.36
8.56
9.60
6.19
9.12
18.43
9.57
10.09
18.53
12.88
1.76
1.19
1.32
19.29
19.02
2.25
3.34
1.53
1.55
4.02
1.37
2.15
19.42
1.40
1.79
19.41
17.85
11.20
3.59
4.33
19.62
1.08
1.17
3.51
10.60
0.60
3.81
4.50
1.16
3.84
4.28
0.00
12.33
17.93
11.34
1.38
1.12
10.99
19.65
11.09
19.72
11.61
11.34
10.88
10.94
10.41
10.70
12.71
23.27
4.44
20.02
17.29
5.28
19.01
10.48
20.34
6.63
18.95
24.28
24.04
19.84
24.52
24.20
4.86
10.85
6.27
24.04
23.98
4.84
20.64
6.81
4.85
24.70
24.46
19.68
8.22
24.15
19.69
12.39
4.04
20.31
20.24
7.36
23.37
22.59
23.92
24.34
8.41
5.89
3.64
6.57
19.84
6.94
7.45
19.88
8.78
11.67
12.42
11.19
30.08
30.24
12.07
12.63
11.10
11.02
12.94
11.11
10.69
30.43
11.00
10.97
30.50
18.45
1.94
12.32
13.33
30.04
11.35
11.25
13.10
2.44
12.29
12.79
13.92
12.32
13.27
13.70
12.33
0.00
18.61
1.11
11.24
13.40
1.55
21.04
2.27
20.92
0.77
2.19
3.26
2.62
2.87
3.40
19.91
27.80
8.08
21.14
17.92
12.43
20.12
2.34
22.00
6.29
19.93
28.72
27.48
21.04
27.97
27.57
12.91
3.49
12.66
28.47
27.53
14.03
22.02
6.22
7.65
28.68
27.95
20.70
5.37
28.65
21.33
0.82
13.06
21.77
21.87
6.23
27.93
27.44
27.76
28.42
5.78
12.46
8.76
6.36
21.77
6.31
6.08
21.62
13.98
16.28
17.08
17.13
27.68
27.06
16.26
15.80
16.81
18.33
14.94
17.29
16.75
27.86
17.41
16.89
27.96
0.21
17.08
18.13
15.21
28.52
18.10
18.09
16.84
17.47
17.44
15.38
15.95
17.10
15.94
16.23
17.93
18.61
0.00
18.32
16.88
17.95
17.92
2.75
16.87
2.66
18.45
16.90
15.63
16.56
16.56
15.76
14.24
22.77
18.20
2.56
0.87
12.71
1.68
17.38
3.87
19.10
1.45
22.86
25.56
2.46
25.34
25.46
13.39
15.58
22.97
23.48
25.21
15.43
3.63
19.32
18.13
23.31
25.38
2.10
19.80
23.09
3.21
19.36
16.68
3.19
3.72
20.02
22.93
22.55
23.32
23.10
16.98
23.11
17.83
19.09
4.16
19.57
19.93
4.12
25.13
10.68
11.41
10.23
29.37
29.47
11.05
11.60
10.15
10.03
11.93
10.15
9.78
29.69
10.04
10.03
29.75
18.16
1.34
11.22
12.31
29.37
10.36
10.27
12.03
1.46
11.29
11.77
12.88
11.31
12.23
12.65
11.34
1.11
18.32
0.00
10.27
12.42
0.51
20.76
1.64
20.65
0.38
1.67
2.76
1.97
2.05
2.78
18.96
27.65
7.13
20.86
17.61
11.56
19.84
1.35
21.72
5.31
19.65
28.58
27.44
20.75
27.94
27.55
11.99
2.94
11.92
28.34
27.48
13.00
21.75
5.30
6.69
28.59
27.91
20.41
4.69
28.51
21.04
1.43
11.99
21.47
21.59
5.41
27.78
27.26
27.68
28.32
4.71
11.63
7.77
5.46
21.49
5.46
5.27
21.36
13.36
1.06
1.51
0.31
20.00
19.77
1.97
3.15
0.17
1.61
3.71
0.53
1.00
20.17
0.65
0.69
20.17
16.79
10.05
3.88
4.16
20.32
1.26
1.25
3.70
9.52
1.22
3.56
4.59
1.43
3.84
4.40
1.38
11.24
16.88
10.27
0.00
2.23
9.90
18.67
9.94
18.73
10.54
10.19
9.65
9.77
9.25
9.49
12.65
22.91
3.66
19.03
16.23
4.42
18.01
9.38
19.40
5.90
17.93
23.90
23.69
18.86
24.15
23.84
4.21
9.64
6.73
23.68
23.62
4.83
19.67
6.09
4.02
24.29
24.09
18.68
7.45
23.79
18.74
11.36
4.13
19.36
19.29
6.71
23.02
22.27
23.51
23.94
7.46
6.47
2.86
5.81
18.91
6.24
6.77
18.93
9.23
2.25
1.46
2.25
18.34
18.01
2.54
3.41
2.38
2.65
3.97
2.33
2.96
18.45
2.42
2.61
18.43
17.88
12.24
4.00
4.21
18.75
2.20
2.29
3.54
11.66
1.20
3.82
4.29
1.52
3.75
4.14
1.12
13.40
17.95
12.42
2.23
0.00
12.06
19.55
12.12
19.64
12.68
12.37
11.85
11.96
11.43
11.68
12.29
22.90
5.55
19.95
17.33
5.28
18.97
11.53
20.21
7.75
18.91
23.90
23.82
19.76
24.29
23.99
4.76
11.83
6.79
23.68
23.74
4.60
20.53
7.93
5.95
24.37
24.22
19.62
9.31
23.77
19.57
13.48
4.11
20.20
20.11
8.47
23.00
22.20
23.63
24.00
9.41
6.49
4.76
7.68
19.69
8.05
8.55
19.75
9.23
10.28
11.02
9.87
29.09
29.16
10.63
11.15
9.77
9.69
11.47
9.80
9.42
29.40
9.69
9.68
29.46
17.76
0.99
10.82
11.84
29.12
10.02
9.93
11.59
1.00
10.92
11.31
12.42
10.92
11.78
12.20
10.99
1.55
17.92
0.51
9.90
12.06
0.00
20.37
1.24
20.27
0.86
1.32
2.36
1.54
1.55
2.34
18.45
27.49
6.84
20.47
17.20
11.10
19.45
0.84
21.34
5.09
19.26
28.41
27.37
20.36
27.85
27.47
11.53
2.51
11.81
28.18
27.39
12.53
21.36
5.12
6.41
28.43
27.83
20.01
4.67
28.34
20.65
1.94
11.54
21.07
21.20
5.32
27.62
27.09
27.54
28.17
4.26
11.49
7.44
5.28
21.10
5.32
5.18
20.98
13.34
18.07
18.83
18.92
27.41
26.76
18.08
17.62
18.60
20.19
16.73
19.07
18.53
27.58
19.21
18.66
27.69
2.95
19.56
20.09
17.00
28.29
19.91
19.91
18.68
19.96
19.17
17.20
17.71
18.85
17.74
18.03
19.65
21.04
2.75
20.76
18.67
19.55
20.37
0.00
19.37
0.35
20.89
19.40
18.12
19.07
19.04
18.27
15.55
21.85
20.25
1.08
3.57
14.45
1.07
19.85
1.13
21.32
1.33
21.79
25.01
1.01
24.69
24.89
15.10
18.10
24.67
22.53
24.61
17.18
1.03
21.52
20.21
22.30
24.74
1.36
21.98
22.06
0.57
21.78
18.56
1.19
0.98
22.19
22.01
21.68
22.46
22.10
19.46
24.91
19.87
21.25
1.69
21.73
22.11
1.71
26.77
10.21
11.00
9.95
29.20
29.21
10.49
10.91
9.81
9.89
11.15
9.90
9.50
29.50
9.81
9.76
29.56
16.70
0.35
10.77
11.51
29.31
10.18
10.10
11.41
0.95
10.96
11.02
12.12
10.90
11.52
11.92
11.09
2.27
16.87
1.64
9.94
12.12
1.24
19.37
0.00
19.26
1.88
0.25
1.25
0.36
0.74
1.19
17.72
27.43
7.20
19.42
16.14
10.65
18.42
0.92
20.35
5.68
18.22
28.31
27.50
19.32
27.94
27.59
11.11
1.33
12.52
28.13
27.50
12.18
20.35
5.80
6.78
28.36
27.92
18.96
5.59
28.26
19.66
2.92
11.32
20.03
20.21
6.15
27.56
27.04
27.51
28.09
3.99
12.19
7.68
5.93
20.15
6.06
6.01
20.03
14.19
18.14
18.91
18.97
27.60
26.98
18.16
17.72
18.65
20.24
16.83
19.12
18.57
27.78
19.26
18.71
27.90
2.86
19.45
20.17
17.11
28.46
19.97
19.96
18.78
19.86
19.24
17.30
17.83
18.93
17.84
18.14
19.72
20.92
2.66
20.65
18.73
19.64
20.27
0.35
19.26
0.00
20.78
19.29
18.01
18.96
18.95
18.17
15.78
21.86
20.25
1.10
3.51
14.52
1.01
19.76
1.27
21.29
1.24
21.80
24.98
1.08
24.66
24.85
15.20
17.99
24.70
22.54
24.58
17.30
1.11
21.49
20.20
22.29
24.71
1.35
21.92
22.08
0.80
21.65
18.66
1.37
1.13
22.15
22.02
21.70
22.45
22.10
19.42
24.94
19.88
21.21
1.81
21.69
22.06
1.77
26.78
10.96
11.70
10.49
29.52
29.65
11.35
11.91
10.40
10.29
12.25
10.40
10.01
29.85
10.29
10.28
29.91
18.30
1.56
11.56
12.63
29.50
10.63
10.53
12.36
1.83
11.57
12.09
13.21
11.60
12.56
12.98
11.61
0.77
18.45
0.38
10.54
12.68
0.86
20.89
1.88
20.78
0.00
1.88
2.96
2.23
2.35
3.03
19.31
27.62
7.37
21.00
17.75
11.83
19.97
1.70
21.85
5.55
19.78
28.55
27.36
20.89
27.86
27.46
12.28
3.17
12.05
28.30
27.40
13.32
21.87
5.51
6.93
28.54
27.83
20.55
4.79
28.48
21.17
1.10
12.33
21.61
21.71
5.57
27.75
27.24
27.62
28.28
5.09
11.80
8.03
5.66
21.60
5.63
5.42
21.47
13.44
10.44
11.24
10.19
29.43
29.44
10.73
11.14
10.06
10.14
11.37
10.15
9.75
29.73
10.05
10.00
29.79
16.73
0.39
11.00
11.73
29.53
10.43
10.35
11.64
1.13
11.21
11.24
12.34
11.14
11.74
12.15
11.34
2.19
16.90
1.67
10.19
12.37
1.32
19.40
0.25
19.29
1.88
0.00
1.30
0.50
0.97
1.27
17.87
27.56
7.45
19.45
16.17
10.86
18.45
1.12
20.39
5.92
18.25
28.43
27.62
19.35
28.06
27.70
11.32
1.38
12.75
28.26
27.62
12.40
20.38
6.03
7.03
28.47
28.04
18.99
5.79
28.38
19.70
2.88
11.54
20.06
20.25
6.36
27.69
27.18
27.63
28.21
4.18
12.42
7.93
6.16
20.20
6.29
6.23
20.07
14.40
9.83
10.69
9.68
28.73
28.69
10.12
10.47
9.51
9.80
10.61
9.66
9.20
29.02
9.59
9.47
29.08
15.46
1.46
10.63
11.00
28.88
10.04
9.96
11.08
1.99
10.69
10.54
11.66
10.60
11.08
11.51
10.88
3.26
15.63
2.76
9.65
11.85
2.36
18.12
1.25
18.01
2.96
1.30
0.00
0.97
1.15
0.52
16.97
26.69
7.27
18.18
14.90
9.88
17.17
1.91
19.10
6.11
16.98
27.53
26.93
18.07
27.33
27.00
10.41
0.42
12.81
27.39
26.90
11.67
19.10
6.25
6.88
27.60
27.31
17.72
6.16
27.49
18.41
3.97
10.97
18.79
18.97
6.69
26.82
26.30
26.79
27.33
4.13
12.54
7.65
6.31
18.91
6.53
6.56
18.79
14.58
10.01
10.81
9.79
29.06
29.04
10.28
10.67
9.64
9.76
10.88
9.75
9.35
29.35
9.66
9.60
29.41
16.40
0.69
10.57
11.25
29.19
10.05
9.96
11.18
1.08
10.79
10.76
11.86
10.71
11.27
11.67
10.94
2.62
16.56
1.97
9.77
11.96
1.54
19.07
0.36
18.96
2.23
0.50
0.97
0.00
0.54
0.84
17.38
27.34
7.13
19.12
15.83
10.38
18.12
1.06
20.05
5.69
17.92
28.20
27.47
19.01
27.90
27.55
10.84
1.00
12.55
28.04
27.46
11.91
20.05
5.83
6.72
28.27
27.88
18.66
5.72
28.16
19.36
3.28
11.08
19.72
19.92
6.23
27.47
26.94
27.43
28.00
3.80
12.21
7.57
5.96
19.86
6.12
6.10
19.74
14.26
9.49
10.28
9.26
28.60
28.57
9.76
10.17
9.12
9.22
10.41
9.23
8.84
28.88
9.13
9.08
28.93
16.40
0.99
10.06
10.77
28.73
9.51
9.43
10.68
0.92
10.26
10.28
11.38
10.19
10.78
11.19
10.41
2.87
16.56
2.05
9.25
11.43
1.55
19.04
0.74
18.95
2.35
0.97
1.15
0.54
0.00
0.91
17.05
27.12
6.60
19.11
15.82
9.96
18.10
0.85
20.02
5.19
17.91
28.00
27.27
19.00
27.71
27.36
10.40
1.15
12.06
27.83
27.27
11.44
20.03
5.35
6.19
28.08
27.69
18.65
5.33
27.95
19.33
3.44
10.58
19.70
19.89
5.78
27.25
26.72
27.25
27.80
3.36
11.70
7.03
5.47
19.81
5.65
5.66
19.70
13.82
9.66
10.49
9.53
28.75
28.68
9.90
10.23
9.37
9.60
10.39
9.52
9.09
29.03
9.43
9.34
29.08
15.60
1.49
10.30
10.75
28.92
9.85
9.78
10.79
1.76
10.51
10.29
11.39
10.40
10.82
11.23
10.70
3.40
15.76
2.78
9.49
11.68
2.34
18.27
1.19
18.17
3.03
1.27
0.52
0.84
0.91
0.00
16.70
27.00
7.12
18.32
15.02
9.78
17.32
1.74
19.27
5.91
17.13
27.84
27.27
18.21
27.67
27.35
10.27
0.26
12.72
27.71
27.25
11.41
19.26
6.09
6.72
27.93
27.66
17.85
6.13
27.81
18.57
4.08
10.67
18.92
19.13
6.57
27.13
26.61
27.13
27.66
3.67
12.38
7.47
6.18
19.08
6.40
6.45
18.97
14.53
11.58
11.56
12.94
23.80
22.40
10.76
9.59
12.72
13.53
8.95
13.16
13.39
23.56
13.22
13.20
23.47
14.18
18.02
10.96
8.52
25.11
13.27
13.37
9.62
17.59
12.17
9.14
8.30
11.62
8.99
8.62
12.71
19.91
14.24
18.96
12.65
12.29
18.45
15.55
17.72
15.78
19.31
17.87
16.97
17.38
17.05
16.70
0.00
28.45
15.30
15.44
13.64
9.74
15.03
17.62
16.21
16.61
14.99
28.96
31.10
15.26
31.19
31.15
9.14
16.71
18.91
29.26
30.81
7.92
16.23
17.07
15.47
29.72
31.16
15.13
18.66
29.01
15.66
20.39
9.27
15.45
16.11
17.97
28.57
27.82
29.51
29.38
14.70
18.19
14.38
17.02
16.18
17.51
18.01
16.41
21.42
23.16
23.52
22.90
17.39
18.63
23.88
24.41
22.85
24.04
24.00
22.89
22.32
18.18
23.08
22.46
18.52
22.88
27.38
26.49
24.53
16.82
23.70
23.64
25.38
27.72
23.32
24.39
25.14
23.56
24.80
25.32
23.27
27.80
22.77
27.65
22.91
22.90
27.49
21.85
27.43
21.86
27.62
27.56
26.69
27.34
27.12
27.00
28.45
0.00
24.45
22.92
23.06
21.89
22.24
27.41
21.43
26.17
22.39
1.39
4.89
22.84
4.20
4.74
22.52
26.95
23.96
0.82
4.30
24.92
22.18
25.94
24.58
1.75
4.22
23.08
25.60
1.02
21.43
28.01
25.79
22.87
21.48
25.94
0.16
0.89
1.72
1.37
27.96
25.43
24.46
25.40
20.45
25.64
25.89
20.36
24.28
4.42
4.88
3.51
22.86
22.86
5.01
5.99
3.56
3.04
6.62
3.36
3.24
23.11
3.21
3.41
23.13
18.08
7.24
5.51
7.02
22.95
3.40
3.29
6.30
6.62
4.56
6.38
7.45
4.77
6.69
7.17
4.44
8.08
18.20
7.13
3.66
5.55
6.84
20.25
7.20
20.25
7.37
7.45
7.27
7.13
6.60
7.12
15.30
24.45
0.00
20.55
17.50
7.03
19.49
6.47
21.06
2.34
19.37
25.49
24.62
20.39
25.16
24.78
7.10
7.31
5.97
25.18
24.62
7.72
21.27
2.44
0.43
25.71
25.11
20.16
3.85
25.35
20.38
8.05
6.54
20.98
20.95
3.06
24.55
23.87
24.81
25.38
5.28
5.60
0.97
2.16
20.63
2.58
3.12
20.59
8.21
18.41
19.16
19.29
28.25
27.56
18.37
17.87
18.96
20.53
16.97
19.45
18.92
28.41
19.58
19.05
28.51
2.74
19.63
20.28
17.22
29.16
20.26
20.26
18.89
20.03
19.53
17.43
17.91
19.19
17.96
18.23
20.02
21.14
2.56
20.86
19.03
19.95
20.47
1.08
19.42
1.10
21.00
19.45
18.18
19.12
19.11
18.32
15.44
22.92
20.55
0.00
3.35
14.78
1.14
19.94
1.89
21.55
1.26
22.86
26.06
0.20
25.73
25.93
15.41
18.14
25.14
23.60
25.66
17.38
1.31
21.77
20.51
23.36
25.79
0.52
22.26
23.14
1.57
21.89
18.74
0.73
1.77
22.46
23.08
22.75
23.52
23.17
19.49
25.31
20.16
21.52
2.69
22.01
22.38
2.73
27.28
15.61
16.42
16.48
27.59
26.96
15.57
15.09
16.15
17.66
14.24
16.64
16.11
27.75
16.75
16.25
27.84
0.69
16.36
17.39
14.51
28.42
17.43
17.43
16.12
16.73
16.79
14.67
15.24
16.44
15.24
15.52
17.29
17.92
0.87
17.61
16.23
17.33
17.20
3.57
16.14
3.51
17.75
16.17
14.90
15.83
15.82
15.02
13.64
23.06
17.50
3.35
0.00
12.07
2.51
16.65
4.69
18.37
2.29
23.20
25.76
3.24
25.57
25.67
12.74
14.84
22.37
23.78
25.42
14.74
4.46
18.61
17.43
23.65
25.61
2.86
19.13
23.41
4.01
18.67
15.95
3.95
4.54
19.32
23.22
22.82
23.61
23.42
16.18
22.46
17.13
18.39
4.94
18.87
19.24
4.90
24.56
3.66
4.39
4.71
20.36
19.87
3.67
3.49
4.39
5.92
2.78
4.90
4.63
20.49
5.04
4.62
20.52
12.63
10.84
6.05
3.34
20.97
5.61
5.63
4.70
10.56
4.76
3.23
4.24
4.41
3.88
4.42
5.28
12.43
12.71
11.56
4.42
5.28
11.10
14.45
10.65
14.52
11.83
10.86
9.88
10.38
9.96
9.78
9.74
21.89
7.03
14.78
12.07
0.00
13.79
10.44
15.18
8.83
13.73
22.68
23.45
14.59
23.73
23.54
1.03
9.82
11.02
22.70
23.28
3.92
15.43
9.10
7.19
23.16
23.69
14.43
10.28
22.65
14.51
12.82
4.80
15.07
15.07
9.86
22.02
21.30
22.60
22.82
8.52
10.89
6.30
8.83
14.74
9.35
9.87
14.79
13.43
17.41
18.18
18.26
27.56
26.92
17.40
16.94
17.94
19.50
16.05
18.41
17.87
27.73
18.55
18.01
27.84
1.89
18.62
19.36
16.33
28.43
19.24
19.24
17.99
19.02
18.53
16.52
17.05
18.20
17.06
17.35
19.01
20.12
1.68
19.84
18.01
18.97
19.45
1.07
18.42
1.01
19.97
18.45
17.17
18.12
18.10
17.32
15.03
22.24
19.49
1.14
2.51
13.79
0.00
18.92
2.20
20.49
0.27
22.24
25.27
1.02
24.98
25.15
14.46
17.14
24.06
22.94
24.88
16.52
1.97
20.70
19.44
22.73
25.03
0.94
21.17
22.50
1.57
20.86
17.85
1.70
2.05
21.38
22.41
22.06
22.83
22.53
18.52
24.25
19.11
20.44
2.62
20.93
21.30
2.60
26.18
9.69
10.44
9.36
28.74
28.75
9.99
10.46
9.25
9.22
10.77
9.31
8.95
29.03
9.20
9.19
29.08
17.22
0.92
10.17
11.12
28.83
9.53
9.45
10.91
0.33
10.38
10.61
11.70
10.34
11.08
11.48
10.48
2.34
17.38
1.35
9.38
11.53
0.84
19.85
0.92
19.76
1.70
1.12
1.91
1.06
0.85
1.74
17.62
27.41
6.47
19.94
16.65
10.44
18.92
0.00
20.83
4.82
18.73
28.32
27.43
19.82
27.89
27.53
10.84
1.96
11.71
28.11
27.44
11.80
20.85
4.94
6.05
28.38
27.87
19.48
4.79
28.25
20.13
2.78
10.83
20.53
20.69
5.28
27.54
27.00
27.51
28.10
3.50
11.34
6.98
5.11
20.60
5.22
5.16
20.49
13.37
18.80
19.54
19.64
27.28
26.64
18.83
18.38
19.33
20.94
17.48
19.80
19.25
27.45
19.94
19.38
27.57
4.08
20.54
20.89
17.76
28.17
20.64
20.64
19.44
20.94
19.87
17.96
18.46
19.57
18.49
18.78
20.34
22.00
3.87
21.72
19.40
20.21
21.34
1.13
20.35
1.27
21.85
20.39
19.10
20.05
20.02
19.27
16.21
21.43
21.06
1.89
4.69
15.18
2.20
20.83
0.00
22.19
2.45
21.30
24.74
1.90
24.36
24.60
15.83
19.09
25.33
22.09
24.31
17.92
0.79
22.38
21.04
21.83
24.42
2.33
22.83
21.59
0.72
22.72
19.34
1.59
0.15
23.04
21.59
21.27
22.06
21.65
20.44
25.62
20.68
22.09
1.00
22.58
22.96
1.11
27.40
6.53
6.97
5.77
25.12
25.16
6.95
7.76
5.81
5.14
8.39
5.65
5.55
25.38
5.48
5.71
25.41
18.96
5.68
6.86
8.73
25.16
5.56
5.47
7.95
4.94
6.73
8.11
9.11
6.86
8.40
8.81
6.63
6.29
19.10
5.31
5.90
7.75
5.09
21.32
5.68
21.29
5.55
5.92
6.11
5.69
5.19
5.91
16.61
26.17
2.34
21.55
18.37
8.83
20.49
4.82
22.19
0.00
20.35
27.21
26.12
21.40
26.68
26.28
8.94
6.14
7.10
26.89
26.15
9.39
22.34
0.56
1.99
27.36
26.64
21.13
2.35
27.08
21.50
6.15
8.06
22.03
22.07
1.48
26.28
25.64
26.44
27.05
4.14
6.55
3.05
0.95
21.82
1.17
1.52
21.77
8.99
17.33
18.11
18.18
27.70
27.06
17.32
16.86
17.86
19.42
15.98
18.34
17.79
27.87
18.47
17.93
27.98
1.65
18.43
19.26
16.26
28.56
19.16
19.16
17.91
18.83
18.46
16.44
16.98
18.13
16.99
17.28
18.95
19.93
1.45
19.65
17.93
18.91
19.26
1.33
18.22
1.24
19.78
18.25
16.98
17.92
17.91
17.13
14.99
22.39
19.37
1.26
2.29
13.73
0.27
18.73
2.45
20.35
0.00
22.40
25.37
1.15
25.10
25.26
14.39
16.95
23.98
23.09
25.00
16.45
2.18
20.56
19.32
22.88
25.14
0.96
21.03
22.66
1.84
20.67
17.77
1.87
2.30
21.24
22.55
22.20
22.97
22.68
18.35
24.17
19.00
20.31
2.88
20.79
21.16
2.85
26.11
24.11
24.48
23.91
18.17
19.33
24.81
25.29
23.84
25.07
24.84
23.90
23.33
18.93
24.10
23.47
19.27
22.98
28.27
27.43
25.36
17.68
24.72
24.67
26.28
28.62
24.31
25.25
25.98
24.52
25.66
26.18
24.28
28.72
22.86
28.58
23.90
23.90
28.41
21.79
28.31
21.80
28.55
28.43
27.53
28.20
28.00
27.84
28.96
1.39
25.49
22.86
23.20
22.68
22.24
28.32
21.30
27.21
22.40
0.00
5.82
22.79
4.97
5.61
23.31
27.79
25.18
1.29
5.22
25.74
22.05
26.99
25.62
1.25
5.02
23.05
26.67
0.49
21.35
28.96
26.67
22.78
21.36
27.02
1.41
2.09
2.27
1.04
28.87
26.62
25.48
26.46
20.33
26.71
26.97
20.24
25.56
24.14
24.50
23.62
19.16
20.78
24.98
25.70
23.61
24.58
25.45
23.56
22.97
20.05
23.73
23.15
20.39
25.64
27.39
27.46
26.02
18.12
24.31
24.23
26.63
27.75
24.19
25.77
26.64
24.52
26.18
26.75
24.04
27.48
25.56
27.44
23.69
23.82
27.37
25.01
27.50
24.98
27.36
27.62
26.93
27.47
27.27
27.27
31.10
4.89
24.62
26.06
25.76
23.45
25.27
27.43
24.74
26.12
25.37
5.82
0.00
25.97
1.08
0.37
24.10
27.24
23.48
4.63
0.61
26.50
25.44
25.80
24.73
4.98
0.97
26.15
25.17
5.43
24.66
27.57
27.08
26.12
24.77
25.62
4.83
5.14
3.73
4.95
28.40
25.11
24.81
25.26
23.77
25.40
25.57
23.64
23.33
18.22
18.98
19.11
28.08
27.39
18.19
17.68
18.79
20.35
16.79
19.27
18.75
28.23
19.40
18.87
28.34
2.64
19.52
20.10
17.04
28.99
20.08
20.08
18.71
19.91
19.34
17.25
17.73
19.00
17.78
18.04
19.84
21.04
2.46
20.75
18.86
19.76
20.36
1.01
19.32
1.08
20.89
19.35
18.07
19.01
19.00
18.21
15.26
22.84
20.39
0.20
3.24
14.59
1.02
19.82
1.90
21.40
1.15
22.79
25.97
0.00
25.66
25.85
15.22
18.03
24.97
23.52
25.58
17.19
1.38
21.62
20.35
23.30
25.71
0.48
22.12
23.06
1.51
21.79
18.56
0.75
1.76
22.31
23.00
22.66
23.45
23.10
19.36
25.14
20.00
21.37
2.65
21.86
22.23
2.70
27.11
24.56
24.94
24.09
19.43
21.00
25.39
26.07
24.08
25.10
25.78
24.04
23.45
20.31
24.22
23.62
20.65
25.43
27.84
27.90
26.35
18.47
24.81
24.74
27.02
28.22
24.65
26.12
26.98
24.96
26.54
27.11
24.52
27.97
25.34
27.94
24.15
24.29
27.85
24.69
27.94
24.66
27.86
28.06
27.33
27.90
27.71
27.67
31.19
4.20
25.16
25.73
25.57
23.73
24.98
27.89
24.36
26.68
25.10
4.97
1.08
25.66
0.00
0.76
24.39
27.64
24.20
3.84
0.68
26.82
25.08
26.37
25.27
4.04
0.16
25.85
25.77
4.61
24.31
28.09
27.46
25.78
24.40
26.23
4.14
4.61
2.87
4.05
28.85
25.80
25.33
25.83
23.40
25.99
26.17
23.27
24.13
24.28
24.65
23.77
19.37
20.97
25.12
25.83
23.76
24.75
25.56
23.72
23.12
20.26
23.88
23.30
20.60
25.55
27.48
27.61
26.14
18.36
24.47
24.40
26.77
27.85
24.35
25.89
26.77
24.67
26.31
26.88
24.20
27.57
25.46
27.55
23.84
23.99
27.47
24.89
27.59
24.85
27.46
27.70
27.00
27.55
27.36
27.35
31.15
4.74
24.78
25.93
25.67
23.54
25.15
27.53
24.60
26.28
25.26
5.61
0.37
25.85
0.76
0.00
24.19
27.32
23.71
4.45
0.49
26.62
25.30
25.95
24.88
4.72
0.68
26.03
25.32
5.24
24.53
27.67
27.21
25.99
24.63
25.79
4.68
5.04
3.48
4.71
28.51
25.33
24.96
25.41
23.63
25.56
25.73
23.50
23.59
3.29
3.84
4.51
20.17
19.60
3.07
2.67
4.22
5.63
1.86
4.73
4.63
20.26
4.85
4.55
20.26
13.31
11.31
5.33
2.38
20.83
5.29
5.34
3.83
10.94
4.30
2.35
3.25
3.88
2.95
3.46
4.86
12.91
13.39
11.99
4.21
4.76
11.53
15.10
11.11
15.20
12.28
11.32
10.41
10.84
10.40
10.27
9.14
22.52
7.10
15.41
12.74
1.03
14.46
10.84
15.83
8.94
14.39
23.31
24.10
15.22
24.39
24.19
0.00
10.32
10.88
23.32
23.93
2.92
16.08
9.24
7.30
23.83
24.34
15.06
10.56
23.28
15.17
13.28
3.93
15.68
15.72
10.03
22.64
21.90
23.27
23.48
8.65
10.63
6.28
9.01
15.41
9.52
10.05
15.48
13.34
9.78
10.63
9.68
28.83
28.76
10.03
10.34
9.51
9.78
10.48
9.66
9.23
29.11
9.59
9.48
29.17
15.41
1.62
10.47
10.85
29.01
10.02
9.95
10.93
1.99
10.65
10.40
11.50
10.54
10.93
11.34
10.85
3.49
15.58
2.94
9.64
11.83
2.51
18.10
1.33
17.99
3.17
1.38
0.42
1.00
1.15
0.26
16.71
26.95
7.31
18.14
14.84
9.82
17.14
1.96
19.09
6.14
16.95
27.79
27.24
18.03
27.64
27.32
10.32
0.00
12.92
27.67
27.22
11.51
19.08
6.32
6.92
27.87
27.62
17.67
6.34
27.75
18.40
4.20
10.80
18.74
18.95
6.80
27.09
26.57
27.08
27.60
3.87
12.60
7.65
6.40
18.91
6.63
6.68
18.80
14.73
7.71
7.44
6.43
20.11
20.47
8.36
9.49
6.74
5.65
10.24
6.21
6.46
20.41
6.13
6.43
20.42
22.89
12.46
8.59
10.54
19.84
5.83
5.76
9.42
11.88
6.84
9.99
10.64
7.38
9.99
10.35
6.27
12.66
22.97
11.92
6.73
6.79
11.81
24.67
12.52
24.70
12.05
12.75
12.81
12.55
12.06
12.72
18.91
23.96
5.97
25.14
22.37
11.02
24.06
11.71
25.33
7.10
23.98
25.18
23.48
24.97
24.20
23.71
10.88
12.92
0.00
24.63
23.58
11.03
25.67
6.85
6.25
25.38
24.11
24.80
7.29
24.94
24.70
12.34
9.88
25.48
25.23
6.57
24.03
23.30
24.34
25.04
10.95
1.76
6.21
6.62
24.75
6.52
6.69
24.73
2.55
23.94
24.30
23.67
17.85
19.13
24.67
25.21
23.62
24.80
24.81
23.66
23.09
18.64
23.85
23.23
18.99
23.59
28.08
27.27
25.33
17.23
24.46
24.40
26.18
28.42
24.09
25.20
25.94
24.34
25.60
26.12
24.04
28.47
23.48
28.34
23.68
23.68
28.18
22.53
28.13
22.54
28.30
28.26
27.39
28.04
27.83
27.71
29.26
0.82
25.18
23.60
23.78
22.70
22.94
28.11
22.09
26.89
23.09
1.29
4.63
23.52
3.84
4.45
23.32
27.67
24.63
0.00
4.03
25.73
22.84
26.65
25.31
1.29
3.87
23.77
26.28
0.83
22.10
28.67
26.59
23.55
22.14
26.64
0.70
1.58
1.46
1.01
28.71
26.11
25.20
26.11
21.12
26.34
26.58
21.02
24.89
24.05
24.41
23.56
18.97
20.56
24.88
25.58
23.55
24.55
25.30
23.51
22.92
19.85
23.67
23.09
20.20
25.29
27.40
27.38
25.87
17.99
24.26
24.19
26.51
27.76
24.11
25.63
26.49
24.43
26.05
26.61
23.98
27.53
25.21
27.48
23.62
23.74
27.39
24.61
27.50
24.58
27.40
27.62
26.90
27.46
27.27
27.25
30.81
4.30
24.62
25.66
25.42
23.28
24.88
27.44
24.31
26.15
25.00
5.22
0.61
25.58
0.68
0.49
23.93
27.22
23.58
4.03
0.00
26.34
25.03
25.84
24.74
4.39
0.56
25.76
25.24
4.83
24.25
27.63
26.95
25.71
24.35
25.69
4.23
4.58
3.13
4.35
28.37
25.19
24.79
25.30
23.35
25.45
25.63
23.22
23.48
3.79
3.67
5.10
20.66
19.90
2.89
1.75
4.92
5.63
1.42
5.32
5.68
20.64
5.36
5.44
20.59
15.34
12.41
3.65
0.79
21.44
5.36
5.46
1.92
11.83
4.28
1.39
0.56
3.72
1.10
0.95
4.84
14.03
15.43
13.00
4.83
4.60
12.53
17.18
12.18
17.30
13.32
12.40
11.67
11.91
11.44
11.41
7.92
24.92
7.72
17.38
14.74
3.92
16.52
11.80
17.92
9.39
16.45
25.74
26.50
17.19
26.82
26.62
2.92
11.51
11.03
25.73
26.34
0.00
18.12
9.78
7.97
26.30
26.77
17.02
11.40
25.69
17.27
14.32
1.80
17.61
17.81
10.61
25.04
24.26
25.75
25.95
8.95
10.37
6.76
9.67
17.58
10.14
10.67
17.69
13.56
19.07
19.81
19.92
27.96
27.30
19.06
18.60
19.60
21.19
17.69
20.08
19.54
28.13
20.22
19.66
28.24
3.82
20.54
21.07
17.96
28.87
20.91
20.91
19.64
20.95
20.16
18.17
18.65
19.84
18.70
18.97
20.64
22.02
3.63
21.75
19.67
20.53
21.36
1.03
20.35
1.11
21.87
20.38
19.10
20.05
20.03
19.26
16.23
22.18
21.27
1.31
4.46
15.43
1.97
20.85
0.79
22.34
2.18
22.05
25.44
1.38
25.08
25.30
16.08
19.08
25.67
22.84
25.03
18.12
0.00
22.55
21.24
22.57
25.13
1.81
23.00
22.35
1.03
22.75
19.52
1.01
0.73
23.21
22.34
22.03
22.79
22.39
20.46
25.92
20.89
22.27
1.77
22.76
23.13
1.82
27.76
6.78
7.22
5.94
25.05
25.14
7.26
8.12
5.99
5.32
8.75
5.80
5.66
25.33
5.64
5.84
25.35
19.19
5.76
7.27
9.10
25.04
5.74
5.64
8.34
5.08
6.94
8.48
9.50
7.11
8.78
9.20
6.81
6.22
19.32
5.30
6.09
7.93
5.12
21.52
5.80
21.49
5.51
6.03
6.25
5.83
5.35
6.09
17.07
25.94
2.44
21.77
18.61
9.10
20.70
4.94
22.38
0.56
20.56
26.99
25.80
21.62
26.37
25.95
9.24
6.32
6.85
26.65
25.84
9.78
22.55
0.00
2.09
27.12
26.32
21.35
1.85
26.86
21.69
6.03
8.47
22.25
22.26
0.95
26.05
25.41
26.17
26.81
4.61
6.40
3.27
0.54
22.00
0.61
0.98
21.93
8.64
4.74
5.24
3.88
23.24
23.25
5.31
6.26
3.91
3.46
6.86
3.74
3.58
23.50
3.60
3.76
23.52
18.01
6.81
5.79
7.27
23.33
3.81
3.71
6.59
6.20
4.95
6.62
7.71
5.13
6.96
7.43
4.85
7.65
18.13
6.69
4.02
5.95
6.41
20.21
6.78
20.20
6.93
7.03
6.88
6.72
6.19
6.72
15.47
24.58
0.43
20.51
17.43
7.19
19.44
6.05
21.04
1.99
19.32
25.62
24.73
20.35
25.27
24.88
7.30
6.92
6.25
25.31
24.74
7.97
21.24
2.09
0.00
25.82
25.22
20.11
3.51
25.49
20.35
7.62
6.79
20.95
20.92
2.76
24.69
24.02
24.93
25.50
4.98
5.89
1.30
1.80
20.61
2.27
2.81
20.57
8.43
24.53
24.93
24.28
19.06
20.29
25.26
25.79
24.22
25.42
25.36
24.27
23.67
19.84
24.46
23.82
20.18
23.43
28.30
27.89
25.90
18.48
25.09
25.03
26.79
28.69
24.74
25.76
26.54
24.97
26.18
26.72
24.70
28.68
23.31
28.59
24.29
24.37
28.43
22.30
28.36
22.29
28.54
28.47
27.60
28.27
28.08
27.93
29.72
1.75
25.71
23.36
23.65
23.16
22.73
28.38
21.83
27.36
22.88
1.25
4.98
23.30
4.04
4.72
23.83
27.87
25.38
1.29
4.39
26.30
22.57
27.12
25.82
0.00
4.11
23.54
26.72
1.24
21.87
28.90
27.18
23.32
21.89
27.12
1.74
2.64
1.41
0.39
29.07
26.85
25.74
26.58
20.87
26.82
27.06
20.76
25.68
24.51
24.88
24.04
19.31
20.88
25.33
26.02
24.02
25.03
25.73
23.99
23.39
20.19
24.16
23.56
20.53
25.47
27.82
27.85
26.30
18.34
24.75
24.68
26.97
28.19
24.59
26.07
26.93
24.90
26.49
27.05
24.46
27.95
25.38
27.91
24.09
24.22
27.83
24.74
27.92
24.71
27.83
28.04
27.31
27.88
27.69
27.66
31.16
4.22
25.11
25.79
25.61
23.69
25.03
27.87
24.42
26.64
25.14
5.02
0.97
25.71
0.16
0.68
24.34
27.62
24.11
3.87
0.56
26.77
25.13
26.32
25.22
4.11
0.00
25.90
25.73
4.65
24.37
28.07
27.40
25.83
24.45
26.18
4.16
4.60
2.94
4.12
28.81
25.72
25.27
25.78
23.46
25.94
26.12
23.32
24.03
18.05
18.81
18.93
28.27
27.58
18.01
17.50
18.61
20.16
16.61
19.09
18.57
28.42
19.22
18.70
28.52
2.26
19.17
19.89
16.86
29.17
19.90
19.90
18.52
19.56
19.18
17.07
17.55
18.83
17.60
17.86
19.68
20.70
2.10
20.41
18.68
19.62
20.01
1.36
18.96
1.35
20.55
18.99
17.72
18.66
18.65
17.85
15.13
23.08
20.16
0.52
2.86
14.43
0.94
19.48
2.33
21.13
0.96
23.05
26.15
0.48
25.85
26.03
15.06
17.67
24.80
23.77
25.76
17.02
1.81
21.35
20.11
23.54
25.90
0.00
21.85
23.32
1.90
21.45
18.36
1.19
2.20
22.05
23.24
22.90
23.68
23.35
19.02
24.96
19.77
21.11
3.04
21.60
21.97
3.07
26.96
8.22
8.72
7.28
25.68
25.92
8.81
9.72
7.33
6.81
10.28
7.12
6.84
26.02
6.99
7.08
26.07
19.67
5.44
9.07
10.69
25.55
7.19
7.07
10.04
4.99
8.39
10.06
11.16
8.62
10.41
10.88
8.22
5.37
19.80
4.69
7.45
9.31
4.67
21.98
5.59
21.92
4.79
5.79
6.16
5.72
5.33
6.13
18.66
25.60
3.85
22.26
19.13
10.28
21.17
4.79
22.83
2.35
21.03
26.67
25.17
22.12
25.77
25.32
10.56
6.34
7.29
26.28
25.24
11.40
23.00
1.85
3.51
26.72
25.73
21.85
0.00
26.53
22.15
5.05
10.20
22.77
22.71
1.24
25.71
25.12
25.72
26.42
5.70
7.18
4.79
1.78
22.42
1.45
1.08
22.33
8.67
24.01
24.37
23.78
17.91
19.12
24.72
25.22
23.72
24.93
24.79
23.78
23.21
18.69
23.97
23.34
19.03
23.21
28.21
27.33
25.31
17.38
24.58
24.53
26.20
28.56
24.19
25.19
25.92
24.41
25.59
26.11
24.15
28.65
23.09
28.51
23.79
23.77
28.34
22.06
28.26
22.08
28.48
28.38
27.49
28.16
27.95
27.81
29.01
1.02
25.35
23.14
23.41
22.65
22.50
28.25
21.59
27.08
22.66
0.49
5.43
23.06
4.61
5.24
23.28
27.75
24.94
0.83
4.83
25.69
22.35
26.86
25.49
1.24
4.65
23.32
26.53
0.00
21.63
28.87
26.60
23.07
21.65
26.87
0.99
1.74
2.01
0.97
28.80
26.40
25.35
26.32
20.62
26.56
26.82
20.53
25.28
18.14
18.88
18.98
27.04
26.40
18.16
17.71
18.67
20.27
16.81
19.14
18.59
27.22
19.28
18.72
27.33
3.42
19.85
20.21
17.09
27.93
19.98
19.98
18.77
20.24
19.22
17.29
17.80
18.91
17.83
18.12
19.69
21.33
3.21
21.04
18.74
19.57
20.65
0.57
19.66
0.80
21.17
19.70
18.41
19.36
19.33
18.57
15.66
21.43
20.38
1.57
4.01
14.51
1.57
20.13
0.72
21.50
1.84
21.35
24.66
1.51
24.31
24.53
15.17
18.40
24.70
22.10
24.25
17.27
1.03
21.69
20.35
21.87
24.37
1.90
22.15
21.63
0.00
22.05
18.67
1.46
0.58
22.36
21.59
21.25
22.06
21.68
19.72
24.97
19.99
21.41
1.14
21.90
22.28
1.23
26.78
11.84
12.55
11.29
30.13
30.32
12.26
12.87
11.23
11.04
13.23
11.19
10.80
30.48
11.08
11.07
30.55
19.20
2.60
12.43
13.62
30.04
11.39
11.29
13.29
2.87
12.39
13.07
14.18
12.45
13.52
13.95
12.39
0.82
19.36
1.43
11.36
13.48
1.94
21.78
2.92
21.65
1.10
2.88
3.97
3.28
3.44
4.08
20.39
28.01
8.05
21.89
18.67
12.82
20.86
2.78
22.72
6.15
20.67
28.96
27.57
21.79
28.09
27.67
13.28
4.20
12.34
28.67
27.63
14.32
22.75
6.03
7.62
28.90
28.07
21.45
5.05
28.87
22.05
0.00
13.28
22.51
22.59
5.93
28.13
27.65
27.95
28.65
6.07
12.14
8.78
6.19
22.47
6.08
5.78
22.33
13.55
3.26
2.99
4.36
21.40
20.74
2.27
1.45
4.24
4.47
2.08
4.55
5.06
21.40
4.52
4.81
21.35
16.57
11.53
1.87
1.70
22.06
4.31
4.43
0.58
10.85
3.55
1.58
1.33
3.01
1.10
0.93
4.04
13.06
16.68
11.99
4.13
4.11
11.54
18.56
11.32
18.66
12.33
11.54
10.97
11.08
10.58
10.67
9.27
25.79
6.54
18.74
15.95
4.80
17.85
10.83
19.34
8.06
17.77
26.67
27.08
18.56
27.46
27.21
3.93
10.80
9.88
26.59
26.95
1.80
19.52
8.47
6.79
27.18
27.40
18.36
10.20
26.60
18.67
13.28
0.00
19.02
19.23
9.29
25.90
25.13
26.55
26.82
7.84
9.03
5.57
8.43
19.01
8.86
9.37
19.09
12.41
18.72
19.45
19.62
28.09
27.36
18.67
18.15
19.29
20.87
17.24
19.78
19.27
28.23
19.91
19.38
28.33
3.37
20.24
20.59
17.48
29.03
20.59
20.59
19.16
20.62
19.82
17.71
18.15
19.48
18.22
18.48
20.31
21.77
3.19
21.47
19.36
20.20
21.07
1.19
20.03
1.37
21.61
20.06
18.79
19.72
19.70
18.92
15.45
22.87
20.98
0.73
3.95
15.07
1.70
20.53
1.59
22.03
1.87
22.78
26.12
0.75
25.78
25.99
15.68
18.74
25.48
23.55
25.71
17.61
1.01
22.25
20.95
23.32
25.83
1.19
22.77
23.07
1.46
22.51
19.02
0.00
1.50
22.95
23.03
22.70
23.52
23.12
20.01
25.66
20.57
22.00
2.47
22.49
22.87
2.60
27.63
18.70
19.43
19.53
27.28
26.64
18.72
18.27
19.22
20.83
17.37
19.69
19.15
27.46
19.83
19.27
27.57
3.92
20.40
20.78
17.65
28.18
20.53
20.53
19.33
20.80
19.77
17.85
18.35
19.46
18.38
18.67
20.24
21.87
3.72
21.59
19.29
20.11
21.20
0.98
20.21
1.13
21.71
20.25
18.97
19.92
19.89
19.13
16.11
21.48
20.95
1.77
4.54
15.07
2.05
20.69
0.15
22.07
2.30
21.36
24.77
1.76
24.40
24.63
15.72
18.95
25.23
22.14
24.35
17.81
0.73
22.26
20.92
21.89
24.45
2.20
22.71
21.65
0.58
22.59
19.23
1.50
0.00
22.92
21.63
21.32
22.11
21.70
20.30
25.51
20.56
21.97
1.04
22.46
22.84
1.14
27.30
7.48
7.89
6.53
25.20
25.37
8.01
8.93
6.61
5.88
9.56
6.37
6.22
25.50
6.22
6.41
25.53
19.89
6.06
8.04
9.93
25.12
6.30
6.19
9.13
5.44
7.55
9.30
10.32
7.78
9.59
10.02
7.36
6.23
20.02
5.41
6.71
8.47
5.32
22.19
6.15
22.15
5.57
6.36
6.69
6.23
5.78
6.57
17.97
25.94
3.06
22.46
19.32
9.86
21.38
5.28
23.04
1.48
21.24
27.02
25.62
22.31
26.23
25.79
10.03
6.80
6.57
26.64
25.69
10.61
23.21
0.95
2.76
27.12
26.18
22.05
1.24
26.87
22.36
5.93
9.29
22.95
22.92
0.00
26.05
25.42
26.13
26.81
5.40
6.24
3.96
1.04
22.63
0.51
0.17
22.56
8.15
23.27
23.63
23.01
17.37
18.62
23.99
24.53
22.96
24.14
24.12
23.00
22.43
18.16
23.19
22.57
18.50
23.04
27.51
26.59
24.65
16.79
23.80
23.74
25.49
27.84
23.42
24.51
25.25
23.66
24.91
25.43
23.37
27.93
22.93
27.78
23.02
23.00
27.62
22.01
27.56
22.02
27.75
27.69
26.82
27.47
27.25
27.13
28.57
0.16
24.55
23.08
23.22
22.02
22.41
27.54
21.59
26.28
22.55
1.41
4.83
23.00
4.14
4.68
22.64
27.09
24.03
0.70
4.23
25.04
22.34
26.05
24.69
1.74
4.16
23.24
25.71
0.99
21.59
28.13
25.90
23.03
21.63
26.05
0.00
0.92
1.71
1.37
28.09
25.50
24.56
25.51
20.61
25.74
26.00
20.52
24.34
22.51
22.85
22.26
16.53
17.76
23.23
23.76
22.21
23.39
23.36
22.25
21.70
17.32
22.44
21.83
17.65
22.66
27.00
25.82
23.88
15.97
23.04
22.99
24.71
27.31
22.65
23.75
24.47
22.89
24.13
24.65
22.59
27.44
22.55
27.26
22.27
22.20
27.09
21.68
27.04
21.70
27.24
27.18
26.30
26.94
26.72
26.61
27.82
0.89
23.87
22.75
22.82
21.30
22.06
27.00
21.27
25.64
22.20
2.09
5.14
22.66
4.61
5.04
21.90
26.57
23.30
1.58
4.58
24.26
22.03
25.41
24.02
2.64
4.60
22.90
25.12
1.74
21.25
27.65
25.13
22.70
21.32
25.42
0.92
0.00
2.45
2.26
27.47
24.76
23.86
24.87
20.29
25.11
25.38
20.21
23.63
23.81
24.21
23.49
18.79
20.11
24.57
25.15
23.44
24.60
24.76
23.47
22.87
19.60
23.65
23.03
19.94
23.43
27.44
27.17
25.31
18.11
24.28
24.22
26.14
27.83
23.99
25.14
25.96
24.24
25.57
26.12
23.92
27.76
23.32
27.68
23.51
23.63
27.54
22.46
27.51
22.45
27.62
27.63
26.79
27.43
27.25
27.13
29.51
1.72
24.81
23.52
23.61
22.60
22.83
27.51
22.06
26.44
22.97
2.27
3.73
23.45
2.87
3.48
23.27
27.08
24.34
1.46
3.13
25.75
22.79
26.17
24.93
1.41
2.94
23.68
25.72
2.01
22.06
27.95
26.55
23.52
22.11
26.13
1.71
2.45
0.00
1.31
28.27
25.85
24.89
25.63
21.10
25.85
26.07
20.98
24.56
24.18
24.58
23.93
18.71
19.94
24.91
25.43
23.87
25.08
25.01
23.92
23.32
19.49
24.11
23.48
19.83
23.22
28.03
27.53
25.54
18.14
24.74
24.68
26.43
28.41
24.38
25.40
26.18
24.61
25.83
26.36
24.34
28.42
23.10
28.32
23.94
24.00
28.17
22.10
28.09
22.10
28.28
28.21
27.33
28.00
27.80
27.66
29.38
1.37
25.38
23.17
23.42
22.82
22.53
28.10
21.65
27.05
22.68
1.04
4.95
23.10
4.05
4.71
23.48
27.60
25.04
1.01
4.35
25.95
22.39
26.81
25.50
0.39
4.12
23.35
26.42
0.97
21.68
28.65
26.82
23.12
21.70
26.81
1.37
2.26
1.31
0.00
28.77
26.51
25.41
26.27
20.68
26.51
26.75
20.57
25.35
7.52
8.14
7.51
27.42
27.19
7.53
7.78
7.38
7.23
8.16
7.51
7.39
27.61
7.38
7.53
27.62
16.82
4.23
7.18
8.37
27.70
7.54
7.50
8.02
3.38
8.21
7.91
8.81
8.05
8.28
8.56
8.41
5.78
16.98
4.71
7.46
9.41
4.26
19.46
3.99
19.42
5.09
4.18
4.13
3.80
3.36
3.67
14.70
27.96
5.28
19.49
16.18
8.52
18.52
3.50
20.44
4.14
18.35
28.87
28.40
19.36
28.85
28.51
8.65
3.87
10.95
28.71
28.37
8.95
20.46
4.61
4.98
29.07
28.81
19.02
5.70
28.80
19.72
6.07
7.84
20.01
20.30
5.40
28.09
27.47
28.27
28.77
0.00
10.19
5.34
4.87
20.24
5.17
5.37
20.19
13.03
7.35
6.97
6.18
20.99
21.19
7.83
8.88
6.50
5.10
9.72
5.98
6.40
21.22
5.86
6.32
21.21
23.01
12.15
7.54
9.93
20.85
5.36
5.31
8.62
11.46
6.43
9.39
9.93
6.91
9.32
9.60
5.89
12.46
23.11
11.63
6.47
6.49
11.49
24.91
12.19
24.94
11.80
12.42
12.54
12.21
11.70
12.38
18.19
25.43
5.60
25.31
22.46
10.89
24.25
11.34
25.62
6.55
24.17
26.62
25.11
25.14
25.80
25.33
10.63
12.60
1.76
26.11
25.19
10.37
25.92
6.40
5.89
26.85
25.72
24.96
7.18
26.40
24.97
12.14
9.03
25.66
25.51
6.24
25.50
24.76
25.85
26.51
10.19
0.00
5.72
6.29
25.08
6.20
6.39
25.08
3.74
3.53
3.97
2.73
22.43
22.34
4.06
5.03
2.77
2.26
5.69
2.62
2.63
22.65
2.45
2.73
22.66
17.72
7.75
4.59
6.07
22.60
2.61
2.52
5.33
7.11
3.70
5.43
6.48
3.86
5.72
6.19
3.64
8.76
17.83
7.77
2.86
4.76
7.44
19.87
7.68
19.88
8.03
7.93
7.65
7.57
7.03
7.47
14.38
24.46
0.97
20.16
17.13
6.30
19.11
6.98
20.68
3.05
19.00
25.48
24.81
20.00
25.33
24.96
6.28
7.65
6.21
25.20
24.79
6.76
20.89
3.27
1.30
25.74
25.27
19.77
4.79
25.35
19.99
8.78
5.57
20.57
20.56
3.96
24.56
23.86
24.89
25.41
5.34
5.72
0.00
3.06
20.25
3.49
4.03
20.23
8.59
6.54
7.02
5.65
24.64
24.75
7.09
7.99
5.71
5.12
8.59
5.51
5.32
24.92
5.36
5.52
24.96
18.96
5.89
7.29
8.98
24.62
5.52
5.41
8.26
5.27
6.71
8.35
9.41
6.91
8.67
9.12
6.57
6.36
19.09
5.46
5.81
7.68
5.28
21.25
5.93
21.21
5.66
6.16
6.31
5.96
5.47
6.18
17.02
25.40
2.16
21.52
18.39
8.83
20.44
5.11
22.09
0.95
20.31
26.46
25.26
21.37
25.83
25.41
9.01
6.40
6.62
26.11
25.30
9.67
22.27
0.54
1.80
26.58
25.78
21.11
1.78
26.32
21.41
6.19
8.43
22.00
21.97
1.04
25.51
24.87
25.63
26.27
4.87
6.29
3.06
0.00
21.69
0.53
1.04
21.62
8.43
18.34
19.07
19.15
26.41
25.81
18.40
18.00
18.84
20.46
17.10
19.30
18.74
26.60
19.45
18.87
26.73
4.37
20.33
20.55
17.40
27.28
20.16
20.16
19.08
20.73
19.39
17.59
18.11
19.10
18.12
18.43
19.84
21.77
4.16
21.49
18.91
19.69
21.10
1.69
20.15
1.81
21.60
20.20
18.91
19.86
19.81
19.08
16.18
20.45
20.63
2.69
4.94
14.74
2.62
20.60
1.00
21.82
2.88
20.33
23.77
2.65
23.40
23.63
15.41
18.91
24.75
21.12
23.35
17.58
1.77
22.00
20.61
20.87
23.46
3.04
22.42
20.62
1.14
22.47
19.01
2.47
1.04
22.63
20.61
20.29
21.10
20.68
20.24
25.08
20.25
21.69
0.00
22.17
22.56
0.38
26.77
7.00
7.44
6.07
24.87
25.02
7.54
8.46
6.14
5.48
9.08
5.91
5.75
25.17
5.77
5.94
25.20
19.44
6.00
7.66
9.46
24.82
5.88
5.77
8.69
5.38
7.11
8.82
9.87
7.33
9.13
9.57
6.94
6.31
19.57
5.46
6.24
8.05
5.32
21.73
6.06
21.69
5.63
6.29
6.53
6.12
5.65
6.40
17.51
25.64
2.58
22.01
18.87
9.35
20.93
5.22
22.58
1.17
20.79
26.71
25.40
21.86
25.99
25.56
9.52
6.63
6.52
26.34
25.45
10.14
22.76
0.61
2.27
26.82
25.94
21.60
1.45
26.56
21.90
6.08
8.86
22.49
22.46
0.51
25.74
25.11
25.85
26.51
5.17
6.20
3.49
0.53
22.17
0.00
0.54
22.10
8.22
7.54
7.96
6.60
25.26
25.44
8.08
8.99
6.67
5.98
9.61
6.44
6.27
25.57
6.29
6.47
25.61
19.80
5.92
8.15
9.99
25.18
6.39
6.28
9.21
5.32
7.63
9.35
10.39
7.86
9.66
10.09
7.45
6.08
19.93
5.27
6.77
8.55
5.18
22.11
6.01
22.06
5.42
6.23
6.56
6.10
5.66
6.45
18.01
25.89
3.12
22.38
19.24
9.87
21.30
5.16
22.96
1.52
21.16
26.97
25.57
22.23
26.17
25.73
10.05
6.68
6.69
26.58
25.63
10.67
23.13
0.98
2.81
27.06
26.12
21.97
1.08
26.82
22.28
5.78
9.37
22.87
22.84
0.17
26.00
25.38
26.07
26.75
5.37
6.39
4.03
1.04
22.56
0.54
0.00
22.48
8.26
18.38
19.12
19.17
26.54
25.97
18.46
18.07
18.86
20.48
17.18
19.31
18.75
26.75
19.47
18.88
26.88
4.32
20.21
20.61
17.49
27.39
20.18
20.18
19.16
20.62
19.43
17.67
18.21
19.15
18.21
18.53
19.88
21.62
4.12
21.36
18.93
19.75
20.98
1.71
20.03
1.77
21.47
20.07
18.79
19.74
19.70
18.97
16.41
20.36
20.59
2.73
4.90
14.79
2.60
20.49
1.11
21.77
2.85
20.24
23.64
2.70
23.27
23.50
15.48
18.80
24.73
21.02
23.22
17.69
1.82
21.93
20.57
20.76
23.32
3.07
22.33
20.53
1.23
22.33
19.09
2.60
1.14
22.56
20.52
20.21
20.98
20.57
20.19
25.08
20.23
21.62
0.38
22.10
22.48
0.00
26.74
10.22
9.96
8.92
20.46
21.06
10.90
12.03
9.23
8.19
12.77
8.71
8.89
20.82
8.64
8.88
20.85
25.05
14.08
11.09
13.07
19.96
8.37
8.30
11.95
13.56
9.36
12.52
13.16
9.90
12.52
12.88
8.78
13.98
25.13
13.36
9.23
9.23
13.34
26.77
14.19
26.78
13.44
14.40
14.58
14.26
13.82
14.53
21.42
24.28
8.21
27.28
24.56
13.43
26.18
13.37
27.40
8.99
26.11
25.56
23.33
27.11
24.13
23.59
13.34
14.73
2.55
24.89
23.48
13.56
27.76
8.64
8.43
25.68
24.03
26.96
8.67
25.28
26.78
13.55
12.41
27.63
27.30
8.15
24.34
23.63
24.56
25.35
13.03
3.74
8.59
8.43
26.77
8.22
8.26
26.74
0.00
