0.00
0.93
1.51
1.70
2.39
0.70
1.52
9.57
1.96
0.97
1.08
1.93
1.23
0.83
1.15
0.76
3.97
3.97
9.17
9.50
2.93
2.53
15.02
1.90
10.55
3.52
8.36
10.05
9.78
9.25
10.41
4.21
17.03
9.20
4.51
4.25
16.38
15.75
18.46
16.06
16.33
9.17
18.68
3.58
18.28
16.40
3.66
17.21
9.82
17.87
18.30
17.86
9.73
15.18
16.11
15.44
19.00
17.92
16.31
18.21
3.71
18.48
9.06
19.41
16.08
2.68
12.54
8.47
9.30
18.79
14.95
16.56
12.06
11.65
18.61
16.45
17.50
11.25
12.68
16.48
16.47
15.95
16.28
13.67
17.07
6.71
16.25
11.93
12.47
0.93
0.00
0.69
1.09
1.72
0.63
1.74
9.91
2.39
0.34
0.24
1.20
0.50
0.21
0.25
0.76
4.08
4.16
9.50
9.78
2.82
2.80
14.36
1.80
10.94
3.61
8.70
10.35
10.14
9.60
10.72
4.38
17.40
9.58
4.79
4.37
15.59
15.06
17.68
15.48
16.71
9.51
17.89
3.52
17.48
16.80
3.70
17.56
10.17
17.11
17.53
17.05
9.99
14.53
16.49
14.73
18.23
17.17
16.72
17.39
4.01
17.66
9.46
18.62
16.50
3.59
12.94
8.86
9.70
17.99
15.39
16.95
12.45
12.04
17.80
16.83
16.69
11.64
13.09
16.88
16.82
16.36
16.60
14.14
17.40
7.23
16.62
12.32
12.85
1.51
0.69
0.00
1.25
1.70
1.10
1.97
10.13
2.68
0.87
0.57
1.19
0.67
0.80
0.64
1.28
4.23
4.33
9.71
10.00
2.99
3.06
14.01
1.94
11.16
3.73
8.93
10.48
10.34
9.80
10.85
4.51
17.52
9.78
4.98
4.51
14.95
14.67
17.04
15.10
17.19
9.72
17.25
3.65
16.84
16.94
3.86
17.68
10.42
16.46
16.89
16.41
10.19
14.20
16.98
14.37
17.58
16.52
16.89
16.75
4.22
17.01
9.71
17.97
16.68
4.15
13.28
9.09
9.91
17.34
15.59
17.09
12.61
12.35
17.15
16.95
16.05
11.78
13.41
17.01
17.30
16.51
17.02
14.48
17.89
7.23
17.11
12.66
13.18
1.70
1.09
1.25
0.00
0.68
1.69
2.82
10.91
3.45
0.80
1.22
0.33
0.69
1.28
1.01
1.01
5.09
5.19
10.52
10.77
3.72
3.85
13.42
2.83
11.98
4.64
9.72
11.41
11.17
10.62
11.78
5.42
18.46
10.62
5.83
5.37
15.19
14.16
17.30
14.58
17.34
10.53
17.49
4.44
17.09
17.87
4.68
18.63
11.15
16.74
17.14
16.65
10.97
13.56
17.11
13.78
17.87
16.80
17.79
16.99
5.07
17.32
10.48
18.21
17.56
4.25
13.85
9.90
10.74
17.60
16.44
18.02
13.52
12.97
17.45
17.91
16.29
12.71
14.03
17.95
17.41
17.42
17.27
15.08
17.95
7.76
17.23
13.24
13.76
2.39
1.72
1.70
0.68
0.00
2.33
3.45
11.49
4.10
1.47
1.80
0.53
1.30
1.91
1.60
1.68
5.64
5.76
11.10
11.32
4.21
4.47
12.77
3.39
12.59
5.20
10.30
11.99
11.77
11.21
12.36
5.98
19.06
11.22
6.42
5.92
14.72
13.51
16.85
13.99
17.81
11.12
17.01
4.93
16.62
18.48
5.20
19.23
11.72
16.29
16.68
16.17
11.52
12.90
17.58
13.11
17.42
16.36
18.40
16.51
5.67
16.86
11.09
17.73
18.17
4.90
14.42
10.51
11.36
17.13
17.06
18.63
14.13
13.54
17.00
18.51
15.81
13.32
14.62
18.56
17.85
18.04
17.73
15.68
18.37
8.22
17.68
13.81
14.32
0.70
0.63
1.10
1.69
2.33
0.00
1.14
9.31
1.77
0.90
0.62
1.82
1.11
0.43
0.78
1.08
3.54
3.59
8.91
9.21
2.39
2.20
14.98
1.31
10.34
3.07
8.11
9.76
9.54
9.00
10.13
3.81
16.80
8.97
4.20
3.83
16.03
15.67
18.11
16.08
16.25
8.91
18.33
3.05
17.92
16.19
3.19
16.97
9.58
17.53
17.97
17.49
9.42
15.15
16.04
15.34
18.65
17.59
16.11
17.83
3.41
18.07
8.85
19.05
15.89
3.16
12.36
8.25
9.09
18.41
14.77
16.34
11.84
11.46
18.22
16.23
17.13
11.03
12.50
16.27
16.38
15.75
16.13
13.54
16.98
7.02
16.17
11.75
12.28
1.52
1.74
1.97
2.82
3.45
1.14
0.00
8.28
0.72
2.03
1.66
2.92
2.20
1.55
1.86
2.15
2.57
2.56
7.86
8.21
1.83
1.18
15.98
0.74
9.26
2.07
7.07
8.65
8.46
7.94
9.02
2.76
15.67
7.89
3.13
2.85
16.51
16.64
18.57
17.03
15.68
7.86
18.81
2.31
18.39
15.07
2.32
15.84
8.58
17.98
18.44
17.97
8.42
16.17
15.47
16.34
19.09
18.04
14.99
18.31
2.33
18.49
7.80
19.53
14.78
2.95
11.45
7.18
8.00
18.87
13.67
15.22
10.73
10.52
18.64
15.10
17.62
9.91
11.55
15.14
15.85
14.63
15.50
12.58
16.50
6.72
15.63
10.84
11.37
9.57
9.91
10.13
10.91
11.49
9.31
8.28
0.00
7.73
10.18
9.80
11.00
10.40
9.70
9.95
10.28
5.93
5.80
0.48
0.78
7.39
7.12
23.88
8.20
1.54
6.42
1.22
1.84
0.88
0.62
1.97
5.66
8.00
1.06
5.16
5.67
22.79
24.44
24.70
25.10
10.19
0.53
24.98
6.71
24.50
7.47
6.37
8.19
0.72
24.17
24.67
24.10
0.96
24.07
10.12
24.05
25.17
24.24
7.35
24.34
5.96
24.25
0.94
25.64
7.00
8.62
3.91
1.41
1.35
24.89
5.95
7.67
3.50
2.85
24.49
7.71
23.77
3.01
3.74
7.75
10.65
7.01
9.53
4.87
11.53
11.68
10.38
3.34
3.81
1.96
2.39
2.68
3.45
4.10
1.77
0.72
7.73
0.00
2.65
2.34
3.58
2.85
2.19
2.53
2.68
2.27
2.17
7.31
7.70
1.97
0.82
16.67
1.25
8.66
1.82
6.51
8.11
7.88
7.37
8.47
2.38
15.09
7.31
2.64
2.54
17.14
17.33
19.18
17.69
15.22
7.30
19.44
2.28
19.01
14.47
2.15
15.26
8.03
18.59
19.05
18.60
7.92
16.86
15.03
17.05
19.70
18.64
14.38
18.94
1.82
19.10
7.21
20.15
14.17
2.59
10.89
6.59
7.40
19.49
13.05
14.62
10.12
9.96
19.25
14.51
18.24
9.31
10.97
14.54
15.43
14.02
15.06
11.97
16.11
6.52
15.20
10.28
10.83
0.97
0.34
0.87
0.80
1.47
0.90
2.03
10.18
2.65
0.00
0.56
0.98
0.35
0.51
0.43
0.52
4.38
4.45
9.77
10.05
3.10
3.08
14.17
2.12
11.22
3.92
8.97
10.65
10.41
9.87
11.02
4.68
17.69
9.85
5.08
4.67
15.61
14.89
17.71
15.28
16.83
9.78
17.91
3.81
17.50
17.09
3.99
17.86
10.42
17.13
17.55
17.08
10.26
14.32
16.61
14.54
18.26
17.19
17.00
17.41
4.30
17.71
9.72
18.63
16.78
3.62
13.16
9.13
9.97
18.01
15.66
17.24
12.74
12.27
17.84
17.13
16.71
11.92
13.32
17.17
16.93
16.64
16.74
14.36
17.50
7.31
16.73
12.55
13.07
1.08
0.24
0.57
1.22
1.80
0.62
1.66
9.80
2.34
0.56
0.00
1.27
0.63
0.27
0.24
0.99
3.94
4.03
9.39
9.67
2.67
2.71
14.39
1.65
10.85
3.47
8.60
10.23
10.03
9.49
10.60
4.24
17.28
9.48
4.68
4.23
15.49
15.08
17.58
15.52
16.69
9.40
17.79
3.36
17.38
16.69
3.56
17.45
10.07
17.01
17.44
16.95
9.87
14.56
16.47
14.74
18.13
17.07
16.62
17.28
3.91
17.54
9.37
18.51
16.40
3.72
12.86
8.77
9.60
17.88
15.30
16.84
12.35
11.95
17.69
16.72
16.59
11.53
13.01
16.77
16.79
16.26
16.55
14.07
17.38
7.30
16.60
12.25
12.77
1.93
1.20
1.19
0.33
0.53
1.82
2.92
11.00
3.58
0.98
1.27
0.00
0.79
1.39
1.07
1.28
5.14
5.25
10.60
10.84
3.74
3.95
13.23
2.87
12.08
4.69
9.81
11.47
11.26
10.71
11.85
5.47
18.54
10.71
5.91
5.42
14.89
13.95
17.01
14.41
17.50
10.62
17.19
4.46
16.79
17.95
4.71
18.70
11.24
16.45
16.85
16.35
11.04
13.37
17.27
13.57
17.57
16.52
17.88
16.68
5.16
17.01
10.59
17.91
17.65
4.53
13.97
10.00
10.84
17.30
16.55
18.10
13.61
13.08
17.15
17.99
15.99
12.79
14.16
18.04
17.56
17.51
17.39
15.22
18.10
7.90
17.38
13.36
13.87
1.23
0.50
0.67
0.69
1.30
1.11
2.20
10.40
2.85
0.35
0.63
0.79
0.00
0.70
0.52
0.71
4.56
4.64
9.99
10.28
3.28
3.29
13.89
2.27
11.43
4.09
9.19
10.83
10.62
10.09
11.20
4.85
17.87
10.06
5.28
4.85
15.27
14.60
17.37
14.99
17.15
10.00
17.58
3.98
17.17
17.27
4.18
18.03
10.66
16.80
17.21
16.75
10.48
14.06
16.93
14.28
17.92
16.85
17.20
17.09
4.49
17.38
9.95
18.30
16.98
3.89
13.43
9.35
10.18
17.68
15.87
17.42
12.93
12.53
17.51
17.30
16.38
12.11
13.59
17.34
17.25
16.83
17.05
14.63
17.82
7.27
17.06
12.82
13.34
0.83
0.21
0.80
1.28
1.91
0.43
1.55
9.70
2.19
0.51
0.27
1.39
0.70
0.00
0.37
0.84
3.89
3.96
9.29
9.58
2.64
2.60
14.57
1.62
10.74
3.42
8.50
10.15
9.93
9.39
10.52
4.18
17.20
9.37
4.59
4.17
15.74
15.26
17.83
15.68
16.53
9.30
18.04
3.34
17.63
16.60
3.51
17.37
9.96
17.26
17.69
17.20
9.79
14.73
16.31
14.93
18.38
17.32
16.52
17.54
3.81
17.80
9.25
18.77
16.30
3.46
12.73
8.66
9.49
18.13
15.18
16.75
12.25
11.83
17.94
16.64
16.84
11.44
12.88
16.68
16.64
16.16
16.41
13.93
17.23
7.21
16.45
12.12
12.64
1.15
0.25
0.64
1.01
1.60
0.78
1.86
9.95
2.53
0.43
0.24
1.07
0.52
0.37
0.00
0.93
4.10
4.20
9.55
9.81
2.78
2.88
14.25
1.82
11.02
3.64
8.75
10.41
10.20
9.65
10.78
4.42
17.47
9.64
4.85
4.38
15.47
14.94
17.57
15.40
16.71
9.56
17.78
3.48
17.36
16.88
3.70
17.64
10.21
17.01
17.43
16.93
10.01
14.41
16.49
14.59
18.13
17.07
16.81
17.26
4.08
17.53
9.53
18.50
16.58
3.80
12.97
8.93
9.77
17.86
15.48
17.03
12.54
12.08
17.68
16.92
16.57
11.72
13.14
16.97
16.81
16.44
16.58
14.20
17.38
7.47
16.62
12.36
12.88
0.76
0.76
1.28
1.01
1.68
1.08
2.15
10.28
2.68
0.52
0.99
1.28
0.71
0.84
0.93
0.00
4.59
4.62
9.88
10.19
3.40
3.20
14.28
2.39
11.28
4.13
9.07
10.76
10.50
9.97
11.12
4.86
17.77
9.93
5.20
4.87
15.91
15.03
18.00
15.34
16.86
9.89
18.21
4.09
17.81
17.14
4.23
17.94
10.52
17.41
17.83
17.39
10.41
14.43
16.64
14.70
18.54
17.47
17.05
17.74
4.41
18.04
9.79
18.93
16.83
3.27
13.22
9.20
10.03
18.32
15.70
17.30
12.80
12.34
18.16
17.19
17.02
11.99
13.38
17.22
16.98
16.69
16.82
14.38
17.56
7.01
16.77
12.61
13.15
3.97
4.08
4.23
5.09
5.64
3.54
2.57
5.93
2.27
4.38
3.94
5.14
4.56
3.89
4.10
4.59
0.00
0.38
5.52
5.78
1.58
1.50
17.99
2.30
7.06
0.56
4.76
6.39
6.20
5.64
6.77
0.55
13.49
5.68
1.02
0.29
17.74
18.58
19.77
19.19
13.83
5.54
20.01
0.98
19.55
12.94
0.54
13.66
6.24
19.22
19.69
19.13
5.96
18.18
13.65
18.21
20.29
19.29
12.88
19.41
0.91
19.49
5.60
20.71
12.63
4.36
9.21
5.00
5.85
20.00
11.56
13.10
8.63
8.24
19.69
13.00
18.78
7.82
9.31
13.06
14.03
12.51
13.46
10.44
14.72
8.22
13.82
8.59
9.10
3.97
4.16
4.33
5.19
5.76
3.59
2.56
5.80
2.17
4.45
4.03
5.25
4.64
3.96
4.20
4.62
0.38
0.00
5.38
5.70
1.83
1.44
18.17
2.40
6.88
0.66
4.61
6.23
6.03
5.48
6.61
0.36
13.32
5.49
0.72
0.47
17.93
18.77
19.96
19.34
13.80
5.39
20.21
1.31
19.75
12.76
0.85
13.49
6.12
19.40
19.87
19.34
5.89
18.37
13.62
18.43
20.47
19.47
12.69
19.63
0.57
19.70
5.42
20.90
12.45
4.16
9.11
4.81
5.65
20.20
11.36
12.91
8.42
8.13
19.90
12.82
18.99
7.62
9.19
12.87
14.03
12.32
13.46
10.29
14.73
7.96
13.80
8.49
9.01
9.17
9.50
9.71
10.52
11.10
8.91
7.86
0.48
7.31
9.77
9.39
10.60
9.99
9.29
9.55
9.88
5.52
5.38
0.00
0.95
6.99
6.71
23.47
7.78
1.74
6.00
0.83
1.71
0.90
0.33
1.92
5.23
8.26
0.81
4.74
5.25
22.34
24.02
24.26
24.67
10.59
0.13
24.54
6.32
24.06
7.73
5.96
8.45
1.14
23.72
24.22
23.66
1.14
23.67
10.51
23.65
24.73
23.79
7.62
23.91
5.53
23.82
0.82
25.20
7.30
8.26
4.38
1.04
1.17
24.45
6.24
7.92
3.63
3.31
24.05
7.93
23.33
3.04
4.21
7.97
11.04
7.27
9.95
5.32
11.90
11.26
10.77
3.81
4.28
9.50
9.78
10.00
10.77
11.32
9.21
8.21
0.78
7.70
10.05
9.67
10.84
10.28
9.58
9.81
10.19
5.78
5.70
0.95
0.00
7.17
7.05
23.64
8.06
2.25
6.30
1.42
2.35
1.62
1.24
2.51
5.57
8.43
1.74
5.11
5.51
22.57
24.19
24.51
24.93
9.93
1.07
24.77
6.49
24.28
7.95
6.18
8.61
0.82
23.99
24.48
23.86
0.36
23.81
9.84
23.76
24.99
24.07
7.84
24.09
5.92
24.01
1.57
25.42
7.47
8.70
3.89
1.91
2.08
24.67
6.47
8.16
4.14
2.84
24.26
8.21
23.54
3.68
3.85
8.26
10.34
7.51
9.20
5.10
11.18
12.05
10.09
3.32
3.74
2.93
2.82
2.99
3.72
4.21
2.39
1.83
7.39
1.97
3.10
2.67
3.74
3.28
2.64
2.78
3.40
1.58
1.83
6.99
7.17
0.00
1.36
16.56
1.24
8.58
1.35
6.23
7.94
7.72
7.14
8.32
2.06
15.05
7.20
2.53
1.82
16.83
17.18
18.92
17.86
14.53
7.02
19.13
0.74
18.67
14.50
1.06
15.21
7.63
18.37
18.82
18.23
7.34
16.72
14.33
16.76
19.46
18.46
14.44
18.51
2.04
18.66
7.08
19.83
14.18
4.14
10.45
6.52
7.39
19.13
13.10
14.66
10.19
9.53
18.86
14.57
17.87
9.39
10.62
14.64
14.66
14.07
14.23
11.76
15.28
8.41
14.47
9.84
10.33
2.53
2.80
3.06
3.85
4.47
2.20
1.18
7.12
0.82
3.08
2.71
3.95
3.29
2.60
2.88
3.20
1.50
1.44
6.71
7.05
1.36
0.00
17.04
1.23
8.14
1.10
5.91
7.57
7.34
6.80
7.94
1.70
14.62
6.77
2.00
1.78
17.34
17.69
19.39
18.16
14.63
6.72
19.64
1.52
19.20
14.02
1.35
14.79
7.41
18.82
19.28
18.78
7.26
17.23
14.44
17.35
19.91
18.88
13.94
19.10
1.22
19.24
6.66
20.35
13.71
3.09
10.29
6.06
6.90
19.67
12.60
14.18
9.68
9.35
19.41
14.08
18.43
8.87
10.39
14.12
14.83
13.58
14.41
11.43
15.50
7.22
14.60
9.67
10.20
15.02
14.36
14.01
13.42
12.77
14.98
15.98
23.88
16.67
14.17
14.39
13.23
13.89
14.57
14.25
14.28
17.99
18.17
23.47
23.64
16.56
17.04
0.00
15.85
25.02
17.53
22.74
24.13
24.14
23.59
24.53
18.31
31.11
23.63
18.87
18.24
9.83
1.24
11.18
2.84
29.72
23.50
10.97
17.19
10.92
30.61
17.55
31.23
24.16
10.96
10.90
10.58
23.76
0.83
29.46
1.56
11.72
11.04
30.62
10.84
18.17
11.84
23.59
11.47
30.44
17.33
26.92
22.97
23.78
11.38
29.42
30.73
26.38
26.03
11.78
30.54
10.36
25.53
27.15
30.63
29.57
30.23
29.59
28.30
29.89
17.88
29.48
26.32
26.78
1.90
1.80
1.94
2.83
3.39
1.31
0.74
8.20
1.25
2.12
1.65
2.87
2.27
1.62
1.82
2.39
2.30
2.40
7.78
8.06
1.24
1.23
15.85
0.00
9.26
1.82
7.00
8.60
8.43
7.88
8.98
2.60
15.68
7.88
3.07
2.59
16.25
16.48
18.32
17.00
15.54
7.79
18.55
1.81
18.12
15.10
1.95
15.84
8.49
17.76
18.21
17.69
8.25
16.04
15.33
16.14
18.86
17.82
15.04
18.00
2.34
18.18
7.79
19.26
14.81
3.56
11.37
7.18
8.02
18.59
13.72
15.25
10.77
10.43
18.35
15.14
17.33
9.95
11.49
15.19
15.68
14.67
15.30
12.58
16.31
7.38
15.48
10.75
11.27
10.55
10.94
11.16
11.98
12.59
10.34
9.26
1.54
8.66
11.22
10.85
12.08
11.43
10.74
11.02
11.28
7.06
6.88
1.74
2.25
8.58
8.14
25.02
9.26
0.00
7.50
2.40
1.60
0.92
1.51
1.42
6.72
6.73
1.39
6.19
6.81
23.71
25.57
25.59
26.12
10.57
1.66
25.90
7.92
25.42
6.13
7.53
6.94
1.84
25.03
25.55
25.04
2.30
25.23
10.53
25.24
26.03
25.09
5.98
25.29
6.95
25.18
1.58
26.55
5.67
9.37
3.93
2.08
1.29
25.81
4.56
6.33
2.08
3.00
25.40
6.36
24.71
1.73
3.47
6.37
11.13
5.65
9.94
4.27
12.05
11.82
10.82
3.48
3.92
3.52
3.61
3.73
4.64
5.20
3.07
2.07
6.42
1.82
3.92
3.47
4.69
4.09
3.42
3.64
4.13
0.56
0.66
6.00
6.30
1.35
1.10
17.53
1.82
7.50
0.00
5.24
6.80
6.65
6.10
7.18
0.79
13.89
6.11
1.36
0.83
17.31
18.12
19.35
18.70
14.35
6.01
19.60
0.94
19.14
13.33
0.61
14.05
6.75
18.79
19.26
18.72
6.48
17.74
14.16
17.79
19.86
18.86
13.28
19.02
0.88
19.11
6.06
20.29
13.04
4.11
9.74
5.44
6.27
19.60
11.97
13.49
9.01
8.77
19.30
13.38
18.37
8.19
9.83
13.44
14.55
12.90
14.00
10.94
15.23
7.81
14.33
9.12
9.64
8.36
8.70
8.93
9.72
10.30
8.11
7.07
1.22
6.51
8.97
8.60
9.81
9.19
8.50
8.75
9.07
4.76
4.61
0.83
1.42
6.23
5.91
22.74
7.00
2.40
5.24
0.00
2.29
1.57
0.97
2.56
4.48
9.03
1.16
3.96
4.50
21.83
23.31
23.77
23.93
10.79
0.84
24.05
5.57
23.57
8.47
5.20
9.22
1.64
23.22
23.72
23.16
1.68
22.93
10.68
22.93
24.24
23.29
8.36
23.42
4.75
23.36
0.97
24.71
8.04
7.45
4.87
0.73
1.46
23.97
6.96
8.66
4.28
3.81
23.59
8.66
22.83
3.63
4.77
8.70
11.20
8.01
10.23
5.88
12.05
10.64
10.93
4.26
4.78
10.05
10.35
10.48
11.41
11.99
9.76
8.65
1.84
8.11
10.65
10.23
11.47
10.83
10.15
10.41
10.76
6.39
6.23
1.71
2.35
7.94
7.57
24.13
8.60
1.60
6.80
2.29
0.00
1.18
1.49
0.40
6.01
7.11
1.41
5.59
6.13
22.37
24.63
24.21
25.22
11.81
1.65
24.53
7.24
24.04
6.60
6.88
7.27
2.50
23.66
24.18
23.67
2.28
24.39
11.75
24.35
24.64
23.72
6.57
23.92
6.36
23.77
2.03
25.16
6.34
9.22
5.22
2.02
1.45
24.42
5.37
6.75
2.45
4.22
24.00
6.67
23.35
1.74
4.83
6.75
12.30
6.19
11.06
5.75
13.19
11.31
12.03
4.75
5.14
9.78
10.14
10.34
11.17
11.77
9.54
8.46
0.88
7.88
10.41
10.03
11.26
10.62
9.93
10.20
10.50
6.20
6.03
0.90
1.62
7.72
7.34
24.14
8.43
0.92
6.65
1.57
1.18
0.00
0.62
1.25
5.86
7.47
0.60
5.36
5.94
22.85
24.69
24.74
25.28
10.80
0.80
25.04
7.04
24.56
6.90
6.67
7.66
1.48
24.19
24.70
24.18
1.70
24.36
10.74
24.36
25.19
24.26
6.80
24.43
6.14
24.32
0.98
25.69
6.49
8.75
4.32
1.33
0.73
24.95
5.43
7.09
2.75
3.29
24.55
7.09
23.85
2.18
3.99
7.13
11.30
6.45
10.16
4.96
12.20
11.36
11.02
3.79
4.26
9.25
9.60
9.80
10.62
11.21
9.00
7.94
0.62
7.37
9.87
9.49
10.71
10.09
9.39
9.65
9.97
5.64
5.48
0.33
1.24
7.14
6.80
23.59
7.88
1.51
6.10
0.97
1.49
0.62
0.00
1.69
5.32
8.07
0.51
4.82
5.38
22.42
24.15
24.33
24.76
10.76
0.21
24.62
6.46
24.14
7.51
6.10
8.26
1.30
23.78
24.29
23.74
1.40
23.80
10.68
23.79
24.79
23.85
7.41
24.00
5.61
23.91
0.71
25.27
7.10
8.30
4.46
0.93
0.86
24.53
6.03
7.70
3.36
3.40
24.13
7.70
23.41
2.75
4.24
7.74
11.22
7.06
10.12
5.29
12.10
11.14
10.94
3.89
4.38
10.41
10.72
10.85
11.78
12.36
10.13
9.02
1.97
8.47
11.02
10.60
11.85
11.20
10.52
10.78
11.12
6.77
6.61
1.92
2.51
8.32
7.94
24.53
8.98
1.42
7.18
2.56
0.40
1.25
1.69
0.00
6.39
6.73
1.59
5.96
6.51
22.74
25.02
24.56
25.60
11.72
1.85
24.88
7.62
24.40
6.21
7.26
6.89
2.57
24.02
24.54
24.03
2.43
24.78
11.68
24.75
24.99
24.07
6.18
24.29
6.72
24.13
2.18
25.52
5.94
9.52
5.07
2.27
1.58
24.78
4.98
6.36
2.07
4.11
24.35
6.29
23.71
1.41
4.63
6.36
12.24
5.79
10.97
5.50
13.14
11.56
11.96
4.63
5.00
4.21
4.38
4.51
5.42
5.98
3.81
2.76
5.66
2.38
4.68
4.24
5.47
4.85
4.18
4.42
4.86
0.55
0.36
5.23
5.57
2.06
1.70
18.31
2.60
6.72
0.79
4.48
6.01
5.86
5.32
6.39
0.00
13.10
5.33
0.67
0.50
17.87
18.88
19.88
19.45
13.90
5.24
20.14
1.49
19.68
12.54
1.06
13.26
6.02
19.32
19.80
19.27
5.75
18.52
13.73
18.56
20.39
19.39
12.48
19.56
0.74
19.62
5.30
20.83
12.25
4.43
9.07
4.66
5.49
20.13
11.18
12.69
8.22
8.07
19.81
12.58
18.92
7.40
9.12
12.64
14.14
12.11
13.52
10.23
14.85
7.96
13.91
8.44
8.96
17.03
17.40
17.52
18.46
19.06
16.80
15.67
8.00
15.09
17.69
17.28
18.54
17.87
17.20
17.47
17.77
13.49
13.32
8.26
8.43
15.05
14.62
31.11
15.68
6.73
13.89
9.03
7.11
7.47
8.07
6.73
13.10
0.00
7.99
12.66
13.24
28.44
31.55
30.08
32.08
13.35
8.22
30.45
14.35
29.97
0.86
13.99
0.29
8.12
29.55
30.09
29.65
8.26
31.40
13.46
31.34
30.44
29.59
1.26
29.88
13.40
29.57
8.31
31.04
1.56
15.84
7.69
8.72
7.84
30.29
2.65
0.76
4.99
7.63
29.80
1.04
29.35
5.78
6.96
1.12
14.06
1.34
12.43
6.60
14.96
16.89
13.78
7.84
7.74
9.20
9.58
9.78
10.62
11.22
8.97
7.89
1.06
7.31
9.85
9.48
10.71
10.06
9.37
9.64
9.93
5.68
5.49
0.81
1.74
7.20
6.77
23.63
7.88
1.39
6.11
1.16
1.41
0.60
0.51
1.59
5.33
7.99
0.00
4.81
5.43
22.45
24.18
24.35
24.74
11.03
0.68
24.65
6.54
24.17
7.39
6.16
8.18
1.68
23.79
24.30
23.79
1.90
23.84
10.96
23.86
24.80
23.85
7.28
24.05
5.57
23.96
0.66
25.31
7.00
8.16
4.70
0.75
0.37
24.57
5.91
7.58
3.14
3.66
24.18
7.56
23.45
2.49
4.41
7.59
11.52
6.93
10.45
5.38
12.41
10.80
11.23
4.14
4.64
4.51
4.79
4.98
5.83
6.42
4.20
3.13
5.16
2.64
5.08
4.68
5.91
5.28
4.59
4.85
5.20
1.02
0.72
4.74
5.11
2.53
2.00
18.87
3.07
6.19
1.36
3.96
5.59
5.36
4.82
5.96
0.67
12.66
4.81
0.00
0.91
18.53
19.47
20.54
20.01
13.40
4.74
20.80
1.99
20.35
12.08
1.53
12.83
5.50
19.97
20.45
19.93
5.31
19.07
13.23
19.14
21.04
20.04
12.00
20.23
0.82
20.28
4.74
21.49
11.76
4.33
8.52
4.11
4.95
20.79
10.67
12.23
7.74
7.53
20.47
12.14
19.59
6.93
8.56
12.19
13.66
11.63
13.05
9.64
14.40
7.99
13.43
7.89
8.43
4.25
4.37
4.51
5.37
5.92
3.83
2.85
5.67
2.54
4.67
4.23
5.42
4.85
4.17
4.38
4.87
0.29
0.47
5.25
5.51
1.82
1.78
18.24
2.59
6.81
0.83
4.50
6.13
5.94
5.38
6.51
0.50
13.24
5.43
0.91
0.00
17.89
18.82
19.92
19.45
13.65
5.28
20.17
1.16
19.71
12.69
0.76
13.40
5.98
19.37
19.85
19.28
5.68
18.43
13.47
18.45
20.44
19.45
12.63
19.56
1.04
19.62
5.36
20.86
12.38
4.57
8.97
4.76
5.61
20.15
11.31
12.85
8.38
7.99
19.83
12.76
18.93
7.58
9.07
12.82
13.86
12.26
13.26
10.20
14.55
8.39
13.65
8.35
8.86
16.38
15.59
14.95
15.19
14.72
16.03
16.51
22.79
17.14
15.61
15.49
14.89
15.27
15.74
15.47
15.91
17.74
17.93
22.34
22.57
16.83
17.34
9.83
16.25
23.71
17.31
21.83
22.37
22.85
22.42
22.74
17.87
28.44
22.45
18.53
17.89
0.00
8.99
2.19
9.96
30.75
22.37
2.31
17.14
1.90
28.13
17.46
28.47
23.26
1.84
2.12
1.56
22.57
10.56
30.54
9.88
2.83
2.07
28.30
2.07
18.04
2.56
22.68
3.03
28.25
18.90
26.38
22.00
22.61
2.44
27.48
28.17
24.49
25.37
2.47
27.86
1.21
23.68
26.43
28.03
30.72
27.88
30.11
27.64
31.20
17.97
30.63
25.79
26.19
15.75
15.06
14.67
14.16
13.51
15.67
16.64
24.44
17.33
14.89
15.08
13.95
14.60
15.26
14.94
15.03
18.58
18.77
24.02
24.19
17.18
17.69
1.24
16.48
25.57
18.12
23.31
24.63
24.69
24.15
25.02
18.88
31.55
24.18
19.47
18.82
8.99
0.00
10.22
2.85
30.48
24.05
9.96
17.79
9.95
31.08
18.15
31.66
24.74
10.04
9.94
9.62
24.30
1.85
30.22
1.71
10.74
10.12
31.10
9.87
18.78
10.89
24.17
10.44
30.93
18.12
27.54
23.54
24.34
10.39
29.93
31.18
26.88
26.65
10.82
30.98
9.43
26.03
27.77
31.08
30.33
30.70
30.29
28.94
30.66
18.50
30.25
26.95
27.40
18.46
17.68
17.04
17.30
16.85
18.11
18.57
24.70
19.18
17.71
17.58
17.01
17.37
17.83
17.57
18.00
19.77
19.96
24.26
24.51
18.92
19.39
11.18
18.32
25.59
19.35
23.77
24.21
24.74
24.33
24.56
19.88
30.08
24.35
20.54
19.92
2.19
10.22
0.00
10.98
32.83
24.28
0.68
19.21
0.77
29.80
19.51
30.10
25.20
0.73
0.43
1.35
24.49
11.92
32.63
11.25
0.68
0.94
29.99
1.70
20.06
1.89
24.60
1.15
29.96
20.94
28.34
23.92
24.49
0.96
29.23
29.82
26.27
27.32
1.38
29.49
1.51
25.47
28.36
29.66
32.82
29.57
32.16
29.57
33.30
19.66
32.72
27.75
28.15
16.06
15.48
15.10
14.58
13.99
16.08
17.03
25.10
17.69
15.28
15.52
14.41
14.99
15.68
15.40
15.34
19.19
19.34
24.67
24.93
17.86
18.16
2.84
17.00
26.12
18.70
23.93
25.22
25.28
24.76
25.60
19.45
32.08
24.74
20.01
19.45
9.96
2.85
10.98
0.00
31.45
24.68
10.86
18.48
10.91
31.56
18.80
32.20
25.43
10.71
10.63
10.71
25.07
3.37
31.19
4.24
11.41
10.70
31.57
11.07
19.26
12.06
24.74
11.33
31.43
18.23
28.30
24.08
24.86
11.38
30.41
31.66
27.35
27.38
11.87
31.44
10.52
26.50
28.47
31.52
31.36
31.18
31.35
29.57
31.74
17.87
31.25
27.69
28.18
16.33
16.71
17.19
17.34
17.81
16.25
15.68
10.19
15.22
16.83
16.69
17.50
17.15
16.53
16.71
16.86
13.83
13.80
10.59
9.93
14.53
14.63
29.72
15.54
10.57
14.35
10.79
11.81
10.80
10.76
11.72
13.90
13.35
11.03
13.40
13.65
30.75
30.48
32.83
31.45
0.00
10.65
32.97
14.15
32.48
13.05
13.97
13.57
9.47
32.37
32.80
31.98
10.02
29.64
0.29
29.62
33.39
32.49
12.70
32.16
13.97
32.22
10.50
33.63
12.13
14.98
6.75
11.13
11.15
32.88
11.56
13.32
11.88
7.62
32.52
13.74
31.65
12.07
7.39
13.66
0.90
12.69
1.78
7.32
1.81
19.92
0.54
7.11
6.79
9.17
9.51
9.72
10.53
11.12
8.91
7.86
0.53
7.30
9.78
9.40
10.62
10.00
9.30
9.56
9.89
5.54
5.39
0.13
1.07
7.02
6.72
23.50
7.79
1.66
6.01
0.84
1.65
0.80
0.21
1.85
5.24
8.22
0.68
4.74
5.28
22.37
24.05
24.28
24.68
10.65
0.00
24.57
6.35
24.08
7.67
5.99
8.40
1.20
23.74
24.24
23.69
1.25
23.70
10.57
23.68
24.74
23.81
7.56
23.94
5.54
23.85
0.73
25.22
7.24
8.24
4.42
0.95
1.04
24.48
6.18
7.86
3.55
3.35
24.08
7.86
23.36
2.95
4.23
7.91
11.10
7.21
10.01
5.32
11.97
11.19
10.83
3.84
4.33
18.68
17.89
17.25
17.49
17.01
18.33
18.81
24.98
19.44
17.91
17.79
17.19
17.58
18.04
17.78
18.21
20.01
20.21
24.54
24.77
19.13
19.64
10.97
18.55
25.90
19.60
24.05
24.53
25.04
24.62
24.88
20.14
30.45
24.65
20.80
20.17
2.31
9.96
0.68
10.86
32.97
24.57
0.00
19.43
0.53
30.17
19.74
30.47
25.47
1.32
0.90
1.08
24.76
11.69
32.77
10.96
1.11
1.55
30.36
1.28
20.32
1.74
24.89
0.73
30.32
21.19
28.59
24.21
24.80
0.62
29.59
30.20
26.62
27.57
1.29
29.87
1.35
25.82
28.63
30.05
32.94
29.94
32.31
29.84
33.41
20.08
32.85
28.00
28.40
3.58
3.52
3.65
4.44
4.93
3.05
2.31
6.71
2.28
3.81
3.36
4.46
3.98
3.34
3.48
4.09
0.98
1.31
6.32
6.49
0.74
1.52
17.19
1.81
7.92
0.94
5.57
7.24
7.04
6.46
7.62
1.49
14.35
6.54
1.99
1.16
17.14
17.79
19.21
18.48
14.15
6.35
19.43
0.00
18.97
13.82
0.46
14.51
6.98
18.67
19.13
18.53
6.65
17.37
13.95
17.37
19.74
18.75
13.76
18.80
1.69
18.91
6.45
20.12
13.50
4.48
9.86
5.88
6.74
19.42
12.44
13.98
9.52
8.91
19.12
13.89
18.18
8.72
10.01
13.95
14.29
13.39
13.78
11.17
14.93
8.59
14.10
9.24
9.73
18.28
17.48
16.84
17.09
16.62
17.92
18.39
24.50
19.01
17.50
17.38
16.79
17.17
17.63
17.36
17.81
19.55
19.75
24.06
24.28
18.67
19.20
10.92
18.12
25.42
19.14
23.57
24.04
24.56
24.14
24.40
19.68
29.97
24.17
20.35
19.71
1.90
9.95
0.77
10.91
32.48
24.08
0.53
18.97
0.00
29.69
19.28
29.99
24.98
1.24
1.03
0.62
24.27
11.64
32.28
10.89
1.36
1.54
29.88
0.93
19.87
1.39
24.42
1.16
29.83
20.79
28.09
23.74
24.33
0.57
29.11
29.72
26.14
27.08
1.00
29.40
0.89
25.34
28.13
29.57
32.45
29.46
31.81
29.36
32.92
19.75
32.37
27.51
27.90
16.40
16.80
16.94
17.87
18.48
16.19
15.07
7.47
14.47
17.09
16.69
17.95
17.27
16.60
16.88
17.14
12.94
12.76
7.73
7.95
14.50
14.02
30.61
15.10
6.13
13.33
8.47
6.60
6.90
7.51
6.21
12.54
0.86
7.39
12.08
12.69
28.13
31.08
29.80
31.56
13.05
7.67
30.17
13.82
29.69
0.00
13.44
1.13
7.60
29.25
29.80
29.37
7.81
30.90
13.15
30.87
30.16
29.29
0.51
29.61
12.81
29.33
7.71
30.76
0.96
15.14
7.25
8.12
7.23
30.02
1.91
0.27
4.35
7.15
29.55
0.75
29.07
5.16
6.49
0.65
13.78
0.53
12.22
6.10
14.70
16.17
13.48
7.37
7.32
3.66
3.70
3.86
4.68
5.20
3.19
2.32
6.37
2.15
3.99
3.56
4.71
4.18
3.51
3.70
4.23
0.54
0.85
5.96
6.18
1.06
1.35
17.55
1.95
7.53
0.61
5.20
6.88
6.67
6.10
7.26
1.06
13.99
6.16
1.53
0.76
17.46
18.15
19.51
18.80
13.97
5.99
19.74
0.46
19.28
13.44
0.00
14.15
6.65
18.96
19.42
18.85
6.35
17.73
13.78
17.75
20.03
19.04
13.38
19.13
1.25
19.22
6.06
20.43
13.12
4.30
9.56
5.48
6.34
19.73
12.05
13.60
9.13
8.60
19.43
13.51
18.50
8.33
9.69
13.57
14.14
13.01
13.62
10.83
14.81
8.37
13.94
8.94
9.44
17.21
17.56
17.68
18.63
19.23
16.97
15.84
8.19
15.26
17.86
17.45
18.70
18.03
17.37
17.64
17.94
13.66
13.49
8.45
8.61
15.21
14.79
31.23
15.84
6.94
14.05
9.22
7.27
7.66
8.26
6.89
13.26
0.29
8.18
12.83
13.40
28.47
31.66
30.10
32.20
13.57
8.40
30.47
14.51
29.99
1.13
14.15
0.00
8.32
29.57
30.11
29.67
8.44
31.53
13.68
31.46
30.45
29.62
1.54
29.90
13.57
29.58
8.52
31.05
1.85
16.05
7.92
8.92
8.04
30.31
2.93
0.99
5.18
7.85
29.81
1.15
29.38
5.96
7.20
1.27
14.27
1.62
12.63
6.86
15.17
17.05
14.00
8.07
7.96
9.82
10.17
10.42
11.15
11.72
9.58
8.58
0.72
8.03
10.42
10.07
11.24
10.66
9.96
10.21
10.52
6.24
6.12
1.14
0.82
7.63
7.41
24.16
8.49
1.84
6.75
1.64
2.50
1.48
1.30
2.57
6.02
8.12
1.68
5.50
5.98
23.26
24.74
25.20
25.43
9.47
1.20
25.47
6.98
24.98
7.60
6.65
8.32
0.00
24.67
25.17
24.57
1.05
24.33
9.40
24.31
25.68
24.75
7.44
24.81
6.29
24.73
1.33
26.12
7.05
8.80
3.28
1.93
1.92
25.38
6.01
7.82
3.85
2.21
24.98
7.90
24.24
3.48
3.19
7.92
9.93
7.13
8.82
4.39
10.81
12.15
9.66
2.69
3.17
17.87
17.11
16.46
16.74
16.29
17.53
17.98
24.17
18.59
17.13
17.01
16.45
16.80
17.26
17.01
17.41
19.22
19.40
23.72
23.99
18.37
18.82
10.96
17.76
25.03
18.79
23.22
23.66
24.19
23.78
24.02
19.32
29.55
23.79
19.97
19.37
1.84
10.04
0.73
10.71
32.37
23.74
1.32
18.67
1.24
29.25
18.96
29.57
24.67
0.00
0.57
1.62
23.98
11.72
32.17
11.10
1.14
0.33
29.44
2.11
19.48
2.30
24.05
1.88
29.41
20.33
27.83
23.36
23.93
1.61
28.68
29.28
25.71
26.80
1.86
28.94
1.62
24.91
27.84
29.12
32.37
29.02
31.72
29.04
32.87
18.96
32.26
27.24
27.65
18.30
17.53
16.89
17.14
16.68
17.97
18.44
24.67
19.05
17.55
17.44
16.85
17.21
17.69
17.43
17.83
19.69
19.87
24.22
24.48
18.82
19.28
10.90
18.21
25.55
19.26
23.72
24.18
24.70
24.29
24.54
19.80
30.09
24.30
20.45
19.85
2.12
9.94
0.43
10.63
32.80
24.24
0.90
19.13
1.03
29.80
19.42
30.11
25.17
0.57
0.00
1.53
24.47
11.65
32.60
11.01
0.86
0.70
29.98
1.96
19.96
2.28
24.55
1.41
29.95
20.77
28.31
23.86
24.45
1.34
29.21
29.82
26.24
27.29
1.79
29.49
1.63
25.44
28.34
29.66
32.79
29.56
32.15
29.54
33.28
19.45
32.69
27.72
28.13
17.86
17.05
16.41
16.65
16.17
17.49
17.97
24.10
18.60
17.08
16.95
16.35
16.75
17.20
16.93
17.39
19.13
19.34
23.66
23.86
18.23
18.78
10.58
17.69
25.04
18.72
23.16
23.67
24.18
23.74
24.03
19.27
29.65
23.79
19.93
19.28
1.56
9.62
1.35
10.71
31.98
23.69
1.08
18.53
0.62
29.37
18.85
29.67
24.57
1.62
1.53
0.00
23.85
11.28
31.78
10.50
1.97
1.94
29.55
0.59
19.46
1.36
24.02
1.67
29.50
20.40
27.66
23.35
23.95
1.03
28.77
29.41
25.80
26.66
1.21
29.09
0.37
25.00
27.72
29.27
31.94
29.13
31.31
28.95
32.40
19.51
31.86
27.08
27.47
9.73
9.99
10.19
10.97
11.52
9.42
8.42
0.96
7.92
10.26
9.87
11.04
10.48
9.79
10.01
10.41
5.96
5.89
1.14
0.36
7.34
7.26
23.76
8.25
2.30
6.48
1.68
2.28
1.70
1.40
2.43
5.75
8.26
1.90
5.31
5.68
22.57
24.30
24.49
25.07
10.02
1.25
24.76
6.65
24.27
7.81
6.35
8.44
1.05
23.98
24.47
23.85
0.00
23.95
9.94
23.87
24.97
24.06
7.72
24.07
6.13
23.97
1.83
25.40
7.35
8.99
3.94
2.15
2.23
24.65
6.39
8.01
4.08
2.90
24.23
8.06
23.52
3.64
3.88
8.12
10.42
7.39
9.23
5.15
11.26
12.27
10.18
3.39
3.77
15.18
14.53
14.20
13.56
12.90
15.15
16.17
24.07
16.86
14.32
14.56
13.37
14.06
14.73
14.41
14.43
18.18
18.37
23.67
23.81
16.72
17.23
0.83
16.04
25.23
17.74
22.93
24.39
24.36
23.80
24.78
18.52
31.40
23.84
19.07
18.43
10.56
1.85
11.92
3.37
29.64
23.70
11.69
17.37
11.64
30.90
17.73
31.53
24.33
11.72
11.65
11.28
23.95
0.00
29.38
1.41
12.47
11.80
30.89
11.53
18.37
12.53
23.78
12.19
30.70
17.46
27.03
23.17
24.00
12.09
29.66
31.02
26.64
26.16
12.48
30.84
11.07
25.80
27.28
30.93
29.48
30.50
29.55
28.43
29.78
18.24
29.40
26.43
26.89
16.11
16.49
16.98
17.11
17.58
16.04
15.47
10.12
15.03
16.61
16.47
17.27
16.93
16.31
16.49
16.64
13.65
13.62
10.51
9.84
14.33
14.44
29.46
15.33
10.53
14.16
10.68
11.75
10.74
10.68
11.68
13.73
13.46
10.96
13.23
13.47
30.54
30.22
32.63
31.19
0.29
10.57
32.77
13.95
32.28
13.15
13.78
13.68
9.40
32.17
32.60
31.78
9.94
29.38
0.00
29.36
33.19
32.29
12.80
31.95
13.80
32.02
10.42
33.43
12.23
14.78
6.74
11.03
11.08
32.68
11.64
13.42
11.88
7.58
32.32
13.83
31.45
12.05
7.40
13.75
0.79
12.78
1.86
7.37
1.74
19.77
0.37
7.08
6.78
15.44
14.73
14.37
13.78
13.11
15.34
16.34
24.05
17.05
14.54
14.74
13.57
14.28
14.93
14.59
14.70
18.21
18.43
23.65
23.76
16.76
17.35
1.56
16.14
25.24
17.79
22.93
24.35
24.36
23.79
24.75
18.56
31.34
23.86
19.14
18.45
9.88
1.71
11.25
4.24
29.62
23.68
10.96
17.37
10.89
30.87
17.75
31.46
24.31
11.10
11.01
10.50
23.87
1.41
29.36
0.00
11.82
11.22
30.88
10.69
18.46
11.69
23.81
11.44
30.68
17.82
27.00
23.21
24.03
11.32
29.67
30.99
26.65
26.14
11.69
30.81
10.30
25.81
27.27
30.91
29.43
30.49
29.45
28.46
29.72
18.76
29.37
26.42
26.85
19.00
18.23
17.58
17.87
17.42
18.65
19.09
25.17
19.70
18.26
18.13
17.57
17.92
18.38
18.13
18.54
20.29
20.47
24.73
24.99
19.46
19.91
11.72
18.86
26.03
19.86
24.24
24.64
25.19
24.79
24.99
20.39
30.44
24.80
21.04
20.44
2.83
10.74
0.68
11.41
33.39
24.74
1.11
19.74
1.36
30.16
20.03
30.45
25.68
1.14
0.86
1.97
24.97
12.47
33.19
11.82
0.00
1.16
30.36
2.22
20.56
2.21
25.07
1.17
30.34
21.45
28.83
24.38
24.94
1.29
29.63
30.18
26.67
27.81
1.67
29.84
2.17
25.88
28.84
30.02
33.39
29.94
32.71
30.04
33.88
20.03
33.29
28.24
28.65
17.92
17.17
16.52
16.80
16.36
17.59
18.04
24.24
18.64
17.19
17.07
16.52
16.85
17.32
17.07
17.47
19.29
19.47
23.79
24.07
18.46
18.88
11.04
17.82
25.09
18.86
23.29
23.72
24.26
23.85
24.07
19.39
29.59
23.85
20.04
19.45
2.07
10.12
0.94
10.70
32.49
23.81
1.55
18.75
1.54
29.29
19.04
29.62
24.75
0.33
0.70
1.94
24.06
11.80
32.29
11.22
1.16
0.00
29.48
2.43
19.54
2.59
24.11
2.04
29.46
20.36
27.92
23.42
23.99
1.87
28.72
29.32
25.75
26.89
2.13
28.98
1.94
24.95
27.92
29.15
32.50
29.06
31.85
29.11
33.01
18.90
32.39
27.32
27.74
16.31
16.72
16.89
17.79
18.40
16.11
14.99
7.35
14.38
17.00
16.62
17.88
17.20
16.52
16.81
17.05
12.88
12.69
7.62
7.84
14.44
13.94
30.62
15.04
5.98
13.28
8.36
6.57
6.80
7.41
6.18
12.48
1.26
7.28
12.00
12.63
28.30
31.10
29.99
31.57
12.70
7.56
30.36
13.76
29.88
0.51
13.38
1.54
7.44
29.44
29.98
29.55
7.72
30.89
12.80
30.88
30.36
29.48
0.00
29.80
12.73
29.53
7.56
30.96
0.58
14.97
6.96
8.00
7.11
30.22
1.57
0.74
4.28
6.90
29.75
1.19
29.25
5.11
6.20
1.02
13.44
0.42
11.91
5.73
14.37
16.10
13.13
7.10
7.05
18.21
17.39
16.75
16.99
16.51
17.83
18.31
24.34
18.94
17.41
17.28
16.68
17.09
17.54
17.26
17.74
19.41
19.63
23.91
24.09
18.51
19.10
10.84
18.00
25.29
19.02
23.42
23.92
24.43
24.00
24.29
19.56
29.88
24.05
20.23
19.56
2.07
9.87
1.70
11.07
32.16
23.94
1.28
18.80
0.93
29.61
19.13
29.90
24.81
2.11
1.96
0.59
24.07
11.53
31.95
10.69
2.22
2.43
29.80
0.00
19.77
1.07
24.28
1.66
29.74
20.76
27.88
23.62
24.22
1.00
29.02
29.65
26.06
26.88
1.08
29.33
0.87
25.26
27.94
29.51
32.11
29.38
31.46
29.18
32.55
19.98
32.03
27.30
27.68
3.71
4.01
4.22
5.07
5.67
3.41
2.33
5.96
1.82
4.30
3.91
5.16
4.49
3.81
4.08
4.41
0.91
0.57
5.53
5.92
2.04
1.22
18.17
2.34
6.95
0.88
4.75
6.36
6.14
5.61
6.72
0.74
13.40
5.57
0.82
1.04
18.04
18.78
20.06
19.26
13.97
5.54
20.32
1.69
19.87
12.81
1.25
13.57
6.29
19.48
19.96
19.46
6.13
18.37
13.80
18.46
20.56
19.54
12.73
19.77
0.00
19.86
5.50
21.02
12.50
3.70
9.26
4.87
5.70
20.33
11.40
12.96
8.46
8.29
20.03
12.86
19.11
7.65
9.32
12.91
14.22
12.36
13.68
10.37
14.93
7.45
13.98
8.64
9.18
18.48
17.66
17.01
17.32
16.86
18.07
18.49
24.25
19.10
17.71
17.54
17.01
17.38
17.80
17.53
18.04
19.49
19.70
23.82
24.01
18.66
19.24
11.84
18.18
25.18
19.11
23.36
23.77
24.32
23.91
24.13
19.62
29.57
23.96
20.28
19.62
2.56
10.89
1.89
12.06
32.22
23.85
1.74
18.91
1.39
29.33
19.22
29.58
24.73
2.30
2.28
1.36
23.97
12.53
32.02
11.69
2.21
2.59
29.53
1.07
19.86
0.00
24.22
1.90
29.49
21.01
27.81
23.56
24.13
1.17
28.80
29.36
25.87
26.81
0.55
29.03
1.57
25.09
27.86
29.22
32.18
29.11
31.48
29.10
32.65
20.13
32.11
27.24
27.61
9.06
9.46
9.71
10.48
11.09
8.85
7.80
0.94
7.21
9.72
9.37
10.59
9.95
9.25
9.53
9.79
5.60
5.42
0.82
1.57
7.08
6.66
23.59
7.79
1.58
6.06
0.97
2.03
0.98
0.71
2.18
5.30
8.31
0.66
4.74
5.36
22.68
24.17
24.60
24.74
10.50
0.73
24.89
6.45
24.42
7.71
6.06
8.52
1.33
24.05
24.55
24.02
1.83
23.78
10.42
23.81
25.07
24.11
7.56
24.28
5.50
24.22
0.00
25.55
7.24
7.92
4.32
0.74
0.82
24.82
6.12
7.91
3.55
3.29
24.44
7.93
23.69
2.98
4.12
7.94
10.98
7.23
9.98
5.10
11.87
10.89
10.69
3.74
4.28
19.41
18.62
17.97
18.21
17.73
19.05
19.53
25.64
20.15
18.63
18.51
17.91
18.30
18.77
18.50
18.93
20.71
20.90
25.20
25.42
19.83
20.35
11.47
19.26
26.55
20.29
24.71
25.16
25.69
25.27
25.52
20.83
31.04
25.31
21.49
20.86
3.03
10.44
1.15
11.33
33.63
25.22
0.73
20.12
1.16
30.76
20.43
31.05
26.12
1.88
1.41
1.67
25.40
12.19
33.43
11.44
1.17
2.04
30.96
1.66
21.02
1.90
25.55
0.00
30.92
21.91
29.24
24.88
25.46
0.81
30.21
30.79
27.25
28.22
1.45
30.46
2.00
26.45
29.27
30.64
33.60
30.54
32.95
30.50
34.06
20.77
33.51
28.65
29.05
16.08
16.50
16.68
17.56
18.17
15.89
14.78
7.00
14.17
16.78
16.40
17.65
16.98
16.30
16.58
16.83
12.63
12.45
7.30
7.47
14.18
13.71
30.44
14.81
5.67
13.04
8.04
6.34
6.49
7.10
5.94
12.25
1.56
7.00
11.76
12.38
28.25
30.93
29.96
31.43
12.13
7.24
30.32
13.50
29.83
0.96
13.12
1.85
7.05
29.41
29.95
29.50
7.35
30.70
12.23
30.68
30.34
29.46
0.58
29.74
12.50
29.49
7.24
30.92
0.00
14.75
6.43
7.72
6.83
30.18
1.22
1.22
4.09
6.40
29.71
1.68
29.19
4.94
5.67
1.55
12.87
0.67
11.34
5.19
13.79
16.09
12.56
6.58
6.51
2.68
3.59
4.15
4.25
4.90
3.16
2.95
8.62
2.59
3.62
3.72
4.53
3.89
3.46
3.80
3.27
4.36
4.16
8.26
8.70
4.14
3.09
17.33
3.56
9.37
4.11
7.45
9.22
8.75
8.30
9.52
4.43
15.84
8.16
4.33
4.57
18.90
18.12
20.94
18.23
14.98
8.24
21.19
4.48
20.79
15.14
4.30
16.05
8.80
20.33
20.77
20.40
8.99
17.46
14.78
17.82
21.45
20.36
14.97
20.76
3.70
21.01
7.92
21.91
14.75
0.00
11.23
7.43
8.18
21.30
13.56
15.31
10.88
10.42
21.12
15.24
20.03
10.14
11.33
15.23
15.22
14.66
15.12
12.13
15.89
6.12
14.95
10.65
11.23
12.54
12.94
13.28
13.85
14.42
12.36
11.45
3.91
10.89
13.16
12.86
13.97
13.43
12.73
12.97
13.22
9.21
9.11
4.38
3.89
10.45
10.29
26.92
11.37
3.93
9.74
4.87
5.22
4.32
4.46
5.07
9.07
7.69
4.70
8.52
8.97
26.38
27.54
28.34
28.30
6.75
4.42
28.59
9.86
28.09
7.25
9.56
7.92
3.28
27.83
28.31
27.66
3.94
27.03
6.74
27.00
28.83
27.92
6.96
27.88
9.26
27.81
4.32
29.24
6.43
11.23
0.00
5.05
4.78
28.48
5.57
7.51
5.17
1.07
28.08
7.81
27.33
5.35
0.80
7.77
7.34
6.80
6.07
1.86
8.28
14.92
7.04
0.62
0.32
8.47
8.86
9.09
9.90
10.51
8.25
7.18
1.41
6.59
9.13
8.77
10.00
9.35
8.66
8.93
9.20
5.00
4.81
1.04
1.91
6.52
6.06
22.97
7.18
2.08
5.44
0.73
2.02
1.33
0.93
2.27
4.66
8.72
0.75
4.11
4.76
22.00
23.54
23.92
24.08
11.13
0.95
24.21
5.88
23.74
8.12
5.48
8.92
1.93
23.36
23.86
23.35
2.15
23.17
11.03
23.21
24.38
23.42
8.00
23.62
4.87
23.56
0.74
24.88
7.72
7.43
5.05
0.00
0.91
24.15
6.61
8.30
3.84
4.00
23.77
8.28
23.01
3.15
4.85
8.31
11.59
7.65
10.62
5.83
12.46
10.27
11.30
4.46
4.99
9.30
9.70
9.91
10.74
11.36
9.09
8.00
1.35
7.40
9.97
9.60
10.84
10.18
9.49
9.77
10.03
5.85
5.65
1.17
2.08
7.39
6.90
23.78
8.02
1.29
6.27
1.46
1.45
0.73
0.86
1.58
5.49
7.84
0.37
4.95
5.61
22.61
24.34
24.49
24.86
11.15
1.04
24.80
6.74
24.33
7.23
6.34
8.04
1.92
23.93
24.45
23.95
2.23
24.00
11.08
24.03
24.94
23.99
7.11
24.22
5.70
24.13
0.82
25.46
6.83
8.18
4.78
0.91
0.00
24.73
5.73
7.41
2.94
3.76
24.34
7.39
23.62
2.28
4.45
7.41
11.66
6.76
10.60
5.34
12.56
10.67
11.36
4.24
4.75
18.79
17.99
17.34
17.60
17.13
18.41
18.87
24.89
19.49
18.01
17.88
17.30
17.68
18.13
17.86
18.32
20.00
20.20
24.45
24.67
19.13
19.67
11.38
18.59
25.81
19.60
23.97
24.42
24.95
24.53
24.78
20.13
30.29
24.57
20.79
20.15
2.44
10.39
0.96
11.38
32.88
24.48
0.62
19.42
0.57
30.02
19.73
30.31
25.38
1.61
1.34
1.03
24.65
12.09
32.68
11.32
1.29
1.87
30.22
1.00
20.33
1.17
24.82
0.81
30.18
21.30
28.48
24.15
24.73
0.00
29.46
30.05
26.51
27.47
0.72
29.72
1.36
25.72
28.52
29.90
32.85
29.80
32.19
29.75
33.32
20.25
32.77
27.90
28.29
14.95
15.39
15.59
16.44
17.06
14.77
13.67
5.95
13.05
15.66
15.30
16.55
15.87
15.18
15.48
15.70
11.56
11.36
6.24
6.47
13.10
12.60
29.42
13.72
4.56
11.97
6.96
5.37
5.43
6.03
4.98
11.18
2.65
5.91
10.67
11.31
27.48
29.93
29.23
30.41
11.56
6.18
29.59
12.44
29.11
1.91
12.05
2.93
6.01
28.68
29.21
28.77
6.39
29.66
11.64
29.67
29.63
28.72
1.57
29.02
11.40
28.80
6.12
30.21
1.22
13.56
5.57
6.61
5.73
29.46
0.00
2.17
3.08
5.46
29.02
2.44
28.45
3.93
4.78
2.32
12.30
1.39
10.85
4.38
13.25
15.04
11.98
5.66
5.68
16.56
16.95
17.09
18.02
18.63
16.34
15.22
7.67
14.62
17.24
16.84
18.10
17.42
16.75
17.03
17.30
13.10
12.91
7.92
8.16
14.66
14.18
30.73
15.25
6.33
13.49
8.66
6.75
7.09
7.70
6.36
12.69
0.76
7.58
12.23
12.85
28.17
31.18
29.82
31.66
13.32
7.86
30.20
13.98
29.72
0.27
13.60
0.99
7.82
29.28
29.82
29.41
8.01
31.02
13.42
30.99
30.18
29.32
0.74
29.65
12.96
29.36
7.91
30.79
1.22
15.31
7.51
8.30
7.41
30.05
2.17
0.00
4.51
7.40
29.57
0.54
29.11
5.31
6.75
0.46
14.05
0.77
12.48
6.37
14.97
16.25
13.75
7.63
7.58
12.06
12.45
12.61
13.52
14.13
11.84
10.73
3.50
10.12
12.74
12.35
13.61
12.93
12.25
12.54
12.80
8.63
8.42
3.63
4.14
10.19
9.68
26.38
10.77
2.08
9.01
4.28
2.45
2.75
3.36
2.07
8.22
4.99
3.14
7.74
8.38
24.49
26.88
26.27
27.35
11.88
3.55
26.62
9.52
26.14
4.35
9.13
5.18
3.85
25.71
26.24
25.80
4.08
26.64
11.88
26.65
26.67
25.75
4.28
26.06
8.46
25.87
3.55
27.25
4.09
10.88
5.17
3.84
2.94
26.51
3.08
4.51
0.00
4.49
26.08
4.46
25.48
0.85
4.49
4.48
12.51
3.90
11.18
4.87
13.45
12.40
12.20
4.91
5.20
11.65
12.04
12.35
12.97
13.54
11.46
10.52
2.85
9.96
12.27
11.95
13.08
12.53
11.83
12.08
12.34
8.24
8.13
3.31
2.84
9.53
9.35
26.03
10.43
3.00
8.77
3.81
4.22
3.29
3.40
4.11
8.07
7.63
3.66
7.53
7.99
25.37
26.65
27.32
27.38
7.62
3.35
27.57
8.91
27.08
7.15
8.60
7.85
2.21
26.80
27.29
26.66
2.90
26.16
7.58
26.14
27.81
26.89
6.90
26.88
8.29
26.81
3.29
28.22
6.40
10.42
1.07
4.00
3.76
27.47
5.46
7.40
4.49
0.00
27.07
7.63
26.33
4.54
1.15
7.62
8.17
6.69
6.94
2.48
9.08
14.01
7.88
0.53
0.99
18.61
17.80
17.15
17.45
17.00
18.22
18.64
24.49
19.25
17.84
17.69
17.15
17.51
17.94
17.68
18.16
19.69
19.90
24.05
24.26
18.86
19.41
11.78
18.35
25.40
19.30
23.59
24.00
24.55
24.13
24.35
19.81
29.80
24.18
20.47
19.83
2.47
10.82
1.38
11.87
32.52
24.08
1.29
19.12
1.00
29.55
19.43
29.81
24.98
1.86
1.79
1.21
24.23
12.48
32.32
11.69
1.67
2.13
29.75
1.08
20.03
0.55
24.44
1.45
29.71
21.12
28.08
23.77
24.34
0.72
29.02
29.57
26.08
27.07
0.00
29.24
1.47
25.30
28.11
29.43
32.49
29.33
31.79
29.34
32.96
20.11
32.41
27.50
27.88
16.45
16.83
16.95
17.91
18.51
16.23
15.10
7.71
14.51
17.13
16.72
17.99
17.30
16.64
16.92
17.19
13.00
12.82
7.93
8.21
14.57
14.08
30.54
15.14
6.36
13.38
8.66
6.67
7.09
7.70
6.29
12.58
1.04
7.56
12.14
12.76
27.86
30.98
29.49
31.44
13.74
7.86
29.87
13.89
29.40
0.75
13.51
1.15
7.90
28.94
29.49
29.09
8.06
30.84
13.83
30.81
29.84
28.98
1.19
29.33
12.86
29.03
7.93
30.46
1.68
15.24
7.81
8.28
7.39
29.72
2.44
0.54
4.46
7.63
29.24
0.00
28.79
5.22
7.05
0.30
14.46
1.10
12.89
6.73
15.38
16.02
14.16
7.88
7.87
17.50
16.69
16.05
16.29
15.81
17.13
17.62
23.77
18.24
16.71
16.59
15.99
16.38
16.84
16.57
17.02
18.78
18.99
23.33
23.54
17.87
18.43
10.36
17.33
24.71
18.37
22.83
23.35
23.85
23.41
23.71
18.92
29.35
23.45
19.59
18.93
1.21
9.43
1.51
10.52
31.65
23.36
1.35
18.18
0.89
29.07
18.50
29.38
24.24
1.62
1.63
0.37
23.52
11.07
31.45
10.30
2.17
1.94
29.25
0.87
19.11
1.57
23.69
2.00
29.19
20.03
27.33
23.01
23.62
1.36
28.45
29.11
25.48
26.33
1.47
28.79
0.00
24.68
27.39
28.97
31.62
28.83
30.99
28.62
32.08
19.17
31.53
26.75
27.14
11.25
11.64
11.78
12.71
13.32
11.03
9.91
3.01
9.31
11.92
11.53
12.79
12.11
11.44
11.72
11.99
7.82
7.62
3.04
3.68
9.39
8.87
25.53
9.95
1.73
8.19
3.63
1.74
2.18
2.75
1.41
7.40
5.78
2.49
6.93
7.58
23.68
26.03
25.47
26.50
12.07
2.95
25.82
8.72
25.34
5.16
8.33
5.96
3.48
24.91
25.44
25.00
3.64
25.80
12.05
25.81
25.88
24.95
5.11
25.26
7.65
25.09
2.98
26.45
4.94
10.14
5.35
3.15
2.28
25.72
3.93
5.31
0.85
4.54
25.30
5.22
24.68
0.00
4.75
5.26
12.67
4.73
11.39
5.29
13.60
11.68
12.36
5.00
5.35
12.68
13.09
13.41
14.03
14.62
12.50
11.55
3.74
10.97
13.32
13.01
14.16
13.59
12.88
13.14
13.38
9.31
9.19
4.21
3.85
10.62
10.39
27.15
11.49
3.47
9.83
4.77
4.83
3.99
4.24
4.63
9.12
6.96
4.41
8.56
9.07
26.43
27.77
28.36
28.47
7.39
4.23
28.63
10.01
28.13
6.49
9.69
7.20
3.19
27.84
28.34
27.72
3.88
27.28
7.40
27.27
28.84
27.92
6.20
27.94
9.32
27.86
4.12
29.27
5.67
11.33
0.80
4.85
4.45
28.52
4.78
6.75
4.49
1.15
28.11
7.05
27.39
4.75
0.00
7.00
8.03
6.03
6.72
1.37
8.97
14.71
7.72
1.01
0.96
16.48
16.88
17.01
17.95
18.56
16.27
15.14
7.75
14.54
17.17
16.77
18.04
17.34
16.68
16.97
17.22
13.06
12.87
7.97
8.26
14.64
14.12
30.63
15.19
6.37
13.44
8.70
6.75
7.13
7.74
6.36
12.64
1.12
7.59
12.19
12.82
28.03
31.08
29.66
31.52
13.66
7.91
30.05
13.95
29.57
0.65
13.57
1.27
7.92
29.12
29.66
29.27
8.12
30.93
13.75
30.91
30.02
29.15
1.02
29.51
12.91
29.22
7.94
30.64
1.55
15.23
7.77
8.31
7.41
29.90
2.32
0.46
4.48
7.62
29.43
0.30
28.97
5.26
7.00
0.00
14.39
0.99
12.84
6.63
15.32
16.01
14.09
7.85
7.84
16.47
16.82
17.30
17.41
17.85
16.38
15.85
10.65
15.43
16.93
16.79
17.56
17.25
16.64
16.81
16.98
14.03
14.03
11.04
10.34
14.66
14.83
29.57
15.68
11.13
14.55
11.20
12.30
11.30
11.22
12.24
14.14
14.06
11.52
13.66
13.86
30.72
30.33
32.82
31.36
0.90
11.10
32.94
14.29
32.45
13.78
14.14
14.27
9.93
32.37
32.79
31.94
10.42
29.48
0.79
29.43
33.39
32.50
13.44
32.11
14.22
32.18
10.98
33.60
12.87
15.22
7.34
11.59
11.66
32.85
12.30
14.05
12.51
8.17
32.49
14.46
31.62
12.67
8.03
14.39
0.00
13.42
1.97
8.05
0.98
20.32
0.44
7.68
7.36
15.95
16.36
16.51
17.42
18.04
15.75
14.63
7.01
14.02
16.64
16.26
17.51
16.83
16.16
16.44
16.69
12.51
12.32
7.27
7.51
14.07
13.58
30.23
14.67
5.65
12.90
8.01
6.19
6.45
7.06
5.79
12.11
1.34
6.93
11.63
12.26
27.88
30.70
29.57
31.18
12.69
7.21
29.94
13.39
29.46
0.53
13.01
1.62
7.13
29.02
29.56
29.13
7.39
30.50
12.78
30.49
29.94
29.06
0.42
29.38
12.36
29.11
7.23
30.54
0.67
14.66
6.80
7.65
6.76
29.80
1.39
0.77
3.90
6.69
29.33
1.10
28.83
4.73
6.03
0.99
13.42
0.00
11.88
5.65
14.35
15.78
13.11
6.91
6.88
16.28
16.60
17.02
17.27
17.73
16.13
15.50
9.53
15.06
16.74
16.55
17.39
17.05
16.41
16.58
16.82
13.46
13.46
9.95
9.20
14.23
14.41
29.59
15.30
9.94
14.00
10.23
11.06
10.16
10.12
10.97
13.52
12.43
10.45
13.05
13.26
30.11
30.29
32.16
31.35
1.78
10.01
32.31
13.78
31.81
12.22
13.62
12.63
8.82
31.72
32.15
31.31
9.23
29.55
1.86
29.45
32.71
31.85
11.91
31.46
13.68
31.48
9.98
32.95
11.34
15.12
6.07
10.62
10.60
32.19
10.85
12.48
11.18
6.94
31.79
12.89
30.99
11.39
6.72
12.84
1.97
11.88
0.00
6.80
2.66
19.95
1.95
6.47
6.05
13.67
14.14
14.48
15.08
15.68
13.54
12.58
4.87
11.97
14.36
14.07
15.22
14.63
13.93
14.20
14.38
10.44
10.29
5.32
5.10
11.76
11.43
28.30
12.58
4.27
10.94
5.88
5.75
4.96
5.29
5.50
10.23
6.60
5.38
9.64
10.20
27.64
28.94
29.57
29.57
7.32
5.32
29.84
11.17
29.36
6.10
10.83
6.86
4.39
29.04
29.54
28.95
5.15
28.43
7.37
28.46
30.04
29.11
5.73
29.18
10.37
29.10
5.10
30.50
5.19
12.13
1.86
5.83
5.34
29.75
4.38
6.37
4.87
2.48
29.34
6.73
28.62
5.29
1.37
6.63
8.05
5.65
6.80
0.00
9.02
15.30
7.71
2.25
2.12
17.07
17.40
17.89
17.95
18.37
16.98
16.50
11.53
16.11
17.50
17.38
18.10
17.82
17.23
17.38
17.56
14.72
14.73
11.90
11.18
15.28
15.50
29.89
16.31
12.05
15.23
12.05
13.19
12.20
12.10
13.14
14.85
14.96
12.41
14.40
14.55
31.20
30.66
33.30
31.74
1.81
11.97
33.41
14.93
32.92
14.70
14.81
15.17
10.81
32.87
33.28
32.40
11.26
29.78
1.74
29.72
33.88
33.01
14.37
32.55
14.93
32.65
11.87
34.06
13.79
15.89
8.28
12.46
12.56
33.32
13.25
14.97
13.45
9.08
32.96
15.38
32.08
13.60
8.97
15.32
0.98
14.35
2.66
9.02
0.00
21.11
1.38
8.60
8.28
6.71
7.23
7.23
7.76
8.22
7.02
6.72
11.68
6.52
7.31
7.30
7.90
7.27
7.21
7.47
7.01
8.22
7.96
11.26
12.05
8.41
7.22
17.88
7.38
11.82
7.81
10.64
11.31
11.36
11.14
11.56
7.96
16.89
10.80
7.99
8.39
17.97
18.50
19.66
17.87
19.92
11.19
20.08
8.59
19.75
16.17
8.37
17.05
12.15
18.96
19.45
19.51
12.27
18.24
19.77
18.76
20.03
18.90
16.10
19.98
7.45
20.13
10.89
20.77
16.09
6.12
14.92
10.27
10.67
20.25
15.04
16.25
12.40
14.01
20.11
16.02
19.17
11.68
14.71
16.01
20.32
15.78
19.95
15.30
21.11
0.00
20.00
14.35
14.95
16.25
16.62
17.11
17.23
17.68
16.17
15.63
10.38
15.20
16.73
16.60
17.38
17.06
16.45
16.62
16.77
13.82
13.80
10.77
10.09
14.47
14.60
29.48
15.48
10.82
14.33
10.93
12.03
11.02
10.94
11.96
13.91
13.78
11.23
13.43
13.65
30.63
30.25
32.72
31.25
0.54
10.83
32.85
14.10
32.37
13.48
13.94
14.00
9.66
32.26
32.69
31.86
10.18
29.40
0.37
29.37
33.29
32.39
13.13
32.03
13.98
32.11
10.69
33.51
12.56
14.95
7.04
11.30
11.36
32.77
11.98
13.75
12.20
7.88
32.41
14.16
31.53
12.36
7.72
14.09
0.44
13.11
1.95
7.71
1.38
20.00
0.00
7.38
7.08
11.93
12.32
12.66
13.24
13.81
11.75
10.84
3.34
10.28
12.55
12.25
13.36
12.82
12.12
12.36
12.61
8.59
8.49
3.81
3.32
9.84
9.67
26.32
10.75
3.48
9.12
4.26
4.75
3.79
3.89
4.63
8.44
7.84
4.14
7.89
8.35
25.79
26.95
27.75
27.69
7.11
3.84
28.00
9.24
27.51
7.37
8.94
8.07
2.69
27.24
27.72
27.08
3.39
26.43
7.08
26.42
28.24
27.32
7.10
27.30
8.64
27.24
3.74
28.65
6.58
10.65
0.62
4.46
4.24
27.90
5.66
7.63
4.91
0.53
27.50
7.88
26.75
5.00
1.01
7.85
7.68
6.91
6.47
2.25
8.60
14.35
7.38
0.00
0.61
12.47
12.85
13.18
13.76
14.32
12.28
11.37
3.81
10.83
13.07
12.77
13.87
13.34
12.64
12.88
13.15
9.10
9.01
4.28
3.74
10.33
10.20
26.78
11.27
3.92
9.64
4.78
5.14
4.26
4.38
5.00
8.96
7.74
4.64
8.43
8.86
26.19
27.40
28.15
28.18
6.79
4.33
28.40
9.73
27.90
7.32
9.44
7.96
3.17
27.65
28.13
27.47
3.77
26.89
6.78
26.85
28.65
27.74
7.05
27.68
9.18
27.61
4.28
29.05
6.51
11.23
0.32
4.99
4.75
28.29
5.68
7.58
5.20
0.99
27.88
7.87
27.14
5.35
0.96
7.84
7.36
6.88
6.05
2.12
8.28
14.95
7.08
0.61
0.00
