0.00
1.20
0.49
0.59
11.21
1.36
0.90
0.46
1.33
1.13
0.68
8.89
1.20
0.09
0.75
8.98
8.95
9.76
9.34
8.40
8.95
9.67
9.27
8.92
9.16
8.57
9.93
12.34
9.96
8.65
8.79
10.83
10.77
8.61
10.29
10.54
10.03
8.82
9.44
9.15
11.13
9.60
11.15
9.03
11.03
18.40
8.98
11.06
9.44
7.36
17.09
6.69
9.02
17.71
13.06
14.96
17.97
11.53
10.16
11.81
10.23
11.87
11.79
6.63
9.19
19.56
16.32
12.89
7.86
7.60
11.38
9.05
7.15
7.39
7.83
10.85
10.38
7.54
11.93
6.58
10.92
12.01
6.27
8.73
19.35
8.08
13.01
8.49
18.91
13.14
8.97
12.86
7.75
1.20
0.00
0.77
1.06
12.26
1.16
1.01
0.92
1.34
0.15
0.67
9.30
0.20
1.14
1.91
9.73
9.62
10.68
10.05
8.86
9.80
10.57
10.09
9.38
9.94
9.08
10.85
12.95
10.90
9.21
9.25
11.83
11.79
9.19
11.22
11.54
9.62
9.34
10.38
10.06
10.62
10.49
11.65
9.93
11.58
18.26
9.85
10.62
8.88
7.08
16.90
6.48
9.42
17.61
12.94
14.87
17.89
11.03
11.14
11.41
11.21
12.47
12.39
6.46
9.94
19.46
16.69
13.49
7.96
7.47
11.33
9.94
6.93
7.17
8.70
11.47
11.30
7.28
12.54
7.33
11.41
12.59
6.10
9.57
19.24
8.94
12.88
9.35
18.82
12.92
9.81
12.67
8.56
0.49
0.77
0.00
0.39
11.58
1.29
0.92
0.32
1.38
0.68
0.51
8.95
0.77
0.44
1.16
9.17
9.11
10.06
9.52
8.47
9.19
9.97
9.52
9.01
9.39
8.67
10.22
12.54
10.28
8.78
8.86
11.19
11.13
8.74
10.63
10.89
9.74
8.95
9.84
9.46
10.83
9.88
11.31
9.30
11.21
18.33
9.23
10.76
9.12
7.20
16.99
6.55
9.06
17.66
12.98
14.90
17.93
11.21
10.58
11.52
10.57
12.07
11.99
6.51
9.50
19.40
16.31
13.08
7.86
7.51
11.31
9.44
7.01
7.26
8.15
11.05
10.72
7.38
12.13
6.96
11.07
12.20
6.13
9.05
19.18
8.48
12.93
8.82
18.74
13.00
9.27
12.73
8.09
0.59
1.06
0.39
0.00
11.35
1.67
1.29
0.56
1.74
0.95
0.87
8.65
1.07
0.60
1.06
8.86
8.80
9.78
9.20
8.17
8.86
9.70
9.23
8.73
9.12
8.38
9.94
12.31
10.03
8.50
8.56
10.96
10.89
8.45
10.41
10.64
9.51
8.70
9.76
9.21
10.65
9.59
11.13
8.99
11.01
18.23
8.92
10.55
8.96
7.10
16.90
6.42
8.76
17.57
12.85
14.79
17.85
11.02
10.48
11.31
10.32
11.85
11.77
6.40
9.38
19.13
15.94
12.87
7.73
7.41
11.16
9.37
6.90
7.16
7.96
10.83
10.51
7.27
11.91
7.00
10.88
11.99
6.00
8.89
18.90
8.46
12.81
8.65
18.46
12.85
9.07
12.58
7.98
11.21
12.26
11.58
11.35
0.00
12.38
11.86
11.63
12.00
12.14
11.73
7.98
12.33
11.30
10.69
5.15
5.86
2.79
5.55
7.56
4.47
2.97
4.12
7.43
4.38
7.06
2.72
6.52
2.27
6.64
7.59
1.06
0.77
6.52
2.47
1.25
14.74
6.85
5.00
3.10
15.83
3.28
7.33
3.81
6.83
17.84
4.11
15.46
15.07
12.07
17.19
11.47
8.13
16.92
13.71
14.70
17.04
16.14
4.65
15.62
1.63
6.45
6.53
11.28
5.63
18.74
13.01
6.84
9.93
11.32
12.17
5.63
11.63
11.73
4.52
6.03
2.65
11.98
6.36
8.26
7.39
6.70
11.15
4.48
18.76
6.69
13.71
4.36
18.29
14.54
4.06
14.16
5.70
1.36
1.16
1.29
1.67
12.38
0.00
0.60
1.15
0.66
1.26
0.98
10.13
1.08
1.28
1.91
10.31
10.27
11.04
10.67
9.65
10.29
10.93
10.56
10.14
10.43
9.82
11.21
13.49
11.19
9.91
10.05
12.02
11.96
9.88
11.43
11.75
10.78
10.01
10.26
10.38
11.76
10.89
12.19
10.35
12.11
19.05
10.31
11.78
10.02
8.01
17.73
7.42
10.26
18.38
13.80
15.67
18.60
12.19
10.99
12.56
11.44
12.99
12.92
7.36
10.11
20.56
17.60
14.01
8.70
8.32
12.22
9.84
7.86
8.06
8.94
11.99
11.51
8.23
13.05
7.04
11.98
13.11
7.04
9.77
20.35
8.73
13.73
9.54
19.92
13.89
10.09
13.62
8.65
0.90
1.01
0.92
1.29
11.86
0.60
0.00
0.86
0.47
1.04
0.52
9.57
1.00
0.84
1.52
9.74
9.70
10.48
10.10
9.09
9.74
10.36
9.98
9.56
9.85
9.24
10.65
12.89
10.63
9.33
9.49
11.47
11.42
9.30
10.86
11.20
10.47
9.42
9.76
9.81
11.45
10.33
11.60
9.80
11.51
18.58
9.75
11.47
9.73
7.56
17.26
6.96
9.71
17.89
13.31
15.18
18.12
11.89
10.50
12.23
10.89
12.39
12.32
6.89
9.55
20.12
17.13
13.42
8.16
7.83
11.71
9.33
7.39
7.59
8.36
11.39
10.94
7.78
12.46
6.61
11.39
12.52
6.57
9.20
19.92
8.26
13.24
8.97
19.49
13.43
9.51
13.15
8.10
0.46
0.92
0.32
0.56
11.63
1.15
0.86
0.00
1.33
0.88
0.63
9.18
0.86
0.38
1.04
9.32
9.28
10.16
9.68
8.70
9.30
10.08
9.66
9.24
9.55
8.89
10.32
12.74
10.38
8.99
9.09
11.26
11.19
8.95
10.73
10.96
10.01
9.17
9.90
9.57
11.12
9.99
11.54
9.40
11.42
18.64
9.34
11.04
9.41
7.52
17.31
6.87
9.30
17.97
13.29
15.21
18.23
11.50
10.62
11.81
10.65
12.27
12.19
6.83
9.64
19.68
16.48
13.29
8.15
7.82
11.62
9.51
7.33
7.57
8.27
11.25
10.82
7.70
12.33
7.01
11.30
12.41
6.45
9.18
19.46
8.53
13.24
8.94
19.01
13.32
9.41
13.05
8.20
1.33
1.34
1.38
1.74
12.00
0.66
0.47
1.33
0.00
1.39
0.92
9.83
1.35
1.28
1.89
10.00
9.96
10.68
10.37
9.35
10.01
10.54
10.19
9.78
10.04
9.48
10.85
13.01
10.79
9.55
9.75
11.61
11.57
9.54
10.96
11.36
10.77
9.60
9.71
9.97
11.69
10.54
11.68
10.05
11.61
18.60
10.00
11.77
9.96
7.66
17.30
7.09
9.98
17.91
13.39
15.22
18.11
12.17
10.46
12.51
11.04
12.50
12.43
7.00
9.54
20.41
17.51
13.52
8.23
7.91
11.82
9.26
7.51
7.68
8.45
11.51
11.04
7.89
12.57
6.42
11.49
12.62
6.71
9.24
20.22
8.14
13.30
9.03
19.79
13.56
9.60
13.27
8.09
1.13
0.15
0.68
0.95
12.14
1.26
1.04
0.88
1.39
0.00
0.64
9.16
0.30
1.07
1.84
9.59
9.47
10.55
9.90
8.72
9.66
10.44
9.95
9.24
9.80
8.94
10.72
12.82
10.77
9.07
9.11
11.71
11.66
9.05
11.10
11.41
9.53
9.20
10.28
9.93
10.54
10.35
11.53
9.79
11.45
18.16
9.71
10.53
8.80
6.99
16.81
6.38
9.28
17.52
12.84
14.77
17.79
10.95
11.04
11.31
11.08
12.34
12.26
6.36
9.83
19.35
16.55
13.36
7.85
7.37
11.22
9.85
6.83
7.07
8.58
11.33
11.18
7.18
12.41
7.28
11.28
12.46
5.99
9.46
19.13
8.87
12.78
9.24
18.70
12.82
9.68
12.57
8.46
0.68
0.67
0.51
0.87
11.73
0.98
0.52
0.63
0.92
0.64
0.00
9.15
0.73
0.63
1.42
9.42
9.34
10.25
9.76
8.68
9.45
10.13
9.71
9.17
9.57
8.86
10.42
12.61
10.43
8.96
9.08
11.32
11.27
8.94
10.71
11.04
9.96
9.07
9.77
9.60
10.97
10.08
11.33
9.54
11.24
18.24
9.47
10.97
9.25
7.17
16.92
6.54
9.28
17.57
12.94
14.83
17.82
11.40
10.52
11.72
10.72
12.12
12.04
6.49
9.44
19.62
16.68
13.14
7.82
7.46
11.32
9.34
6.99
7.21
8.20
11.11
10.79
7.37
12.19
6.72
11.10
12.25
6.15
9.06
19.42
8.32
12.88
8.83
18.99
13.02
9.33
12.74
8.02
8.89
9.30
8.95
8.65
7.98
10.13
9.57
9.18
9.83
9.16
9.15
0.00
9.44
8.97
8.78
3.07
2.26
5.23
2.72
0.64
4.17
5.03
3.86
0.92
3.63
1.01
5.33
5.28
5.78
1.43
0.45
7.15
7.24
1.49
6.52
6.75
7.07
1.99
8.82
5.10
7.98
4.74
4.90
4.66
4.67
12.49
4.26
7.64
7.54
5.70
11.39
5.22
0.34
11.81
7.36
9.11
12.32
8.29
9.34
7.70
6.40
5.14
4.97
5.23
6.71
12.04
8.91
5.87
4.47
5.24
5.48
8.59
5.30
5.51
5.45
4.34
6.58
5.42
5.17
9.23
4.41
5.30
5.05
6.09
11.98
9.07
7.49
6.03
11.52
7.40
5.37
7.11
6.76
1.20
0.20
0.77
1.07
12.33
1.08
1.00
0.86
1.35
0.30
0.73
9.44
0.00
1.13
1.88
9.83
9.73
10.77
10.15
8.99
9.88
10.67
10.19
9.52
10.06
9.22
10.94
13.10
11.00
9.34
9.38
11.92
11.87
9.32
11.32
11.62
9.73
9.48
10.48
10.16
10.75
10.58
11.82
10.01
11.74
18.45
9.93
10.74
9.01
7.27
17.09
6.67
9.55
17.81
13.13
15.07
18.09
11.15
11.23
11.53
11.30
12.63
12.54
6.65
10.08
19.60
16.77
13.64
8.15
7.66
11.52
10.05
7.12
7.36
8.82
11.62
11.41
7.47
12.69
7.44
11.57
12.75
6.28
9.70
19.37
9.05
13.08
9.47
18.94
13.11
9.93
12.85
8.69
0.09
1.14
0.44
0.60
11.30
1.28
0.84
0.38
1.28
1.07
0.63
8.97
1.13
0.00
0.80
9.07
9.04
9.85
9.43
8.48
9.04
9.77
9.36
9.00
9.25
8.65
10.02
12.43
10.06
8.74
8.88
10.93
10.86
8.70
10.38
10.63
10.06
8.90
9.52
9.25
11.16
9.70
11.23
9.12
11.12
18.46
9.07
11.09
9.46
7.41
17.15
6.74
9.10
17.77
13.12
15.02
18.03
11.55
10.24
11.84
10.32
11.96
11.88
6.69
9.28
19.62
16.39
12.98
7.93
7.66
11.45
9.14
7.20
7.44
7.92
10.94
10.47
7.59
12.02
6.64
11.01
12.10
6.32
8.82
19.41
8.15
13.06
8.58
18.96
13.20
9.06
12.92
7.83
0.75
1.91
1.16
1.06
10.69
1.91
1.52
1.04
1.89
1.84
1.42
8.78
1.88
0.80
0.00
8.62
8.66
9.31
9.02
8.25
8.51
9.27
8.91
8.80
8.82
8.40
9.48
12.16
9.53
8.47
8.64
10.36
10.28
8.41
9.89
10.06
10.30
8.69
9.11
8.76
11.49
9.18
11.07
8.57
10.91
18.69
8.55
11.35
9.84
7.74
17.40
7.03
8.90
17.99
13.33
15.22
18.24
11.85
9.79
12.08
9.77
11.70
11.63
6.97
9.00
19.66
16.08
12.72
8.05
7.92
11.61
8.78
7.49
7.74
7.51
10.68
10.00
7.89
11.75
6.46
10.84
11.86
6.58
8.44
19.45
7.84
13.28
8.18
18.99
13.43
8.66
13.14
7.52
8.98
9.73
9.17
8.86
5.15
10.31
9.74
9.32
10.00
9.59
9.42
3.07
9.83
9.07
8.62
0.00
0.82
2.36
0.59
2.65
1.17
2.41
1.31
2.87
1.49
2.34
2.44
5.09
3.17
2.09
2.63
4.49
4.47
1.87
4.32
3.99
9.70
2.94
7.18
2.72
10.87
1.90
5.42
1.63
4.93
14.86
1.22
10.39
10.25
8.08
13.91
7.46
3.15
14.08
10.02
11.51
14.47
11.09
7.50
10.53
3.71
5.01
4.91
7.39
5.85
14.32
9.34
5.71
6.45
7.53
8.22
7.23
7.64
7.84
4.00
4.14
4.47
7.89
4.97
8.52
5.10
5.28
7.16
4.72
14.25
7.89
10.11
4.58
13.76
10.33
3.82
10.01
5.77
8.95
9.62
9.11
8.80
5.86
10.27
9.70
9.28
9.96
9.47
9.34
2.26
9.73
9.04
8.66
0.82
0.00
3.07
0.56
1.88
1.96
3.00
1.82
2.11
1.79
1.58
3.16
4.88
3.78
1.38
1.83
5.13
5.15
1.16
4.79
4.66
9.01
2.35
7.55
3.24
10.12
2.58
5.06
2.44
4.62
14.16
2.03
9.67
9.56
7.45
13.18
6.86
2.34
13.41
9.27
10.81
13.82
10.36
7.93
9.79
4.36
4.79
4.67
6.80
5.94
13.64
9.08
5.51
5.87
6.91
7.46
7.52
7.01
7.21
4.25
3.91
4.92
7.24
4.77
8.67
4.69
5.04
6.59
4.95
13.58
8.15
9.37
4.84
13.09
9.53
4.06
9.22
5.93
9.76
10.68
10.06
9.78
2.79
11.04
10.48
10.16
10.68
10.55
10.25
5.23
10.77
9.85
9.31
2.36
3.07
0.00
2.77
4.81
1.89
0.66
1.40
4.77
1.78
4.35
0.19
5.08
1.02
3.95
4.83
2.16
2.11
3.81
2.43
1.63
11.99
4.36
5.68
1.27
13.11
0.49
5.71
1.31
5.17
15.99
1.46
12.70
12.42
9.73
15.19
9.12
5.37
15.13
11.49
12.72
15.38
13.39
5.76
12.84
1.40
4.99
4.99
8.98
5.05
16.26
10.90
5.59
7.76
9.05
9.82
5.96
9.29
9.43
3.32
4.28
2.64
9.60
4.91
7.97
5.59
5.27
8.81
3.75
16.24
6.86
11.53
3.60
15.76
12.10
2.88
11.74
5.07
9.34
10.05
9.52
9.20
5.55
10.67
10.10
9.68
10.37
9.90
9.76
2.72
10.15
9.43
9.02
0.59
0.56
2.77
0.00
2.40
1.66
2.78
1.65
2.58
1.75
2.11
2.83
4.86
3.55
1.89
2.30
4.86
4.86
1.68
4.66
4.37
9.44
2.79
7.61
3.14
10.58
2.29
5.26
2.14
4.79
14.47
1.75
10.08
10.05
8.00
13.53
7.41
2.77
13.71
9.67
11.15
14.12
10.78
7.93
10.18
4.11
4.83
4.72
7.36
6.12
13.75
8.87
5.48
6.40
7.46
7.89
7.64
7.57
7.77
4.41
4.01
4.79
7.79
4.79
8.95
4.91
5.09
7.15
5.07
13.69
8.33
9.77
4.96
13.20
9.94
4.14
9.63
6.15
8.40
8.86
8.47
8.17
7.56
9.65
9.09
8.70
9.35
8.72
8.68
0.64
8.99
8.48
8.25
2.65
1.88
4.81
2.40
0.00
3.70
4.62
3.46
0.97
3.24
0.66
4.92
5.38
5.37
1.09
0.41
6.75
6.82
1.10
6.14
6.34
7.32
1.85
8.36
4.66
8.31
4.33
4.98
4.18
4.71
12.98
3.79
7.96
7.74
5.74
11.87
5.19
0.83
12.28
7.81
9.56
12.75
8.62
8.89
8.08
5.99
5.20
5.04
5.18
6.37
12.65
9.23
5.99
4.47
5.28
5.92
8.15
5.32
5.54
4.97
4.32
6.22
5.49
5.23
8.75
4.52
5.38
4.97
5.67
12.58
8.59
7.92
5.59
12.11
7.91
4.96
7.61
6.32
8.95
9.80
9.19
8.86
4.47
10.29
9.74
9.30
10.01
9.66
9.45
4.17
9.88
9.04
8.51
1.17
1.96
1.89
1.66
3.70
0.00
2.23
1.62
4.02
2.02
3.45
1.94
5.87
2.85
3.20
3.72
4.01
3.88
2.98
4.18
3.45
10.49
4.01
7.02
2.59
11.78
1.59
6.31
0.68
5.81
16.00
0.48
11.23
11.09
8.96
15.06
8.29
4.22
15.21
11.17
12.65
15.57
11.96
7.25
11.43
3.25
5.80
5.74
8.21
6.15
15.26
9.71
6.46
7.38
8.44
9.37
7.18
8.51
8.73
4.09
4.97
4.38
8.79
5.75
8.52
6.05
6.08
7.95
4.87
15.17
7.82
11.25
4.67
14.67
11.48
4.01
11.17
5.91
9.67
10.57
9.97
9.70
2.97
10.93
10.36
10.08
10.54
10.44
10.13
5.03
10.67
9.77
9.27
2.41
3.00
0.66
2.78
4.62
2.23
0.00
1.19
4.46
1.42
4.09
0.79
4.57
0.78
3.68
4.65
2.14
2.21
3.56
2.00
1.73
11.88
3.93
5.29
0.76
12.90
0.69
5.10
1.73
4.57
15.46
1.76
12.56
12.21
9.35
14.67
8.77
5.19
14.58
11.00
12.18
14.81
13.23
5.42
12.70
1.38
4.43
4.43
8.61
4.45
16.14
11.14
5.08
7.27
8.63
9.36
5.52
8.91
9.03
2.85
3.70
2.18
9.22
4.36
7.59
5.00
4.71
8.48
3.19
16.15
6.46
11.02
3.07
15.68
11.68
2.28
11.32
4.58
9.27
10.09
9.52
9.23
4.12
10.56
9.98
9.66
10.19
9.95
9.71
3.86
10.19
9.36
8.91
1.31
1.82
1.40
1.65
3.46
1.62
1.19
0.00
3.37
0.48
2.96
1.52
4.39
1.97
2.56
3.47
3.33
3.38
2.42
3.02
2.89
10.72
3.00
6.06
1.51
11.76
0.93
4.78
1.50
4.26
14.81
1.25
11.40
11.11
8.47
13.95
7.88
4.02
13.98
10.17
11.49
14.27
12.07
6.33
11.52
2.57
4.26
4.21
7.75
4.80
15.12
10.31
4.98
6.52
7.79
8.47
6.16
8.03
8.17
3.09
3.41
3.17
8.31
4.21
7.85
4.57
4.54
7.60
3.63
15.10
6.98
10.22
3.52
14.63
10.72
2.68
10.37
4.88
8.92
9.38
9.01
8.73
7.43
10.14
9.56
9.24
9.78
9.24
9.17
0.92
9.52
9.00
8.80
2.87
2.11
4.77
2.58
0.97
4.02
4.46
3.37
0.00
3.05
0.64
4.88
4.51
5.19
0.86
0.96
6.54
6.67
1.05
5.79
6.18
7.79
1.08
8.04
4.48
8.58
4.29
4.04
4.40
3.79
12.24
4.00
8.35
8.09
5.73
11.20
5.27
1.24
11.51
7.20
8.83
11.95
8.97
8.57
8.40
5.82
4.32
4.15
5.22
5.85
12.56
9.53
5.11
4.10
5.12
5.37
7.80
5.32
5.48
4.75
3.47
5.83
5.49
4.36
8.62
3.56
4.48
5.11
5.28
12.55
8.35
7.29
5.26
12.10
7.49
4.58
7.16
6.01
9.16
9.94
9.39
9.12
4.38
10.43
9.85
9.55
10.04
9.80
9.57
3.63
10.06
9.25
8.82
1.49
1.79
1.78
1.75
3.24
2.02
1.42
0.48
3.05
0.00
2.69
1.91
4.10
2.15
2.26
3.27
3.52
3.63
2.16
3.01
3.14
10.53
2.58
5.93
1.55
11.51
1.35
4.35
1.94
3.85
14.40
1.67
11.19
10.85
8.09
13.53
7.52
3.81
13.56
9.75
11.06
13.84
11.85
6.24
11.31
2.78
3.92
3.87
7.39
4.48
14.98
10.47
4.70
6.08
7.39
8.05
5.97
7.65
7.79
2.87
3.02
3.13
7.94
3.88
7.62
4.13
4.19
7.26
3.38
14.98
6.78
9.79
3.29
14.51
10.34
2.42
9.98
4.61
8.57
9.08
8.67
8.38
7.06
9.82
9.24
8.89
9.48
8.94
8.86
1.01
9.22
8.65
8.40
2.34
1.58
4.35
2.11
0.66
3.45
4.09
2.96
0.64
2.69
0.00
4.46
4.79
4.83
0.45
0.76
6.21
6.31
0.53
5.54
5.82
7.92
1.28
7.83
4.12
8.83
3.86
4.42
3.86
4.12
12.88
3.46
8.54
8.27
5.97
11.83
5.44
1.27
12.15
7.81
9.46
12.58
9.18
8.34
8.64
5.46
4.60
4.44
5.39
5.81
12.95
9.50
5.41
4.42
5.41
5.96
7.63
5.54
5.73
4.46
3.69
5.61
5.74
4.62
8.42
3.97
4.79
5.23
5.11
12.91
8.15
7.90
5.05
12.45
8.07
4.37
7.74
5.84
9.93
10.85
10.22
9.94
2.72
11.21
10.65
10.32
10.85
10.72
10.42
5.33
10.94
10.02
9.48
2.44
3.16
0.19
2.83
4.92
1.94
0.79
1.52
4.88
1.91
4.46
0.00
5.10
1.08
4.07
4.93
2.13
2.06
3.93
2.49
1.59
12.10
4.49
5.79
1.44
13.22
0.60
5.80
1.37
5.26
16.07
1.53
12.80
12.55
9.89
15.28
9.28
5.46
15.21
11.60
12.81
15.46
13.49
5.85
12.94
1.40
5.04
5.04
9.15
5.20
16.26
10.83
5.60
7.92
9.22
9.94
6.09
9.45
9.60
3.50
4.36
2.70
9.75
4.96
8.14
5.69
5.32
8.98
3.90
16.25
7.01
11.64
3.76
15.77
12.20
3.03
11.85
5.24
12.34
12.95
12.54
12.31
6.52
13.49
12.89
12.74
13.01
12.82
12.61
5.28
13.10
12.43
12.16
5.09
4.88
5.08
4.86
5.38
5.87
4.57
4.39
4.51
4.10
4.79
5.10
0.00
4.83
4.48
5.23
5.53
5.88
4.60
4.64
5.53
11.87
3.91
7.31
4.72
12.24
4.85
2.05
5.81
1.70
11.48
5.58
12.23
12.02
9.01
10.95
8.79
5.48
10.58
8.00
8.58
10.77
12.73
7.52
12.05
5.29
0.64
0.66
8.62
5.08
13.82
11.08
0.64
6.57
8.07
6.93
7.23
8.67
8.63
5.41
1.50
4.53
8.82
0.54
9.51
2.12
0.75
8.74
5.01
14.03
8.40
8.02
5.22
13.65
9.09
4.36
8.71
6.30
9.96
10.90
10.28
10.03
2.27
11.19
10.63
10.38
10.79
10.77
10.43
5.78
11.00
10.06
9.53
3.17
3.78
1.02
3.55
5.37
2.85
0.78
1.97
5.19
2.15
4.83
1.08
4.83
0.00
4.41
5.41
1.38
1.50
4.31
1.42
1.03
12.62
4.58
4.81
0.95
13.63
1.34
5.41
2.27
4.88
15.89
2.39
13.31
12.91
9.92
15.14
9.34
5.96
14.99
11.54
12.65
15.17
13.98
4.85
13.45
0.64
4.68
4.72
9.16
4.31
16.84
11.76
5.28
7.78
9.17
9.95
5.14
9.48
9.59
2.88
4.05
1.64
9.81
4.61
7.45
5.38
4.95
9.05
3.05
16.86
6.16
11.54
2.94
16.39
12.31
2.27
11.93
4.47
8.65
9.21
8.78
8.50
6.64
9.91
9.33
8.99
9.55
9.07
8.96
1.43
9.34
8.74
8.47
2.09
1.38
3.95
1.89
1.09
3.20
3.68
2.56
0.86
2.26
0.45
4.07
4.48
4.41
0.00
1.16
5.78
5.89
0.25
5.10
5.40
8.36
1.08
7.45
3.70
9.26
3.48
4.17
3.56
3.83
12.99
3.17
8.99
8.69
6.24
11.97
5.71
1.69
12.23
7.99
9.57
12.63
9.62
7.94
9.08
5.04
4.27
4.13
5.63
5.45
13.25
9.67
5.10
4.53
5.63
6.17
7.27
5.81
5.98
4.10
3.34
5.16
6.02
4.29
8.21
3.74
4.48
5.49
4.72
13.23
7.84
8.07
4.66
12.77
8.34
3.95
8.00
5.52
8.79
9.25
8.86
8.56
7.59
10.05
9.49
9.09
9.75
9.11
9.08
0.45
9.38
8.88
8.64
2.63
1.83
4.83
2.30
0.41
3.72
4.65
3.47
0.96
3.27
0.76
4.93
5.23
5.41
1.16
0.00
6.78
6.85
1.16
6.21
6.36
7.37
1.94
8.58
4.75
8.35
4.34
4.96
4.22
4.67
12.88
3.82
7.97
7.87
6.00
11.79
5.48
0.57
12.19
7.78
9.49
12.68
8.64
9.08
8.06
6.03
5.10
4.93
5.48
6.56
12.35
8.88
5.84
4.72
5.54
5.90
8.38
5.59
5.81
5.19
4.27
6.28
5.74
5.12
9.09
4.48
5.28
5.28
5.86
12.28
8.87
7.90
5.79
11.81
7.85
5.11
7.56
6.58
10.83
11.83
11.19
10.96
1.06
12.02
11.47
11.26
11.61
11.71
11.32
7.15
11.92
10.93
10.36
4.49
5.13
2.16
4.86
6.75
4.01
2.14
3.33
6.54
3.52
6.21
2.13
5.53
1.38
5.78
6.78
0.00
0.44
5.68
1.47
0.58
14.00
5.89
4.58
2.23
15.01
2.60
6.27
3.37
5.77
16.80
3.59
14.70
14.28
11.18
16.13
10.61
7.32
15.87
12.67
13.64
15.99
15.36
4.36
14.83
0.81
5.43
5.50
10.41
4.74
17.97
12.66
5.87
8.97
10.40
11.15
5.10
10.75
10.83
3.71
4.98
1.66
11.08
5.34
7.77
6.33
5.68
10.31
3.60
18.01
6.23
12.66
3.52
17.55
13.53
3.09
13.15
4.97
10.77
11.79
11.13
10.89
0.77
11.96
11.42
11.19
11.57
11.66
11.27
7.24
11.87
10.86
10.28
4.47
5.15
2.11
4.86
6.82
3.88
2.21
3.38
6.67
3.63
6.31
2.06
5.88
1.50
5.89
6.85
0.44
0.00
5.78
1.85
0.49
14.03
6.07
4.79
2.35
15.09
2.58
6.63
3.23
6.11
17.14
3.49
14.74
14.35
11.33
16.46
10.74
7.40
16.22
12.95
13.97
16.36
15.42
4.56
14.89
0.86
5.78
5.85
10.56
5.07
18.09
12.58
6.23
9.18
10.58
11.40
5.33
10.90
11.00
3.88
5.30
2.06
11.24
5.69
7.91
6.66
6.04
10.43
3.88
18.11
6.41
12.95
3.77
17.64
13.77
3.37
13.39
5.19
8.61
9.19
8.74
8.45
6.52
9.88
9.30
8.95
9.54
9.05
8.94
1.49
9.32
8.70
8.41
1.87
1.16
3.81
1.68
1.10
2.98
3.56
2.42
1.05
2.16
0.53
3.93
4.60
4.31
0.25
1.16
5.68
5.78
0.00
5.06
5.29
8.41
1.31
7.46
3.61
9.36
3.33
4.36
3.36
4.01
13.22
2.96
9.04
8.77
6.39
12.20
5.84
1.71
12.46
8.23
9.81
12.87
9.69
7.94
9.15
4.94
4.41
4.27
5.77
5.53
13.32
9.58
5.23
4.74
5.80
6.40
7.30
5.96
6.14
4.10
3.48
5.14
6.18
4.43
8.25
3.95
4.62
5.61
4.75
13.29
7.87
8.31
4.68
12.83
8.54
3.96
8.21
5.57
10.29
11.22
10.63
10.41
2.47
11.43
10.86
10.73
10.96
11.10
10.71
6.52
11.32
10.38
9.89
4.32
4.79
2.43
4.66
6.14
4.18
2.00
3.02
5.79
3.01
5.54
2.49
4.64
1.42
5.10
6.21
1.47
1.85
5.06
0.00
1.68
13.36
4.98
3.72
1.72
14.21
2.67
5.04
3.61
4.58
15.60
3.70
14.03
13.47
10.09
14.93
9.57
6.74
14.65
11.48
12.42
14.74
14.65
3.71
14.16
1.43
4.40
4.48
9.35
3.32
17.53
12.93
4.98
7.76
9.25
10.03
4.07
9.67
9.72
2.64
3.89
0.25
10.01
4.34
6.81
5.14
4.62
9.31
2.27
17.60
5.29
11.45
2.28
17.15
12.46
1.80
12.06
3.76
10.54
11.54
10.89
10.64
1.25
11.75
11.20
10.96
11.36
11.41
11.04
6.75
11.62
10.63
10.06
3.99
4.66
1.63
4.37
6.34
3.45
1.73
2.89
6.18
3.14
5.82
1.59
5.53
1.03
5.40
6.36
0.58
0.49
5.29
1.68
0.00
13.55
5.61
4.88
1.92
14.61
2.09
6.27
2.81
5.74
16.76
3.04
14.26
13.89
10.91
16.06
10.32
6.91
15.85
12.52
13.57
16.01
14.94
4.74
14.41
0.42
5.43
5.49
10.14
4.91
17.63
12.20
5.91
8.78
10.17
10.96
5.36
10.48
10.58
3.61
4.91
1.91
10.81
5.35
7.85
6.28
5.70
10.02
3.67
17.64
6.42
12.53
3.56
17.17
13.31
3.06
12.93
5.03
10.03
9.62
9.74
9.51
14.74
10.78
10.47
10.01
10.77
9.53
9.96
7.07
9.73
10.06
10.30
9.70
9.01
11.99
9.44
7.32
10.49
11.88
10.72
7.79
10.53
7.92
12.10
11.87
12.62
8.36
7.37
14.00
14.03
8.41
13.36
13.55
0.00
8.63
14.83
11.85
2.07
11.53
10.99
11.08
11.01
13.35
10.74
1.08
2.03
5.84
11.86
5.79
6.92
13.15
8.46
10.61
13.92
1.75
15.53
1.93
13.21
11.71
11.52
6.15
12.75
10.58
10.82
12.36
7.64
6.59
7.19
14.40
5.87
6.18
11.62
11.04
13.42
5.59
11.78
13.58
10.51
11.78
5.87
12.39
10.25
14.33
8.66
12.30
9.88
7.00
11.94
7.07
12.41
8.82
9.34
8.95
8.70
6.85
10.01
9.42
9.17
9.60
9.20
9.07
1.99
9.48
8.90
8.69
2.94
2.35
4.36
2.79
1.85
4.01
3.93
3.00
1.08
2.58
1.28
4.49
3.91
4.58
1.08
1.94
5.89
6.07
1.31
4.98
5.61
8.63
0.00
7.07
3.83
9.32
3.92
3.22
4.23
2.95
12.20
3.87
9.21
8.74
5.84
11.21
5.40
2.31
11.40
7.28
8.76
11.75
9.79
7.60
9.27
5.22
3.60
3.45
5.27
4.78
13.39
10.43
4.50
3.80
5.08
5.52
6.81
5.43
5.52
3.87
2.66
4.99
5.65
3.65
7.79
2.80
3.76
5.24
4.30
13.42
7.40
7.32
4.31
12.98
7.83
3.64
7.46
5.05
9.44
10.38
9.84
9.76
5.00
10.26
9.76
9.90
9.71
10.28
9.77
8.82
10.48
9.52
9.11
7.18
7.55
5.68
7.61
8.36
7.02
5.29
6.06
8.04
5.93
7.83
5.79
7.31
4.81
7.45
8.58
4.58
4.79
7.46
3.72
4.88
14.83
7.07
0.00
4.63
15.53
5.89
6.79
6.47
6.58
16.68
6.58
15.59
14.49
10.45
16.00
9.97
9.10
15.68
12.65
13.51
15.58
16.13
0.90
15.84
4.70
6.84
6.94
9.68
2.81
20.31
16.35
7.53
8.26
9.62
11.33
0.84
10.09
10.06
3.43
6.33
3.64
10.51
6.85
4.01
7.01
6.95
9.71
2.78
20.39
2.03
12.52
2.79
19.97
13.85
3.64
13.42
2.50
9.15
10.06
9.46
9.21
3.10
10.38
9.81
9.57
9.97
9.93
9.60
5.10
10.16
9.25
8.76
2.72
3.24
1.27
3.14
4.66
2.59
0.76
1.51
4.48
1.55
4.12
1.44
4.72
0.95
3.70
4.75
2.23
2.35
3.61
1.72
1.92
11.85
3.83
4.63
0.00
12.83
1.30
4.97
2.09
4.47
15.39
2.12
12.56
12.06
8.99
14.58
8.41
5.31
14.50
10.87
12.07
14.69
13.21
4.84
12.72
1.50
4.48
4.49
8.23
3.81
16.50
11.75
5.22
6.89
8.25
9.24
4.82
8.56
8.66
2.10
3.68
1.89
8.89
4.43
6.83
4.89
4.74
8.11
2.49
16.52
5.72
10.88
2.35
16.05
11.62
1.64
11.24
3.83
11.13
10.62
10.83
10.65
15.83
11.76
11.45
11.12
11.69
10.54
10.97
7.98
10.75
11.16
11.49
10.87
10.12
13.11
10.58
8.31
11.78
12.90
11.76
8.58
11.51
8.83
13.22
12.24
13.63
9.26
8.35
15.01
15.09
9.36
14.21
14.61
2.07
9.32
15.53
12.83
0.00
12.63
11.19
12.34
11.31
11.91
11.97
1.49
1.79
5.74
10.39
5.98
7.88
11.81
7.40
9.45
12.59
1.10
16.27
1.65
14.25
12.07
11.88
6.32
13.25
10.13
11.96
12.66
7.70
6.50
6.54
15.03
5.90
6.09
12.45
11.51
14.25
5.51
12.15
14.18
10.74
12.08
6.22
13.09
9.89
14.96
7.60
13.06
9.60
5.77
12.71
5.92
13.06
9.60
10.49
9.88
9.59
3.28
10.89
10.33
9.99
10.54
10.35
10.08
4.74
10.58
9.70
9.18
1.90
2.58
0.49
2.29
4.33
1.59
0.69
0.93
4.29
1.35
3.86
0.60
4.85
1.34
3.48
4.34
2.60
2.58
3.33
2.67
2.09
11.53
3.92
5.89
1.30
12.63
0.00
5.44
1.13
4.90
15.62
1.14
12.22
11.96
9.33
14.80
8.72
4.88
14.77
11.07
12.34
15.05
12.91
6.04
12.36
1.83
4.76
4.75
8.59
5.04
15.81
10.58
5.39
7.38
8.66
9.39
6.11
8.89
9.04
3.29
4.02
2.86
9.18
4.70
8.00
5.29
5.05
8.42
3.77
15.79
6.98
11.11
3.63
15.31
11.64
2.85
11.29
5.08
11.15
11.65
11.31
11.13
7.33
12.19
11.60
11.54
11.68
11.53
11.33
4.90
11.82
11.23
11.07
5.42
5.06
5.71
5.26
4.98
6.31
5.10
4.78
4.04
4.35
4.42
5.80
2.05
5.41
4.17
4.96
6.27
6.63
4.36
5.04
6.27
10.99
3.22
6.79
4.97
11.19
5.44
0.00
6.28
0.57
10.57
6.01
11.37
10.83
7.36
9.90
7.21
5.18
9.63
6.69
7.41
9.77
11.82
7.22
11.26
5.93
1.51
1.45
7.00
4.12
14.05
12.13
2.28
4.81
6.35
5.59
6.49
7.06
6.95
4.83
1.51
4.91
7.22
1.65
8.24
0.52
1.38
7.21
4.44
14.25
7.44
6.65
4.67
13.89
7.95
4.06
7.53
5.31
9.03
9.93
9.30
8.99
3.81
10.35
9.80
9.40
10.05
9.79
9.54
4.66
10.01
9.12
8.57
1.63
2.44
1.31
2.14
4.18
0.68
1.73
1.50
4.40
1.94
3.86
1.37
5.81
2.27
3.56
4.22
3.37
3.23
3.36
3.61
2.81
11.08
4.23
6.47
2.09
12.34
1.13
6.28
0.00
5.76
16.23
0.40
11.83
11.61
9.27
15.33
8.60
4.75
15.41
11.47
12.89
15.73
12.55
6.65
12.03
2.61
5.72
5.68
8.50
5.78
15.83
10.26
6.38
7.58
8.71
9.70
6.68
8.82
9.02
3.73
4.90
3.83
9.12
5.66
8.19
6.07
6.01
8.26
4.45
15.76
7.37
11.53
4.25
15.26
11.88
3.62
11.55
5.54
11.03
11.58
11.21
11.01
6.83
12.11
11.51
11.42
11.61
11.45
11.24
4.67
11.74
11.12
10.91
4.93
4.62
5.17
4.79
4.71
5.81
4.57
4.26
3.79
3.85
4.12
5.26
1.70
4.88
3.83
4.67
5.77
6.11
4.01
4.58
5.74
11.01
2.95
6.58
4.47
11.31
4.90
0.57
5.76
0.00
11.05
5.50
11.42
10.93
7.54
10.38
7.34
4.94
10.12
7.11
7.89
10.28
11.90
6.98
11.33
5.41
1.12
1.05
7.13
3.99
14.10
11.81
2.05
5.00
6.56
5.92
6.33
7.21
7.14
4.50
0.94
4.46
7.40
1.26
8.19
0.66
1.10
7.30
4.14
14.28
7.32
7.08
4.36
13.91
8.28
3.67
7.87
5.15
18.40
18.26
18.33
18.23
17.84
19.05
18.58
18.64
18.60
18.16
18.24
12.49
18.45
18.46
18.69
14.86
14.16
15.99
14.47
12.98
16.00
15.46
14.81
12.24
14.40
12.88
16.07
11.48
15.89
12.99
12.88
16.80
17.14
13.22
15.60
16.76
13.35
12.20
16.68
15.39
11.91
15.62
10.57
16.23
11.05
0.00
15.87
12.88
12.68
11.29
1.56
11.93
12.59
1.06
5.54
3.54
1.78
12.69
17.21
12.26
16.44
11.43
11.35
11.88
13.94
11.82
16.67
11.29
10.74
10.83
7.44
16.13
11.44
11.14
15.00
11.85
15.46
11.15
11.54
16.76
10.53
11.19
12.34
14.69
12.37
16.69
5.50
14.93
12.43
6.39
14.50
6.41
14.97
8.98
9.85
9.23
8.92
4.11
10.31
9.75
9.34
10.00
9.71
9.47
4.26
9.93
9.07
8.55
1.22
2.03
1.46
1.75
3.79
0.48
1.76
1.25
4.00
1.67
3.46
1.53
5.58
2.39
3.17
3.82
3.59
3.49
2.96
3.70
3.04
10.74
3.87
6.58
2.12
11.97
1.14
6.01
0.40
5.50
15.87
0.00
11.47
11.26
8.94
14.96
8.29
4.35
15.06
11.09
12.52
15.39
12.19
6.80
11.66
2.81
5.48
5.43
8.19
5.72
15.46
10.05
6.16
7.26
8.39
9.31
6.75
8.49
8.70
3.69
4.65
3.90
8.79
5.43
8.21
5.77
5.77
7.96
4.43
15.39
7.43
11.15
4.24
14.90
11.48
3.56
11.15
5.52
11.06
10.62
10.76
10.55
15.46
11.78
11.47
11.04
11.77
10.53
10.97
7.64
10.74
11.09
11.35
10.39
9.67
12.70
10.08
7.96
11.23
12.56
11.40
8.35
11.19
8.54
12.80
12.23
13.31
8.99
7.97
14.70
14.74
9.04
14.03
14.26
1.08
9.21
15.59
12.56
1.49
12.22
11.37
11.83
11.42
12.88
11.47
0.00
2.37
6.39
11.40
6.45
7.48
12.75
8.26
10.34
13.57
0.80
16.29
0.94
13.92
12.10
11.90
6.80
13.40
9.79
10.85
12.68
8.16
7.10
7.20
15.15
6.46
6.72
12.37
11.50
14.09
6.12
12.17
14.41
10.89
12.14
6.59
13.09
9.46
15.12
8.49
13.03
9.12
6.63
12.63
6.77
13.16
9.44
8.88
9.12
8.96
15.07
10.02
9.73
9.41
9.96
8.80
9.25
7.54
9.01
9.46
9.84
10.25
9.56
12.42
10.05
7.74
11.09
12.21
11.11
8.09
10.85
8.27
12.55
12.02
12.91
8.69
7.87
14.28
14.35
8.77
13.47
13.89
2.03
8.74
14.49
12.06
1.79
11.96
10.83
11.61
10.93
12.68
11.26
2.37
0.00
4.61
11.14
4.75
7.47
12.46
7.77
9.92
13.15
2.40
15.26
3.03
13.51
11.77
11.59
5.11
12.36
11.72
12.57
12.48
6.86
5.53
6.66
13.96
4.77
5.02
11.49
11.10
13.51
4.44
11.86
12.83
10.39
11.81
4.93
12.19
11.48
13.76
7.91
12.13
11.16
6.47
11.89
6.52
12.00
7.36
7.08
7.20
7.10
12.07
8.01
7.56
7.52
7.66
6.99
7.17
5.70
7.27
7.41
7.74
8.08
7.45
9.73
8.00
5.74
8.96
9.35
8.47
5.73
8.09
5.97
9.89
9.01
9.92
6.24
6.00
11.18
11.33
6.39
10.09
10.91
5.84
5.84
10.45
8.99
5.74
9.33
7.36
9.27
7.54
11.29
8.94
6.39
4.61
0.00
9.88
0.83
5.85
10.73
5.95
7.97
11.13
6.62
11.27
6.72
10.50
8.58
8.44
0.92
8.26
13.75
13.59
9.43
2.65
1.08
4.52
9.82
0.45
0.46
7.89
7.87
10.08
0.38
8.70
8.69
7.03
8.58
1.32
8.39
13.72
9.59
5.91
8.38
13.38
5.92
8.34
5.65
7.95
17.09
16.90
16.99
16.90
17.19
17.73
17.26
17.31
17.30
16.81
16.92
11.39
17.09
17.15
17.40
13.91
13.18
15.19
13.53
11.87
15.06
14.67
13.95
11.20
13.53
11.83
15.28
10.95
15.14
11.97
11.79
16.13
16.46
12.20
14.93
16.06
11.86
11.21
16.00
14.58
10.39
14.80
9.90
15.33
10.38
1.56
14.96
11.40
11.14
9.88
0.00
10.54
11.48
1.72
4.22
2.53
2.60
11.19
16.58
10.80
15.72
10.86
10.76
10.52
13.23
11.18
15.87
10.84
9.53
9.49
6.15
15.43
10.05
9.76
14.13
11.16
14.80
9.74
10.98
15.85
9.81
10.64
10.97
13.92
11.67
15.90
4.19
14.13
11.69
4.93
13.72
4.97
14.13
6.69
6.48
6.55
6.42
11.47
7.42
6.96
6.87
7.09
6.38
6.54
5.22
6.67
6.74
7.03
7.46
6.86
9.12
7.41
5.19
8.29
8.77
7.88
5.27
7.52
5.44
9.28
8.79
9.34
5.71
5.48
10.61
10.74
5.84
9.57
10.32
5.79
5.40
9.97
8.41
5.98
8.72
7.21
8.60
7.34
11.93
8.29
6.45
4.75
0.83
10.54
0.00
5.37
11.34
6.50
8.54
11.74
6.77
10.79
6.84
9.91
8.36
8.22
0.36
7.89
13.95
13.25
9.25
2.56
1.32
4.92
9.38
0.50
0.89
7.32
7.58
9.57
0.87
8.47
8.24
6.87
8.38
0.49
7.91
13.89
9.14
6.48
7.87
13.53
6.48
7.83
6.20
7.47
9.02
9.42
9.06
8.76
8.13
10.26
9.71
9.30
9.98
9.28
9.28
0.34
9.55
9.10
8.90
3.15
2.34
5.37
2.77
0.83
4.22
5.19
4.02
1.24
3.81
1.27
5.46
5.48
5.96
1.69
0.57
7.32
7.40
1.71
6.74
6.91
6.92
2.31
9.10
5.31
7.88
4.88
5.18
4.75
4.94
12.59
4.35
7.48
7.47
5.85
11.48
5.37
0.00
11.94
7.47
9.24
12.46
8.14
9.62
7.54
6.57
5.37
5.20
5.40
7.03
11.82
8.61
6.07
4.74
5.44
5.60
8.89
5.46
5.68
5.73
4.60
6.81
5.56
5.40
9.53
4.69
5.53
5.20
6.38
11.75
9.36
7.62
6.32
11.29
7.44
5.64
7.16
7.07
17.71
17.61
17.66
17.57
16.92
18.38
17.89
17.97
17.91
17.52
17.57
11.81
17.81
17.77
17.99
14.08
13.41
15.13
13.71
12.28
15.21
14.58
13.98
11.51
13.56
12.15
15.21
10.58
14.99
12.23
12.19
15.87
16.22
12.46
14.65
15.85
13.15
11.40
15.68
14.50
11.81
14.77
9.63
15.41
10.12
1.06
15.06
12.75
12.46
10.73
1.72
11.34
11.94
0.00
5.01
2.85
1.05
12.61
16.20
12.17
15.53
10.51
10.43
11.27
12.96
12.10
16.37
10.37
9.98
10.19
6.85
15.13
10.85
10.55
14.08
10.95
14.50
10.60
10.62
15.83
9.62
10.26
11.74
13.74
12.64
15.71
4.93
13.98
12.65
6.14
13.57
6.10
14.02
13.06
12.94
12.98
12.85
13.71
13.80
13.31
13.29
13.39
12.84
12.94
7.36
13.13
13.12
13.33
10.02
9.27
11.49
9.67
7.81
11.17
11.00
10.17
7.20
9.75
7.81
11.60
8.00
11.54
7.99
7.78
12.67
12.95
8.23
11.48
12.52
8.46
7.28
12.65
10.87
7.40
11.07
6.69
11.47
7.11
5.54
11.09
8.26
7.77
5.95
4.22
6.50
7.47
5.01
0.00
2.22
5.63
8.26
13.30
7.85
12.15
7.81
7.67
6.49
9.86
10.66
13.18
8.10
5.49
5.49
1.95
12.09
6.04
5.79
10.37
7.81
11.39
5.76
7.94
12.33
6.47
7.65
6.90
10.35
10.94
12.47
0.36
10.51
10.76
1.99
10.10
1.64
10.54
14.96
14.87
14.90
14.79
14.70
15.67
15.18
15.21
15.22
14.77
14.83
9.11
15.07
15.02
15.22
11.51
10.81
12.72
11.15
9.56
12.65
12.18
11.49
8.83
11.06
9.46
12.81
8.58
12.65
9.57
9.49
13.64
13.97
9.81
12.42
13.57
10.61
8.76
13.51
12.07
9.45
12.34
7.41
12.89
7.89
3.54
12.52
10.34
9.92
7.97
2.53
8.54
9.24
2.85
2.22
0.00
3.43
10.29
14.10
9.85
13.22
8.43
8.33
8.48
10.73
11.26
14.45
8.50
7.22
7.42
4.01
12.95
8.07
7.78
11.60
8.69
12.30
7.82
8.56
13.48
7.31
8.22
8.94
11.39
11.67
13.46
2.12
11.60
11.57
3.75
11.19
3.57
11.64
17.97
17.89
17.93
17.85
17.04
18.60
18.12
18.23
18.11
17.79
17.82
12.32
18.09
18.03
18.24
14.47
13.82
15.38
14.12
12.75
15.57
14.81
14.27
11.95
13.84
12.58
15.46
10.77
15.17
12.63
12.68
15.99
16.36
12.87
14.74
16.01
13.92
11.75
15.58
14.69
12.59
15.05
9.77
15.73
10.28
1.78
15.39
13.57
13.15
11.13
2.60
11.74
12.46
1.05
5.63
3.43
0.00
13.44
16.09
13.03
15.69
10.67
10.61
11.64
12.92
13.13
17.17
10.52
10.27
10.54
7.41
15.02
11.25
10.92
14.19
11.14
14.58
11.03
10.78
15.75
9.81
10.41
12.14
13.78
13.67
15.60
5.49
14.04
13.68
6.94
13.68
6.86
14.02
11.53
11.03
11.21
11.02
16.14
12.19
11.89
11.50
12.17
10.95
11.40
8.29
11.15
11.55
11.85
11.09
10.36
13.39
10.78
8.62
11.96
13.23
12.07
8.97
11.85
9.18
13.49
12.73
13.98
9.62
8.64
15.36
15.42
9.69
14.65
14.94
1.75
9.79
16.13
13.21
1.10
12.91
11.82
12.55
11.90
12.69
12.19
0.80
2.40
6.62
11.19
6.77
8.14
12.61
8.26
10.29
13.44
0.00
16.84
1.07
14.59
12.60
12.40
7.12
13.90
9.79
11.46
13.17
8.51
7.37
7.36
15.66
6.74
6.97
12.96
12.03
14.70
6.38
12.67
14.86
11.35
12.63
6.95
13.65
9.47
15.62
8.49
13.60
9.17
6.56
13.21
6.74
13.68
10.16
11.14
10.58
10.48
4.65
10.99
10.50
10.62
10.46
11.04
10.52
9.34
11.23
10.24
9.79
7.50
7.93
5.76
7.93
8.89
7.25
5.42
6.33
8.57
6.24
8.34
5.85
7.52
4.85
7.94
9.08
4.36
4.56
7.94
3.71
4.74
15.53
7.60
0.90
4.84
16.27
6.04
7.22
6.65
6.98
17.21
6.80
16.29
15.26
11.27
16.58
10.79
9.62
16.20
13.30
14.10
16.09
16.84
0.00
16.52
4.63
7.11
7.22
10.50
3.44
20.74
16.55
7.71
9.04
10.43
12.00
1.69
10.91
10.88
3.99
6.68
3.62
11.32
7.10
4.80
7.46
7.22
10.53
3.31
20.83
2.80
13.18
3.33
20.41
14.52
4.04
14.09
3.33
11.81
11.41
11.52
11.31
15.62
12.56
12.23
11.81
12.51
11.31
11.72
7.70
11.53
11.84
12.08
10.53
9.79
12.84
10.18
8.08
11.43
12.70
11.52
8.40
11.31
8.64
12.94
12.05
13.45
9.08
8.06
14.83
14.89
9.15
14.16
14.41
1.93
9.27
15.84
12.72
1.65
12.36
11.26
12.03
11.33
12.26
11.66
0.94
3.03
6.72
10.80
6.84
7.54
12.17
7.85
9.85
13.03
1.07
16.52
0.00
14.07
11.96
11.76
7.17
13.56
8.89
10.50
12.48
8.32
7.34
6.91
15.41
6.79
7.02
12.61
11.43
14.20
6.43
12.03
14.84
10.78
12.00
7.02
13.28
8.58
15.46
8.10
13.24
8.26
6.12
12.78
6.29
13.43
10.23
11.21
10.57
10.32
1.63
11.44
10.89
10.65
11.04
11.08
10.72
6.40
11.30
10.32
9.77
3.71
4.36
1.40
4.11
5.99
3.25
1.38
2.57
5.82
2.78
5.46
1.40
5.29
0.64
5.04
6.03
0.81
0.86
4.94
1.43
0.42
13.21
5.22
4.70
1.50
14.25
1.83
5.93
2.61
5.41
16.44
2.81
13.92
13.51
10.50
15.72
9.91
6.57
15.53
12.15
13.22
15.69
14.59
4.63
14.07
0.00
5.16
5.21
9.73
4.57
17.40
12.13
5.70
8.36
9.75
10.58
5.13
10.06
10.17
3.22
4.59
1.67
10.40
5.08
7.56
5.93
5.42
9.61
3.31
17.42
6.17
12.15
3.20
16.96
12.94
2.67
12.56
4.69
11.87
12.47
12.07
11.85
6.45
12.99
12.39
12.27
12.50
12.34
12.12
5.14
12.63
11.96
11.70
5.01
4.79
4.99
4.83
5.20
5.80
4.43
4.26
4.32
3.92
4.60
5.04
0.64
4.68
4.27
5.10
5.43
5.78
4.41
4.40
5.43
11.71
3.60
6.84
4.48
12.07
4.76
1.51
5.72
1.12
11.43
5.48
12.10
11.77
8.58
10.86
8.36
5.37
10.51
7.81
8.43
10.67
12.60
7.11
11.96
5.16
0.00
0.20
8.17
4.51
14.10
11.48
1.02
6.09
7.62
6.70
6.72
8.25
8.19
4.95
1.05
4.28
8.42
0.15
8.92
1.64
0.30
8.31
4.52
14.30
7.85
7.81
4.74
13.93
8.95
3.93
8.56
5.75
11.79
12.39
11.99
11.77
6.53
12.92
12.32
12.19
12.43
12.26
12.04
4.97
12.54
11.88
11.63
4.91
4.67
4.99
4.72
5.04
5.74
4.43
4.21
4.15
3.87
4.44
5.04
0.66
4.72
4.13
4.93
5.50
5.85
4.27
4.48
5.49
11.52
3.45
6.94
4.49
11.88
4.75
1.45
5.68
1.05
11.35
5.43
11.90
11.59
8.44
10.76
8.22
5.20
10.43
7.67
8.33
10.61
12.40
7.22
11.76
5.21
0.20
0.00
8.04
4.58
13.93
11.33
1.11
5.97
7.48
6.54
6.81
8.10
8.05
4.96
0.98
4.37
8.27
0.28
8.95
1.52
0.38
8.17
4.57
14.13
7.92
7.68
4.79
13.76
8.79
3.97
8.40
5.79
6.63
6.46
6.51
6.40
11.28
7.36
6.89
6.83
7.00
6.36
6.49
5.23
6.65
6.69
6.97
7.39
6.80
8.98
7.36
5.18
8.21
8.61
7.75
5.22
7.39
5.39
9.15
8.62
9.16
5.63
5.48
10.41
10.56
5.77
9.35
10.14
6.15
5.27
9.68
8.23
6.32
8.59
7.00
8.50
7.13
11.88
8.19
6.80
5.11
0.92
10.52
0.36
5.40
11.27
6.49
8.48
11.64
7.12
10.50
7.17
9.73
8.17
8.04
0.00
7.58
14.17
13.42
9.07
2.30
1.12
4.92
9.07
0.56
0.81
7.08
7.39
9.35
1.03
8.28
7.93
6.67
8.19
0.58
7.64
14.12
8.82
6.45
7.61
13.75
6.57
7.60
6.28
7.18
9.19
9.94
9.50
9.38
5.63
10.11
9.55
9.64
9.54
9.83
9.44
6.71
10.08
9.28
9.00
5.85
5.94
5.05
6.12
6.37
6.15
4.45
4.80
5.85
4.48
5.81
5.20
5.08
4.31
5.45
6.56
4.74
5.07
5.53
3.32
4.91
12.75
4.78
2.81
3.81
13.25
5.04
4.12
5.78
3.99
13.94
5.72
13.40
12.36
8.26
13.23
7.89
7.03
12.96
9.86
10.73
12.92
13.90
3.44
13.56
4.57
4.51
4.58
7.58
0.00
17.78
14.70
5.33
5.82
7.32
8.59
2.38
7.91
7.84
2.36
3.96
3.17
8.28
4.56
4.59
4.34
4.58
7.70
1.41
17.90
3.37
9.74
1.70
17.50
11.11
2.19
10.67
1.61
19.56
19.46
19.40
19.13
18.74
20.56
20.12
19.68
20.41
19.35
19.62
12.04
19.60
19.62
19.66
14.32
13.64
16.26
13.75
12.65
15.26
16.14
15.12
12.56
14.98
12.95
16.26
13.82
16.84
13.25
12.35
17.97
18.09
13.32
17.53
17.63
10.58
13.39
20.31
16.50
10.13
15.81
14.05
15.83
14.10
11.82
15.46
9.79
11.72
13.75
11.18
13.95
11.82
12.10
10.66
11.26
13.13
9.79
20.74
8.89
17.40
14.10
13.93
14.17
17.78
0.00
8.99
13.97
13.98
13.80
10.75
20.05
13.74
13.83
17.23
14.19
17.54
13.40
14.13
20.83
13.66
14.09
14.17
17.54
0.77
20.70
11.02
17.60
1.14
9.25
16.78
9.55
18.36
16.32
16.69
16.31
15.94
13.01
17.60
17.13
16.48
17.51
16.55
16.68
8.91
16.77
16.39
16.08
9.34
9.08
10.90
8.87
9.23
9.71
11.14
10.31
9.53
10.47
9.50
10.83
11.08
11.76
9.67
8.88
12.66
12.58
9.58
12.93
12.20
10.82
10.43
16.35
11.75
11.96
10.58
12.13
10.26
11.81
16.67
10.05
10.85
12.57
13.59
15.87
13.25
8.61
16.37
13.18
14.45
17.17
11.46
16.55
10.50
12.13
11.48
11.33
13.42
14.70
8.99
0.00
11.44
13.09
13.47
12.00
16.43
13.31
13.58
13.27
11.30
13.05
13.24
11.42
17.71
11.72
11.64
13.16
13.81
8.68
17.20
13.49
13.75
8.18
12.37
12.83
12.36
14.97
12.89
13.49
13.08
12.87
6.84
14.01
13.42
13.29
13.52
13.36
13.14
5.87
13.64
12.98
12.72
5.71
5.51
5.59
5.48
5.99
6.46
5.08
4.98
5.11
4.70
5.41
5.60
0.64
5.28
5.10
5.84
5.87
6.23
5.23
4.98
5.91
12.36
4.50
7.53
5.22
12.66
5.39
2.28
6.38
2.05
11.29
6.16
12.68
12.48
9.43
10.84
9.25
6.07
10.37
8.10
8.50
10.52
13.17
7.71
12.48
5.70
1.02
1.11
9.07
5.33
13.97
11.44
0.00
6.97
8.47
7.16
7.46
9.11
9.04
5.87
2.04
4.85
9.25
0.96
9.83
2.45
0.96
9.22
5.38
14.21
8.67
8.10
5.61
13.85
9.26
4.79
8.89
6.65
7.86
7.96
7.86
7.73
9.93
8.70
8.16
8.15
8.23
7.85
7.82
4.47
8.15
7.93
8.05
6.45
5.87
7.76
6.40
4.47
7.38
7.27
6.52
4.10
6.08
4.42
7.92
6.57
7.78
4.53
4.72
8.97
9.18
4.74
7.76
8.78
7.64
3.80
8.26
6.89
7.70
7.38
4.81
7.58
5.00
10.74
7.26
8.16
6.86
2.65
9.53
2.56
4.74
9.98
5.49
7.22
10.27
8.51
9.04
8.32
8.36
6.09
5.97
2.30
5.82
13.98
13.09
6.97
0.00
1.62
3.90
7.65
2.37
2.21
5.77
5.40
7.72
2.61
6.21
7.26
4.53
6.08
2.65
6.07
14.03
7.70
5.41
6.12
13.68
6.17
6.02
5.78
5.82
7.60
7.47
7.51
7.41
11.32
8.32
7.83
7.82
7.91
7.37
7.46
5.24
7.66
7.66
7.92
7.53
6.91
9.05
7.46
5.28
8.44
8.63
7.79
5.12
7.39
5.41
9.22
8.07
9.17
5.63
5.54
10.40
10.58
5.80
9.25
10.17
6.59
5.08
9.62
8.25
6.50
8.66
6.35
8.71
6.56
10.83
8.39
7.10
5.53
1.08
9.49
1.32
5.44
10.19
5.49
7.42
10.54
7.37
10.43
7.34
9.75
7.62
7.48
1.12
7.32
13.80
13.47
8.47
1.62
0.00
3.99
8.99
0.93
0.63
7.12
6.93
9.22
1.10
7.74
8.10
6.04
7.60
1.66
7.53
13.81
8.85
5.42
7.55
13.47
5.78
7.49
5.45
7.14
11.38
11.33
11.31
11.16
12.17
12.22
11.71
11.62
11.82
11.22
11.32
5.48
11.52
11.45
11.61
8.22
7.46
9.82
7.89
5.92
9.37
9.36
8.47
5.37
8.05
5.96
9.94
6.93
9.95
6.17
5.90
11.15
11.40
6.40
10.03
10.96
7.19
5.52
11.33
9.24
6.54
9.39
5.59
9.70
5.92
7.44
9.31
7.20
6.66
4.52
6.15
4.92
5.60
6.85
1.95
4.01
7.41
7.36
12.00
6.91
10.58
6.70
6.54
4.92
8.59
10.75
12.00
7.16
3.90
3.99
0.00
10.80
4.51
4.34
8.77
6.49
9.96
4.27
6.82
10.99
5.26
6.60
5.26
8.89
10.93
11.16
2.07
9.01
10.66
2.53
8.58
2.09
9.10
9.05
9.94
9.44
9.37
5.63
9.84
9.33
9.51
9.26
9.85
9.34
8.59
10.05
9.14
8.78
7.23
7.52
5.96
7.64
8.15
7.18
5.52
6.16
7.80
5.97
7.63
6.09
7.23
5.14
7.27
8.38
5.10
5.33
7.30
4.07
5.36
14.40
6.81
0.84
4.82
15.03
6.11
6.49
6.68
6.33
16.13
6.75
15.15
13.96
9.82
15.43
9.38
8.89
15.13
12.09
12.95
15.02
15.66
1.69
15.41
5.13
6.72
6.81
9.07
2.38
20.05
16.43
7.46
7.65
8.99
10.80
0.00
9.48
9.43
3.31
6.18
3.97
9.90
6.74
3.41
6.71
6.80
9.13
2.65
20.14
1.49
11.94
2.70
19.72
13.31
3.62
12.88
1.99
7.15
6.93
7.01
6.90
11.63
7.86
7.39
7.33
7.51
6.83
6.99
5.30
7.12
7.20
7.49
7.64
7.01
9.29
7.57
5.32
8.51
8.91
8.03
5.32
7.65
5.54
9.45
8.67
9.48
5.81
5.59
10.75
10.90
5.96
9.67
10.48
5.87
5.43
10.09
8.56
5.90
8.89
7.06
8.82
7.21
11.44
8.49
6.46
4.77
0.45
10.05
0.50
5.46
10.85
6.04
8.07
11.25
6.74
10.91
6.79
10.06
8.25
8.10
0.56
7.91
13.74
13.31
9.11
2.37
0.93
4.51
9.48
0.00
0.44
7.48
7.51
9.67
0.47
8.36
8.42
6.72
8.26
0.97
8.00
13.70
9.28
6.01
7.98
13.35
6.05
7.93
5.77
7.59
7.39
7.17
7.26
7.16
11.73
8.06
7.59
7.57
7.68
7.07
7.21
5.51
7.36
7.44
7.74
7.84
7.21
9.43
7.77
5.54
8.73
9.03
8.17
5.48
7.79
5.73
9.60
8.63
9.59
5.98
5.81
10.83
11.00
6.14
9.72
10.58
6.18
5.52
10.06
8.66
6.09
9.04
6.95
9.02
7.14
11.14
8.70
6.72
5.02
0.46
9.76
0.89
5.68
10.55
5.79
7.78
10.92
6.97
10.88
7.02
10.17
8.19
8.05
0.81
7.84
13.83
13.58
9.04
2.21
0.63
4.34
9.43
0.44
0.00
7.53
7.49
9.70
0.60
8.31
8.37
6.63
8.19
1.34
8.00
13.81
9.23
5.74
8.00
13.48
5.91
7.96
5.61
7.57
7.83
8.70
8.15
7.96
4.52
8.94
8.36
8.27
8.45
8.58
8.20
5.45
8.82
7.92
7.51
4.00
4.25
3.32
4.41
4.97
4.09
2.85
3.09
4.75
2.87
4.46
3.50
5.41
2.88
4.10
5.19
3.71
3.88
4.10
2.64
3.61
11.62
3.87
3.43
2.10
12.45
3.29
4.83
3.73
4.50
15.00
3.69
12.37
11.49
7.89
14.13
7.32
5.73
14.08
10.37
11.60
14.19
12.96
3.99
12.61
3.22
4.95
4.96
7.08
2.36
17.23
13.27
5.87
5.77
7.12
8.77
3.31
7.48
7.53
0.00
4.06
2.67
7.87
4.96
4.82
4.82
5.13
7.02
1.13
17.25
3.93
10.31
0.85
16.81
11.24
1.19
10.84
1.83
10.85
11.47
11.05
10.83
6.03
11.99
11.39
11.25
11.51
11.33
11.11
4.34
11.62
10.94
10.68
4.14
3.91
4.28
4.01
4.32
4.97
3.70
3.41
3.47
3.02
3.69
4.36
1.50
4.05
3.34
4.27
4.98
5.30
3.48
3.89
4.91
11.04
2.66
6.33
3.68
11.51
4.02
1.51
4.90
0.94
11.85
4.65
11.50
11.10
7.87
11.16
7.58
4.60
10.95
7.81
8.69
11.14
12.03
6.68
11.43
4.59
1.05
0.98
7.39
3.96
14.19
11.30
2.04
5.40
6.93
6.49
6.18
7.51
7.49
4.06
0.00
3.80
7.71
1.09
8.18
1.43
1.26
7.48
3.80
14.34
7.22
7.81
3.98
13.95
8.84
3.14
8.44
5.00
10.38
11.30
10.72
10.51
2.65
11.51
10.94
10.82
11.04
11.18
10.79
6.58
11.41
10.47
10.00
4.47
4.92
2.64
4.79
6.22
4.38
2.18
3.17
5.83
3.13
5.61
2.70
4.53
1.64
5.16
6.28
1.66
2.06
5.14
0.25
1.91
13.42
4.99
3.64
1.89
14.25
2.86
4.91
3.83
4.46
15.46
3.90
14.09
13.51
10.08
14.80
9.57
6.81
14.50
11.39
12.30
14.58
14.70
3.62
14.20
1.67
4.28
4.37
9.35
3.17
17.54
13.05
4.85
7.72
9.22
9.96
3.97
9.67
9.70
2.67
3.80
0.00
10.00
4.22
6.78
5.03
4.49
9.32
2.20
17.62
5.23
11.35
2.24
17.18
12.40
1.77
12.00
3.70
7.54
7.28
7.38
7.27
11.98
8.23
7.78
7.70
7.89
7.18
7.37
5.42
7.47
7.59
7.89
7.89
7.24
9.60
7.79
5.49
8.79
9.22
8.31
5.49
7.94
5.74
9.75
8.82
9.81
6.02
5.74
11.08
11.24
6.18
10.01
10.81
5.59
5.65
10.51
8.89
5.51
9.18
7.22
9.12
7.40
11.15
8.79
6.12
4.44
0.38
9.74
0.87
5.56
10.60
5.76
7.82
11.03
6.38
11.32
6.43
10.40
8.42
8.27
1.03
8.28
13.40
13.24
9.25
2.61
1.10
4.27
9.90
0.47
0.60
7.87
7.71
10.00
0.00
8.53
8.88
6.87
8.42
1.35
8.38
13.36
9.72
5.74
8.37
13.02
5.67
8.28
5.41
8.01
11.93
12.54
12.13
11.91
6.36
13.05
12.46
12.33
12.57
12.41
12.19
5.17
12.69
12.02
11.75
4.97
4.77
4.91
4.79
5.23
5.75
4.36
4.21
4.36
3.88
4.62
4.96
0.54
4.61
4.29
5.12
5.34
5.69
4.43
4.34
5.35
11.78
3.65
6.85
4.43
12.15
4.70
1.65
5.66
1.26
11.54
5.43
12.17
11.86
8.70
10.98
8.47
5.40
10.62
7.94
8.56
10.78
12.67
7.10
12.03
5.08
0.15
0.28
8.28
4.56
14.13
11.42
0.96
6.21
7.74
6.82
6.74
8.36
8.31
4.96
1.09
4.22
8.53
0.00
8.98
1.77
0.41
8.41
4.53
14.33
7.89
7.94
4.75
13.95
9.06
3.93
8.67
5.79
6.58
7.33
6.96
7.00
8.26
7.04
6.61
7.01
6.42
7.28
6.72
9.23
7.44
6.64
6.46
8.52
8.67
7.97
8.95
8.75
8.52
7.59
7.85
8.62
7.62
8.42
8.14
9.51
7.45
8.21
9.09
7.77
7.91
8.25
6.81
7.85
13.58
7.79
4.01
6.83
14.18
8.00
8.24
8.19
8.19
16.76
8.21
14.41
12.83
8.69
15.85
8.24
9.53
15.83
12.33
13.48
15.75
14.86
4.80
14.84
7.56
8.92
8.95
7.93
4.59
20.83
17.71
9.83
7.26
8.10
10.99
3.41
8.42
8.37
4.82
8.18
6.78
8.88
8.98
0.00
8.34
8.99
7.96
4.86
20.85
2.02
12.15
4.77
20.44
13.36
5.74
12.94
3.30
10.92
11.41
11.07
10.88
7.39
11.98
11.39
11.30
11.49
11.28
11.10
4.41
11.57
11.01
10.84
5.10
4.69
5.59
4.91
4.52
6.05
5.00
4.57
3.56
4.13
3.97
5.69
2.12
5.38
3.74
4.48
6.33
6.66
3.95
5.14
6.28
10.51
2.80
7.01
4.89
10.74
5.29
0.52
6.07
0.66
10.53
5.77
10.89
10.39
7.03
9.81
6.87
4.69
9.62
6.47
7.31
9.81
11.35
7.46
10.78
5.93
1.64
1.52
6.67
4.34
13.66
11.72
2.45
4.53
6.04
5.26
6.71
6.72
6.63
4.82
1.43
5.03
6.87
1.77
8.34
0.00
1.57
6.86
4.54
13.84
7.61
6.44
4.74
13.48
7.63
4.09
7.22
5.41
12.01
12.59
12.20
11.99
6.70
13.11
12.52
12.41
12.62
12.46
12.25
5.30
12.75
12.10
11.86
5.28
5.04
5.27
5.09
5.38
6.08
4.71
4.54
4.48
4.19
4.79
5.32
0.75
4.95
4.48
5.28
5.68
6.04
4.62
4.62
5.70
11.78
3.76
6.95
4.74
12.08
5.05
1.38
6.01
1.10
11.19
5.77
12.14
11.81
8.58
10.64
8.38
5.53
10.26
7.65
8.22
10.41
12.63
7.22
12.00
5.42
0.30
0.38
8.19
4.58
14.09
11.64
0.96
6.08
7.60
6.60
6.80
8.26
8.19
5.13
1.26
4.49
8.42
0.41
8.99
1.57
0.00
8.35
4.67
14.30
7.93
7.64
4.90
13.94
8.84
4.13
8.44
5.85
6.27
6.10
6.13
6.00
11.15
7.04
6.57
6.45
6.71
5.99
6.15
5.05
6.28
6.32
6.58
7.16
6.59
8.81
7.15
4.97
7.95
8.48
7.60
5.11
7.26
5.23
8.98
8.74
9.05
5.49
5.28
10.31
10.43
5.61
9.31
10.02
5.87
5.24
9.71
8.11
6.22
8.42
7.21
8.26
7.30
12.34
7.96
6.59
4.93
1.32
10.97
0.49
5.20
11.74
6.90
8.94
12.14
6.95
10.53
7.02
9.61
8.31
8.17
0.58
7.70
14.17
13.16
9.22
2.65
1.66
5.26
9.13
0.97
1.34
7.02
7.48
9.32
1.35
8.41
7.96
6.86
8.35
0.00
7.66
14.09
8.87
6.88
7.60
13.71
6.88
7.58
6.60
7.21
8.73
9.57
9.05
8.89
4.48
9.77
9.20
9.18
9.24
9.46
9.06
6.09
9.70
8.82
8.44
4.72
4.95
3.75
5.07
5.67
4.87
3.19
3.63
5.28
3.38
5.11
3.90
5.01
3.05
4.72
5.86
3.60
3.88
4.75
2.27
3.67
12.39
4.30
2.78
2.49
13.09
3.77
4.44
4.45
4.14
14.69
4.43
13.09
12.19
8.39
13.92
7.91
6.38
13.74
10.35
11.39
13.78
13.65
3.31
13.28
3.31
4.52
4.57
7.64
1.41
17.54
13.81
5.38
6.07
7.53
8.89
2.65
8.00
8.00
1.13
3.80
2.20
8.38
4.53
4.86
4.54
4.67
7.66
0.00
17.61
3.62
10.27
0.34
17.19
11.41
1.00
10.98
1.59
19.35
19.24
19.18
18.90
18.76
20.35
19.92
19.46
20.22
19.13
19.42
11.98
19.37
19.41
19.45
14.25
13.58
16.24
13.69
12.58
15.17
16.15
15.10
12.55
14.98
12.91
16.25
14.03
16.86
13.23
12.28
18.01
18.11
13.29
17.60
17.64
10.25
13.42
20.39
16.52
9.89
15.79
14.25
15.76
14.28
12.37
15.39
9.46
11.48
13.72
11.67
13.89
11.75
12.64
10.94
11.67
13.67
9.47
20.83
8.58
17.42
14.30
14.13
14.12
17.90
0.77
8.68
14.21
14.03
13.81
10.93
20.14
13.70
13.81
17.25
14.34
17.62
13.36
14.33
20.85
13.84
14.30
14.09
17.61
0.00
20.76
11.31
17.66
0.55
9.46
16.84
9.76
18.42
8.08
8.94
8.48
8.46
6.69
8.73
8.26
8.53
8.14
8.87
8.32
9.07
9.05
8.15
7.84
7.89
8.15
6.86
8.33
8.59
7.82
6.46
6.98
8.35
6.78
8.15
7.01
8.40
6.16
7.84
8.87
6.23
6.41
7.87
5.29
6.42
14.33
7.40
2.03
5.72
14.96
6.98
7.44
7.37
7.32
16.69
7.43
15.12
13.76
9.59
15.90
9.14
9.36
15.71
12.47
13.46
15.60
15.62
2.80
15.46
6.17
7.85
7.92
8.82
3.37
20.70
17.20
8.67
7.70
8.85
11.16
1.49
9.28
9.23
3.93
7.22
5.23
9.72
7.89
2.02
7.61
7.93
8.87
3.62
20.76
0.00
12.31
3.58
20.34
13.64
4.59
13.20
2.37
13.01
12.88
12.93
12.81
13.71
13.73
13.24
13.24
13.30
12.78
12.88
7.49
13.08
13.06
13.28
10.11
9.37
11.53
9.77
7.92
11.25
11.02
10.22
7.29
9.79
7.90
11.64
8.02
11.54
8.07
7.90
12.66
12.95
8.31
11.45
12.53
8.66
7.32
12.52
10.88
7.60
11.11
6.65
11.53
7.08
5.50
11.15
8.49
7.91
5.91
4.19
6.48
7.62
4.93
0.36
2.12
5.49
8.49
13.18
8.10
12.15
7.81
7.68
6.45
9.74
11.02
13.49
8.10
5.41
5.42
2.07
11.94
6.01
5.74
10.31
7.81
11.35
5.74
7.94
12.15
6.44
7.64
6.88
10.27
11.31
12.31
0.00
10.44
11.13
2.29
10.05
1.94
10.42
8.49
9.35
8.82
8.65
4.36
9.54
8.97
8.94
9.03
9.24
8.83
6.03
9.47
8.58
8.18
4.58
4.84
3.60
4.96
5.59
4.67
3.07
3.52
5.26
3.29
5.05
3.76
5.22
2.94
4.66
5.79
3.52
3.77
4.68
2.28
3.56
12.30
4.31
2.79
2.35
13.06
3.63
4.67
4.25
4.36
14.93
4.24
13.03
12.13
8.38
14.13
7.87
6.32
13.98
10.51
11.60
14.04
13.60
3.33
13.24
3.20
4.74
4.79
7.61
1.70
17.60
13.75
5.61
6.12
7.55
9.01
2.70
7.98
8.00
0.85
3.98
2.24
8.37
4.75
4.77
4.74
4.90
7.60
0.34
17.66
3.58
10.44
0.00
17.23
11.52
1.01
11.10
1.56
18.91
18.82
18.74
18.46
18.29
19.92
19.49
19.01
19.79
18.70
18.99
11.52
18.94
18.96
18.99
13.76
13.09
15.76
13.20
12.11
14.67
15.68
14.63
12.10
14.51
12.45
15.77
13.65
16.39
12.77
11.81
17.55
17.64
12.83
17.15
17.17
9.88
12.98
19.97
16.05
9.60
15.31
13.89
15.26
13.91
12.43
14.90
9.12
11.16
13.38
11.69
13.53
11.29
12.65
10.76
11.57
13.68
9.17
20.41
8.26
16.96
13.93
13.76
13.75
17.50
1.14
8.18
13.85
13.68
13.47
10.66
19.72
13.35
13.48
16.81
13.95
17.18
13.02
13.95
20.44
13.48
13.94
13.71
17.19
0.55
20.34
11.13
17.23
0.00
9.28
16.40
9.57
18.00
13.14
12.92
13.00
12.85
14.54
13.89
13.43
13.32
13.56
12.82
13.02
7.40
13.11
13.20
13.43
10.33
9.53
12.10
9.94
7.91
11.48
11.68
10.72
7.49
10.34
8.07
12.20
9.09
12.31
8.34
7.85
13.53
13.77
8.54
12.46
13.31
7.00
7.83
13.85
11.62
5.77
11.64
7.95
11.88
8.28
6.39
11.48
6.63
6.47
5.92
4.93
6.48
7.44
6.14
1.99
3.75
6.94
6.56
14.52
6.12
12.94
8.95
8.79
6.57
11.11
9.25
12.37
9.26
6.17
5.78
2.53
13.31
6.05
5.91
11.24
8.84
12.40
5.67
9.06
13.36
7.63
8.84
6.88
11.41
9.46
13.64
2.29
11.52
9.28
0.00
11.06
0.45
11.61
8.97
9.81
9.27
9.07
4.06
10.09
9.51
9.41
9.60
9.68
9.33
5.37
9.93
9.06
8.66
3.82
4.06
2.88
4.14
4.96
4.01
2.28
2.68
4.58
2.42
4.37
3.03
4.36
2.27
3.95
5.11
3.09
3.37
3.96
1.80
3.06
11.94
3.64
3.64
1.64
12.71
2.85
4.06
3.62
3.67
14.50
3.56
12.63
11.89
8.34
13.72
7.83
5.64
13.57
10.10
11.19
13.68
13.21
4.04
12.78
2.67
3.93
3.97
7.60
2.19
16.78
12.83
4.79
6.02
7.49
8.58
3.62
7.93
7.96
1.19
3.14
1.77
8.28
3.93
5.74
4.09
4.13
7.58
1.00
16.84
4.59
10.05
1.01
16.40
11.06
0.00
10.65
2.50
12.86
12.67
12.73
12.58
14.16
13.62
13.15
13.05
13.27
12.57
12.74
7.11
12.85
12.92
13.14
10.01
9.22
11.74
9.63
7.61
11.17
11.32
10.37
7.16
9.98
7.74
11.85
8.71
11.93
8.00
7.56
13.15
13.39
8.21
12.06
12.93
7.07
7.46
13.42
11.24
5.92
11.29
7.53
11.55
7.87
6.41
11.15
6.77
6.52
5.65
4.97
6.20
7.16
6.10
1.64
3.57
6.86
6.74
14.09
6.29
12.56
8.56
8.40
6.28
10.67
9.55
12.36
8.89
5.78
5.45
2.09
12.88
5.77
5.61
10.84
8.44
12.00
5.41
8.67
12.94
7.22
8.44
6.60
10.98
9.76
13.20
1.94
11.10
9.57
0.45
10.65
0.00
11.18
7.75
8.56
8.09
7.98
5.70
8.65
8.10
8.20
8.09
8.46
8.02
6.76
8.69
7.83
7.52
5.77
5.93
5.07
6.15
6.32
5.91
4.58
4.88
6.01
4.61
5.84
5.24
6.30
4.47
5.52
6.58
4.97
5.19
5.57
3.76
5.03
12.41
5.05
2.50
3.83
13.06
5.08
5.31
5.54
5.15
14.97
5.52
13.16
12.00
7.95
14.13
7.47
7.07
14.02
10.54
11.64
14.02
13.68
3.33
13.43
4.69
5.75
5.79
7.18
1.61
18.36
14.97
6.65
5.82
7.14
9.10
1.99
7.59
7.57
1.83
5.00
3.70
8.01
5.79
3.30
5.41
5.85
7.21
1.59
18.42
2.37
10.42
1.56
18.00
11.61
2.50
11.18
0.00
