0.00
1.03
0.88
14.88
14.75
16.03
15.99
33.40
16.07
0.37
1.17
17.08
15.77
15.63
15.52
14.97
15.72
16.77
16.39
0.77
21.41
32.72
0.84
23.02
18.09
16.01
15.72
30.31
1.25
0.81
1.94
22.54
33.33
21.62
16.60
21.46
18.69
7.22
18.31
17.17
22.09
23.67
18.67
21.87
18.94
33.60
21.57
17.46
17.48
16.59
19.18
7.33
20.09
23.13
21.97
31.34
31.36
16.43
21.88
19.70
22.19
22.21
19.65
19.48
23.37
19.22
21.98
17.74
14.61
17.76
32.26
19.23
13.23
18.92
14.51
13.54
15.07
18.03
17.92
13.83
19.71
13.94
33.74
15.04
14.00
16.39
13.17
13.61
18.10
13.23
17.08
17.03
17.05
15.97
17.48
1.03
0.00
0.17
14.62
14.46
15.72
15.69
33.15
15.76
0.80
0.40
16.84
15.51
15.36
15.26
14.71
15.46
16.46
16.08
1.40
20.78
32.50
0.79
22.36
17.81
15.72
15.47
30.11
0.35
1.35
1.51
21.92
33.08
21.01
16.19
20.85
18.32
7.17
18.03
16.75
21.47
23.03
18.35
21.24
18.64
33.36
20.95
17.08
17.10
16.18
18.90
7.92
19.78
22.50
21.34
31.17
31.22
16.03
21.27
19.38
21.57
21.59
19.35
19.18
22.73
18.98
21.36
17.39
14.18
17.38
32.07
18.90
13.01
18.65
14.55
13.49
15.14
17.68
17.61
13.78
19.42
13.88
33.51
14.62
14.01
16.06
13.02
13.47
17.58
13.10
16.47
16.59
16.65
15.56
16.92
0.88
0.17
0.00
14.60
14.45
15.70
15.68
33.13
15.75
0.67
0.50
16.82
15.49
15.34
15.24
14.69
15.45
16.45
16.07
1.30
20.82
32.48
0.66
22.41
17.78
15.71
15.45
30.08
0.42
1.20
1.48
21.96
33.06
21.04
16.19
20.88
18.32
7.12
18.01
16.75
21.51
23.07
18.34
21.28
18.62
33.34
20.99
17.08
17.10
16.18
18.88
7.81
19.76
22.54
21.38
31.14
31.18
16.03
21.31
19.36
21.61
21.63
19.33
19.16
22.77
18.95
21.40
17.38
14.18
17.38
32.05
18.88
12.98
18.63
14.48
13.43
15.06
17.67
17.60
13.72
19.40
13.82
33.49
14.62
13.94
16.05
12.98
13.42
17.60
13.05
16.51
16.60
16.65
15.56
16.95
14.88
14.62
14.60
0.00
0.91
1.82
1.40
18.54
1.68
15.00
14.85
2.29
0.91
0.80
1.04
0.45
0.97
2.06
1.73
15.21
12.12
17.89
14.48
14.44
7.06
1.24
0.86
15.51
14.53
14.76
13.23
13.04
18.46
12.42
5.05
12.17
4.76
13.42
6.94
4.79
13.56
14.79
6.51
12.51
7.07
18.74
12.34
3.93
3.84
5.01
7.43
13.46
7.88
14.36
13.42
16.65
16.77
4.98
12.57
7.45
12.98
12.98
7.55
7.67
13.93
7.94
13.17
3.71
4.43
5.77
17.50
7.94
9.50
7.28
10.63
9.31
11.20
4.28
3.47
9.65
8.20
9.69
18.90
4.77
9.80
3.99
9.67
8.79
10.32
9.36
11.38
4.83
5.66
4.80
10.40
14.75
14.46
14.45
0.91
0.00
2.37
1.89
18.78
2.20
14.87
14.67
2.51
1.31
1.14
0.91
0.55
1.13
2.34
1.89
15.04
12.40
18.09
14.37
14.73
7.83
1.56
1.46
15.75
14.38
14.67
13.11
13.34
18.67
12.75
5.54
12.48
5.18
13.69
7.71
5.22
13.90
15.10
7.21
12.79
7.80
18.97
12.64
4.32
4.24
5.52
8.19
13.25
8.59
14.68
13.74
16.83
16.96
5.51
12.91
8.15
13.30
13.31
8.27
8.41
14.23
8.74
13.50
4.12
4.80
6.36
17.68
8.65
10.13
8.06
11.40
10.03
11.98
4.79
3.93
10.38
8.95
10.42
19.08
5.24
10.55
4.68
10.32
9.49
10.78
10.03
11.73
5.21
6.23
5.31
10.79
16.03
15.72
15.70
1.82
2.37
0.00
0.61
17.52
0.25
16.12
15.96
2.41
1.44
1.49
2.25
2.03
1.90
1.16
1.23
16.41
10.49
17.03
15.56
12.81
5.64
1.15
1.46
14.64
15.59
15.85
14.29
11.36
17.46
10.77
3.50
10.53
3.00
13.92
5.50
3.08
11.94
13.12
4.88
10.86
5.50
17.76
10.69
2.14
2.03
3.46
5.90
15.13
6.24
12.71
11.81
15.97
16.16
3.47
10.91
5.80
11.32
11.32
5.94
6.10
12.24
6.54
11.55
1.95
3.51
4.09
16.74
6.35
9.14
5.80
10.45
9.14
10.99
2.48
1.91
9.43
6.65
9.43
18.01
3.69
9.64
2.51
9.39
8.46
8.93
9.10
10.22
3.17
4.08
3.41
9.11
15.99
15.69
15.68
1.40
1.89
0.61
0.00
17.49
0.36
16.09
15.93
1.91
0.86
0.91
1.67
1.54
1.31
0.86
0.77
16.35
11.03
16.93
15.55
13.36
6.20
0.55
0.92
14.55
15.58
15.84
14.28
11.90
17.41
11.33
4.09
11.07
3.37
14.13
6.03
3.65
12.51
13.67
5.43
11.40
6.03
17.71
11.24
2.61
2.50
4.06
6.43
14.84
6.75
13.26
12.36
15.81
15.99
4.07
11.46
6.32
11.87
11.87
6.46
6.63
12.77
7.04
12.10
2.32
4.00
4.67
16.61
6.91
9.57
6.32
10.80
9.50
11.34
2.93
2.11
9.80
7.18
9.81
17.93
4.23
9.99
3.10
9.79
8.87
9.52
9.50
10.78
3.72
4.69
4.00
9.68
33.40
33.15
33.13
18.54
18.78
17.52
17.49
0.00
17.45
33.52
33.39
16.37
17.66
17.81
17.98
18.48
17.73
16.74
17.13
33.73
19.63
1.83
32.99
20.85
17.75
17.45
17.69
3.42
33.05
33.25
31.74
19.36
0.66
19.72
18.25
19.59
15.36
30.79
17.36
17.46
20.71
20.47
16.58
19.54
16.67
0.47
19.68
16.61
16.53
18.23
16.63
30.90
15.78
20.54
20.69
3.97
4.68
18.38
19.57
15.96
19.76
19.72
16.09
16.46
19.55
17.02
20.31
16.10
19.96
17.28
2.94
17.13
24.33
16.84
24.29
23.86
24.40
15.97
15.69
23.93
16.65
23.90
1.71
19.71
23.91
17.83
24.48
23.41
21.20
24.16
23.42
17.67
18.09
18.78
21.96
16.07
15.76
15.75
1.68
2.20
0.25
0.36
17.45
0.00
16.16
16.00
2.17
1.21
1.27
2.03
1.86
1.67
0.96
1.00
16.44
10.70
16.93
15.61
13.02
5.87
0.90
1.25
14.55
15.64
15.91
14.34
11.56
17.38
10.98
3.74
10.73
3.09
14.06
5.71
3.30
12.16
13.33
5.09
11.06
5.70
17.68
10.90
2.28
2.18
3.70
6.10
15.06
6.42
12.91
12.02
15.85
16.04
3.72
11.12
5.98
11.53
11.52
6.13
6.30
12.44
6.74
11.76
2.04
3.73
4.31
16.63
6.57
9.36
6.00
10.63
9.32
11.17
2.62
1.92
9.62
6.85
9.62
17.92
3.93
9.82
2.75
9.59
8.67
9.17
9.30
10.46
3.38
4.33
3.66
9.35
0.37
0.80
0.67
15.00
14.87
16.12
16.09
33.52
16.16
0.00
0.95
17.22
15.90
15.75
15.65
15.10
15.85
16.87
16.50
0.95
21.33
32.86
0.69
22.91
18.13
16.12
15.85
30.45
0.99
0.80
1.91
22.46
33.46
21.53
16.63
21.38
18.75
7.14
18.36
17.20
21.99
23.57
18.72
21.79
18.99
33.73
21.49
17.52
17.54
16.62
19.23
7.69
20.14
23.03
21.87
31.50
31.53
16.46
21.80
19.74
22.10
22.12
19.70
19.52
23.28
19.28
21.89
17.82
14.64
17.80
32.42
19.26
13.22
18.98
14.58
13.59
15.14
18.10
18.01
13.88
19.75
13.98
33.88
15.06
14.07
16.45
13.18
13.64
18.03
13.26
16.96
17.06
17.07
15.99
17.40
1.17
0.40
0.50
14.85
14.67
15.96
15.93
33.39
16.00
0.95
0.00
17.07
15.74
15.58
15.48
14.93
15.69
16.69
16.30
1.31
21.03
32.73
1.15
22.61
18.13
15.95
15.71
30.34
0.67
1.64
1.85
22.17
33.31
21.27
16.46
21.10
18.57
7.55
18.35
17.01
21.73
23.28
18.65
21.49
18.94
33.60
21.21
17.32
17.35
16.46
19.22
7.95
20.09
22.75
21.59
31.39
31.44
16.31
21.53
19.68
21.82
21.85
19.66
19.50
22.98
19.31
21.61
17.63
14.44
17.67
32.29
19.21
13.38
18.97
14.94
13.87
15.53
17.94
17.85
14.16
19.74
14.26
33.74
14.90
14.40
16.34
13.40
13.84
17.87
13.48
16.75
16.85
16.94
15.84
17.20
17.08
16.84
16.82
2.29
2.51
2.41
1.91
16.37
2.17
17.22
17.07
0.00
1.49
1.63
1.64
2.17
1.41
1.53
1.57
17.39
12.43
15.66
16.71
14.76
7.40
1.54
1.53
13.29
16.76
16.98
15.47
13.22
16.28
12.73
5.76
12.48
4.09
15.61
7.16
5.17
13.96
15.01
6.51
12.77
7.08
16.56
12.64
3.86
3.72
5.72
7.41
15.13
7.61
14.64
13.82
14.38
14.50
5.75
12.84
7.24
13.25
13.24
7.37
7.59
14.06
7.98
13.53
3.28
5.90
6.05
15.24
8.06
11.18
7.32
11.99
10.84
12.48
3.90
2.61
11.13
8.15
11.17
16.67
6.09
11.22
4.64
11.32
10.34
11.21
10.99
12.60
5.29
6.25
5.76
11.44
15.77
15.51
15.49
0.91
1.31
1.44
0.86
17.66
1.21
15.90
15.74
1.49
0.00
0.18
0.84
0.89
0.46
1.24
0.94
16.10
11.86
17.02
15.37
14.19
6.92
0.45
0.33
14.64
15.41
15.66
14.12
12.74
17.57
12.17
4.92
11.92
4.10
14.24
6.76
4.50
13.35
14.51
6.20
12.23
6.79
17.86
12.08
3.43
3.32
4.89
7.16
14.28
7.50
14.10
13.21
15.80
15.94
4.89
12.31
7.08
12.71
12.71
7.21
7.37
13.61
7.73
12.94
3.09
4.66
5.51
16.64
7.69
10.02
7.04
11.12
9.84
11.66
3.72
2.74
10.15
7.92
10.18
18.02
4.94
10.30
3.88
10.20
9.28
10.33
9.89
11.53
4.57
5.52
4.79
10.47
15.63
15.36
15.34
0.80
1.14
1.49
0.91
17.81
1.27
15.75
15.58
1.63
0.18
0.00
0.77
0.74
0.45
1.34
0.99
15.96
11.87
17.17
15.23
14.20
7.00
0.51
0.44
14.80
15.26
15.52
13.97
12.76
17.72
12.19
4.94
11.93
4.20
14.15
6.85
4.53
13.36
14.53
6.29
12.25
6.89
18.02
12.09
3.49
3.38
4.91
7.26
14.17
7.61
14.12
13.21
15.95
16.10
4.91
12.33
7.18
12.73
12.73
7.31
7.47
13.63
7.83
12.95
3.17
4.60
5.57
16.79
7.78
10.00
7.14
11.13
9.84
11.68
3.81
2.86
10.16
8.02
10.19
18.17
4.91
10.31
3.92
10.18
9.28
10.33
9.88
11.50
4.58
5.55
4.79
10.45
15.52
15.26
15.24
1.04
0.91
2.25
1.67
17.98
2.03
15.65
15.48
1.64
0.84
0.77
0.00
0.68
0.41
1.90
1.52
15.81
12.57
17.26
15.15
14.91
7.74
1.18
0.99
14.91
15.18
15.44
13.90
13.47
17.87
12.90
5.69
12.64
4.86
14.37
7.58
5.28
14.09
15.24
7.04
12.95
7.63
18.16
12.80
4.20
4.09
5.66
7.99
13.75
8.33
14.84
13.93
15.97
16.09
5.66
13.05
7.92
13.44
13.45
8.04
8.20
14.34
8.54
13.67
3.85
5.26
6.34
16.84
8.53
10.54
7.87
11.60
10.31
12.15
4.53
3.48
10.65
8.75
10.69
18.27
5.60
10.77
4.68
10.70
9.81
11.06
10.39
12.18
5.31
6.32
5.54
11.16
14.97
14.71
14.69
0.45
0.55
2.03
1.54
18.48
1.86
15.10
14.93
2.17
0.89
0.74
0.68
0.00
0.76
2.06
1.66
15.28
12.31
17.80
14.59
14.64
7.44
1.23
0.96
15.44
14.62
14.88
13.33
13.23
18.39
12.63
5.33
12.37
4.89
13.71
7.31
5.02
13.79
14.99
6.83
12.70
7.41
18.68
12.54
4.09
3.99
5.30
7.78
13.44
8.19
14.57
13.63
16.54
16.67
5.28
12.78
7.76
13.19
13.19
7.87
8.00
14.12
8.31
13.39
3.84
4.72
6.07
17.40
8.28
9.92
7.64
11.07
9.74
11.64
4.47
3.58
10.08
8.54
10.12
18.81
5.09
10.23
4.34
10.09
9.22
10.63
9.79
11.67
5.04
5.97
5.11
10.69
15.72
15.46
15.45
0.97
1.13
1.90
1.31
17.73
1.67
15.85
15.69
1.41
0.46
0.45
0.41
0.76
0.00
1.55
1.22
16.03
12.28
17.05
15.34
14.61
7.37
0.83
0.62
14.69
15.38
15.63
14.09
13.16
17.64
12.60
5.38
12.34
4.49
14.39
7.20
4.95
13.78
14.93
6.65
12.65
7.24
17.93
12.50
3.85
3.74
5.34
7.60
14.05
7.93
14.53
13.63
15.79
15.91
5.35
12.74
7.52
13.14
13.14
7.64
7.81
14.03
8.15
13.37
3.48
5.05
5.97
16.64
8.15
10.35
7.48
11.40
10.13
11.95
4.14
3.10
10.45
8.36
10.49
18.05
5.36
10.58
4.33
10.52
9.61
10.77
10.21
11.94
5.00
5.98
5.24
10.90
16.77
16.46
16.45
2.06
2.34
1.16
0.86
16.74
0.96
16.87
16.69
1.53
1.24
1.34
1.90
2.06
1.55
0.00
0.49
17.11
10.98
16.17
16.33
13.31
6.44
0.84
1.40
13.82
16.35
16.64
15.06
11.81
16.65
11.30
4.35
11.04
2.97
14.97
6.24
3.74
12.52
13.60
5.49
11.33
6.13
16.96
11.20
2.45
2.33
4.33
6.53
15.50
6.71
13.22
12.37
15.07
15.27
4.38
11.42
6.30
11.82
11.82
6.47
6.69
12.66
7.21
12.09
1.99
4.54
4.80
15.85
7.02
10.29
6.46
11.50
10.23
12.02
2.72
1.64
10.52
7.26
10.53
17.16
4.74
10.70
3.46
10.53
9.59
9.80
10.24
11.15
3.81
4.93
4.38
10.00
16.39
16.08
16.07
1.73
1.89
1.23
0.77
17.13
1.00
16.50
16.30
1.57
0.94
0.99
1.52
1.66
1.22
0.49
0.00
16.73
11.20
16.54
15.97
13.54
6.76
0.52
1.19
14.20
15.97
16.28
14.69
12.06
17.03
11.53
4.54
11.27
3.39
14.77
6.58
3.97
12.75
13.84
5.87
11.56
6.50
17.34
11.43
2.75
2.65
4.52
6.90
15.10
7.12
13.46
12.59
15.41
15.60
4.56
11.67
6.70
12.06
12.07
6.87
7.07
12.92
7.57
12.31
2.38
4.52
5.10
16.20
7.37
10.31
6.82
11.57
10.27
12.11
3.12
2.12
10.57
7.64
10.58
17.52
4.78
10.76
3.69
10.55
9.63
9.97
10.26
11.22
4.01
5.17
4.52
10.12
0.77
1.40
1.30
15.21
15.04
16.41
16.35
33.73
16.44
0.95
1.31
17.39
16.10
15.96
15.81
15.28
16.03
17.11
16.73
0.00
21.96
33.02
1.56
23.59
18.65
16.35
16.06
30.63
1.72
1.56
2.51
23.10
33.66
22.19
17.10
22.02
19.11
7.99
18.86
17.63
22.68
24.25
19.20
22.43
19.48
33.93
22.13
17.88
17.90
17.09
19.73
7.04
20.63
23.71
22.55
31.61
31.63
16.93
22.45
20.23
22.76
22.78
20.20
20.03
23.93
19.79
22.56
18.15
15.10
18.27
32.55
19.79
13.92
19.48
15.19
14.20
15.75
18.46
18.31
14.50
20.28
14.61
34.05
15.54
14.66
16.87
13.87
14.27
18.72
13.91
17.70
17.49
17.57
16.47
18.10
21.41
20.78
20.82
12.12
12.40
10.49
11.03
19.63
10.70
21.33
21.03
12.43
11.86
11.87
12.57
12.31
12.28
10.98
11.20
21.96
0.00
20.08
20.67
2.34
8.13
11.47
11.94
18.24
20.52
21.05
19.48
1.19
19.60
0.80
7.33
0.49
8.62
17.22
8.27
7.46
1.94
2.75
7.70
0.48
7.78
20.01
0.48
8.59
8.74
7.41
8.09
23.55
7.63
2.38
1.63
20.22
20.79
7.53
1.02
7.54
1.08
1.20
7.78
7.85
2.03
8.75
1.34
9.19
8.45
7.16
20.40
7.06
11.36
8.28
13.97
12.89
14.37
8.74
9.99
12.89
7.85
12.71
20.75
8.11
13.51
8.85
12.03
11.70
4.40
12.11
5.38
7.34
7.10
7.75
4.59
32.72
32.50
32.48
17.89
18.09
17.03
16.93
1.83
16.93
32.86
32.73
15.66
17.02
17.17
17.26
17.80
17.05
16.17
16.54
33.02
20.08
0.00
32.35
21.47
17.76
16.84
17.05
2.55
32.42
32.60
31.11
19.92
1.66
20.21
18.09
20.06
15.10
30.45
17.36
17.27
21.28
21.15
16.56
20.03
16.70
1.57
20.16
16.30
16.21
18.07
16.69
29.89
15.90
21.17
21.23
2.27
3.00
18.22
20.08
16.04
20.30
20.26
16.18
16.55
20.18
17.09
20.85
15.74
19.69
17.21
1.14
17.26
24.23
16.87
24.14
23.67
24.27
15.70
15.27
23.78
16.79
23.75
1.09
19.49
23.73
17.56
24.35
23.27
21.45
24.02
23.65
17.48
18.00
18.60
22.18
0.84
0.79
0.66
14.48
14.37
15.56
15.55
32.99
15.61
0.69
1.15
16.71
15.37
15.23
15.15
14.59
15.34
16.33
15.97
1.56
20.67
32.35
0.00
22.25
17.48
15.60
15.32
29.94
0.74
0.66
1.31
21.80
32.93
20.87
16.00
20.72
18.16
6.55
17.71
16.59
21.32
22.90
18.08
21.13
18.34
33.21
20.82
16.93
16.95
15.99
18.59
7.84
19.49
22.36
21.20
31.01
31.05
15.83
21.13
19.10
21.44
21.45
19.06
18.88
22.61
18.63
21.22
17.24
14.01
17.16
31.92
18.60
12.54
18.33
13.96
12.95
14.53
17.51
17.45
13.24
19.10
13.34
33.37
14.42
13.44
15.83
12.52
12.98
17.35
12.59
16.28
16.44
16.43
15.36
16.72
23.02
22.36
22.41
14.44
14.73
12.81
13.36
20.85
13.02
22.91
22.61
14.76
14.19
14.20
14.91
14.64
14.61
13.31
13.54
23.59
2.34
21.47
22.25
0.00
10.01
13.80
14.26
19.76
22.09
22.63
21.11
1.70
20.85
2.10
9.58
2.30
10.90
18.52
10.17
9.76
1.36
0.77
9.73
2.00
9.72
21.25
2.13
10.91
11.05
9.65
9.95
25.58
9.48
0.66
1.24
21.79
22.40
9.76
2.04
9.46
1.58
1.65
9.65
9.69
1.31
10.49
1.39
11.50
10.65
9.34
21.89
8.88
12.78
10.15
15.37
14.41
15.72
11.02
12.29
14.36
9.59
14.17
22.07
10.29
15.01
11.07
13.46
13.24
5.77
13.59
6.31
9.65
9.28
9.97
5.92
18.09
17.81
17.78
7.06
7.83
5.64
6.20
17.75
5.87
18.13
18.13
7.40
6.92
7.00
7.74
7.44
7.37
6.44
6.76
18.65
8.13
17.76
17.48
10.01
0.00
6.73
6.78
15.35
17.60
17.68
16.31
8.69
17.86
7.97
3.46
7.89
4.77
13.65
0.42
3.93
8.82
10.15
1.55
8.37
1.18
18.10
8.06
4.76
4.76
3.37
1.19
18.50
2.22
9.66
8.87
17.15
17.40
3.28
8.01
2.00
8.51
8.42
1.79
1.46
9.50
1.40
8.64
5.04
4.89
2.43
17.74
1.43
6.68
0.96
7.63
6.78
7.97
4.28
5.33
6.83
1.62
6.73
18.71
4.19
7.12
3.24
6.94
6.00
5.57
6.71
7.62
4.24
2.64
3.56
6.29
16.01
15.72
15.71
1.24
1.56
1.15
0.55
17.45
0.90
16.12
15.95
1.54
0.45
0.51
1.18
1.23
0.83
0.84
0.52
16.35
11.47
16.84
15.60
13.80
6.73
0.00
0.68
14.48
15.62
15.89
14.33
12.34
17.36
11.78
4.62
11.52
3.71
14.39
6.56
4.14
12.97
14.11
5.93
11.83
6.54
17.66
11.69
3.02
2.91
4.59
6.93
14.66
7.23
13.71
12.82
15.67
15.84
4.61
11.92
6.80
12.32
12.32
6.95
7.12
13.21
7.54
12.56
2.68
4.46
5.20
16.49
7.43
10.03
6.83
11.21
9.92
11.76
3.35
2.38
10.23
7.68
10.25
17.84
4.73
10.40
3.65
10.24
9.32
10.04
9.94
11.27
4.19
5.23
4.53
10.19
15.72
15.47
15.45
0.86
1.46
1.46
0.92
17.69
1.25
15.85
15.71
1.53
0.33
0.44
0.99
0.96
0.62
1.40
1.19
16.06
11.94
17.05
15.32
14.26
6.78
0.68
0.00
14.66
15.38
15.60
14.07
12.81
17.61
12.23
4.92
11.98
4.15
14.11
6.61
4.54
13.40
14.58
6.10
12.31
6.67
17.89
12.15
3.50
3.38
4.87
7.02
14.20
7.40
14.16
13.26
15.82
15.95
4.87
12.36
6.98
12.78
12.77
7.09
7.24
13.69
7.56
13.00
3.15
4.66
5.46
16.66
7.59
9.84
6.89
10.86
9.60
11.39
3.73
2.76
9.92
7.79
9.95
18.06
4.92
10.05
3.78
10.01
9.07
10.31
9.69
11.54
4.62
5.47
4.77
10.47
30.31
30.11
30.08
15.51
15.75
14.64
14.55
3.42
14.55
30.45
30.34
13.29
14.64
14.80
14.91
15.44
14.69
13.82
14.20
30.63
18.24
2.55
29.94
19.76
15.35
14.48
14.66
0.00
30.02
30.17
28.70
18.15
3.45
18.35
15.75
18.20
12.78
27.94
14.94
14.96
19.45
19.47
14.18
18.22
14.32
3.51
18.31
13.98
13.88
15.73
14.30
27.57
13.56
19.44
19.41
2.20
2.83
15.86
18.24
13.69
18.49
18.45
13.82
14.18
18.49
14.68
19.03
13.40
17.34
14.86
2.42
14.93
21.75
14.47
21.62
21.15
21.76
13.33
12.89
21.26
14.43
21.24
3.63
17.12
21.20
15.14
21.86
20.77
19.28
21.51
21.49
15.19
15.65
16.23
20.01
1.25
0.35
0.42
14.53
14.38
15.59
15.58
33.05
15.64
0.99
0.67
16.76
15.41
15.26
15.18
14.62
15.38
16.35
15.97
1.72
20.52
32.42
0.74
22.09
17.60
15.62
15.38
30.02
0.00
1.36
1.36
21.66
32.98
20.74
16.00
20.59
18.17
6.89
17.83
16.57
21.19
22.76
18.16
20.98
18.44
33.26
20.69
16.92
16.95
15.99
18.70
8.16
19.58
22.22
21.06
31.10
31.15
15.84
21.01
19.18
21.30
21.33
19.15
18.98
22.47
18.78
21.08
17.24
13.99
17.19
32.00
18.68
12.75
18.45
14.34
13.27
14.92
17.53
17.48
13.56
19.21
13.65
33.43
14.42
13.80
15.89
12.77
13.23
17.30
12.86
16.18
16.41
16.45
15.37
16.64
0.81
1.35
1.20
14.76
14.67
15.85
15.84
33.25
15.91
0.80
1.64
16.98
15.66
15.52
15.44
14.88
15.63
16.64
16.28
1.56
21.05
32.60
0.66
22.63
17.68
15.89
15.60
30.17
1.36
0.00
1.80
22.17
33.19
21.24
16.31
21.09
18.47
6.45
17.91
16.91
21.68
23.28
18.32
21.51
18.56
33.46
21.20
17.25
17.27
16.29
18.79
7.72
19.72
22.73
21.57
31.24
31.27
16.13
21.49
19.33
21.81
21.82
19.28
19.09
22.99
18.80
21.59
17.55
14.34
17.44
32.16
18.82
12.63
18.53
13.90
12.95
14.45
17.80
17.74
13.23
19.30
13.34
33.63
14.73
13.41
16.10
12.57
13.05
17.65
12.64
16.62
16.78
16.72
15.66
17.04
1.94
1.51
1.48
13.23
13.11
14.29
14.28
31.74
14.34
1.91
1.85
15.47
14.12
13.97
13.90
13.33
14.09
15.06
14.69
2.51
19.48
31.11
1.31
21.11
16.31
14.33
14.07
28.70
1.36
1.80
0.00
20.61
31.67
19.69
14.74
19.53
16.88
6.18
16.53
15.31
20.18
21.76
16.86
19.94
17.14
31.96
19.64
15.65
15.67
14.73
17.40
7.71
18.29
21.22
20.05
29.80
29.85
14.57
19.95
17.89
20.26
20.28
17.85
17.69
21.44
17.47
20.06
15.96
12.74
15.91
30.69
17.41
11.59
17.15
13.16
12.05
13.76
16.23
16.18
12.35
17.92
12.45
32.13
13.16
12.59
14.59
11.60
12.01
16.21
11.67
15.21
15.16
15.19
14.10
15.59
22.54
21.92
21.96
13.04
13.34
11.36
11.90
19.36
11.56
22.46
22.17
13.22
12.74
12.76
13.47
13.23
13.16
11.81
12.06
23.10
1.19
19.92
21.80
1.70
8.69
12.34
12.81
18.15
21.66
22.17
20.61
0.00
19.35
1.02
8.22
1.10
9.30
18.20
8.81
8.31
1.64
1.80
8.26
0.71
8.29
19.75
0.98
9.39
9.53
8.29
8.54
24.65
7.99
1.56
1.45
20.17
20.77
8.42
0.88
7.96
0.56
0.66
8.19
8.27
0.91
9.16
1.13
9.95
9.47
7.89
20.30
7.51
12.18
8.76
14.63
13.64
14.99
9.47
10.72
13.62
8.21
13.44
20.55
9.10
14.22
9.67
12.82
12.48
5.17
12.90
6.25
8.22
7.92
8.67
5.48
33.33
33.08
33.06
18.46
18.67
17.46
17.41
0.66
17.38
33.46
33.31
16.28
17.57
17.72
17.87
18.39
17.64
16.65
17.03
33.66
19.60
1.66
32.93
20.85
17.86
17.36
17.61
3.45
32.98
33.19
31.67
19.35
0.00
19.72
18.23
19.58
15.31
30.84
17.47
17.42
20.73
20.48
16.65
19.52
16.76
0.59
19.67
16.54
16.47
18.21
16.75
30.82
15.89
20.55
20.69
3.87
4.64
18.37
19.57
16.05
19.75
19.72
16.20
16.57
19.54
17.17
20.32
16.04
19.92
17.30
2.79
17.24
24.44
16.96
24.47
24.00
24.60
15.94
15.64
24.08
16.78
24.05
1.44
19.69
24.07
17.83
24.60
23.53
21.24
24.28
23.44
17.62
18.10
18.77
21.98
21.62
21.01
21.04
12.42
12.75
10.77
11.33
19.72
10.98
21.53
21.27
12.73
12.17
12.19
12.90
12.63
12.60
11.30
11.53
22.19
0.80
20.21
20.87
2.10
7.97
11.78
12.23
18.35
20.74
21.24
19.69
1.02
19.72
0.00
7.52
0.36
8.88
17.19
8.13
7.71
1.33
2.41
7.66
0.71
7.67
20.10
0.32
8.88
9.02
7.59
7.93
23.80
7.49
1.94
1.16
20.37
20.93
7.69
0.31
7.43
0.62
0.62
7.64
7.68
1.84
8.52
0.81
9.47
8.69
7.24
20.55
6.86
11.17
8.12
13.68
12.68
14.06
8.97
10.26
12.65
7.62
12.47
20.88
8.30
13.27
8.98
11.83
11.51
4.15
11.91
5.27
7.62
7.20
7.92
4.47
16.60
16.19
16.19
5.05
5.54
3.50
4.09
18.25
3.74
16.63
16.46
5.76
4.92
4.94
5.69
5.33
5.38
4.35
4.54
17.10
7.33
18.09
16.00
9.58
3.46
4.62
4.92
15.75
16.00
16.31
14.74
8.22
18.23
7.52
0.00
7.31
3.14
13.23
3.49
0.99
8.60
9.91
2.85
7.71
3.42
18.55
7.48
2.33
2.43
0.11
3.94
17.12
4.27
9.45
8.50
17.41
17.72
0.32
7.66
3.79
8.10
8.08
3.98
4.05
9.13
4.71
8.26
2.98
2.05
1.41
18.01
3.79
7.40
3.89
9.39
8.05
9.92
2.61
3.70
8.23
4.50
8.15
19.02
1.59
8.66
1.64
7.85
7.04
5.46
7.68
6.95
1.06
0.88
0.67
5.71
21.46
20.85
20.88
12.17
12.48
10.53
11.07
19.59
10.73
21.38
21.10
12.48
11.92
11.93
12.64
12.37
12.34
11.04
11.27
22.02
0.49
20.06
20.72
2.30
7.89
11.52
11.98
18.20
20.59
21.09
19.53
1.10
19.58
0.36
7.31
0.00
8.64
17.13
8.04
7.47
1.65
2.64
7.53
0.57
7.57
19.98
0.17
8.62
8.77
7.38
7.85
23.60
7.40
2.21
1.42
20.20
20.76
7.49
0.59
7.33
0.84
0.89
7.55
7.61
1.97
8.48
1.09
9.22
8.47
7.06
20.39
6.80
11.15
8.05
13.70
12.66
14.08
8.74
10.01
12.64
7.58
12.46
20.74
8.10
13.26
8.79
11.81
11.48
4.16
11.89
5.28
7.37
7.01
7.72
4.44
18.69
18.32
18.32
4.76
5.18
3.00
3.37
15.36
3.09
18.75
18.57
4.09
4.10
4.20
4.86
4.89
4.49
2.97
3.39
19.11
8.62
15.10
18.16
10.90
4.77
3.71
4.15
12.78
18.17
18.47
16.88
9.30
15.31
8.88
3.14
8.64
0.00
15.93
4.51
2.25
10.13
11.08
3.37
8.91
4.03
15.64
8.80
1.29
1.23
3.13
4.48
18.12
4.28
10.73
10.00
14.36
14.68
3.28
8.95
3.89
9.36
9.34
4.17
4.50
10.11
5.38
9.69
1.07
4.61
2.85
14.98
4.80
10.16
4.54
11.50
10.34
11.95
0.78
1.51
10.54
5.08
10.49
16.04
4.44
10.80
2.88
10.49
9.54
7.99
10.24
9.75
2.47
3.38
3.60
8.40
7.22
7.17
7.12
13.42
13.69
13.92
14.13
30.79
14.06
7.14
7.55
15.61
14.24
14.15
14.37
13.71
14.39
14.97
14.77
7.99
17.22
30.45
6.55
18.52
13.65
14.39
14.11
27.94
6.89
6.45
6.18
18.20
30.84
17.19
13.23
17.13
15.93
0.00
13.96
14.08
17.40
19.09
14.68
17.62
14.72
31.08
17.23
14.84
14.87
13.20
14.83
11.97
15.83
18.50
17.39
29.35
29.43
13.00
17.40
15.54
17.75
17.72
15.41
15.11
18.97
14.63
17.45
15.24
11.63
14.07
30.17
14.72
7.38
14.57
8.66
7.95
9.14
15.19
15.54
8.09
15.16
8.15
31.47
11.72
8.38
13.16
7.26
8.08
13.20
7.47
12.23
14.02
13.34
12.60
12.73
18.31
18.03
18.01
6.94
7.71
5.50
6.03
17.36
5.71
18.36
18.35
7.16
6.76
6.85
7.58
7.31
7.20
6.24
6.58
18.86
8.27
17.36
17.71
10.17
0.42
6.56
6.61
14.94
17.83
17.91
16.53
8.81
17.47
8.13
3.49
8.04
4.51
13.96
0.00
3.87
9.01
10.30
1.29
8.51
0.90
17.71
8.21
4.60
4.59
3.41
0.89
18.57
1.95
9.82
9.05
16.74
16.98
3.33
8.16
1.73
8.66
8.56
1.50
1.21
9.62
1.24
8.81
4.82
5.01
2.38
17.33
1.44
7.04
0.63
7.88
7.06
8.21
4.05
5.07
7.12
1.47
7.03
18.31
4.33
7.38
3.16
7.28
6.32
5.89
7.04
7.97
4.20
2.70
3.64
6.62
17.17
16.75
16.75
4.79
5.22
3.08
3.65
17.46
3.30
17.20
17.01
5.17
4.50
4.53
5.28
5.02
4.95
3.74
3.97
17.63
7.46
17.27
16.59
9.76
3.93
4.14
4.54
14.96
16.57
16.91
15.31
8.31
17.42
7.71
0.99
7.47
2.25
14.08
3.87
0.00
8.87
10.06
2.96
7.82
3.61
17.75
7.64
1.46
1.59
1.02
4.16
17.39
4.28
9.63
8.74
16.59
16.91
1.23
7.84
3.81
8.26
8.25
4.05
4.23
9.20
5.03
8.48
2.15
2.62
1.58
17.18
4.11
8.36
4.15
10.22
8.91
10.74
1.83
2.96
9.10
4.74
9.03
18.19
2.37
9.49
1.80
8.78
7.95
6.14
8.59
7.68
0.39
1.56
1.52
6.41
22.09
21.47
21.51
13.56
13.90
11.94
12.51
20.71
12.16
21.99
21.73
13.96
13.35
13.36
14.09
13.79
13.78
12.52
12.75
22.68
1.94
21.28
21.32
1.36
8.82
12.97
13.40
19.45
21.19
21.68
20.18
1.64
20.73
1.33
8.60
1.65
10.13
17.40
9.01
8.87
0.00
1.72
8.67
1.73
8.62
21.11
1.54
10.10
10.24
8.67
8.83
24.60
8.44
1.11
0.40
21.49
22.06
8.75
1.30
8.42
1.14
1.08
8.59
8.58
1.86
9.32
0.61
10.70
9.68
8.33
21.65
7.73
11.49
9.01
14.02
13.09
14.36
10.18
11.48
13.03
8.46
12.84
21.93
9.27
13.67
10.05
12.15
11.93
4.50
12.28
5.27
8.79
8.24
8.96
4.76
23.67
23.03
23.07
14.79
15.10
13.12
13.67
20.47
13.33
23.57
23.28
15.01
14.51
14.53
15.24
14.99
14.93
13.60
13.84
24.25
2.75
21.15
22.90
0.77
10.15
14.11
14.58
19.47
22.76
23.28
21.76
1.80
20.48
2.41
9.91
2.64
11.08
19.09
10.30
10.06
1.72
0.00
9.86
2.33
9.82
20.88
2.48
11.17
11.32
9.98
10.02
26.13
9.49
0.61
1.73
21.54
22.15
10.09
2.26
9.51
1.81
1.83
9.70
9.74
1.10
10.54
1.78
11.74
11.09
9.57
21.59
8.96
13.19
10.23
15.65
14.75
15.97
11.23
12.50
14.69
9.62
14.50
21.73
10.71
15.31
11.35
13.85
13.60
6.20
13.97
6.91
9.97
9.57
10.33
6.45
18.67
18.35
18.34
6.51
7.21
4.88
5.43
16.58
5.09
18.72
18.65
6.51
6.20
6.29
7.04
6.83
6.65
5.49
5.87
19.20
7.70
16.56
18.08
9.73
1.55
5.93
6.10
14.18
18.16
18.32
16.86
8.26
16.65
7.66
2.85
7.53
3.37
14.68
1.29
2.96
8.67
9.86
0.00
7.95
0.69
16.92
7.70
3.60
3.61
2.79
1.22
18.81
1.53
9.42
8.67
15.97
16.27
2.80
7.69
1.07
8.18
8.10
1.17
1.30
9.08
2.18
8.40
3.84
4.70
1.49
16.54
1.55
7.96
1.28
9.06
8.13
9.43
3.02
4.17
8.22
1.85
8.13
17.50
4.08
8.51
2.72
8.26
7.32
5.95
8.04
8.06
3.31
2.14
3.21
6.64
21.87
21.24
21.28
12.51
12.79
10.86
11.40
19.54
11.06
21.79
21.49
12.77
12.23
12.25
12.95
12.70
12.65
11.33
11.56
22.43
0.48
20.03
21.13
2.00
8.37
11.83
12.31
18.22
20.98
21.51
19.94
0.71
19.52
0.71
7.71
0.57
8.91
17.62
8.51
7.82
1.73
2.33
7.95
0.00
8.01
19.92
0.45
8.92
9.07
7.78
8.29
24.01
7.80
2.00
1.44
20.22
20.80
7.90
0.80
7.73
0.70
0.85
7.96
8.04
1.56
8.94
1.12
9.51
8.87
7.47
20.38
7.26
11.71
8.50
14.26
13.21
14.64
9.05
10.30
13.20
8.02
13.02
20.69
8.53
13.82
9.20
12.37
12.03
4.71
12.45
5.72
7.71
7.45
8.13
4.95
18.94
18.64
18.62
7.07
7.80
5.50
6.03
16.67
5.70
18.99
18.94
7.08
6.79
6.89
7.63
7.41
7.24
6.13
6.50
19.48
7.78
16.70
18.34
9.72
1.18
6.54
6.67
14.32
18.44
18.56
17.14
8.29
16.76
7.67
3.42
7.57
4.03
14.72
0.90
3.61
8.62
9.82
0.69
8.01
0.00
17.02
7.74
4.30
4.30
3.35
0.56
19.15
1.16
9.37
8.65
16.15
16.43
3.34
7.69
0.85
8.18
8.09
0.72
0.65
9.07
1.53
8.38
4.52
5.19
2.09
16.70
1.06
7.82
0.68
8.77
7.94
9.10
3.69
4.80
8.00
1.18
7.90
17.63
4.54
8.27
3.28
8.10
7.16
5.89
7.88
8.07
3.95
2.63
3.73
6.65
33.60
33.36
33.34
18.74
18.97
17.76
17.71
0.47
17.68
33.73
33.60
16.56
17.86
18.02
18.16
18.68
17.93
16.96
17.34
33.93
20.01
1.57
33.21
21.25
18.10
17.66
17.89
3.51
33.26
33.46
31.96
19.75
0.59
20.10
18.55
19.98
15.64
31.08
17.71
17.75
21.11
20.88
16.92
19.92
17.02
0.00
20.06
16.88
16.80
18.53
16.99
31.03
16.14
20.94
21.08
3.79
4.48
18.68
19.96
16.31
20.15
20.11
16.45
16.82
19.94
17.38
20.70
16.36
20.24
17.61
2.69
17.50
24.67
17.19
24.61
24.18
24.73
16.25
15.94
24.26
17.02
24.22
1.26
20.00
24.23
18.12
24.81
23.74
21.57
24.49
23.79
17.96
18.41
19.08
22.32
21.57
20.95
20.99
12.34
12.64
10.69
11.24
19.68
10.90
21.49
21.21
12.64
12.08
12.09
12.80
12.54
12.50
11.20
11.43
22.13
0.48
20.16
20.82
2.13
8.06
11.69
12.15
18.31
20.69
21.20
19.64
0.98
19.67
0.32
7.48
0.17
8.80
17.23
8.21
7.64
1.54
2.48
7.70
0.45
7.74
20.06
0.00
8.79
8.94
7.55
8.02
23.74
7.57
2.05
1.29
20.31
20.88
7.66
0.55
7.50
0.70
0.78
7.72
7.77
1.83
8.64
0.96
9.39
8.63
7.24
20.49
6.97
11.28
8.22
13.84
12.80
14.22
8.91
10.18
12.79
7.74
12.60
20.83
8.26
13.41
8.96
11.95
11.62
4.28
12.03
5.33
7.53
7.19
7.88
4.54
17.46
17.08
17.08
3.93
4.32
2.14
2.61
16.61
2.28
17.52
17.32
3.86
3.43
3.49
4.20
4.09
3.85
2.45
2.75
17.88
8.59
16.30
16.93
10.91
4.76
3.02
3.50
13.98
16.92
17.25
15.65
9.39
16.54
8.88
2.33
8.62
1.29
14.84
4.60
1.46
10.10
11.17
3.60
8.92
4.30
16.88
8.79
0.00
0.18
2.33
4.79
17.10
4.83
10.79
9.95
15.50
15.81
2.47
8.99
4.38
9.40
9.39
4.63
4.88
10.25
5.65
9.67
0.74
3.42
2.63
16.15
5.01
9.37
4.79
10.96
9.68
11.47
0.94
1.61
9.90
5.44
9.86
17.24
3.37
10.21
2.16
9.73
8.83
7.58
9.50
9.11
1.58
2.85
2.66
7.86
17.48
17.10
17.10
3.84
4.24
2.03
2.50
16.53
2.18
17.54
17.35
3.72
3.32
3.38
4.09
3.99
3.74
2.33
2.65
17.90
8.74
16.21
16.95
11.05
4.76
2.91
3.38
13.88
16.95
17.27
15.67
9.53
16.47
9.02
2.43
8.77
1.23
14.87
4.59
1.59
10.24
11.32
3.61
9.07
4.30
16.80
8.94
0.18
0.00
2.42
4.78
17.05
4.83
10.93
10.10
15.40
15.69
2.56
9.13
4.38
9.54
9.53
4.63
4.88
10.39
5.63
9.81
0.59
3.51
2.69
16.05
5.04
9.41
4.78
10.93
9.67
11.44
0.85
1.44
9.89
5.45
9.85
17.16
3.46
10.19
2.14
9.75
8.84
7.71
9.51
9.25
1.73
2.94
2.75
8.00
16.59
16.18
16.18
5.01
5.52
3.46
4.06
18.23
3.70
16.62
16.46
5.72
4.89
4.91
5.66
5.30
5.34
4.33
4.52
17.09
7.41
18.07
15.99
9.65
3.37
4.59
4.87
15.73
15.99
16.29
14.73
8.29
18.21
7.59
0.11
7.38
3.13
13.20
3.41
1.02
8.67
9.98
2.79
7.78
3.35
18.53
7.55
2.33
2.42
0.00
3.87
17.08
4.22
9.51
8.56
17.38
17.69
0.23
7.73
3.74
8.17
8.15
3.92
3.99
9.19
4.63
8.33
2.97
2.06
1.36
17.99
3.74
7.35
3.81
9.31
7.97
9.84
2.58
3.67
8.16
4.44
8.08
19.00
1.59
8.58
1.54
7.79
6.98
5.49
7.61
7.00
1.13
0.84
0.63
5.76
19.18
18.90
18.88
7.43
8.19
5.90
6.43
16.63
6.10
19.23
19.22
7.41
7.16
7.26
7.99
7.78
7.60
6.53
6.90
19.73
8.09
16.69
18.59
9.95
1.19
6.93
7.02
14.30
18.70
18.79
17.40
8.54
16.75
7.93
3.94
7.85
4.48
14.83
0.89
4.16
8.83
10.02
1.22
8.29
0.56
16.99
8.02
4.79
4.78
3.87
0.00
19.36
1.11
9.56
8.88
16.14
16.41
3.84
7.93
1.03
8.42
8.32
0.69
0.37
9.30
1.02
8.62
4.97
5.65
2.64
16.69
1.11
7.84
0.32
8.59
7.86
8.87
4.15
5.20
7.89
0.77
7.80
17.62
4.99
8.13
3.70
8.08
7.13
6.11
7.85
8.33
4.50
3.15
4.21
6.92
7.33
7.92
7.81
13.46
13.25
15.13
14.84
30.90
15.06
7.69
7.95
15.13
14.28
14.17
13.75
13.44
14.05
15.50
15.10
7.04
23.55
29.89
7.84
25.58
18.50
14.66
14.20
27.57
8.16
7.72
7.71
24.65
30.82
23.80
17.12
23.60
18.12
11.97
18.57
17.39
24.60
26.13
18.81
24.01
19.15
31.03
23.74
17.10
17.05
17.08
19.36
0.00
20.23
25.60
24.47
28.16
28.00
16.94
24.03
19.84
24.41
24.42
19.79
19.70
25.55
19.40
24.37
17.08
15.37
18.11
29.22
19.80
15.50
19.09
15.72
14.89
16.21
17.53
16.90
15.26
20.04
15.43
30.94
15.82
15.14
16.31
15.27
15.20
20.48
15.10
20.26
17.34
17.63
16.53
20.13
20.09
19.78
19.76
7.88
8.59
6.24
6.75
15.78
6.42
20.14
20.09
7.61
7.50
7.61
8.33
8.19
7.93
6.71
7.12
20.63
7.63
15.90
19.49
9.48
2.22
7.23
7.40
13.56
19.58
19.72
18.29
7.99
15.89
7.49
4.27
7.40
4.28
15.83
1.95
4.28
8.44
9.49
1.53
7.80
1.16
16.14
7.57
4.83
4.83
4.22
1.11
20.23
0.00
9.08
8.49
15.46
15.78
4.25
7.46
0.48
7.94
7.84
0.46
0.79
8.72
1.89
8.19
4.98
6.18
2.86
15.96
1.37
8.85
1.43
9.68
8.95
9.94
4.14
5.23
8.98
1.09
8.88
16.81
5.55
9.23
4.23
9.12
8.20
6.29
8.90
8.60
4.61
3.52
4.68
7.14
23.13
22.50
22.54
14.36
14.68
12.71
13.26
20.54
12.91
23.03
22.75
14.64
14.10
14.12
14.84
14.57
14.53
13.22
13.46
23.71
2.38
21.17
22.36
0.66
9.66
13.71
14.16
19.44
22.22
22.73
21.22
1.56
20.55
1.94
9.45
2.21
10.73
18.50
9.82
9.63
1.11
0.61
9.42
2.00
9.37
20.94
2.05
10.79
10.93
9.51
9.56
25.60
9.08
0.00
1.16
21.50
22.10
9.61
1.80
9.09
1.40
1.40
9.27
9.30
1.17
10.08
1.24
11.37
10.60
9.12
21.59
8.49
12.58
9.77
15.06
14.15
15.38
10.85
12.13
14.09
9.17
13.90
21.78
10.20
14.72
10.89
13.24
13.00
5.60
13.36
6.34
9.55
9.09
9.84
5.85
21.97
21.34
21.38
13.42
13.74
11.81
12.36
20.69
12.02
21.87
21.59
13.82
13.21
13.21
13.93
13.63
13.63
12.37
12.59
22.55
1.63
21.23
21.20
1.24
8.87
12.82
13.26
19.41
21.06
21.57
20.05
1.45
20.69
1.16
8.50
1.42
10.00
17.39
9.05
8.74
0.40
1.73
8.67
1.44
8.65
21.08
1.29
9.95
10.10
8.56
8.88
24.47
8.49
1.16
0.00
21.44
22.01
8.66
1.19
8.45
0.96
0.97
8.63
8.64
1.75
9.41
0.38
10.57
9.54
8.27
21.59
7.79
11.56
9.07
14.15
13.17
14.50
10.07
11.36
13.13
8.54
12.94
21.88
9.16
13.77
9.98
12.23
12.00
4.54
12.35
5.24
8.64
8.17
8.85
4.73
31.34
31.17
31.14
16.65
16.83
15.97
15.81
3.97
15.85
31.50
31.39
14.38
15.80
15.95
15.97
16.54
15.79
15.07
15.41
31.61
20.22
2.27
31.01
21.79
17.15
15.67
15.82
2.20
31.10
31.24
29.80
20.17
3.87
20.37
17.41
20.20
14.36
29.35
16.74
16.59
21.49
21.54
15.97
20.22
16.15
3.79
20.31
15.50
15.40
17.38
16.14
28.16
15.46
21.50
21.44
0.00
0.91
17.51
20.26
15.56
20.52
20.48
15.69
16.04
20.53
16.52
21.06
14.89
18.87
16.60
1.22
16.82
23.41
16.29
23.18
22.71
23.32
14.90
14.31
22.84
16.33
22.84
3.18
18.71
22.75
16.71
23.48
22.38
21.21
23.12
23.38
16.81
17.36
17.86
21.91
31.36
31.22
31.18
16.77
16.96
16.16
15.99
4.68
16.04
31.53
31.44
14.50
15.94
16.10
16.09
16.67
15.91
15.27
15.60
31.63
20.79
3.00
31.05
22.40
17.40
15.84
15.95
2.83
31.15
31.27
29.85
20.77
4.64
20.93
17.72
20.76
14.68
29.43
16.98
16.91
22.06
22.15
16.27
20.80
16.43
4.48
20.88
15.81
15.69
17.69
16.41
28.00
15.78
22.10
22.01
0.91
0.00
17.81
20.83
15.88
21.10
21.06
15.98
16.33
21.15
16.75
21.63
15.17
19.14
16.91
1.93
17.14
23.56
16.55
23.22
22.79
23.35
15.19
14.56
22.92
16.62
22.92
3.83
18.98
22.79
16.95
23.61
22.50
21.62
23.24
23.80
17.14
17.67
18.14
22.32
16.43
16.03
16.03
4.98
5.51
3.47
4.07
18.38
3.72
16.46
16.31
5.75
4.89
4.91
5.66
5.28
5.35
4.38
4.56
16.93
7.53
18.22
15.83
9.76
3.28
4.61
4.87
15.86
15.84
16.13
14.57
8.42
18.37
7.69
0.32
7.49
3.28
13.00
3.33
1.23
8.75
10.09
2.80
7.90
3.34
18.68
7.66
2.47
2.56
0.23
3.84
16.94
4.25
9.61
8.66
17.51
17.81
0.00
7.83
3.78
8.28
8.26
3.93
3.97
9.32
4.57
8.42
3.09
1.96
1.43
18.12
3.73
7.13
3.77
9.08
7.74
9.62
2.70
3.76
7.93
4.41
7.85
19.15
1.44
8.35
1.46
7.56
6.75
5.48
7.39
6.96
1.34
0.83
0.47
5.74
21.88
21.27
21.31
12.57
12.91
10.91
11.46
19.57
11.12
21.80
21.53
12.84
12.31
12.33
13.05
12.78
12.74
11.42
11.67
22.45
1.02
20.08
21.13
2.04
8.01
11.92
12.36
18.24
21.01
21.49
19.95
0.88
19.57
0.31
7.66
0.59
8.95
17.40
8.16
7.84
1.30
2.26
7.69
0.80
7.69
19.96
0.55
8.99
9.13
7.73
7.93
24.03
7.46
1.80
1.19
20.26
20.83
7.83
0.00
7.43
0.51
0.42
7.63
7.67
1.66
8.51
0.82
9.58
8.88
7.33
20.43
6.87
11.32
8.13
13.77
12.79
14.13
9.06
10.34
12.76
7.60
12.58
20.75
8.48
13.37
9.10
11.96
11.64
4.32
12.05
5.50
7.76
7.31
8.08
4.68
19.70
19.38
19.36
7.45
8.15
5.80
6.32
15.96
5.98
19.74
19.68
7.24
7.08
7.18
7.92
7.76
7.52
6.30
6.70
20.23
7.54
16.04
19.10
9.46
2.00
6.80
6.98
13.69
19.18
19.33
17.89
7.96
16.05
7.43
3.79
7.33
3.89
15.54
1.73
3.81
8.42
9.51
1.07
7.73
0.85
16.31
7.50
4.38
4.38
3.74
1.03
19.84
0.48
9.09
8.45
15.56
15.88
3.78
7.43
0.00
7.91
7.81
0.39
0.80
8.72
1.98
8.16
4.56
5.71
2.39
16.07
1.29
8.64
1.31
9.58
8.78
9.88
3.72
4.84
8.83
1.27
8.73
16.95
5.09
9.10
3.77
8.93
8.00
6.13
8.71
8.40
4.14
3.07
4.21
6.93
22.19
21.57
21.61
12.98
13.30
11.32
11.87
19.76
11.53
22.10
21.82
13.25
12.71
12.73
13.44
13.19
13.14
11.82
12.06
22.76
1.08
20.30
21.44
1.58
8.51
12.32
12.78
18.49
21.30
21.81
20.26
0.56
19.75
0.62
8.10
0.84
9.36
17.75
8.66
8.26
1.14
1.81
8.18
0.70
8.18
20.15
0.70
9.40
9.54
8.17
8.42
24.41
7.94
1.40
0.96
20.52
21.10
8.28
0.51
7.91
0.00
0.20
8.11
8.17
1.23
9.01
0.59
9.98
9.29
7.80
20.66
7.37
11.75
8.63
14.24
13.26
14.60
9.48
10.76
13.23
8.10
13.04
20.94
8.91
13.85
9.56
12.40
12.10
4.72
12.50
5.75
8.17
7.78
8.52
5.02
22.21
21.59
21.63
12.98
13.31
11.32
11.87
19.72
11.52
22.12
21.85
13.24
12.71
12.73
13.45
13.19
13.14
11.82
12.07
22.78
1.20
20.26
21.45
1.65
8.42
12.32
12.77
18.45
21.33
21.82
20.28
0.66
19.72
0.62
8.08
0.89
9.34
17.72
8.56
8.25
1.08
1.83
8.10
0.85
8.09
20.11
0.78
9.39
9.53
8.15
8.32
24.42
7.84
1.40
0.97
20.48
21.06
8.26
0.42
7.81
0.20
0.00
8.01
8.06
1.29
8.89
0.60
9.97
9.29
7.75
20.63
7.26
11.67
8.53
14.13
13.16
14.48
9.46
10.74
13.13
7.98
12.94
20.91
8.89
13.74
9.52
12.32
12.01
4.66
12.41
5.73
8.17
7.74
8.50
4.99
19.65
19.35
19.33
7.55
8.27
5.94
6.46
16.09
6.13
19.70
19.66
7.37
7.21
7.31
8.04
7.87
7.64
6.47
6.87
20.20
7.78
16.18
19.06
9.65
1.79
6.95
7.09
13.82
19.15
19.28
17.85
8.19
16.20
7.64
3.98
7.55
4.17
15.41
1.50
4.05
8.59
9.70
1.17
7.96
0.72
16.45
7.72
4.63
4.63
3.92
0.69
19.79
0.46
9.27
8.63
15.69
15.98
3.93
7.63
0.39
8.11
8.01
0.00
0.44
8.94
1.60
8.35
4.79
5.83
2.59
16.21
1.19
8.45
1.00
9.28
8.53
9.56
3.95
5.04
8.57
0.94
8.47
17.10
5.19
8.82
3.86
8.72
7.78
6.19
8.49
8.46
4.39
3.22
4.34
7.01
19.48
19.18
19.16
7.67
8.41
6.10
6.63
16.46
6.30
19.52
19.50
7.59
7.37
7.47
8.20
8.00
7.81
6.69
7.07
20.03
7.85
16.55
18.88
9.69
1.46
7.12
7.24
14.18
18.98
19.09
17.69
8.27
16.57
7.68
4.05
7.61
4.50
15.11
1.21
4.23
8.58
9.74
1.30
8.04
0.65
16.82
7.77
4.88
4.88
3.99
0.37
19.70
0.79
9.30
8.64
16.04
16.33
3.97
7.67
0.80
8.17
8.06
0.44
0.00
9.02
1.21
8.37
5.06
5.83
2.70
16.57
0.96
8.09
0.68
8.89
8.16
9.16
4.23
5.31
8.19
0.58
8.09
17.47
5.17
8.44
3.92
8.35
7.42
6.04
8.13
8.30
4.56
3.25
4.37
6.87
23.37
22.73
22.77
13.93
14.23
12.24
12.77
19.55
12.44
23.28
22.98
14.06
13.61
13.63
14.34
14.12
14.03
12.66
12.92
23.93
2.03
20.18
22.61
1.31
9.50
13.21
13.69
18.49
22.47
22.99
21.44
0.91
19.54
1.84
9.13
1.97
10.11
18.97
9.62
9.20
1.86
1.10
9.08
1.56
9.07
19.94
1.83
10.25
10.39
9.19
9.30
25.55
8.72
1.17
1.75
20.53
21.15
9.32
1.66
8.72
1.23
1.29
8.94
9.02
0.00
9.90
1.56
10.80
10.39
8.76
20.60
8.28
12.96
9.53
15.39
14.44
15.73
10.30
11.55
14.40
8.94
14.21
20.77
10.01
15.01
10.56
13.61
13.29
5.94
13.69
6.90
9.11
8.81
9.58
6.24
19.22
18.98
18.95
7.94
8.74
6.54
7.04
17.02
6.74
19.28
19.31
7.98
7.73
7.83
8.54
8.31
8.15
7.21
7.57
19.79
8.75
17.09
18.63
10.49
1.40
7.54
7.56
14.68
18.78
18.80
17.47
9.16
17.17
8.52
4.71
8.48
5.38
14.63
1.24
5.03
9.32
10.54
2.18
8.94
1.53
17.38
8.64
5.65
5.63
4.63
1.02
19.40
1.89
10.08
9.41
16.52
16.75
4.57
8.51
1.98
9.01
8.89
1.60
1.21
9.90
0.00
9.17
5.80
6.24
3.51
17.09
1.73
7.52
0.89
7.92
7.35
8.14
4.99
5.95
7.35
1.04
7.25
18.03
5.56
7.53
4.33
7.69
6.73
6.46
7.44
8.65
5.37
3.91
4.88
7.30
21.98
21.36
21.40
13.17
13.50
11.55
12.10
20.31
11.76
21.89
21.61
13.53
12.94
12.95
13.67
13.39
13.37
12.09
12.31
22.56
1.34
20.85
21.22
1.39
8.64
12.56
13.00
19.03
21.08
21.59
20.06
1.13
20.32
0.81
8.26
1.09
9.69
17.45
8.81
8.48
0.61
1.78
8.40
1.12
8.38
20.70
0.96
9.67
9.81
8.33
8.62
24.37
8.19
1.24
0.38
21.06
21.63
8.42
0.82
8.16
0.59
0.60
8.35
8.37
1.56
9.17
0.00
10.27
9.36
8.00
21.21
7.54
11.54
8.81
14.09
13.11
14.44
9.77
11.06
13.07
8.28
12.88
21.51
8.97
13.70
9.73
12.20
11.94
4.50
12.31
5.35
8.38
7.93
8.64
4.74
17.74
17.39
17.38
3.71
4.12
1.95
2.32
16.10
2.04
17.82
17.63
3.28
3.09
3.17
3.85
3.84
3.48
1.99
2.38
18.15
9.19
15.74
17.24
11.50
5.04
2.68
3.15
13.40
17.24
17.55
15.96
9.95
16.04
9.47
2.98
9.22
1.07
15.24
4.82
2.15
10.70
11.74
3.84
9.51
4.52
16.36
9.39
0.74
0.59
2.97
4.97
17.08
4.98
11.37
10.57
14.89
15.17
3.09
9.58
4.56
9.98
9.97
4.79
5.06
10.80
5.80
10.27
0.00
4.01
3.11
15.56
5.33
9.82
4.97
11.20
9.97
11.69
0.84
0.88
10.20
5.64
10.16
16.70
3.98
10.45
2.48
10.13
9.19
8.25
9.87
9.83
2.32
3.43
3.28
8.56
14.61
14.18
14.18
4.43
4.80
3.51
4.00
19.96
3.73
14.64
14.44
5.90
4.66
4.60
5.26
4.72
5.05
4.54
4.52
15.10
8.45
19.69
14.01
10.65
4.89
4.46
4.66
17.34
13.99
14.34
12.74
9.47
19.92
8.69
2.05
8.47
4.61
11.63
5.01
2.62
9.68
11.09
4.70
8.87
5.19
20.24
8.63
3.42
3.51
2.06
5.65
15.37
6.18
10.60
9.54
18.87
19.14
1.96
8.88
5.71
9.29
9.29
5.83
5.83
10.39
6.24
9.36
4.01
0.00
3.39
19.54
5.54
6.69
5.53
9.03
7.48
9.65
4.01
4.63
7.74
6.23
7.68
20.64
0.73
8.21
2.57
7.15
6.48
6.11
7.01
6.96
2.48
2.71
1.51
6.05
17.76
17.38
17.38
5.77
6.36
4.09
4.67
17.28
4.31
17.80
17.67
6.05
5.51
5.57
6.34
6.07
5.97
4.80
5.10
18.27
7.16
17.21
17.16
9.34
2.43
5.20
5.46
14.86
17.19
17.44
15.91
7.89
17.30
7.24
1.41
7.06
2.85
14.07
2.38
1.58
8.33
9.57
1.49
7.47
2.09
17.61
7.24
2.63
2.69
1.36
2.64
18.11
2.86
9.12
8.27
16.60
16.91
1.43
7.33
2.39
7.80
7.75
2.59
2.70
8.76
3.51
8.00
3.11
3.39
0.00
17.17
2.54
7.73
2.64
9.35
8.19
9.81
2.42
3.70
8.33
3.18
8.24
18.14
2.83
8.71
1.92
8.13
7.26
5.44
7.94
7.32
1.89
0.83
1.89
5.94
32.26
32.07
32.05
17.50
17.68
16.74
16.61
2.94
16.63
32.42
32.29
15.24
16.64
16.79
16.84
17.40
16.64
15.85
16.20
32.55
20.40
1.14
31.92
21.89
17.74
16.49
16.66
2.42
32.00
32.16
30.69
20.30
2.79
20.55
18.01
20.39
14.98
30.17
17.33
17.18
21.65
21.59
16.54
20.38
16.70
2.69
20.49
16.15
16.05
17.99
16.69
29.22
15.96
21.59
21.59
1.22
1.93
18.12
20.43
16.07
20.66
20.63
16.21
16.57
20.60
17.09
21.21
15.56
19.54
17.17
0.00
17.32
24.10
16.86
23.95
23.48
24.09
15.55
15.03
23.60
16.84
23.58
1.96
19.36
23.52
17.40
24.20
23.11
21.61
23.85
23.79
17.40
17.95
18.49
22.32
19.23
18.90
18.88
7.94
8.65
6.35
6.91
17.13
6.57
19.26
19.21
8.06
7.69
7.78
8.53
8.28
8.15
7.02
7.37
19.79
7.06
17.26
18.60
8.88
1.43
7.43
7.59
14.93
18.68
18.82
17.41
7.51
17.24
6.86
3.79
6.80
4.80
14.72
1.44
4.11
7.73
8.96
1.55
7.26
1.06
17.50
6.97
5.01
5.04
3.74
1.11
19.80
1.37
8.49
7.79
16.82
17.14
3.73
6.87
1.29
7.37
7.26
1.19
0.96
8.28
1.73
7.54
5.33
5.54
2.54
17.32
0.00
7.67
1.28
8.79
8.00
9.09
4.51
5.71
8.01
0.97
7.89
18.17
4.85
8.34
4.02
8.00
7.15
5.08
7.82
7.36
4.39
2.93
4.10
5.93
13.23
13.01
12.98
9.50
10.13
9.14
9.57
24.33
9.36
13.22
13.38
11.18
10.02
10.00
10.54
9.92
10.35
10.29
10.31
13.92
11.36
24.23
12.54
12.78
6.68
10.03
9.84
21.75
12.75
12.63
11.59
12.18
24.44
11.17
7.40
11.15
10.16
7.38
7.04
8.36
11.49
13.19
7.96
11.71
7.82
24.67
11.28
9.37
9.41
7.35
7.84
15.50
8.85
12.58
11.56
23.41
23.56
7.13
11.32
8.64
11.75
11.67
8.45
8.09
12.96
7.52
11.54
9.82
6.69
7.73
24.10
7.67
0.00
7.59
3.64
2.30
4.27
9.44
10.16
2.33
8.03
2.20
25.21
6.35
3.12
7.37
0.77
1.41
7.04
1.08
7.20
8.42
7.12
6.89
7.04
18.92
18.65
18.63
7.28
8.06
5.80
6.32
16.84
6.00
18.98
18.97
7.32
7.04
7.14
7.87
7.64
7.48
6.46
6.82
19.48
8.28
16.87
18.33
10.15
0.96
6.83
6.89
14.47
18.45
18.53
17.15
8.76
16.96
8.12
3.89
8.05
4.54
14.57
0.63
4.15
9.01
10.23
1.28
8.50
0.68
17.19
8.22
4.79
4.78
3.81
0.32
19.09
1.43
9.77
9.07
16.29
16.55
3.77
8.13
1.31
8.63
8.53
1.00
0.68
9.53
0.89
8.81
4.97
5.53
2.64
16.86
1.28
7.59
0.00
8.30
7.56
8.59
4.15
5.18
7.60
0.98
7.51
17.81
4.86
7.83
3.57
7.82
6.85
6.16
7.57
8.33
4.50
3.10
4.12
6.94
14.51
14.55
14.48
10.63
11.40
10.45
10.80
24.29
10.63
14.58
14.94
11.99
11.12
11.13
11.60
11.07
11.40
11.50
11.57
15.19
13.97
24.14
13.96
15.37
7.63
11.21
10.86
21.62
14.34
13.90
13.16
14.63
24.47
13.68
9.39
13.70
11.50
8.66
7.88
10.22
14.02
15.65
9.06
14.26
8.77
24.61
13.84
10.96
10.93
9.31
8.59
15.72
9.68
15.06
14.15
23.18
23.22
9.08
13.77
9.58
14.24
14.13
9.28
8.89
15.39
7.92
14.09
11.20
9.03
9.35
23.95
8.79
3.64
8.30
0.00
1.70
0.73
10.76
11.28
1.43
8.74
1.52
25.16
8.62
0.89
8.80
2.92
2.79
9.76
2.67
10.42
10.40
8.98
8.93
10.04
13.54
13.49
13.43
9.31
10.03
9.14
9.50
23.86
9.32
13.59
13.87
10.84
9.84
9.84
10.31
9.74
10.13
10.23
10.27
14.20
12.89
23.67
12.95
14.41
6.78
9.92
9.60
21.15
13.27
12.95
12.05
13.64
24.00
12.68
8.05
12.66
10.34
7.95
7.06
8.91
13.09
14.75
8.13
13.21
7.94
24.18
12.80
9.68
9.67
7.97
7.86
14.89
8.95
14.15
13.17
22.71
22.79
7.74
12.79
8.78
13.26
13.16
8.53
8.16
14.44
7.35
13.11
9.97
7.48
8.19
23.48
8.00
2.30
7.56
1.70
0.00
2.42
9.59
10.12
0.41
8.10
0.56
24.69
7.13
0.91
7.54
1.64
1.25
8.68
1.23
9.25
9.05
7.73
7.53
8.86
15.07
15.14
15.06
11.20
11.98
10.99
11.34
24.40
11.17
15.14
15.53
12.48
11.66
11.68
12.15
11.64
11.95
12.02
12.11
15.75
14.37
24.27
14.53
15.72
7.97
11.76
11.39
21.76
14.92
14.45
13.76
14.99
24.60
14.06
9.92
14.08
11.95
9.14
8.21
10.74
14.36
15.97
9.43
14.64
9.10
24.73
14.22
11.47
11.44
9.84
8.87
16.21
9.94
15.38
14.50
23.32
23.35
9.62
14.13
9.88
14.60
14.48
9.56
9.16
15.73
8.14
14.44
11.69
9.65
9.81
24.09
9.09
4.27
8.59
0.73
2.42
0.00
11.23
11.75
2.13
8.99
2.20
25.29
9.23
1.60
9.31
3.57
3.47
10.19
3.35
10.90
10.94
9.47
9.49
10.51
18.03
17.68
17.67
4.28
4.79
2.48
2.93
15.97
2.62
18.10
17.94
3.90
3.72
3.81
4.53
4.47
4.14
2.72
3.12
18.46
8.74
15.70
17.51
11.02
4.28
3.35
3.73
13.33
17.53
17.80
16.23
9.47
15.94
8.97
2.61
8.74
0.78
15.19
4.05
1.83
10.18
11.23
3.02
9.05
3.69
16.25
8.91
0.94
0.85
2.58
4.15
17.53
4.14
10.85
10.07
14.90
15.19
2.70
9.06
3.72
9.48
9.46
3.95
4.23
10.30
4.99
9.77
0.84
4.01
2.42
15.55
4.51
9.44
4.15
10.76
9.59
11.23
0.00
1.35
9.79
4.81
9.75
16.65
3.82
10.06
2.12
9.75
8.80
7.71
9.50
9.42
2.11
2.87
2.99
8.10
17.92
17.61
17.60
3.47
3.93
1.91
2.11
15.69
1.92
18.01
17.85
2.61
2.74
2.86
3.48
3.58
3.10
1.64
2.12
18.31
9.99
15.27
17.45
12.29
5.33
2.38
2.76
12.89
17.48
17.74
16.18
10.72
15.64
10.26
3.70
10.01
1.51
15.54
5.07
2.96
11.48
12.50
4.17
10.30
4.80
15.94
10.18
1.61
1.44
3.67
5.20
16.90
5.23
12.13
11.36
14.31
14.56
3.76
10.34
4.84
10.76
10.74
5.04
5.31
11.55
5.95
11.06
0.88
4.63
3.70
15.03
5.71
10.16
5.18
11.28
10.12
11.75
1.35
0.00
10.36
5.89
10.34
16.24
4.60
10.55
2.86
10.42
9.43
8.99
10.13
10.62
3.15
4.07
3.94
9.34
13.83
13.78
13.72
9.65
10.38
9.43
9.80
23.93
9.62
13.88
14.16
11.13
10.15
10.16
10.65
10.08
10.45
10.52
10.57
14.50
12.89
23.78
13.24
14.36
6.83
10.23
9.92
21.26
13.56
13.23
12.35
13.62
24.08
12.65
8.23
12.64
10.54
8.09
7.12
9.10
13.03
14.69
8.22
13.20
8.00
24.26
12.79
9.90
9.89
8.16
7.89
15.26
8.98
14.09
13.13
22.84
22.92
7.93
12.76
8.83
13.23
13.13
8.57
8.19
14.40
7.35
13.07
10.20
7.74
8.33
23.60
8.01
2.33
7.60
1.43
0.41
2.13
9.79
10.36
0.00
8.10
0.22
24.79
7.36
0.79
7.76
1.65
1.39
8.66
1.30
9.24
9.25
7.88
7.74
8.86
19.71
19.42
19.40
8.20
8.95
6.65
7.18
16.65
6.85
19.75
19.74
8.15
7.92
8.02
8.75
8.54
8.36
7.26
7.64
20.28
7.85
16.79
19.10
9.59
1.62
7.68
7.79
14.43
19.21
19.30
17.92
8.21
16.78
7.62
4.50
7.58
5.08
15.16
1.47
4.74
8.46
9.62
1.85
8.02
1.18
17.02
7.74
5.44
5.45
4.44
0.77
20.04
1.09
9.17
8.54
16.33
16.62
4.41
7.60
1.27
8.10
7.98
0.94
0.58
8.94
1.04
8.28
5.64
6.23
3.18
16.84
0.97
8.03
0.98
8.74
8.10
8.99
4.81
5.89
8.10
0.00
7.99
17.70
5.55
8.35
4.42
8.28
7.38
5.95
8.07
8.24
5.06
3.66
4.79
6.83
13.94
13.88
13.82
9.69
10.42
9.43
9.81
23.90
9.62
13.98
14.26
11.17
10.18
10.19
10.69
10.12
10.49
10.53
10.58
14.61
12.71
23.75
13.34
14.17
6.73
10.25
9.95
21.24
13.65
13.34
12.45
13.44
24.05
12.47
8.15
12.46
10.49
8.15
7.03
9.03
12.84
14.50
8.13
13.02
7.90
24.22
12.60
9.86
9.85
8.08
7.80
15.43
8.88
13.90
12.94
22.84
22.92
7.85
12.58
8.73
13.04
12.94
8.47
8.09
14.21
7.25
12.88
10.16
7.68
8.24
23.58
7.89
2.20
7.51
1.52
0.56
2.20
9.75
10.34
0.22
7.99
0.00
24.76
7.29
0.97
7.72
1.53
1.29
8.47
1.21
9.05
9.18
7.79
7.67
8.68
33.74
33.51
33.49
18.90
19.08
18.01
17.93
1.71
17.92
33.88
33.74
16.67
18.02
18.17
18.27
18.81
18.05
17.16
17.52
34.05
20.75
1.09
33.37
22.07
18.71
17.84
18.06
3.63
33.43
33.63
32.13
20.55
1.44
20.88
19.02
20.74
16.04
31.47
18.31
18.19
21.93
21.73
17.50
20.69
17.63
1.26
20.83
17.24
17.16
19.00
17.62
30.94
16.81
21.78
21.88
3.18
3.83
19.15
20.75
16.95
20.94
20.91
17.10
17.47
20.77
18.03
21.51
16.70
20.64
18.14
1.96
18.17
25.21
17.81
25.16
24.69
25.29
16.65
16.24
24.79
17.70
24.76
0.00
20.44
24.75
18.54
25.35
24.27
22.27
25.02
24.46
18.40
18.93
19.54
23.00
15.04
14.62
14.62
4.77
5.24
3.69
4.23
19.71
3.93
15.06
14.90
6.09
4.94
4.91
5.60
5.09
5.36
4.74
4.78
15.54
8.11
19.49
14.42
10.29
4.19
4.73
4.92
17.12
14.42
14.73
13.16
9.10
19.69
8.30
1.59
8.10
4.44
11.72
4.33
2.37
9.27
10.71
4.08
8.53
4.54
20.00
8.26
3.37
3.46
1.59
4.99
15.82
5.55
10.20
9.16
18.71
18.98
1.44
8.48
5.09
8.91
8.89
5.19
5.17
10.01
5.56
8.97
3.98
0.73
2.83
19.36
4.85
6.35
4.86
8.62
7.13
9.23
3.82
4.60
7.36
5.55
7.29
20.44
0.00
7.83
2.20
6.81
6.10
5.62
6.67
6.65
2.30
2.09
0.97
5.65
14.00
14.01
13.94
9.80
10.55
9.64
9.99
23.91
9.82
14.07
14.40
11.22
10.30
10.31
10.77
10.23
10.58
10.70
10.76
14.66
13.51
23.73
13.44
15.01
7.12
10.40
10.05
21.20
13.80
13.41
12.59
14.22
24.07
13.27
8.66
13.26
10.80
8.38
7.38
9.49
13.67
15.31
8.51
13.82
8.27
24.23
13.41
10.21
10.19
8.58
8.13
15.14
9.23
14.72
13.77
22.75
22.79
8.35
13.37
9.10
13.85
13.74
8.82
8.44
15.01
7.53
13.70
10.45
8.21
8.71
23.52
8.34
3.12
7.83
0.89
0.91
1.60
10.06
10.55
0.79
8.35
0.97
24.75
7.83
0.00
8.06
2.41
2.09
9.33
2.06
9.99
9.66
8.30
8.18
9.57
16.39
16.06
16.05
3.99
4.68
2.51
3.10
17.83
2.75
16.45
16.34
4.64
3.88
3.92
4.68
4.34
4.33
3.46
3.69
16.87
8.85
17.56
15.83
11.07
3.24
3.65
3.78
15.14
15.89
16.10
14.59
9.67
17.83
8.98
1.64
8.79
2.88
13.16
3.16
1.80
10.05
11.35
2.72
9.20
3.28
18.12
8.96
2.16
2.14
1.54
3.70
16.31
4.23
10.89
9.98
16.71
16.95
1.46
9.10
3.77
9.56
9.52
3.86
3.92
10.56
4.33
9.73
2.48
2.57
1.92
17.40
4.02
7.37
3.57
8.80
7.54
9.31
2.12
2.86
7.76
4.42
7.72
18.54
2.20
8.06
0.00
7.67
6.73
6.76
7.41
8.30
2.08
1.83
1.55
7.09
13.17
13.02
12.98
9.67
10.32
9.39
9.79
24.48
9.59
13.18
13.40
11.32
10.20
10.18
10.70
10.09
10.52
10.53
10.55
13.87
12.03
24.35
12.52
13.46
6.94
10.24
10.01
21.86
12.77
12.57
11.60
12.82
24.60
11.83
7.85
11.81
10.49
7.26
7.28
8.78
12.15
13.85
8.26
12.37
8.10
24.81
11.95
9.73
9.75
7.79
8.08
15.27
9.12
13.24
12.23
23.48
23.61
7.56
11.96
8.93
12.40
12.32
8.72
8.35
13.61
7.69
12.20
10.13
7.15
8.13
24.20
8.00
0.77
7.82
2.92
1.64
3.57
9.75
10.42
1.65
8.28
1.53
25.35
6.81
2.41
7.67
0.00
1.13
7.72
0.47
7.95
8.87
7.55
7.33
7.76
13.61
13.47
13.42
8.79
9.49
8.46
8.87
23.41
8.67
13.64
13.84
10.34
9.28
9.28
9.81
9.22
9.61
9.59
9.63
14.27
11.70
23.27
12.98
13.24
6.00
9.32
9.07
20.77
13.23
13.05
12.01
12.48
23.53
11.51
7.04
11.48
9.54
8.08
6.32
7.95
11.93
13.60
7.32
12.03
7.16
23.74
11.62
8.83
8.84
6.98
7.13
15.20
8.20
13.00
12.00
22.38
22.50
6.75
11.64
8.00
12.10
12.01
7.78
7.42
13.29
6.73
11.94
9.19
6.48
7.26
23.11
7.15
1.41
6.85
2.79
1.25
3.47
8.80
9.43
1.39
7.38
1.29
24.27
6.10
2.09
6.73
1.13
0.00
7.49
0.75
8.03
8.07
6.73
6.53
7.64
18.10
17.58
17.60
10.32
10.78
8.93
9.52
21.20
9.17
18.03
17.87
11.21
10.33
10.33
11.06
10.63
10.77
9.80
9.97
18.72
4.40
21.45
17.35
5.77
5.57
10.04
10.31
19.28
17.30
17.65
16.21
5.17
21.24
4.15
5.46
4.16
7.99
13.20
5.89
6.14
4.50
6.20
5.95
4.71
5.89
21.57
4.28
7.58
7.71
5.49
6.11
20.48
6.29
5.60
4.54
21.21
21.62
5.48
4.32
6.13
4.72
4.66
6.19
6.04
5.94
6.46
4.50
8.25
6.11
5.44
21.61
5.08
7.04
6.16
9.76
8.68
10.19
7.71
8.99
8.66
5.95
8.47
22.27
5.62
9.33
6.76
7.72
7.49
0.00
7.83
2.42
6.08
5.03
5.55
1.06
13.23
13.10
13.05
9.36
10.03
9.10
9.50
24.16
9.30
13.26
13.48
10.99
9.89
9.88
10.39
9.79
10.21
10.24
10.26
13.91
12.11
24.02
12.59
13.59
6.71
9.94
9.69
21.51
12.86
12.64
11.67
12.90
24.28
11.91
7.68
11.89
10.24
7.47
7.04
8.59
12.28
13.97
8.04
12.45
7.88
24.49
12.03
9.50
9.51
7.61
7.85
15.10
8.90
13.36
12.35
23.12
23.24
7.39
12.05
8.71
12.50
12.41
8.49
8.13
13.69
7.44
12.31
9.87
7.01
7.94
23.85
7.82
1.08
7.57
2.67
1.23
3.35
9.50
10.13
1.30
8.07
1.21
25.02
6.67
2.06
7.41
0.47
0.75
7.83
0.00
8.18
8.70
7.38
7.15
7.91
17.08
16.47
16.51
11.38
11.73
10.22
10.78
23.42
10.46
16.96
16.75
12.60
11.53
11.50
12.18
11.67
11.94
11.15
11.22
17.70
5.38
23.65
16.28
6.31
7.62
11.27
11.54
21.49
16.18
16.62
15.21
6.25
23.44
5.27
6.95
5.28
9.75
12.23
7.97
7.68
5.27
6.91
8.06
5.72
8.07
23.79
5.33
9.11
9.25
7.00
8.33
20.26
8.60
6.34
5.24
23.38
23.80
6.96
5.50
8.40
5.75
5.73
8.46
8.30
6.90
8.65
5.35
9.83
6.96
7.32
23.79
7.36
7.20
8.33
10.42
9.25
10.90
9.42
10.62
9.24
8.24
9.05
24.46
6.65
9.99
8.30
7.95
8.03
2.42
8.18
0.00
7.54
6.74
6.90
1.50
17.03
16.59
16.60
4.83
5.21
3.17
3.72
17.67
3.38
17.06
16.85
5.29
4.57
4.58
5.31
5.04
5.00
3.81
4.01
17.49
7.34
17.48
16.44
9.65
4.24
4.19
4.62
15.19
16.41
16.78
15.16
8.22
17.62
7.62
1.06
7.37
2.47
14.02
4.20
0.39
8.79
9.97
3.31
7.71
3.95
17.96
7.53
1.58
1.73
1.13
4.50
17.34
4.61
9.55
8.64
16.81
17.14
1.34
7.76
4.14
8.17
8.17
4.39
4.56
9.11
5.37
8.38
2.32
2.48
1.89
17.40
4.39
8.42
4.50
10.40
9.05
10.94
2.11
3.15
9.25
5.06
9.18
18.40
2.30
9.66
2.08
8.87
8.07
6.08
8.70
7.54
0.00
1.76
1.55
6.30
17.05
16.65
16.65
5.66
6.23
4.08
4.69
18.09
4.33
17.07
16.94
6.25
5.52
5.55
6.32
5.97
5.98
4.93
5.17
17.57
7.10
18.00
16.43
9.28
2.64
5.23
5.47
15.65
16.45
16.72
15.19
7.92
18.10
7.20
0.88
7.01
3.38
13.34
2.70
1.56
8.24
9.57
2.14
7.45
2.63
18.41
7.19
2.85
2.94
0.84
3.15
17.63
3.52
9.09
8.17
17.36
17.67
0.83
7.31
3.07
7.78
7.74
3.22
3.25
8.81
3.91
7.93
3.43
2.71
0.83
17.95
2.93
7.12
3.10
8.98
7.73
9.47
2.87
4.07
7.88
3.66
7.79
18.93
2.09
8.30
1.83
7.55
6.73
5.03
7.38
6.74
1.76
0.00
1.23
5.43
15.97
15.56
15.56
4.80
5.31
3.41
4.00
18.78
3.66
15.99
15.84
5.76
4.79
4.79
5.54
5.11
5.24
4.38
4.52
16.47
7.75
18.60
15.36
9.97
3.56
4.53
4.77
16.23
15.37
15.66
14.10
8.67
18.77
7.92
0.67
7.72
3.60
12.60
3.64
1.52
8.96
10.33
3.21
8.13
3.73
19.08
7.88
2.66
2.75
0.63
4.21
16.53
4.68
9.84
8.85
17.86
18.14
0.47
8.08
4.21
8.52
8.50
4.34
4.37
9.58
4.88
8.64
3.28
1.51
1.89
18.49
4.10
6.89
4.12
8.93
7.53
9.49
2.99
3.94
7.74
4.79
7.67
19.54
0.97
8.18
1.55
7.33
6.53
5.55
7.15
6.90
1.55
1.23
0.00
5.74
17.48
16.92
16.95
10.40
10.79
9.11
9.68
21.96
9.35
17.40
17.20
11.44
10.47
10.45
11.16
10.69
10.90
10.00
10.12
18.10
4.59
22.18
16.72
5.92
6.29
10.19
10.47
20.01
16.64
17.04
15.59
5.48
21.98
4.47
5.71
4.44
8.40
12.73
6.62
6.41
4.76
6.45
6.64
4.95
6.65
22.32
4.54
7.86
8.00
5.76
6.92
20.13
7.14
5.85
4.73
21.91
22.32
5.74
4.68
6.93
5.02
4.99
7.01
6.87
6.24
7.30
4.74
8.56
6.05
5.94
22.32
5.93
7.04
6.94
10.04
8.86
10.51
8.10
9.34
8.86
6.83
8.68
23.00
5.65
9.57
7.09
7.76
7.64
1.06
7.91
1.50
6.30
5.43
5.74
0.00
