0.00
21.73
1.11
0.60
1.86
2.44
1.72
1.18
1.79
1.68
1.09
1.19
1.02
1.66
1.35
0.65
26.14
1.40
25.95
21.01
22.85
26.27
26.57
26.39
27.01
26.77
25.97
4.79
22.76
4.99
25.65
22.96
18.92
17.50
4.52
26.55
21.63
16.21
16.84
4.68
15.34
5.20
4.78
4.26
25.83
26.26
4.89
18.80
3.35
15.34
15.11
18.49
19.68
17.20
17.55
5.86
16.60
17.74
17.89
20.54
26.10
6.10
6.12
6.99
4.85
6.05
17.74
3.66
26.77
4.25
13.76
16.45
13.15
15.86
15.58
22.79
15.60
15.18
15.09
12.40
14.52
14.92
15.04
15.13
4.37
5.31
5.97
5.06
4.16
6.17
15.14
6.13
18.03
17.73
14.26
14.32
21.73
0.00
20.65
21.28
20.20
19.87
20.16
20.61
20.38
20.06
20.66
20.81
20.93
20.15
20.41
21.47
15.53
20.83
16.24
1.14
2.78
16.94
16.33
16.96
17.97
17.12
16.77
18.07
1.60
18.48
16.28
2.00
18.55
18.72
18.80
15.29
1.85
18.30
18.91
18.75
18.59
18.92
18.45
20.65
27.75
17.22
18.23
18.79
20.30
18.03
17.53
18.41
16.21
18.86
18.77
18.99
20.18
18.15
18.91
1.90
15.74
19.23
18.42
18.83
19.16
19.30
18.55
20.57
15.03
18.94
21.08
18.24
29.17
17.95
17.57
2.40
17.85
18.03
17.06
19.12
22.23
21.87
21.76
17.16
20.87
19.94
20.17
23.00
21.25
19.16
21.76
18.33
18.92
18.21
22.25
21.85
1.11
20.65
0.00
0.70
1.16
1.62
0.73
0.33
1.09
0.63
0.42
0.57
0.48
0.86
0.26
0.90
25.41
0.87
25.24
19.92
21.78
25.58
25.85
25.70
26.34
26.08
25.28
3.95
21.68
4.27
24.95
21.89
18.27
16.89
3.81
25.79
20.53
15.67
16.33
3.95
14.82
4.58
4.01
3.84
25.34
25.58
4.10
18.17
2.77
14.81
14.55
17.84
18.87
16.60
16.94
5.45
16.10
17.09
17.29
19.46
25.37
5.77
5.63
6.62
4.23
5.72
17.11
3.19
26.00
3.56
13.35
15.91
13.75
15.31
15.01
21.73
15.05
14.65
14.50
11.99
14.16
14.53
14.64
14.55
3.99
5.09
5.80
5.49
4.23
5.83
14.75
5.64
17.42
17.08
13.91
13.95
0.60
21.28
0.70
0.00
1.37
2.19
1.37
0.91
1.61
1.32
0.78
0.64
0.59
1.41
0.89
0.39
25.88
1.07
25.69
20.56
22.39
26.01
26.30
26.14
26.76
26.52
25.73
4.61
22.30
4.89
25.40
22.50
18.85
17.46
4.41
26.28
21.18
16.25
16.90
4.54
15.39
5.14
4.63
4.08
25.68
26.01
4.74
18.75
3.04
15.39
15.14
18.42
19.09
17.17
17.51
5.96
16.63
17.67
17.86
20.11
25.84
6.21
6.16
7.09
4.78
6.17
17.68
3.42
26.49
4.17
13.79
16.49
13.66
15.89
15.61
22.34
15.64
15.23
15.10
12.52
14.57
14.96
15.08
15.15
4.15
5.48
6.17
5.52
4.47
6.28
15.19
6.16
18.00
17.66
14.31
14.37
1.86
20.20
1.16
1.37
0.00
2.46
1.58
1.43
2.12
1.22
1.01
1.26
1.46
1.16
1.04
1.70
24.66
1.85
24.48
19.51
21.21
24.79
25.06
24.93
25.53
25.31
24.51
4.47
21.17
4.92
24.18
21.35
18.90
17.56
4.50
25.05
20.17
16.19
16.89
4.67
15.39
5.34
4.66
4.71
26.09
24.79
4.68
18.81
3.51
15.30
15.02
18.48
17.99
17.29
17.61
5.79
16.86
17.73
17.95
19.08
24.61
5.96
5.83
6.77
5.05
5.97
17.77
4.01
25.27
4.25
14.24
16.43
14.12
15.80
15.50
21.18
15.54
15.15
14.94
12.56
15.10
15.44
15.54
14.98
4.78
5.39
6.10
6.01
4.79
6.02
15.64
5.76
18.09
17.72
14.85
14.87
2.44
19.87
1.62
2.19
2.46
0.00
0.92
1.40
0.66
1.31
1.91
1.79
1.65
1.79
1.54
2.15
25.43
1.34
25.32
19.08
21.18
25.71
25.93
25.82
26.53
26.18
25.40
2.61
20.98
2.88
25.04
21.21
16.73
15.37
2.40
25.79
19.63
14.47
15.09
2.39
13.59
3.11
2.54
2.69
23.86
25.74
2.68
16.64
1.86
13.67
13.38
16.30
18.99
15.08
15.41
5.00
14.62
15.54
15.79
18.59
25.41
5.59
5.21
6.39
2.72
5.48
15.57
2.21
25.96
2.26
11.82
14.67
14.27
14.13
13.80
21.09
13.88
13.48
13.33
10.96
12.66
13.02
13.12
13.41
3.03
5.00
5.72
5.90
4.28
5.64
13.23
5.33
15.91
15.53
12.41
12.43
1.72
20.16
0.73
1.37
1.58
0.92
0.00
0.60
0.59
0.50
1.04
0.98
0.88
1.05
0.62
1.43
25.29
0.83
25.15
19.41
21.36
25.51
25.76
25.63
26.30
26.00
25.21
3.31
21.23
3.64
24.86
21.44
17.60
16.23
3.18
25.66
20.00
15.14
15.79
3.26
14.29
3.94
3.34
3.33
24.70
25.53
3.44
17.50
2.29
14.31
14.03
17.17
18.75
15.95
16.28
5.21
15.48
16.41
16.64
18.94
25.26
5.65
5.38
6.48
3.59
5.57
16.44
2.71
25.85
2.96
12.72
15.37
14.06
14.79
14.48
21.30
14.53
14.13
13.97
11.55
13.56
13.92
14.02
14.04
3.54
5.02
5.75
5.72
4.26
5.70
14.13
5.43
16.77
16.40
13.30
13.33
1.18
20.61
0.33
0.91
1.43
1.40
0.60
0.00
0.83
0.57
0.57
0.83
0.63
0.81
0.47
1.05
25.41
0.87
25.24
19.88
21.78
25.59
25.86
25.71
26.37
26.08
25.29
3.70
21.66
3.99
24.95
21.87
17.99
16.60
3.52
25.79
20.48
15.37
16.02
3.68
14.52
4.28
3.75
3.71
25.17
25.60
3.84
17.88
2.72
14.51
14.25
17.56
19.09
16.31
16.65
5.20
15.79
16.81
17.00
19.40
25.37
5.54
5.39
6.40
3.95
5.48
16.82
3.11
25.99
3.27
13.05
15.61
13.59
15.01
14.72
21.72
14.76
14.35
14.21
11.68
13.88
14.24
14.35
14.26
3.92
4.85
5.57
5.29
3.97
5.61
14.45
5.43
17.14
16.80
13.62
13.66
1.79
20.38
1.09
1.61
2.12
0.66
0.59
0.83
0.00
0.98
1.39
1.34
1.12
1.40
1.11
1.57
25.60
0.91
25.47
19.62
21.64
25.85
26.09
25.95
26.65
26.32
25.54
3.11
21.48
3.34
25.19
21.70
17.25
15.87
2.85
25.98
20.19
14.83
15.45
2.93
13.95
3.56
3.06
3.01
24.37
25.86
3.19
17.15
2.15
14.01
13.74
16.82
19.25
15.57
15.91
5.04
15.06
16.07
16.27
19.13
25.58
5.55
5.28
6.39
3.18
5.44
16.08
2.49
26.16
2.65
12.26
15.05
13.84
14.49
14.18
21.57
14.23
13.83
13.70
11.21
13.07
13.44
13.55
13.77
3.31
4.88
5.59
5.48
4.00
5.60
13.66
5.38
16.40
16.06
12.82
12.86
1.68
20.06
0.63
1.32
1.22
1.31
0.50
0.57
0.98
0.00
0.74
1.05
1.01
0.59
0.47
1.51
24.92
1.18
24.77
19.33
21.21
25.12
25.37
25.24
25.90
25.61
24.82
3.42
21.10
3.80
24.48
21.31
17.81
16.45
3.36
25.30
19.94
15.19
15.86
3.52
14.36
4.17
3.54
3.82
25.14
25.13
3.60
17.72
2.76
14.33
14.05
17.39
18.65
16.17
16.50
5.04
15.70
16.64
16.84
18.86
24.89
5.39
5.17
6.22
3.86
5.34
16.66
3.20
25.50
3.11
13.05
15.43
13.85
14.82
14.52
21.15
14.56
14.17
13.99
11.57
13.91
14.24
14.35
14.04
4.03
4.78
5.51
5.54
4.09
5.45
14.45
5.18
16.98
16.63
13.66
13.67
1.09
20.66
0.42
0.78
1.01
1.91
1.04
0.57
1.39
0.74
0.00
0.89
0.85
0.64
0.53
1.10
25.16
1.28
24.98
19.95
21.76
25.31
25.59
25.44
26.07
25.81
25.02
4.08
21.68
4.41
24.69
21.88
18.44
17.06
3.96
25.56
20.58
15.69
16.35
4.16
14.85
4.75
4.18
4.24
25.71
25.31
4.24
18.33
3.19
14.80
14.55
18.02
18.92
16.77
17.11
5.30
16.25
17.27
17.44
19.48
25.12
5.54
5.45
6.40
4.44
5.51
17.28
3.61
25.77
3.68
13.58
15.93
13.47
15.31
15.03
21.71
15.06
14.65
14.50
11.97
14.42
14.77
14.87
14.54
4.40
4.86
5.57
5.25
4.03
5.60
14.98
5.44
17.59
17.26
14.16
14.19
1.19
20.81
0.57
0.64
1.26
1.79
0.98
0.83
1.34
1.05
0.89
0.00
0.32
1.39
0.60
0.68
25.76
0.67
25.60
20.08
21.95
25.93
26.19
26.06
26.69
26.44
25.64
4.28
21.85
4.60
25.30
22.04
18.52
17.15
4.13
26.14
20.68
16.10
16.74
4.18
15.24
4.87
4.30
3.65
25.22
25.93
4.41
18.43
2.52
15.26
14.99
18.09
18.65
16.87
17.20
6.00
16.38
17.33
17.57
19.65
25.72
6.33
6.17
7.18
4.48
6.28
17.36
2.96
26.35
3.92
13.52
16.32
14.19
15.74
15.44
21.90
15.49
15.08
14.93
12.46
14.30
14.70
14.82
14.99
3.71
5.65
6.37
5.97
4.76
6.39
14.93
6.19
17.69
17.32
14.05
14.10
1.02
20.93
0.48
0.59
1.46
1.65
0.88
0.63
1.12
1.01
0.85
0.32
0.00
1.34
0.62
0.56
25.86
0.51
25.69
20.19
22.09
26.03
26.30
26.16
26.80
26.53
25.74
4.16
21.97
4.44
25.40
22.17
18.36
16.98
3.96
26.24
20.79
15.90
16.54
4.02
15.04
4.67
4.15
3.55
25.12
26.04
4.26
18.26
2.49
15.06
14.80
17.92
18.95
16.69
17.02
5.82
16.17
17.17
17.39
19.74
25.82
6.17
6.02
7.03
4.29
6.11
17.19
2.89
26.45
3.74
13.31
16.13
13.96
15.55
15.25
22.03
15.30
14.89
14.76
12.24
14.09
14.49
14.60
14.81
3.65
5.47
6.18
5.72
4.51
6.23
14.71
6.06
17.52
17.16
13.83
13.89
1.66
20.15
0.86
1.41
1.16
1.79
1.05
0.81
1.40
0.59
0.64
1.39
1.34
0.00
0.82
1.70
24.63
1.64
24.46
19.44
21.25
24.80
25.07
24.92
25.57
25.29
24.50
3.60
21.17
3.98
24.16
21.38
18.01
16.64
3.56
25.02
20.08
15.16
15.85
3.83
14.35
4.39
3.78
4.36
25.64
24.80
3.81
17.91
3.33
14.27
14.01
17.60
18.83
16.36
16.69
4.76
15.86
16.85
17.01
18.95
24.59
5.01
4.87
5.85
4.13
4.98
16.87
3.76
25.23
3.26
13.32
15.41
13.38
14.78
14.49
21.20
14.52
14.12
13.95
11.47
14.21
14.51
14.61
13.98
4.59
4.38
5.11
5.12
3.73
5.07
14.71
4.85
17.16
16.84
13.95
13.96
1.35
20.41
0.26
0.89
1.04
1.54
0.62
0.47
1.11
0.47
0.53
0.60
0.62
0.82
0.00
1.09
25.24
0.92
25.08
19.68
21.55
25.42
25.68
25.55
26.19
25.92
25.13
3.85
21.44
4.20
24.79
21.65
18.19
16.83
3.74
25.63
20.30
15.63
16.29
3.87
14.79
4.53
3.93
3.81
25.27
25.43
4.00
18.10
2.71
14.77
14.50
17.76
18.64
16.54
16.87
5.45
16.06
17.01
17.23
19.23
25.21
5.77
5.60
6.61
4.19
5.73
17.04
3.16
25.83
3.51
13.33
15.86
13.93
15.26
14.96
21.49
15.00
14.60
14.44
11.98
14.16
14.52
14.63
14.49
3.96
5.13
5.85
5.66
4.34
5.83
14.73
5.60
17.36
17.00
13.91
13.94
0.65
21.47
0.90
0.39
1.70
2.15
1.43
1.05
1.57
1.51
1.10
0.68
0.56
1.70
1.09
0.00
26.23
0.90
26.05
20.73
22.61
26.37
26.65
26.50
27.12
26.88
26.09
4.66
22.50
4.90
25.75
22.70
18.79
17.40
4.41
26.62
21.33
16.30
16.93
4.49
15.43
5.10
4.63
3.81
25.42
26.37
4.76
18.69
2.81
15.46
15.21
18.36
19.23
17.10
17.45
6.14
16.55
17.61
17.81
20.29
26.19
6.44
6.37
7.32
4.71
6.38
17.62
3.16
26.83
4.19
13.64
16.54
13.78
15.96
15.67
22.55
15.71
15.29
15.18
12.59
14.38
14.80
14.92
15.23
3.86
5.69
6.38
5.65
4.62
6.51
15.03
6.39
17.94
17.60
14.12
14.19
26.14
15.53
25.41
25.88
24.66
25.43
25.29
25.41
25.60
24.92
25.16
25.76
25.86
24.63
25.24
26.23
0.00
26.06
1.02
16.30
13.62
1.84
1.20
1.62
2.90
1.64
1.64
24.02
14.72
24.48
1.33
14.74
28.14
27.90
24.71
0.71
17.22
23.89
24.70
25.10
24.39
25.14
24.62
27.57
41.15
2.16
24.32
28.19
26.76
23.13
22.92
28.14
23.32
27.93
27.96
22.64
28.49
27.84
27.79
15.94
0.37
22.10
21.95
21.46
25.45
22.34
28.01
27.20
1.24
24.58
29.91
24.08
27.97
23.37
23.30
13.84
23.23
23.39
22.56
23.64
31.33
30.82
30.73
22.37
27.89
22.96
22.85
25.42
24.59
22.03
30.70
21.63
28.01
27.84
31.26
30.84
1.40
20.83
0.87
1.07
1.85
1.34
0.83
0.87
0.91
1.18
1.28
0.67
0.51
1.64
0.92
0.90
26.06
0.00
25.92
20.07
22.05
26.27
26.52
26.39
27.05
26.77
25.97
3.94
21.91
4.19
25.63
22.11
18.01
16.63
3.70
26.44
20.65
15.72
16.34
3.70
14.84
4.38
3.87
3.04
24.62
26.28
4.01
17.92
2.00
14.91
14.64
17.57
18.97
16.34
16.68
5.88
15.84
16.82
17.06
19.63
26.03
6.32
6.11
7.17
3.96
6.23
16.84
2.38
26.63
3.53
12.91
15.94
14.23
15.38
15.07
21.99
15.13
14.72
14.60
12.11
13.67
14.09
14.20
14.67
3.15
5.62
6.33
5.95
4.66
6.38
14.31
6.17
17.18
16.81
13.41
13.47
25.95
16.24
25.24
25.69
24.48
25.32
25.15
25.24
25.47
24.77
24.98
25.60
25.69
24.46
25.08
26.05
1.02
25.92
0.00
16.98
14.36
0.98
0.99
0.74
2.13
0.97
0.63
23.97
15.46
24.44
0.39
15.49
28.52
28.23
24.65
1.67
17.92
24.08
24.91
25.07
24.56
25.11
24.58
27.52
41.58
1.23
24.28
28.55
26.69
23.28
23.09
28.51
23.47
28.24
28.28
22.50
28.74
28.19
28.11
16.61
0.72
21.92
21.82
21.29
25.42
22.17
28.36
27.13
2.23
24.52
30.09
24.29
27.51
23.55
23.49
14.58
23.41
23.56
22.74
23.68
31.52
31.02
30.94
22.54
27.84
22.77
22.65
25.15
24.39
21.85
30.91
21.48
28.34
28.20
31.44
31.03
21.01
1.14
19.92
20.56
19.51
19.08
19.41
19.88
19.62
19.33
19.95
20.08
20.19
19.44
19.68
20.73
16.30
20.07
16.98
0.00
3.86
17.69
17.12
17.70
18.74
17.88
17.50
17.26
2.73
17.65
17.00
3.09
17.55
17.72
17.97
16.10
1.12
17.51
18.11
17.90
17.77
18.06
17.62
19.78
26.63
17.96
17.40
17.80
19.47
17.27
16.75
17.40
16.14
17.86
17.77
18.30
19.20
17.13
17.93
1.20
16.51
18.59
17.74
18.21
18.30
18.64
17.54
19.72
15.85
18.13
20.03
17.44
28.63
17.18
16.78
3.51
17.07
17.25
16.29
18.35
21.17
20.82
20.70
16.40
20.00
19.27
19.51
22.34
20.55
18.51
20.70
17.68
17.94
17.19
21.18
20.78
22.85
2.78
21.78
22.39
21.21
21.18
21.36
21.78
21.64
21.21
21.76
21.95
22.09
21.25
21.55
22.61
13.62
22.05
14.36
3.86
0.00
14.99
14.32
15.05
15.95
15.20
14.90
19.53
1.36
20.00
14.44
1.18
21.07
21.18
20.28
13.32
4.56
20.24
20.91
20.29
20.56
20.50
19.97
22.20
30.43
15.29
19.73
21.29
21.71
19.88
19.40
20.94
15.79
21.30
21.23
20.22
22.54
20.66
21.34
4.42
13.82
20.33
19.59
19.91
20.73
20.43
21.04
22.03
13.07
20.38
23.41
20.23
29.99
19.85
19.51
0.41
19.74
19.91
18.93
20.83
24.61
24.25
24.14
18.98
22.39
21.06
21.27
24.09
22.43
20.25
24.14
19.45
21.38
20.72
24.61
24.21
26.27
16.94
25.58
26.01
24.79
25.71
25.51
25.59
25.85
25.12
25.31
25.93
26.03
24.80
25.42
26.37
1.84
26.27
0.98
17.69
14.99
0.00
0.99
0.54
1.19
0.87
0.68
24.45
16.13
24.93
1.02
16.14
29.35
29.04
25.13
2.34
18.64
24.87
25.71
25.54
25.33
25.61
25.06
27.95
42.32
0.35
24.77
29.39
27.08
24.05
23.86
29.34
23.55
29.04
29.09
22.96
29.53
29.01
28.93
17.35
1.48
22.36
22.28
21.74
25.90
22.61
29.17
27.54
2.94
24.98
30.80
25.09
27.79
24.34
24.28
15.23
24.18
24.32
23.51
24.36
32.23
31.74
31.66
23.31
28.25
23.19
23.07
25.51
24.78
22.29
31.63
21.93
29.16
29.01
32.13
31.73
26.57
16.33
25.85
26.30
25.06
25.93
25.76
25.86
26.09
25.37
25.59
26.19
26.30
25.07
25.68
26.65
1.20
26.52
0.99
17.12
14.32
0.99
0.00
1.06
1.83
1.12
1.29
24.62
15.47
25.10
1.31
15.47
29.18
28.91
25.31
1.48
18.05
24.88
25.71
25.70
25.36
25.77
25.23
28.11
42.05
1.34
24.93
29.22
27.27
24.09
23.89
29.17
23.36
28.93
28.97
23.24
29.47
28.85
28.81
16.81
0.90
22.67
22.55
22.05
26.07
22.92
29.03
27.72
2.07
25.17
30.79
25.08
28.39
24.35
24.28
14.57
24.21
24.36
23.53
24.50
32.21
31.72
31.64
23.34
28.41
23.51
23.41
25.90
25.12
22.60
31.61
22.21
29.03
28.86
32.13
31.72
26.39
16.96
25.70
26.14
24.93
25.82
25.63
25.71
25.95
25.24
25.44
26.06
26.16
24.92
25.55
26.50
1.62
26.39
0.74
17.70
15.05
0.54
1.06
0.00
1.49
0.42
0.44
24.51
16.17
24.98
0.84
16.19
29.19
28.89
25.18
2.16
18.65
24.68
25.50
25.60
25.15
25.65
25.12
28.05
42.29
0.69
24.82
29.22
27.20
23.86
23.68
29.18
23.92
28.89
28.94
22.98
29.37
28.86
28.76
17.34
1.31
22.38
22.30
21.75
25.95
22.63
29.02
27.65
2.72
25.03
30.72
24.89
27.76
24.14
24.09
15.28
24.00
24.14
23.33
24.22
32.15
31.64
31.57
23.13
28.36
23.22
23.09
25.55
24.83
22.31
31.54
21.96
29.00
28.86
32.06
31.65
27.01
17.97
26.34
26.76
25.53
26.53
26.30
26.37
26.65
25.90
26.07
26.69
26.80
25.57
26.19
27.12
2.90
27.05
2.13
18.74
15.95
1.19
1.83
1.49
0.00
1.57
1.74
25.34
17.12
25.83
2.18
17.11
30.51
30.18
26.01
3.27
19.70
25.97
26.81
26.43
26.41
26.51
25.96
28.80
43.43
1.01
25.66
30.54
27.91
25.13
24.94
30.49
24.03
30.18
30.23
23.83
30.64
30.15
30.07
18.43
2.57
23.19
23.14
22.59
26.80
23.45
30.31
28.37
3.84
25.85
31.86
26.19
28.39
25.43
25.37
16.20
25.27
25.41
24.60
25.37
33.29
32.81
32.74
24.39
29.09
24.01
23.89
26.25
25.58
23.13
32.72
22.79
30.30
30.15
33.20
32.80
26.77
17.12
26.08
26.52
25.31
26.18
26.00
26.08
26.32
25.61
25.81
26.44
26.53
25.29
25.92
26.88
1.64
26.77
0.97
17.88
15.20
0.87
1.12
0.42
1.57
0.00
0.81
24.85
16.32
25.32
1.15
16.34
29.37
29.09
25.53
2.10
18.81
24.87
25.69
25.95
25.36
25.98
25.46
28.41
42.52
1.00
25.16
29.40
27.57
24.07
23.88
29.37
24.26
29.10
29.14
23.32
29.58
29.06
28.96
17.52
1.39
22.72
22.64
22.08
26.29
22.97
29.22
28.01
2.61
25.38
30.97
25.08
28.06
24.34
24.29
15.43
24.19
24.35
23.54
24.47
32.41
31.89
31.81
23.33
28.72
23.57
23.43
25.90
25.18
22.65
31.78
22.30
29.19
29.06
32.32
31.91
25.97
16.77
25.28
25.73
24.51
25.40
25.21
25.29
25.54
24.82
25.02
25.64
25.74
24.50
25.13
26.09
1.64
25.97
0.63
17.50
14.90
0.68
1.29
0.44
1.74
0.81
0.00
24.09
16.01
24.56
0.50
16.04
28.84
28.53
24.76
2.26
18.45
24.30
25.14
25.19
24.77
25.23
24.70
27.64
41.96
0.77
24.40
28.87
26.79
23.48
23.30
28.84
23.71
28.53
28.58
22.55
29.00
28.51
28.41
17.12
1.33
21.95
21.87
21.32
25.54
22.20
28.67
27.24
2.83
24.61
30.32
24.52
27.34
23.77
23.71
15.13
23.62
23.76
22.96
23.82
31.76
31.26
31.18
22.75
27.95
22.79
22.66
25.11
24.40
21.88
31.15
21.53
28.64
28.51
31.67
31.26
4.79
18.07
3.95
4.61
4.47
2.61
3.31
3.70
3.11
3.42
4.08
4.28
4.16
3.60
3.85
4.66
24.02
3.94
23.97
17.26
19.53
24.45
24.62
24.51
25.34
24.85
24.09
0.00
19.26
0.74
23.71
19.53
14.45
13.11
0.78
24.36
17.78
12.01
12.67
1.11
11.19
1.43
0.63
4.01
22.96
24.49
0.38
14.36
3.79
11.22
10.90
14.03
19.30
12.84
13.16
3.64
12.47
13.29
13.50
16.67
24.03
4.53
3.76
5.08
1.51
4.36
13.32
3.95
24.47
0.89
10.17
12.21
14.40
11.66
11.31
19.41
11.41
11.03
10.82
8.72
11.20
11.39
11.47
10.91
4.57
4.30
4.92
6.32
4.36
4.54
11.56
4.00
13.64
13.28
10.97
10.90
22.76
1.60
21.68
22.30
21.17
20.98
21.23
21.66
21.48
21.10
21.68
21.85
21.97
21.17
21.44
22.50
14.72
21.91
15.46
2.73
1.36
16.13
15.47
16.17
17.12
16.32
16.01
19.26
0.00
19.70
15.54
0.49
20.09
20.27
20.00
14.43
3.27
19.64
20.27
19.97
19.96
20.17
19.67
21.87
29.26
16.43
19.44
20.33
21.45
19.34
18.85
19.96
16.13
20.40
20.32
20.09
21.71
19.71
20.44
3.41
14.93
20.26
19.48
19.85
20.40
20.35
20.10
21.74
14.16
20.13
22.62
19.60
30.07
19.28
18.91
0.99
19.17
19.36
18.38
20.41
23.79
23.43
23.31
18.46
22.07
20.98
21.20
24.04
22.32
20.19
23.31
19.37
20.46
19.77
23.80
23.40
4.99
18.48
4.27
4.89
4.92
2.88
3.64
3.99
3.34
3.80
4.41
4.60
4.44
3.98
4.20
4.90
24.48
4.19
24.44
17.65
20.00
24.93
25.10
24.98
25.83
25.32
24.56
0.74
19.70
0.00
24.17
19.98
14.03
12.66
0.50
24.82
18.14
11.62
12.24
0.92
10.76
0.74
0.51
3.97
22.61
24.97
0.46
13.93
3.96
10.85
10.55
13.62
19.98
12.38
12.71
3.60
11.94
12.87
13.05
17.03
24.50
4.58
3.83
5.12
0.99
4.36
12.89
4.03
24.93
0.78
9.57
11.82
14.15
11.29
10.95
19.87
11.04
10.64
10.49
8.28
10.59
10.79
10.87
10.59
4.59
4.30
4.87
6.17
4.25
4.59
10.95
4.14
13.19
12.86
10.36
10.29
25.65
16.28
24.95
25.40
24.18
25.04
24.86
24.95
25.19
24.48
24.69
25.30
25.40
24.16
24.79
25.75
1.33
25.63
0.39
17.00
14.44
1.02
1.31
0.84
2.18
1.15
0.50
23.71
15.54
24.17
0.00
15.57
28.38
28.07
24.38
2.01
17.96
23.89
24.72
24.80
24.36
24.84
24.32
27.26
41.47
1.19
24.02
28.41
26.42
23.07
22.88
28.37
23.40
28.08
28.13
22.20
28.56
28.05
27.96
16.62
1.05
21.61
21.52
20.98
25.15
21.87
28.21
26.87
2.57
24.24
29.89
24.10
27.15
23.35
23.29
14.66
23.20
23.35
22.54
23.43
31.32
30.82
30.74
22.33
27.58
22.46
22.33
24.82
24.08
21.55
30.71
21.18
28.19
28.05
31.23
30.82
22.96
2.00
21.89
22.50
21.35
21.21
21.44
21.87
21.70
21.31
21.88
22.04
22.17
21.38
21.65
22.70
14.74
22.11
15.49
3.09
1.18
16.14
15.47
16.19
17.11
16.34
16.04
19.53
0.49
19.98
15.57
0.00
20.53
20.70
20.27
14.45
3.60
20.10
20.73
20.24
20.41
20.45
19.94
22.09
29.53
16.43
19.71
20.78
21.66
19.79
19.30
20.40
15.87
20.84
20.75
20.38
22.14
20.14
20.88
3.85
14.95
20.55
19.77
20.15
20.68
20.64
20.54
21.96
14.18
20.40
23.00
20.06
30.37
19.73
19.37
0.91
19.62
19.80
18.83
20.82
24.17
23.82
23.70
18.90
22.29
21.26
21.49
24.31
22.59
20.47
23.70
19.66
20.90
20.20
24.17
23.78
18.92
18.55
18.27
18.85
18.90
16.73
17.60
17.99
17.25
17.81
18.44
18.52
18.36
18.01
18.19
18.79
28.14
18.01
28.52
17.55
21.07
29.35
29.18
29.19
30.51
29.37
28.84
14.45
20.09
14.03
28.38
20.53
0.00
1.57
14.48
28.25
17.30
7.03
6.55
14.34
6.93
13.72
14.27
16.15
16.22
29.51
14.22
0.42
16.94
7.99
7.75
0.57
28.14
1.94
1.54
15.15
3.58
1.27
1.56
16.70
28.34
16.01
15.25
15.71
14.08
15.78
1.25
16.72
28.05
14.78
6.91
6.63
23.04
7.42
7.13
20.72
7.55
7.65
7.74
9.89
7.52
6.61
6.40
8.10
16.66
16.34
16.32
18.29
16.92
15.96
6.27
15.61
1.26
1.25
7.72
7.20
17.50
18.72
16.89
17.46
17.56
15.37
16.23
16.60
15.87
16.45
17.06
17.15
16.98
16.64
16.83
17.40
27.90
16.63
28.23
17.72
21.18
29.04
28.91
28.89
30.18
29.09
28.53
13.11
20.27
12.66
28.07
20.70
1.57
0.00
13.10
28.05
17.56
6.22
5.79
12.98
5.90
12.33
12.91
14.80
16.47
29.18
12.88
1.34
15.61
7.08
6.83
1.33
27.62
0.38
0.06
13.77
2.19
1.00
0.78
16.85
28.09
14.65
13.91
14.39
12.69
14.41
0.54
15.37
27.88
13.39
5.53
5.86
21.61
6.58
6.27
20.85
6.69
6.70
6.86
8.60
6.28
5.33
5.12
7.23
15.33
14.95
14.92
16.80
15.46
14.60
5.00
14.29
0.62
0.89
6.45
5.91
4.52
18.80
3.81
4.41
4.50
2.40
3.18
3.52
2.85
3.36
3.96
4.13
3.96
3.56
3.74
4.41
24.71
3.70
24.65
17.97
20.28
25.13
25.31
25.18
26.01
25.53
24.76
0.78
20.00
0.50
24.38
20.27
14.48
13.10
0.00
25.05
18.47
12.08
12.70
0.73
11.21
0.90
0.45
3.61
22.79
25.16
0.58
14.37
3.54
11.31
11.01
14.06
19.90
12.82
13.15
3.70
12.35
13.31
13.49
17.38
24.72
4.63
3.96
5.24
0.88
4.43
13.32
3.62
25.17
0.41
9.88
12.29
14.06
11.75
11.42
20.16
11.51
11.11
10.96
8.69
10.86
11.09
11.18
11.06
4.22
4.27
4.87
5.96
4.06
4.65
11.27
4.24
13.63
13.30
10.62
10.58
26.55
15.29
25.79
26.28
25.05
25.79
25.66
25.79
25.98
25.30
25.56
26.14
26.24
25.02
25.63
26.62
0.71
26.44
1.67
16.10
13.32
2.34
1.48
2.16
3.27
2.10
2.26
24.36
14.43
24.82
2.01
14.45
28.25
28.05
25.05
0.00
17.00
24.14
24.94
25.43
24.65
25.48
24.96
27.89
41.17
2.68
24.66
28.31
27.10
23.40
23.18
28.25
23.32
28.08
28.10
23.05
28.69
27.96
27.94
15.77
0.97
22.54
22.36
21.90
25.79
22.77
28.15
27.53
0.62
24.94
30.14
24.32
28.57
23.62
23.54
13.55
23.49
23.66
22.81
23.98
31.56
31.04
30.95
22.63
28.21
23.40
23.30
25.90
25.04
22.47
30.92
22.05
28.15
27.97
31.49
31.06
21.63
1.85
20.53
21.18
20.17
19.63
20.00
20.48
20.19
19.94
20.58
20.68
20.79
20.08
20.30
21.33
17.22
20.65
17.92
1.12
4.56
18.64
18.05
18.65
19.70
18.81
18.45
17.78
3.27
18.14
17.96
3.60
17.30
17.56
18.47
17.00
0.00
17.68
18.23
18.37
17.95
18.52
18.11
20.20
26.06
18.93
17.90
17.58
19.96
17.51
16.99
17.16
16.69
17.71
17.61
18.92
19.13
16.92
17.78
1.81
17.44
19.26
18.39
18.88
18.76
19.29
17.35
20.18
16.72
18.65
20.02
17.58
29.35
17.37
16.97
4.18
17.28
17.47
16.52
18.71
21.12
20.77
20.64
16.66
20.42
19.93
20.18
22.99
21.18
19.18
20.64
18.35
17.76
16.99
21.15
20.75
16.21
18.30
15.67
16.25
16.19
14.47
15.14
15.37
14.83
15.19
15.69
16.10
15.90
15.16
15.63
16.30
23.89
15.72
24.08
17.51
20.24
24.87
24.88
24.68
25.97
24.87
24.30
12.01
19.64
11.62
23.89
20.10
7.03
6.22
12.08
24.14
17.68
0.00
0.94
12.31
1.11
11.51
12.04
14.97
22.56
24.96
11.90
6.77
15.42
1.20
1.37
7.14
27.73
6.09
6.25
11.00
5.65
6.90
5.78
16.43
24.05
11.53
11.04
10.96
12.01
11.36
6.66
15.33
24.02
12.21
8.75
0.44
17.36
0.59
0.88
19.97
0.84
1.10
1.66
4.26
9.97
9.04
8.93
1.76
15.62
12.07
11.78
14.04
13.03
11.46
8.81
11.34
6.16
6.81
9.97
9.47
16.84
18.91
16.33
16.90
16.89
15.09
15.79
16.02
15.45
15.86
16.35
16.74
16.54
15.85
16.29
16.93
24.70
16.34
24.91
18.11
20.91
25.71
25.71
25.50
26.81
25.69
25.14
12.67
20.27
12.24
24.72
20.73
6.55
5.79
12.70
24.94
18.23
0.94
0.00
12.91
1.51
12.09
12.66
15.48
22.18
25.80
12.53
6.26
15.99
2.09
2.29
6.71
28.48
5.68
5.82
11.74
5.16
6.54
5.28
17.04
24.87
12.30
11.81
11.76
12.58
12.11
6.25
15.87
24.81
12.84
8.59
0.73
17.84
1.53
1.76
20.63
1.78
1.97
2.58
4.89
9.73
8.76
8.64
2.70
16.12
12.80
12.51
14.67
13.69
12.23
8.50
12.13
5.67
6.45
9.75
9.25
4.68
18.75
3.95
4.54
4.67
2.39
3.26
3.68
2.93
3.52
4.16
4.18
4.02
3.83
3.87
4.49
25.10
3.70
25.07
17.90
20.29
25.54
25.70
25.60
26.43
25.95
25.19
1.11
19.97
0.92
24.80
20.24
14.34
12.98
0.73
25.43
18.37
12.31
12.91
0.00
11.43
0.95
0.52
3.08
22.20
25.59
0.82
14.25
3.14
11.59
11.28
13.91
19.67
12.70
13.03
4.42
12.29
13.15
13.40
17.33
25.12
5.35
4.66
5.95
0.65
5.15
13.18
3.17
25.55
1.09
9.64
12.49
14.69
12.00
11.65
20.16
11.76
11.37
11.22
9.07
10.57
10.86
10.94
11.34
3.69
4.99
5.60
6.57
4.70
5.37
11.04
4.93
13.53
13.15
10.34
10.31
15.34
18.59
14.82
15.39
15.39
13.59
14.29
14.52
13.95
14.36
14.85
15.24
15.04
14.35
14.79
15.43
24.39
14.84
24.56
17.77
20.56
25.33
25.36
25.15
26.41
25.36
24.77
11.19
19.96
10.76
24.36
20.41
6.93
5.90
11.21
24.65
17.95
1.11
1.51
11.43
0.00
10.60
11.18
14.02
22.01
25.42
11.05
6.65
14.51
1.41
1.47
6.96
27.40
5.72
5.94
10.28
5.07
6.63
5.56
16.73
24.54
10.86
10.36
10.35
11.10
10.67
6.37
14.40
24.55
11.35
7.80
1.28
16.78
1.25
1.22
20.29
1.26
1.04
1.85
3.53
9.05
8.16
8.05
2.03
14.67
11.34
11.07
13.23
12.21
10.80
7.94
10.69
5.93
6.55
9.02
8.54
5.20
18.92
4.58
5.14
5.34
3.11
3.94
4.28
3.56
4.17
4.75
4.87
4.67
4.39
4.53
5.10
25.14
4.38
25.11
18.06
20.50
25.61
25.77
25.65
26.51
25.98
25.23
1.43
20.17
0.74
24.84
20.45
13.72
12.33
0.90
25.48
18.52
11.51
12.09
0.95
10.60
0.00
0.92
3.73
22.08
25.65
1.08
13.61
3.96
10.79
10.50
13.30
20.48
12.03
12.37
4.01
11.54
12.55
12.72
17.44
25.17
5.04
4.34
5.57
0.53
4.79
12.55
3.92
25.58
1.22
8.99
11.70
14.22
11.21
10.87
20.36
10.97
10.56
10.46
8.20
9.97
10.20
10.29
10.57
4.38
4.70
5.23
6.31
4.48
5.05
10.38
4.68
12.86
12.54
9.73
9.69
4.78
18.45
4.01
4.63
4.66
2.54
3.34
3.75
3.06
3.54
4.18
4.30
4.15
3.78
3.93
4.63
24.62
3.87
24.58
17.62
19.97
25.06
25.23
25.12
25.96
25.46
24.70
0.63
19.67
0.51
24.32
19.94
14.27
12.91
0.45
24.96
18.11
12.04
12.66
0.52
11.18
0.92
0.00
3.56
22.50
25.11
0.31
14.18
3.52
11.29
10.97
13.85
19.62
12.64
12.96
3.99
12.23
13.10
13.32
17.03
24.64
4.93
4.19
5.49
0.90
4.73
13.12
3.60
25.07
0.82
9.75
12.23
14.49
11.71
11.36
19.84
11.47
11.07
10.91
8.76
10.74
10.98
11.06
11.01
4.16
4.62
5.23
6.40
4.49
4.94
11.15
4.46
13.45
13.09
10.51
10.46
4.26
20.65
3.84
4.08
4.71
2.69
3.33
3.71
3.01
3.82
4.24
3.65
3.55
4.36
3.81
3.81
27.57
3.04
27.52
19.78
22.20
27.95
28.11
28.05
28.80
28.41
27.64
4.01
21.87
3.97
27.26
22.09
16.15
14.80
3.61
27.89
20.20
14.97
15.48
3.08
14.02
3.73
3.56
0.00
21.62
27.99
3.84
16.08
1.30
14.35
14.04
15.67
19.50
14.51
14.84
7.07
14.09
14.91
15.31
19.35
27.57
7.86
7.38
8.61
3.20
7.68
14.95
0.77
28.03
3.76
10.68
15.12
16.00
14.72
14.36
22.09
14.50
14.09
14.01
11.80
11.28
11.83
11.95
14.15
0.68
7.26
7.92
7.82
6.36
7.91
12.09
7.60
15.38
14.91
11.04
11.15
25.83
27.75
25.34
25.68
26.09
23.86
24.70
25.17
24.37
25.14
25.71
25.22
25.12
25.64
25.27
25.42
41.15
24.62
41.58
26.63
30.43
42.32
42.05
42.29
43.43
42.52
41.96
22.96
29.26
22.61
41.47
29.53
16.22
16.47
22.79
41.17
26.06
22.56
22.18
22.20
22.01
22.08
22.50
21.62
0.00
42.51
22.65
16.41
22.73
23.24
22.93
15.90
31.72
16.53
16.45
25.64
17.21
15.92
17.06
26.43
41.32
26.73
25.90
26.94
22.04
26.45
16.09
22.30
41.00
23.19
15.53
22.24
34.04
22.86
22.49
30.10
22.91
22.81
22.93
23.60
14.55
14.99
14.97
23.31
21.66
26.58
26.92
27.69
26.26
26.72
15.04
26.28
16.70
15.98
14.75
14.91
26.26
17.22
25.58
26.01
24.79
25.74
25.53
25.60
25.86
25.13
25.31
25.93
26.04
24.80
25.43
26.37
2.16
26.28
1.23
17.96
15.29
0.35
1.34
0.69
1.01
1.00
0.77
24.49
16.43
24.97
1.19
16.43
29.51
29.18
25.16
2.68
18.93
24.96
25.80
25.59
25.42
25.65
25.11
27.99
42.51
0.00
24.81
29.53
27.12
24.13
23.94
29.49
23.68
29.18
29.23
22.97
29.64
29.16
29.07
17.62
1.81
22.35
22.28
21.74
25.95
22.61
29.31
27.58
3.27
25.01
30.90
25.18
27.67
24.43
24.37
15.53
24.27
24.41
23.60
24.40
32.33
31.84
31.77
23.40
28.29
23.18
23.05
25.46
24.77
22.28
31.74
21.94
29.30
29.16
32.23
31.83
4.89
18.23
4.10
4.74
4.68
2.68
3.44
3.84
3.19
3.60
4.24
4.41
4.26
3.81
4.00
4.76
24.32
4.01
24.28
17.40
19.73
24.77
24.93
24.82
25.66
25.16
24.40
0.38
19.44
0.46
24.02
19.71
14.22
12.88
0.58
24.66
17.90
11.90
12.53
0.82
11.05
1.08
0.31
3.84
22.65
24.81
0.00
14.13
3.74
11.13
10.81
13.81
19.53
12.60
12.93
3.80
12.22
13.06
13.27
16.81
24.34
4.73
3.97
5.28
1.17
4.54
13.09
3.85
24.77
0.85
9.84
12.09
14.45
11.56
11.21
19.60
11.31
10.92
10.74
8.62
10.86
11.06
11.14
10.84
4.43
4.48
5.08
6.39
4.46
4.74
11.23
4.23
13.41
13.05
10.63
10.56
18.80
18.79
18.17
18.75
18.81
16.64
17.50
17.88
17.15
17.72
18.33
18.43
18.26
17.91
18.10
18.69
28.19
17.92
28.55
17.80
21.29
29.39
29.22
29.22
30.54
29.40
28.87
14.36
20.33
13.93
28.41
20.78
0.42
1.34
14.37
28.31
17.58
6.77
6.26
14.25
6.65
13.61
14.18
16.08
16.41
29.53
14.13
0.00
16.88
7.74
7.52
0.77
28.33
1.70
1.31
14.99
3.23
1.34
1.21
16.94
28.39
15.85
15.10
15.55
13.98
15.61
1.15
16.65
28.11
14.67
6.74
6.37
22.74
7.17
6.90
20.94
7.31
7.40
7.53
9.62
7.36
6.42
6.21
7.88
16.60
16.18
16.14
18.08
16.74
15.79
6.07
15.47
0.92
1.28
7.55
7.03
3.35
20.30
2.77
3.04
3.51
1.86
2.29
2.72
2.15
2.76
3.19
2.52
2.49
3.33
2.71
2.81
26.76
2.00
26.69
19.47
21.71
27.08
27.27
27.20
27.91
27.57
26.79
3.79
21.45
3.96
26.42
21.66
16.94
15.61
3.54
27.10
19.96
15.42
15.99
3.14
14.51
3.96
3.52
1.30
22.73
27.12
3.74
16.88
0.00
14.72
14.41
16.47
18.65
15.33
15.65
6.74
14.94
15.71
16.10
19.06
26.75
7.41
6.97
8.19
3.44
7.28
15.76
0.56
27.25
3.59
11.74
15.59
15.76
15.13
14.77
21.62
14.89
14.49
14.35
12.14
12.42
12.91
13.03
14.48
1.32
6.82
7.52
7.46
5.98
7.46
13.15
7.12
16.18
15.71
12.17
12.26
15.34
18.03
14.81
15.39
15.30
13.67
14.31
14.51
14.01
14.33
14.80
15.26
15.06
14.27
14.77
15.46
23.13
14.91
23.28
17.27
19.88
24.05
24.09
23.86
25.13
24.07
23.48
11.22
19.34
10.85
23.07
19.79
7.99
7.08
11.31
23.40
17.51
1.20
2.09
11.59
1.41
10.79
11.29
14.35
23.24
24.13
11.13
7.74
14.72
0.00
0.58
8.05
27.09
6.93
7.12
9.99
6.44
7.73
6.73
16.19
23.27
10.46
10.00
9.86
11.31
10.30
7.52
14.67
23.30
11.41
9.04
1.61
16.39
0.70
0.94
19.62
0.50
0.44
1.01
3.33
10.33
9.47
9.38
0.90
15.00
11.04
10.72
13.05
12.07
10.39
9.27
10.28
7.10
7.65
10.29
9.81
15.11
17.53
14.55
15.14
15.02
13.38
14.03
14.25
13.74
14.05
14.55
14.99
14.80
14.01
14.50
15.21
22.92
14.64
23.09
16.75
19.40
23.86
23.89
23.68
24.94
23.88
23.30
10.90
18.85
10.55
22.88
19.30
7.75
6.83
11.01
23.18
16.99
1.37
2.29
11.28
1.47
10.50
10.97
14.04
22.93
23.94
10.81
7.52
14.41
0.58
0.00
7.77
26.58
6.68
6.87
9.81
6.31
7.43
6.52
15.68
23.07
10.31
9.80
9.72
11.01
10.15
7.25
14.36
23.08
11.13
8.83
1.69
16.63
0.83
0.69
19.14
0.56
0.52
0.47
3.38
10.15
9.30
9.20
0.56
14.69
10.89
10.60
13.00
11.93
10.24
9.10
10.08
6.88
7.36
10.11
9.63
18.49
18.41
17.84
18.42
18.48
16.30
17.17
17.56
16.82
17.39
18.02
18.09
17.92
17.60
17.76
18.36
28.14
17.57
28.51
17.40
20.94
29.34
29.17
29.18
30.49
29.37
28.84
14.03
19.96
13.62
28.37
20.40
0.57
1.33
14.06
28.25
17.16
7.14
6.71
13.91
6.96
13.30
13.85
15.67
15.90
29.49
13.81
0.77
16.47
8.05
7.77
0.00
27.73
1.69
1.31
14.84
3.45
0.76
1.60
16.56
28.34
15.72
14.94
15.45
13.65
15.49
0.87
16.24
28.06
14.37
6.48
6.75
22.90
7.50
7.18
20.59
7.62
7.69
7.76
9.78
7.10
6.22
6.01
8.13
16.17
16.04
16.03
17.98
16.58
15.67
5.89
15.31
1.26
0.77
7.29
6.78
19.68
16.21
18.87
19.09
17.99
18.99
18.75
19.09
19.25
18.65
18.92
18.65
18.95
18.83
18.64
19.23
23.32
18.97
23.47
16.14
15.79
23.55
23.36
23.92
24.03
24.26
23.71
19.30
16.13
19.98
23.40
15.87
28.14
27.62
19.90
23.32
16.69
27.73
28.48
19.67
27.40
20.48
19.62
19.50
31.72
23.68
19.53
28.33
18.65
27.09
26.58
27.73
0.00
27.57
27.67
21.40
28.35
27.14
28.13
16.86
23.27
21.50
20.93
21.74
20.31
21.62
27.50
19.04
23.48
19.95
26.58
27.81
30.96
27.31
26.86
15.98
27.09
26.98
26.22
26.12
27.43
27.70
27.70
26.33
19.21
21.64
22.24
23.55
22.08
21.49
27.80
20.72
28.11
27.21
27.32
27.21
17.20
18.86
16.60
17.17
17.29
15.08
15.95
16.31
15.57
16.17
16.77
16.87
16.69
16.36
16.54
17.10
27.93
16.34
28.24
17.86
21.30
29.04
28.93
28.89
30.18
29.10
28.53
12.84
20.40
12.38
28.08
20.84
1.94
0.38
12.82
28.08
17.71
6.09
5.68
12.70
5.72
12.03
12.64
14.51
16.53
29.18
12.60
1.70
15.33
6.93
6.68
1.69
27.57
0.00
0.40
13.49
1.86
1.29
0.93
16.99
28.11
14.37
13.64
14.12
12.40
14.12
0.86
15.09
27.92
13.11
5.20
5.74
21.27
6.45
6.14
20.97
6.55
6.53
6.73
8.33
5.98
5.02
4.81
7.10
15.05
14.65
14.63
16.47
15.15
14.32
4.68
14.02
0.89
1.19
6.14
5.60
17.55
18.77
16.94
17.51
17.61
15.41
16.28
16.65
15.91
16.50
17.11
17.20
17.02
16.69
16.87
17.45
27.96
16.68
28.28
17.77
21.23
29.09
28.97
28.94
30.23
29.14
28.58
13.16
20.32
12.71
28.13
20.75
1.54
0.06
13.15
28.10
17.61
6.25
5.82
13.03
5.94
12.37
12.96
14.84
16.45
29.23
12.93
1.31
15.65
7.12
6.87
1.31
27.67
0.40
0.00
13.82
2.19
1.01
0.76
16.91
28.14
14.70
13.96
14.44
12.74
14.46
0.53
15.41
27.94
13.44
5.54
5.89
21.64
6.62
6.31
20.90
6.72
6.73
6.90
8.64
6.28
5.33
5.12
7.27
15.37
15.00
14.97
16.84
15.51
14.65
4.99
14.34
0.58
0.90
6.45
5.91
5.86
18.99
5.45
5.96
5.79
5.00
5.21
5.20
5.04
5.04
5.30
6.00
5.82
4.76
5.45
6.14
22.64
5.88
22.50
18.30
20.22
22.96
23.24
22.98
23.83
23.32
22.55
3.64
20.09
3.60
22.20
20.38
15.15
13.77
3.70
23.05
18.92
11.00
11.74
4.42
10.28
4.01
3.99
7.07
25.64
22.97
3.80
14.99
6.74
9.99
9.81
14.84
21.40
13.49
13.82
0.00
12.85
14.15
13.97
17.55
22.64
1.09
0.72
1.60
4.34
0.83
14.09
6.93
23.20
3.41
11.43
11.31
11.33
10.58
10.37
20.12
10.31
9.92
9.78
7.10
12.59
12.56
12.62
9.74
7.64
1.28
1.53
4.20
2.60
1.09
12.66
1.10
14.20
14.11
12.36
12.22
16.60
20.18
16.10
16.63
16.86
14.62
15.48
15.79
15.06
15.70
16.25
16.38
16.17
15.86
16.06
16.55
28.49
15.84
28.74
19.20
22.54
29.53
29.47
29.37
30.64
29.58
29.00
12.47
21.71
11.94
28.56
22.14
3.58
2.19
12.35
28.69
19.13
5.65
5.16
12.29
5.07
11.54
12.23
14.09
17.21
29.64
12.22
3.23
14.94
6.44
6.31
3.45
28.35
1.86
2.19
12.85
0.00
3.13
2.19
18.31
28.65
13.72
13.08
13.49
11.90
13.46
2.67
14.67
28.56
12.62
4.42
5.38
19.90
6.06
5.83
22.23
6.15
6.04
6.48
7.43
5.21
4.15
3.97
6.81
14.65
13.94
13.87
15.50
14.33
13.68
3.81
13.48
2.36
3.03
5.32
4.80
17.74
18.15
17.09
17.67
17.73
15.54
16.41
16.81
16.07
16.64
17.27
17.33
17.17
16.85
17.01
17.61
27.84
16.82
28.19
17.13
20.66
29.01
28.85
28.86
30.15
29.06
28.51
13.29
19.71
12.87
28.05
20.14
1.27
1.00
13.31
27.96
16.92
6.90
6.54
13.15
6.63
12.55
13.10
14.91
15.92
29.16
13.06
1.34
15.71
7.73
7.43
0.76
27.14
1.29
1.01
14.15
3.13
0.00
1.58
16.30
28.03
15.04
14.25
14.79
12.90
14.80
0.51
15.48
27.79
13.62
5.89
6.53
22.36
7.22
6.87
20.32
7.32
7.35
7.40
9.28
6.60
5.74
5.53
7.78
15.42
15.35
15.36
17.29
15.87
14.99
5.42
14.62
1.29
0.11
6.78
6.26
17.89
18.91
17.29
17.86
17.95
15.79
16.64
17.00
16.27
16.84
17.44
17.57
17.39
17.01
17.23
17.81
27.79
17.06
28.11
17.93
21.34
28.93
28.81
28.76
30.07
28.96
28.41
13.50
20.44
13.05
27.96
20.88
1.56
0.78
13.49
27.94
17.78
5.78
5.28
13.40
5.56
12.72
13.32
15.31
17.06
29.07
13.27
1.21
16.10
6.73
6.52
1.60
28.13
0.93
0.76
13.97
2.19
1.58
0.00
17.03
27.97
14.82
14.10
14.51
13.10
14.58
1.15
15.87
27.76
13.77
6.04
5.40
21.53
6.19
5.92
21.01
6.32
6.37
6.57
8.47
6.80
5.81
5.60
6.93
15.86
15.14
15.07
16.99
15.70
14.76
5.46
14.47
0.39
1.47
6.96
6.42
20.54
1.90
19.46
20.11
19.08
18.59
18.94
19.40
19.13
18.86
19.48
19.65
19.74
18.95
19.23
20.29
15.94
19.63
16.61
1.20
4.42
17.35
16.81
17.34
18.43
17.52
17.12
16.67
3.41
17.03
16.62
3.85
16.70
16.85
17.38
15.77
1.81
16.43
17.04
17.33
16.73
17.44
17.03
19.35
26.43
17.62
16.81
16.94
19.06
16.19
15.68
16.56
16.86
16.99
16.91
17.55
18.31
16.30
17.03
0.00
16.16
17.84
17.00
17.42
17.71
17.89
16.69
19.30
15.52
17.53
19.29
16.37
27.77
16.09
15.71
4.06
15.99
16.18
15.21
17.34
20.46
20.07
19.95
15.32
19.60
18.55
18.76
21.64
19.87
17.76
19.94
16.95
17.06
16.36
20.48
20.06
26.10
15.74
25.37
25.84
24.61
25.41
25.26
25.37
25.58
24.89
25.12
25.72
25.82
24.59
25.21
26.19
0.37
26.03
0.72
16.51
13.82
1.48
0.90
1.31
2.57
1.39
1.33
24.03
14.93
24.50
1.05
14.95
28.34
28.09
24.72
0.97
17.44
24.05
24.87
25.12
24.54
25.17
24.64
27.57
41.32
1.81
24.34
28.39
26.75
23.27
23.07
28.34
23.27
28.11
28.14
22.64
28.65
28.03
27.97
16.16
0.00
22.09
21.95
21.46
25.48
22.34
28.20
27.19
1.56
24.60
30.03
24.25
27.91
23.53
23.45
14.04
23.38
23.54
22.71
23.74
31.46
30.95
30.87
22.52
27.89
22.95
22.84
25.38
24.57
22.02
30.84
21.63
28.19
28.03
31.38
30.96
6.10
19.23
5.77
6.21
5.96
5.59
5.65
5.54
5.55
5.39
5.54
6.33
6.17
5.01
5.77
6.44
22.10
6.32
21.92
18.59
20.33
22.36
22.67
22.38
23.19
22.72
21.95
4.53
20.26
4.58
21.61
20.55
16.01
14.65
4.63
22.54
19.26
11.53
12.30
5.35
10.86
5.04
4.93
7.86
26.73
22.35
4.73
15.85
7.41
10.46
10.31
15.72
21.50
14.37
14.70
1.09
13.72
15.04
14.82
17.84
22.09
0.00
1.03
0.91
5.32
0.32
14.98
7.65
22.71
4.31
12.46
11.86
10.71
11.08
10.91
20.24
10.81
10.43
10.28
7.60
13.62
13.57
13.63
10.21
8.40
0.96
0.95
3.94
2.69
0.09
13.67
0.96
15.06
15.01
13.39
13.24
6.12
18.42
5.63
6.16
5.83
5.21
5.38
5.39
5.28
5.17
5.45
6.17
6.02
4.87
5.60
6.37
21.95
6.11
21.82
17.74
19.59
22.28
22.55
22.30
23.14
22.64
21.87
3.76
19.48
3.83
21.52
19.77
15.25
13.91
3.96
22.36
18.39
11.04
11.81
4.66
10.36
4.34
4.19
7.38
25.90
22.28
3.97
15.10
6.97
10.00
9.80
14.94
20.93
13.64
13.96
0.72
13.08
14.25
14.10
17.00
21.95
1.03
0.00
1.32
4.67
0.95
14.22
7.20
22.51
3.68
11.79
11.35
11.67
10.59
10.37
19.50
10.32
9.95
9.74
7.25
12.99
12.93
12.98
9.70
7.93
1.60
1.84
4.69
3.12
0.99
13.02
0.46
14.33
14.22
12.76
12.60
6.99
18.83
6.62
7.09
6.77
6.39
6.48
6.40
6.39
6.22
6.40
7.18
7.03
5.85
6.61
7.32
21.46
7.17
21.29
18.21
19.91
21.74
22.05
21.75
22.59
22.08
21.32
5.08
19.85
5.12
20.98
20.15
15.71
14.39
5.24
21.90
18.88
10.96
11.76
5.95
10.35
5.57
5.49
8.61
26.94
21.74
5.28
15.55
8.19
9.86
9.72
15.45
21.74
14.12
14.44
1.60
13.49
14.79
14.51
17.42
21.46
0.91
1.32
0.00
5.92
1.04
14.72
8.42
22.06
4.95
12.52
11.30
10.77
10.49
10.33
19.83
10.22
9.86
9.68
7.10
13.74
13.61
13.66
9.58
9.16
1.84
1.56
4.63
3.55
0.83
13.69
1.22
14.77
14.75
13.51
13.33
4.85
19.16
4.23
4.78
5.05
2.72
3.59
3.95
3.18
3.86
4.44
4.48
4.29
4.13
4.19
4.71
25.45
3.96
25.42
18.30
20.73
25.90
26.07
25.95
26.80
26.29
25.54
1.51
20.40
0.99
25.15
20.68
14.08
12.69
0.88
25.79
18.76
12.01
12.58
0.65
11.10
0.53
0.90
3.20
22.04
25.95
1.17
13.98
3.44
11.31
11.01
13.65
20.31
12.40
12.74
4.34
11.90
12.90
13.10
17.71
25.48
5.32
4.67
5.92
0.00
5.09
12.90
3.39
25.90
1.21
9.21
12.20
14.37
11.72
11.38
20.60
11.49
11.07
10.98
8.71
10.13
10.42
10.51
11.10
3.85
4.92
5.49
6.36
4.55
5.34
10.61
4.99
13.23
12.89
9.89
9.87
6.05
19.30
5.72
6.17
5.97
5.48
5.57
5.48
5.44
5.34
5.51
6.28
6.11
4.98
5.73
6.38
22.34
6.23
22.17
18.64
20.43
22.61
22.92
22.63
23.45
22.97
22.20
4.36
20.35
4.36
21.87
20.64
15.78
14.41
4.43
22.77
19.29
11.36
12.11
5.15
10.67
4.79
4.73
7.68
26.45
22.61
4.54
15.61
7.28
10.30
10.15
15.49
21.62
14.12
14.46
0.83
13.46
14.80
14.58
17.89
22.34
0.32
0.95
1.04
5.09
0.00
14.74
7.49
22.94
4.11
12.15
11.68
10.73
10.91
10.74
20.34
10.64
10.26
10.13
7.40
13.31
13.26
13.32
10.06
8.23
0.89
0.89
3.87
2.56
0.35
13.36
1.02
14.82
14.77
13.08
12.94
17.74
18.55
17.11
17.68
17.77
15.57
16.44
16.82
16.08
16.66
17.28
17.36
17.19
16.87
17.04
17.62
28.01
16.84
28.36
17.54
21.04
29.17
29.03
29.02
30.31
29.22
28.67
13.32
20.10
12.89
28.21
20.54
1.25
0.54
13.32
28.15
17.35
6.66
6.25
13.18
6.37
12.55
13.12
14.95
16.09
29.31
13.09
1.15
15.76
7.52
7.25
0.87
27.50
0.86
0.53
14.09
2.67
0.51
1.15
16.69
28.20
14.98
14.22
14.72
12.90
14.74
0.00
15.52
27.98
13.63
5.71
6.29
22.08
7.01
6.68
20.70
7.11
7.14
7.26
9.06
6.41
5.51
5.29
7.63
15.47
15.28
15.27
17.16
15.79
14.93
5.18
14.59
0.85
0.41
6.59
6.07
3.66
20.57
3.19
3.42
4.01
2.21
2.71
3.11
2.49
3.20
3.61
2.96
2.89
3.76
3.16
3.16
27.20
2.38
27.13
19.72
22.03
27.54
27.72
27.65
28.37
28.01
27.24
3.95
21.74
4.03
26.87
21.96
16.72
15.37
3.62
27.53
20.18
15.33
15.87
3.17
14.40
3.92
3.60
0.77
22.30
27.58
3.85
16.65
0.56
14.67
14.36
16.24
19.04
15.09
15.41
6.93
14.67
15.48
15.87
19.30
27.19
7.65
7.20
8.42
3.39
7.49
15.52
0.00
27.68
3.71
11.37
15.49
15.84
15.06
14.70
21.93
14.83
14.42
14.31
12.08
12.01
12.53
12.65
14.45
0.84
7.04
7.72
7.59
6.14
7.70
12.78
7.38
15.95
15.48
11.76
11.86
26.77
15.03
26.00
26.49
25.27
25.96
25.85
25.99
26.16
25.50
25.77
26.35
26.45
25.23
25.83
26.83
1.24
26.63
2.23
15.85
13.07
2.94
2.07
2.72
3.84
2.61
2.83
24.47
14.16
24.93
2.57
14.18
28.05
27.88
25.17
0.62
16.72
24.02
24.81
25.55
24.55
25.58
25.07
28.03
41.00
3.27
24.77
28.11
27.25
23.30
23.08
28.06
23.48
27.92
27.94
23.20
28.56
27.79
27.76
15.52
1.56
22.71
22.51
22.06
25.90
22.94
27.98
27.68
0.00
25.07
30.07
24.19
28.83
23.51
23.43
13.29
23.38
23.57
22.71
23.97
31.49
30.96
30.87
22.53
28.35
23.58
23.48
26.12
25.23
22.64
30.83
22.21
27.97
27.80
31.43
31.00
4.25
18.94
3.56
4.17
4.25
2.26
2.96
3.27
2.65
3.11
3.68
3.92
3.74
3.26
3.51
4.19
24.58
3.53
24.52
18.13
20.38
24.98
25.17
25.03
25.85
25.38
24.61
0.89
20.13
0.78
24.24
20.40
14.78
13.39
0.41
24.94
18.65
12.21
12.84
1.09
11.35
1.22
0.82
3.76
23.19
25.01
0.85
14.67
3.59
11.41
11.13
14.37
19.95
13.11
13.44
3.41
12.62
13.62
13.77
17.53
24.60
4.31
3.68
4.95
1.21
4.11
13.63
3.71
25.07
0.00
10.20
12.43
13.72
11.87
11.55
20.27
11.62
11.22
11.08
8.73
11.18
11.40
11.49
11.16
4.35
3.91
4.53
5.59
3.68
4.33
11.58
3.95
13.92
13.61
10.94
10.89
13.76
21.08
13.35
13.79
14.24
11.82
12.72
13.05
12.26
13.05
13.58
13.52
13.31
13.32
13.33
13.64
29.91
12.91
30.09
20.03
23.41
30.80
30.79
30.72
31.86
30.97
30.32
10.17
22.62
9.57
29.89
23.00
6.91
5.53
9.88
30.14
20.02
8.75
8.59
9.64
7.80
8.99
9.75
10.68
15.53
30.90
9.84
6.74
11.74
9.04
8.83
6.48
26.58
5.20
5.54
11.43
4.42
5.89
6.04
19.29
30.03
12.46
11.79
12.52
9.21
12.15
5.71
11.37
30.07
10.20
0.00
8.63
19.05
8.94
8.62
23.13
8.91
8.61
8.97
8.39
1.44
1.24
1.31
9.28
11.17
12.40
12.50
13.56
12.32
12.44
1.43
12.23
6.03
5.86
1.38
0.94
16.45
18.24
15.91
16.49
16.43
14.67
15.37
15.61
15.05
15.43
15.93
16.32
16.13
15.41
15.86
16.54
24.08
15.94
24.29
17.44
20.23
25.09
25.08
24.89
26.19
25.08
24.52
12.21
19.60
11.82
24.10
20.06
6.63
5.86
12.29
24.32
17.58
0.44
0.73
12.49
1.28
11.70
12.23
15.12
22.24
25.18
12.09
6.37
15.59
1.61
1.69
6.75
27.81
5.74
5.89
11.31
5.38
6.53
5.40
16.37
24.25
11.86
11.35
11.30
12.20
11.68
6.29
15.49
24.19
12.43
8.63
0.00
17.76
0.96
1.08
19.95
1.20
1.47
1.91
4.62
9.83
8.89
8.76
2.07
15.76
12.40
12.12
14.37
13.34
11.79
8.64
11.65
5.78
6.45
9.84
9.33
13.15
29.17
13.75
13.66
14.12
14.27
14.06
13.59
13.84
13.85
13.47
14.19
13.96
13.38
13.93
13.78
27.97
14.23
27.51
28.63
29.99
27.79
28.39
27.76
28.39
28.06
27.34
14.40
30.07
14.15
27.15
30.37
23.04
21.61
14.06
28.57
29.35
17.36
17.84
14.69
16.78
14.22
14.49
16.00
34.04
27.67
14.45
22.74
15.76
16.39
16.63
22.90
30.96
21.27
21.64
11.33
19.90
22.36
21.53
27.77
27.91
10.71
11.67
10.77
14.37
10.73
22.08
15.84
28.83
13.72
19.05
17.76
0.00
17.06
17.22
29.93
16.87
16.49
16.85
13.53
19.84
19.74
19.84
16.63
16.43
10.44
9.89
8.38
10.17
10.76
19.85
11.65
21.84
22.28
19.58
19.56
15.86
17.95
15.31
15.89
15.80
14.13
14.79
15.01
14.49
14.82
15.31
15.74
15.55
14.78
15.26
15.96
23.37
15.38
23.55
17.18
19.85
24.34
24.35
24.14
25.43
24.34
23.77
11.66
19.28
11.29
23.35
19.73
7.42
6.58
11.75
23.62
17.37
0.59
1.53
12.00
1.25
11.21
11.71
14.72
22.86
24.43
11.56
7.17
15.13
0.70
0.83
7.50
27.31
6.45
6.62
10.58
6.06
7.22
6.19
16.09
23.53
11.08
10.59
10.49
11.72
10.91
7.01
15.06
23.51
11.87
8.94
0.96
17.06
0.00
0.54
19.58
0.28
0.70
1.12
3.94
10.21
9.31
9.20
1.18
15.36
11.65
11.35
13.68
12.66
11.01
9.09
10.87
6.56
7.15
10.19
9.70
15.58
17.57
15.01
15.61
15.50
13.80
14.48
14.72
14.18
14.52
15.03
15.44
15.25
14.49
14.96
15.67
23.30
15.07
23.49
16.78
19.51
24.28
24.28
24.09
25.37
24.29
23.71
11.31
18.91
10.95
23.29
19.37
7.13
6.27
11.42
23.54
16.97
0.88
1.76
11.65
1.22
10.87
11.36
14.36
22.49
24.37
11.21
6.90
14.77
0.94
0.69
7.18
26.86
6.14
6.31
10.37
5.83
6.87
5.92
15.71
23.45
10.91
10.37
10.33
11.38
10.74
6.68
14.70
23.43
11.55
8.62
1.08
17.22
0.54
0.00
19.24
0.50
0.74
0.85
3.91
9.91
9.03
8.92
1.08
15.00
11.47
11.20
13.56
12.48
10.84
8.81
10.66
6.28
6.80
9.90
9.39
22.79
2.40
21.73
22.34
21.18
21.09
21.30
21.72
21.57
21.15
21.71
21.90
22.03
21.20
21.49
22.55
13.84
21.99
14.58
3.51
0.41
15.23
14.57
15.28
16.20
15.43
15.13
19.41
0.99
19.87
14.66
0.91
20.72
20.85
20.16
13.55
4.18
19.97
20.63
20.16
20.29
20.36
19.84
22.09
30.10
15.53
19.60
20.94
21.62
19.62
19.14
20.59
15.98
20.97
20.90
20.12
22.23
20.32
21.01
4.06
14.04
20.24
19.50
19.83
20.60
20.34
20.70
21.93
13.29
20.27
23.13
19.95
29.93
19.58
19.24
0.00
19.47
19.65
18.67
20.62
24.33
23.97
23.85
18.73
22.29
20.97
21.19
24.02
22.34
20.17
23.85
19.36
21.05
20.38
24.33
23.93
15.60
17.85
15.05
15.64
15.54
13.88
14.53
14.76
14.23
14.56
15.06
15.49
15.30
14.52
15.00
15.71
23.23
15.13
23.41
17.07
19.74
24.18
24.21
24.00
25.27
24.19
23.62
11.41
19.17
11.04
23.20
19.62
7.55
6.69
11.51
23.49
17.28
0.84
1.78
11.76
1.26
10.97
11.47
14.50
22.91
24.27
11.31
7.31
14.89
0.50
0.56
7.62
27.09
6.55
6.72
10.31
6.15
7.32
6.32
15.99
23.38
10.81
10.32
10.22
11.49
10.64
7.11
14.83
23.38
11.62
8.91
1.20
16.87
0.28
0.50
19.47
0.00
0.49
0.90
3.71
10.19
9.31
9.21
0.95
15.14
11.38
11.08
13.43
12.40
10.74
9.10
10.60
6.69
7.24
10.17
9.68
15.18
18.03
14.65
15.23
15.15
13.48
14.13
14.35
13.83
14.17
14.65
15.08
14.89
14.12
14.60
15.29
23.39
14.72
23.56
17.25
19.91
24.32
24.36
24.14
25.41
24.35
23.76
11.03
19.36
10.64
23.35
19.80
7.65
6.70
11.11
23.66
17.47
1.10
1.97
11.37
1.04
10.56
11.07
14.09
22.81
24.41
10.92
7.40
14.49
0.44
0.52
7.69
26.98
6.53
6.73
9.92
6.04
7.35
6.37
16.18
23.54
10.43
9.95
9.86
11.07
10.26
7.14
14.42
23.57
11.22
8.61
1.47
16.49
0.70
0.74
19.65
0.49
0.00
0.99
3.26
9.90
9.04
8.94
1.04
14.74
10.98
10.68
12.99
11.97
10.36
8.84
10.24
6.73
7.27
9.86
9.38
15.09
17.06
14.50
15.10
14.94
13.33
13.97
14.21
13.70
13.99
14.50
14.93
14.76
13.95
14.44
15.18
22.56
14.60
22.74
16.29
18.93
23.51
23.53
23.33
24.60
23.54
22.96
10.82
18.38
10.49
22.54
18.83
7.74
6.86
10.96
22.81
16.52
1.66
2.58
11.22
1.85
10.46
10.91
14.01
22.93
23.60
10.74
7.53
14.35
1.01
0.47
7.76
26.22
6.73
6.90
9.78
6.48
7.40
6.57
15.21
22.71
10.28
9.74
9.68
10.98
10.13
7.26
14.31
22.71
11.08
8.97
1.91
16.85
1.12
0.85
18.67
0.90
0.99
0.00
3.61
10.30
9.47
9.37
0.39
14.65
10.89
10.62
13.08
11.97
10.21
9.27
10.01
6.92
7.34
10.27
9.78
12.40
19.12
11.99
12.52
12.56
10.96
11.55
11.68
11.21
11.57
11.97
12.46
12.24
11.47
11.98
12.59
23.64
12.11
23.68
18.35
20.83
24.36
24.50
24.22
25.37
24.47
23.82
8.72
20.41
8.28
23.43
20.82
9.89
8.60
8.69
23.98
18.71
4.26
4.89
9.07
3.53
8.20
8.76
11.80
23.60
24.40
8.62
9.62
12.14
3.33
3.38
9.78
26.12
8.33
8.64
7.10
7.43
9.28
8.47
17.34
23.74
7.60
7.25
7.10
8.71
7.40
9.06
12.08
23.97
8.73
8.39
4.62
13.53
3.94
3.91
20.62
3.71
3.26
3.61
0.00
9.70
9.08
9.06
3.54
12.47
8.05
7.70
9.81
8.93
7.54
9.00
7.58
8.80
9.20
9.57
9.20
14.52
22.23
14.16
14.57
15.10
12.66
13.56
13.88
13.07
13.91
14.42
14.30
14.09
14.21
14.16
14.38
31.33
13.67
31.52
21.17
24.61
32.23
32.21
32.15
33.29
32.41
31.76
11.20
23.79
10.59
31.32
24.17
7.52
6.28
10.86
31.56
21.12
9.97
9.73
10.57
9.05
9.97
10.74
11.28
14.55
32.33
10.86
7.36
12.42
10.33
10.15
7.10
27.43
5.98
6.28
12.59
5.21
6.60
6.80
20.46
31.46
13.62
12.99
13.74
10.13
13.31
6.41
12.01
31.49
11.18
1.44
9.83
19.84
10.21
9.91
24.33
10.19
9.90
10.30
9.70
0.00
1.08
1.25
10.62
11.73
13.50
13.62
14.45
13.29
13.61
1.42
13.43
6.73
6.57
0.29
0.53
14.92
21.87
14.53
14.96
15.44
13.02
13.92
14.24
13.44
14.24
14.77
14.70
14.49
14.51
14.52
14.80
30.82
14.09
31.02
20.82
24.25
31.74
31.72
31.64
32.81
31.89
31.26
11.39
23.43
10.79
30.82
23.82
6.61
5.33
11.09
31.04
20.77
9.04
8.76
10.86
8.16
10.20
10.98
11.83
14.99
31.84
11.06
6.42
12.91
9.47
9.30
6.22
27.70
5.02
5.33
12.56
4.15
5.74
5.81
20.07
30.95
13.57
12.93
13.61
10.42
13.26
5.51
12.53
30.96
11.40
1.24
8.89
19.74
9.31
9.03
23.97
9.31
9.04
9.47
9.08
1.08
0.00
0.22
9.79
12.31
13.51
13.59
14.58
13.42
13.55
0.37
13.37
5.76
5.70
1.22
0.79
15.04
21.76
14.64
15.08
15.54
13.12
14.02
14.35
13.55
14.35
14.87
14.82
14.60
14.61
14.63
14.92
30.73
14.20
30.94
20.70
24.14
31.66
31.64
31.57
32.74
31.81
31.18
11.47
23.31
10.87
30.74
23.70
6.40
5.12
11.18
30.95
20.64
8.93
8.64
10.94
8.05
10.29
11.06
11.95
14.97
31.77
11.14
6.21
13.03
9.38
9.20
6.01
27.70
4.81
5.12
12.62
3.97
5.53
5.60
19.95
30.87
13.63
12.98
13.66
10.51
13.32
5.29
12.65
30.87
11.49
1.31
8.76
19.84
9.20
8.92
23.85
9.21
8.94
9.37
9.06
1.25
0.22
0.00
9.69
12.43
13.59
13.66
14.69
13.52
13.61
0.18
13.42
5.55
5.49
1.42
0.96
15.13
17.16
14.55
15.15
14.98
13.41
14.04
14.26
13.77
14.04
14.54
14.99
14.81
13.98
14.49
15.23
22.37
14.67
22.54
16.40
18.98
23.31
23.34
23.13
24.39
23.33
22.75
10.91
18.46
10.59
22.33
18.90
8.10
7.23
11.06
22.63
16.66
1.76
2.70
11.34
2.03
10.57
11.01
14.15
23.31
23.40
10.84
7.88
14.48
0.90
0.56
8.13
26.33
7.10
7.27
9.74
6.81
7.78
6.93
15.32
22.52
10.21
9.70
9.58
11.10
10.06
7.63
14.45
22.53
11.16
9.28
2.07
16.63
1.18
1.08
18.73
0.95
1.04
0.39
3.54
10.62
9.79
9.69
0.00
14.80
10.83
10.54
13.01
11.94
10.13
9.59
9.96
7.28
7.72
10.58
10.10
4.37
20.87
3.99
4.15
4.78
3.03
3.54
3.92
3.31
4.03
4.40
3.71
3.65
4.59
3.96
3.86
27.89
3.15
27.84
20.00
22.39
28.25
28.41
28.36
29.09
28.72
27.95
4.57
22.07
4.59
27.58
22.29
16.66
15.33
4.22
28.21
20.42
15.62
16.12
3.69
14.67
4.38
4.16
0.68
21.66
28.29
4.43
16.60
1.32
15.00
14.69
16.17
19.21
15.05
15.37
7.64
14.65
15.42
15.86
19.60
27.89
8.40
7.93
9.16
3.85
8.23
15.47
0.84
28.35
4.35
11.17
15.76
16.43
15.36
15.00
22.29
15.14
14.74
14.65
12.47
11.73
12.31
12.43
14.80
0.00
7.79
8.46
8.26
6.86
8.45
12.57
8.13
15.91
15.42
11.48
11.61
5.31
19.94
5.09
5.48
5.39
5.00
5.02
4.85
4.88
4.78
4.86
5.65
5.47
4.38
5.13
5.69
22.96
5.62
22.77
19.27
21.06
23.19
23.51
23.22
24.01
23.57
22.79
4.30
20.98
4.30
22.46
21.26
16.34
14.95
4.27
23.40
19.93
12.07
12.80
4.99
11.34
4.70
4.62
7.26
26.58
23.18
4.48
16.18
6.82
11.04
10.89
16.04
21.64
14.65
15.00
1.28
13.94
15.35
15.14
18.55
22.95
0.96
1.60
1.84
4.92
0.89
15.28
7.04
23.58
3.91
12.40
12.40
10.44
11.65
11.47
20.97
11.38
10.98
10.89
8.05
13.50
13.51
13.59
10.83
7.79
0.00
0.75
3.10
1.73
1.05
13.64
1.64
15.37
15.31
13.26
13.15
5.97
20.17
5.80
6.17
6.10
5.72
5.75
5.57
5.59
5.51
5.57
6.37
6.18
5.11
5.85
6.38
22.85
6.33
22.65
19.51
21.27
23.07
23.41
23.09
23.89
23.43
22.66
4.92
21.20
4.87
22.33
21.49
16.32
14.92
4.87
23.30
20.18
11.78
12.51
5.60
11.07
5.23
5.23
7.92
26.92
23.05
5.08
16.14
7.52
10.72
10.60
16.03
22.24
14.63
14.97
1.53
13.87
15.36
15.07
18.76
22.84
0.95
1.84
1.56
5.49
0.89
15.27
7.72
23.48
4.53
12.50
12.12
9.89
11.35
11.20
21.19
11.08
10.68
10.62
7.70
13.62
13.59
13.66
10.54
8.46
0.75
0.00
3.09
2.13
1.02
13.70
1.87
15.32
15.32
13.38
13.26
5.06
23.00
5.49
5.52
6.01
5.90
5.72
5.29
5.48
5.54
5.25
5.97
5.72
5.12
5.66
5.65
25.42
5.95
25.15
22.34
24.09
25.51
25.90
25.55
26.25
25.90
25.11
6.32
24.04
6.17
24.82
24.31
18.29
16.80
5.96
25.90
22.99
14.04
14.67
6.57
13.23
6.31
6.40
7.82
27.69
25.46
6.39
18.08
7.46
13.05
13.00
17.98
23.55
16.47
16.84
4.20
15.50
17.29
16.99
21.64
25.38
3.94
4.69
4.63
6.36
3.87
17.16
7.59
26.12
5.59
13.56
14.37
8.38
13.68
13.56
24.02
13.43
12.99
13.08
9.81
14.45
14.58
14.69
13.01
8.26
3.10
3.09
0.00
1.98
4.03
14.75
4.73
17.22
17.25
14.18
14.17
4.16
21.25
4.23
4.47
4.79
4.28
4.26
3.97
4.00
4.09
4.03
4.76
4.51
3.73
4.34
4.62
24.59
4.66
24.39
20.55
22.43
24.78
25.12
24.83
25.58
25.18
24.40
4.36
22.32
4.25
24.08
22.59
16.92
15.46
4.06
25.04
21.18
13.03
13.69
4.70
12.21
4.48
4.49
6.36
26.26
24.77
4.46
16.74
5.98
12.07
11.93
16.58
22.08
15.15
15.51
2.60
14.33
15.87
15.70
19.87
24.57
2.69
3.12
3.55
4.55
2.56
15.79
6.14
25.23
3.68
12.32
13.34
10.17
12.66
12.48
22.34
12.40
11.97
11.97
8.93
13.29
13.42
13.52
11.94
6.86
1.73
2.13
1.98
0.00
2.78
13.59
3.24
15.91
15.84
13.03
12.99
6.17
19.16
5.83
6.28
6.02
5.64
5.70
5.61
5.60
5.45
5.60
6.39
6.23
5.07
5.83
6.51
22.03
6.38
21.85
18.51
20.25
22.29
22.60
22.31
23.13
22.65
21.88
4.54
20.19
4.59
21.55
20.47
15.96
14.60
4.65
22.47
19.18
11.46
12.23
5.37
10.80
5.05
4.94
7.91
26.72
22.28
4.74
15.79
7.46
10.39
10.24
15.67
21.49
14.32
14.65
1.09
13.68
14.99
14.76
17.76
22.02
0.09
0.99
0.83
5.34
0.35
14.93
7.70
22.64
4.33
12.44
11.79
10.76
11.01
10.84
20.17
10.74
10.36
10.21
7.54
13.61
13.55
13.61
10.13
8.45
1.05
1.02
4.03
2.78
0.00
13.64
0.90
15.01
14.95
13.38
13.23
15.14
21.76
14.75
15.19
15.64
13.23
14.13
14.45
13.66
14.45
14.98
14.93
14.71
14.71
14.73
15.03
30.70
14.31
30.91
20.70
24.14
31.63
31.61
31.54
32.72
31.78
31.15
11.56
23.31
10.95
30.71
23.70
6.27
5.00
11.27
30.92
20.64
8.81
8.50
11.04
7.94
10.38
11.15
12.09
15.04
31.74
11.23
6.07
13.15
9.27
9.10
5.89
27.80
4.68
4.99
12.66
3.81
5.42
5.46
19.94
30.84
13.67
13.02
13.69
10.61
13.36
5.18
12.78
30.83
11.58
1.43
8.64
19.85
9.09
8.81
23.85
9.10
8.84
9.27
9.00
1.42
0.37
0.18
9.59
12.57
13.64
13.70
14.75
13.59
13.64
0.00
13.47
5.41
5.38
1.59
1.13
6.13
18.33
5.64
6.16
5.76
5.33
5.43
5.43
5.38
5.18
5.44
6.19
6.06
4.85
5.60
6.39
21.63
6.17
21.48
17.68
19.45
21.93
22.21
21.96
22.79
22.30
21.53
4.00
19.37
4.14
21.18
19.66
15.61
14.29
4.24
22.05
18.35
11.34
12.13
4.93
10.69
4.68
4.46
7.60
26.28
21.94
4.23
15.47
7.12
10.28
10.08
15.31
20.72
14.02
14.34
1.10
13.48
14.62
14.47
16.95
21.63
0.96
0.46
1.22
4.99
1.02
14.59
7.38
22.21
3.95
12.23
11.65
11.65
10.87
10.66
19.36
10.60
10.24
10.01
7.58
13.43
13.37
13.42
9.96
8.13
1.64
1.87
4.73
3.24
0.90
13.47
0.00
14.70
14.59
13.21
13.05
18.03
18.92
17.42
18.00
18.09
15.91
16.77
17.14
16.40
16.98
17.59
17.69
17.52
17.16
17.36
17.94
28.01
17.18
28.34
17.94
21.38
29.16
29.03
29.00
30.30
29.19
28.64
13.64
20.46
13.19
28.19
20.90
1.26
0.62
13.63
28.15
17.76
6.16
5.67
13.53
5.93
12.86
13.45
15.38
16.70
29.30
13.41
0.92
16.18
7.10
6.88
1.26
28.11
0.89
0.58
14.20
2.36
1.29
0.39
17.06
28.19
15.06
14.33
14.77
13.23
14.82
0.85
15.95
27.97
13.92
6.03
5.78
21.84
6.56
6.28
21.05
6.69
6.73
6.92
8.80
6.73
5.76
5.55
7.28
15.91
15.37
15.32
17.22
15.91
15.01
5.41
14.70
0.00
1.19
6.90
6.37
17.73
18.21
17.08
17.66
17.72
15.53
16.40
16.80
16.06
16.63
17.26
17.32
17.16
16.84
17.00
17.60
27.84
16.81
28.20
17.19
20.72
29.01
28.86
28.86
30.15
29.06
28.51
13.28
19.77
12.86
28.05
20.20
1.25
0.89
13.30
27.97
16.99
6.81
6.45
13.15
6.55
12.54
13.09
14.91
15.98
29.16
13.05
1.28
15.71
7.65
7.36
0.77
27.21
1.19
0.90
14.11
3.03
0.11
1.47
16.36
28.03
15.01
14.22
14.75
12.89
14.77
0.41
15.48
27.80
13.61
5.86
6.45
22.28
7.15
6.80
20.38
7.24
7.27
7.34
9.20
6.57
5.70
5.49
7.72
15.42
15.31
15.32
17.25
15.84
14.95
5.38
14.59
1.19
0.00
6.75
6.22
14.26
22.25
13.91
14.31
14.85
12.41
13.30
13.62
12.82
13.66
14.16
14.05
13.83
13.95
13.91
14.12
31.26
13.41
31.44
21.18
24.61
32.13
32.13
32.06
33.20
32.32
31.67
10.97
23.80
10.36
31.23
24.17
7.72
6.45
10.62
31.49
21.15
9.97
9.75
10.34
9.02
9.73
10.51
11.04
14.75
32.23
10.63
7.55
12.17
10.29
10.11
7.29
27.32
6.14
6.45
12.36
5.32
6.78
6.96
20.48
31.38
13.39
12.76
13.51
9.89
13.08
6.59
11.76
31.43
10.94
1.38
9.84
19.58
10.19
9.90
24.33
10.17
9.86
10.27
9.57
0.29
1.22
1.42
10.58
11.48
13.26
13.38
14.18
13.03
13.38
1.59
13.21
6.90
6.75
0.00
0.55
14.32
21.85
13.95
14.37
14.87
12.43
13.33
13.66
12.86
13.67
14.19
14.10
13.89
13.96
13.94
14.19
30.84
13.47
31.03
20.78
24.21
31.73
31.72
31.65
32.80
31.91
31.26
10.90
23.40
10.29
30.82
23.78
7.20
5.91
10.58
31.06
20.75
9.47
9.25
10.31
8.54
9.69
10.46
11.15
14.91
31.83
10.56
7.03
12.26
9.81
9.63
6.78
27.21
5.60
5.91
12.22
4.80
6.26
6.42
20.06
30.96
13.24
12.60
13.33
9.87
12.94
6.07
11.86
31.00
10.89
0.94
9.33
19.56
9.70
9.39
23.93
9.68
9.38
9.78
9.20
0.53
0.79
0.96
10.10
11.61
13.15
13.26
14.17
12.99
13.23
1.13
13.05
6.37
6.22
0.55
0.00
